[2021-11-06 04:33:04,204] multiqc                                            [DEBUG  ]  This is MultiQC v1.11
[2021-11-06 04:33:04,204] multiqc                                            [DEBUG  ]  No MultiQC config found: /home/rioualen/miniconda3/envs/snakemake/lib/python3.9/site-packages/multiqc_config.yaml
[2021-11-06 04:33:04,205] multiqc                                            [DEBUG  ]  No MultiQC config found: /home/rioualen/.multiqc_config.yaml
[2021-11-06 04:33:04,205] multiqc                                            [DEBUG  ]  No MultiQC config found: multiqc_config.yaml
[2021-11-06 04:33:04,205] multiqc                                            [DEBUG  ]  Command used: /home/rioualen/miniconda3/envs/snakemake/bin/multiqc ChIP-seq_collection/GSE93506/samples/GSM2453482 ChIP-seq_collection/GSE93506/samples/GSM2667742 ChIP-seq_collection/GSE93506/datasets/DS00017 ChIP-seq_collection/GSE93506/samples/GSM2453482 ChIP-seq_collection/GSE93506/samples/GSM2667743 ChIP-seq_collection/GSE93506/datasets/DS00017 -o ChIP-seq_collection/GSE93506/datasets/DS00017/multiQC
[2021-11-06 04:33:04,402] multiqc                                            [DEBUG  ]  Latest MultiQC version is v1.11
[2021-11-06 04:33:04,403] multiqc                                            [DEBUG  ]  Command     : /home/rioualen/miniconda3/envs/snakemake/bin/multiqc ChIP-seq_collection/GSE93506/samples/GSM2453482 ChIP-seq_collection/GSE93506/samples/GSM2667742 ChIP-seq_collection/GSE93506/datasets/DS00017 ChIP-seq_collection/GSE93506/samples/GSM2453482 ChIP-seq_collection/GSE93506/samples/GSM2667743 ChIP-seq_collection/GSE93506/datasets/DS00017 -o ChIP-seq_collection/GSE93506/datasets/DS00017/multiQC
[2021-11-06 04:33:04,403] multiqc                                            [DEBUG  ]  Working dir : /workspace/rioualen/HT_collections
[2021-11-06 04:33:04,403] multiqc                                            [DEBUG  ]  Template    : default
[2021-11-06 04:33:04,403] multiqc                                            [DEBUG  ]  Running Python 3.9.7 | packaged by conda-forge | (default, Sep 29 2021, 19:20:46)  [GCC 9.4.0]
[2021-11-06 04:33:04,403] multiqc                                            [DEBUG  ]  Analysing modules: custom_content, ccs, ngsderive, purple, conpair, lima, peddy, somalier, methylQA, mosdepth, phantompeakqualtools, qualimap, preseq, quast, qorts, rna_seqc, rockhopper, rsem, rseqc, busco, bustools, goleft_indexcov, gffcompare, disambiguate, supernova, deeptools, sargasso, verifybamid, mirtrace, happy, mirtop, sambamba, homer, hops, macs2, theta2, snpeff, gatk, htseq, bcftools, featureCounts, fgbio, dragen, dedup, damageprofiler, biobambam2, jcvi, mtnucratio, picard, vep, sentieon, prokka, qc3C, nanostat, samblaster, samtools, sexdeterrmine, eigenstratdatabasetools, bamtools, jellyfish, vcftools, longranger, stacks, varscan2, snippy, bbmap, bismark, biscuit, hicexplorer, hicup, hicpro, salmon, kallisto, slamdunk, star, hisat2, tophat, bowtie2, bowtie1, snpsplit, odgi, pangolin, kat, leehom, adapterRemoval, clipandmerge, cutadapt, flexbar, kaiju, kraken, malt, trimmomatic, sickle, skewer, sortmerna, biobloomtools, fastq_screen, afterqc, fastp, fastqc, pychopper, pycoqc, minionqc, multivcfanalyzer, clusterflow, bcl2fastq, bclconvert, interop, ivar, flash, seqyclean, optitype
[2021-11-06 04:33:04,404] multiqc                                            [DEBUG  ]  Using temporary directory for creating report: /tmp/tmpvvoi0ufq
[2021-11-06 04:33:04,547] multiqc                                            [INFO   ]  Search path : /workspace/rioualen/HT_collections/ChIP-seq_collection/GSE93506/samples/GSM2453482
[2021-11-06 04:33:04,547] multiqc                                            [INFO   ]  Search path : /workspace/rioualen/HT_collections/ChIP-seq_collection/GSE93506/samples/GSM2667742
[2021-11-06 04:33:04,547] multiqc                                            [INFO   ]  Search path : /workspace/rioualen/HT_collections/ChIP-seq_collection/GSE93506/datasets/DS00017
[2021-11-06 04:33:04,547] multiqc                                            [INFO   ]  Search path : /workspace/rioualen/HT_collections/ChIP-seq_collection/GSE93506/samples/GSM2453482
[2021-11-06 04:33:04,547] multiqc                                            [INFO   ]  Search path : /workspace/rioualen/HT_collections/ChIP-seq_collection/GSE93506/samples/GSM2667743
[2021-11-06 04:33:04,547] multiqc                                            [INFO   ]  Search path : /workspace/rioualen/HT_collections/ChIP-seq_collection/GSE93506/datasets/DS00017
[2021-11-06 04:33:04,640] multiqc                                            [DEBUG  ]  File ignored by ccs/v4 because it exceeded search pattern filesize limit: GSM2453482_cutadapt_bowtie2_minus_strand_bedgraph_to_tdf.log
[2021-11-06 04:33:04,642] multiqc                                            [DEBUG  ]  File ignored by lima/summary because it exceeded search pattern filesize limit: GSM2453482_cutadapt_bowtie2_minus_strand_bedgraph_to_tdf.log
[2021-11-06 04:33:04,660] multiqc                                            [DEBUG  ]  Ignoring file as matched an ignore pattern: GSM2453482_cutadapt_empty2.fastq.gz
[2021-11-06 04:33:04,660] multiqc                                            [DEBUG  ]  Ignoring file as matched an ignore pattern: GSM2453482_cutadapt.fastq.gz
[2021-11-06 04:33:04,681] multiqc                                            [DEBUG  ]  File ignored by ccs/v4 because it exceeded search pattern filesize limit: GSM2453482_cutadapt.log
[2021-11-06 04:33:04,682] multiqc                                            [DEBUG  ]  File ignored by hicexplorer because it exceeded search pattern filesize limit: GSM2453482_cutadapt.log
[2021-11-06 04:33:04,682] multiqc                                            [DEBUG  ]  File ignored by nanostat because it exceeded search pattern filesize limit: GSM2453482_cutadapt.log
[2021-11-06 04:33:04,683] multiqc                                            [DEBUG  ]  File ignored by lima/summary because it exceeded search pattern filesize limit: GSM2453482_cutadapt.log
[2021-11-06 04:33:04,685] multiqc                                            [DEBUG  ]  File ignored by longranger/invocation because it exceeded search pattern filesize limit: GSM2453482_cutadapt.log
[2021-11-06 04:33:04,693] multiqc                                            [DEBUG  ]  Ignoring file as matched an ignore pattern: GSM2453482_cutadapt_bowtie2.bam.bai
[2021-11-06 04:33:04,693] multiqc                                            [DEBUG  ]  Ignoring file as matched an ignore pattern: GSM2453482.fastq.gz
[2021-11-06 04:33:04,766] multiqc                                            [DEBUG  ]  File ignored by ccs/v4 because it exceeded search pattern filesize limit: GSM2453482_cutadapt_bowtie2_plus_strand_bedgraph_to_tdf.log
[2021-11-06 04:33:04,767] multiqc                                            [DEBUG  ]  File ignored by lima/summary because it exceeded search pattern filesize limit: GSM2453482_cutadapt_bowtie2_plus_strand_bedgraph_to_tdf.log
[2021-11-06 04:33:04,801] multiqc                                            [DEBUG  ]  Ignoring file as matched an ignore pattern: GSM2453482_cutadapt_empty1.fastq.gz
[2021-11-06 04:33:04,849] multiqc                                            [DEBUG  ]  File ignored by ccs/v4 because it exceeded search pattern filesize limit: GSM2453482.fastq.gz_trimming_report.txt
[2021-11-06 04:33:04,850] multiqc                                            [DEBUG  ]  File ignored by lima/summary because it exceeded search pattern filesize limit: GSM2453482.fastq.gz_trimming_report.txt
[2021-11-06 04:33:04,853] multiqc                                            [DEBUG  ]  File ignored by longranger/invocation because it exceeded search pattern filesize limit: GSM2453482.fastq.gz_trimming_report.txt
[2021-11-06 04:33:04,864] multiqc                                            [DEBUG  ]  File ignored by ccs/v4 because it exceeded search pattern filesize limit: GSM2453482_cutadapt_bowtie2_bedgraph_to_tdf.log
[2021-11-06 04:33:04,865] multiqc                                            [DEBUG  ]  File ignored by lima/summary because it exceeded search pattern filesize limit: GSM2453482_cutadapt_bowtie2_bedgraph_to_tdf.log
[2021-11-06 04:33:04,888] multiqc                                            [DEBUG  ]  Ignoring file as matched an ignore pattern: GSM2453482_cutadapt_bowtie2.bam
[2021-11-06 04:33:04,906] multiqc                                            [DEBUG  ]  File ignored by ccs/v4 because it exceeded search pattern filesize limit: GSM2453482_fastqc.html
[2021-11-06 04:33:04,908] multiqc                                            [DEBUG  ]  File ignored by hicexplorer because it exceeded search pattern filesize limit: GSM2453482_fastqc.html
[2021-11-06 04:33:04,908] multiqc                                            [DEBUG  ]  File ignored by nanostat because it exceeded search pattern filesize limit: GSM2453482_fastqc.html
[2021-11-06 04:33:04,908] multiqc                                            [DEBUG  ]  File ignored by lima/summary because it exceeded search pattern filesize limit: GSM2453482_fastqc.html
[2021-11-06 04:33:04,911] multiqc                                            [DEBUG  ]  File ignored by vep/vep_txt because it exceeded search pattern filesize limit: GSM2453482_fastqc.html
[2021-11-06 04:33:04,911] multiqc                                            [DEBUG  ]  File ignored by longranger/invocation because it exceeded search pattern filesize limit: GSM2453482_fastqc.html
[2021-11-06 04:33:04,912] multiqc                                            [DEBUG  ]  File ignored by rockhopper because it exceeded search pattern filesize limit: GSM2453482_fastqc.html
[2021-11-06 04:33:04,912] multiqc                                            [DEBUG  ]  File ignored by rseqc/bam_stat because it exceeded search pattern filesize limit: GSM2453482_fastqc.html
[2021-11-06 04:33:04,912] multiqc                                            [DEBUG  ]  File ignored by rseqc/junction_annotation because it exceeded search pattern filesize limit: GSM2453482_fastqc.html
[2021-11-06 04:33:04,912] multiqc                                            [DEBUG  ]  File ignored by rseqc/read_distribution because it exceeded search pattern filesize limit: GSM2453482_fastqc.html
[2021-11-06 04:33:04,912] multiqc                                            [DEBUG  ]  File ignored by rseqc/infer_experiment because it exceeded search pattern filesize limit: GSM2453482_fastqc.html
[2021-11-06 04:33:05,088] multiqc                                            [DEBUG  ]  File ignored by ccs/v4 because it exceeded search pattern filesize limit: GSM2453482_cutadapt_bowtie2_fastqc.log
[2021-11-06 04:33:05,093] multiqc                                            [DEBUG  ]  File ignored by lima/summary because it exceeded search pattern filesize limit: GSM2453482_cutadapt_bowtie2_fastqc.log
[2021-11-06 04:33:05,108] multiqc                                            [DEBUG  ]  File ignored by ccs/v4 because it exceeded search pattern filesize limit: GSM2453482_cutadapt_bowtie2_fastqc.html
[2021-11-06 04:33:05,110] multiqc                                            [DEBUG  ]  File ignored by hicexplorer because it exceeded search pattern filesize limit: GSM2453482_cutadapt_bowtie2_fastqc.html
[2021-11-06 04:33:05,110] multiqc                                            [DEBUG  ]  File ignored by nanostat because it exceeded search pattern filesize limit: GSM2453482_cutadapt_bowtie2_fastqc.html
[2021-11-06 04:33:05,110] multiqc                                            [DEBUG  ]  File ignored by lima/summary because it exceeded search pattern filesize limit: GSM2453482_cutadapt_bowtie2_fastqc.html
[2021-11-06 04:33:05,113] multiqc                                            [DEBUG  ]  File ignored by vep/vep_txt because it exceeded search pattern filesize limit: GSM2453482_cutadapt_bowtie2_fastqc.html
[2021-11-06 04:33:05,113] multiqc                                            [DEBUG  ]  File ignored by longranger/invocation because it exceeded search pattern filesize limit: GSM2453482_cutadapt_bowtie2_fastqc.html
[2021-11-06 04:33:05,113] multiqc                                            [DEBUG  ]  File ignored by rockhopper because it exceeded search pattern filesize limit: GSM2453482_cutadapt_bowtie2_fastqc.html
[2021-11-06 04:33:05,113] multiqc                                            [DEBUG  ]  File ignored by rseqc/bam_stat because it exceeded search pattern filesize limit: GSM2453482_cutadapt_bowtie2_fastqc.html
[2021-11-06 04:33:05,114] multiqc                                            [DEBUG  ]  File ignored by rseqc/junction_annotation because it exceeded search pattern filesize limit: GSM2453482_cutadapt_bowtie2_fastqc.html
[2021-11-06 04:33:05,114] multiqc                                            [DEBUG  ]  File ignored by rseqc/read_distribution because it exceeded search pattern filesize limit: GSM2453482_cutadapt_bowtie2_fastqc.html
[2021-11-06 04:33:05,114] multiqc                                            [DEBUG  ]  File ignored by rseqc/infer_experiment because it exceeded search pattern filesize limit: GSM2453482_cutadapt_bowtie2_fastqc.html
[2021-11-06 04:33:05,254] multiqc                                            [DEBUG  ]  File ignored by ccs/v4 because it exceeded search pattern filesize limit: GSM2453482_cutadapt_fastqc.html
[2021-11-06 04:33:05,256] multiqc                                            [DEBUG  ]  File ignored by hicexplorer because it exceeded search pattern filesize limit: GSM2453482_cutadapt_fastqc.html
[2021-11-06 04:33:05,256] multiqc                                            [DEBUG  ]  File ignored by nanostat because it exceeded search pattern filesize limit: GSM2453482_cutadapt_fastqc.html
[2021-11-06 04:33:05,256] multiqc                                            [DEBUG  ]  File ignored by lima/summary because it exceeded search pattern filesize limit: GSM2453482_cutadapt_fastqc.html
[2021-11-06 04:33:05,259] multiqc                                            [DEBUG  ]  File ignored by vep/vep_txt because it exceeded search pattern filesize limit: GSM2453482_cutadapt_fastqc.html
[2021-11-06 04:33:05,259] multiqc                                            [DEBUG  ]  File ignored by longranger/invocation because it exceeded search pattern filesize limit: GSM2453482_cutadapt_fastqc.html
[2021-11-06 04:33:05,260] multiqc                                            [DEBUG  ]  File ignored by rockhopper because it exceeded search pattern filesize limit: GSM2453482_cutadapt_fastqc.html
[2021-11-06 04:33:05,260] multiqc                                            [DEBUG  ]  File ignored by rseqc/bam_stat because it exceeded search pattern filesize limit: GSM2453482_cutadapt_fastqc.html
[2021-11-06 04:33:05,260] multiqc                                            [DEBUG  ]  File ignored by rseqc/junction_annotation because it exceeded search pattern filesize limit: GSM2453482_cutadapt_fastqc.html
[2021-11-06 04:33:05,260] multiqc                                            [DEBUG  ]  File ignored by rseqc/read_distribution because it exceeded search pattern filesize limit: GSM2453482_cutadapt_fastqc.html
[2021-11-06 04:33:05,260] multiqc                                            [DEBUG  ]  File ignored by rseqc/infer_experiment because it exceeded search pattern filesize limit: GSM2453482_cutadapt_fastqc.html
[2021-11-06 04:33:05,418] multiqc                                            [DEBUG  ]  File ignored by ccs/v4 because it exceeded search pattern filesize limit: GSM2453482_cutadapt_fastqc.log
[2021-11-06 04:33:05,420] multiqc                                            [DEBUG  ]  File ignored by lima/summary because it exceeded search pattern filesize limit: GSM2453482_cutadapt_fastqc.log
[2021-11-06 04:33:05,431] multiqc                                            [DEBUG  ]  File ignored by ccs/v4 because it exceeded search pattern filesize limit: GSM2667742_cutadapt_bowtie2_plus_strand_bedgraph_to_tdf.log
[2021-11-06 04:33:05,432] multiqc                                            [DEBUG  ]  File ignored by lima/summary because it exceeded search pattern filesize limit: GSM2667742_cutadapt_bowtie2_plus_strand_bedgraph_to_tdf.log
[2021-11-06 04:33:05,439] multiqc                                            [DEBUG  ]  Ignoring file as matched an ignore pattern: GSM2667742_cutadapt.fastq.gz
[2021-11-06 04:33:05,451] multiqc                                            [DEBUG  ]  Ignoring file as matched an ignore pattern: GSM2667742_cutadapt_empty1.fastq.gz
[2021-11-06 04:33:05,523] multiqc                                            [DEBUG  ]  Ignoring file as matched an ignore pattern: GSM2667742_cutadapt_bowtie2.bam
[2021-11-06 04:33:05,523] multiqc                                            [DEBUG  ]  Ignoring file as matched an ignore pattern: GSM2667742_cutadapt_empty2.fastq.gz
[2021-11-06 04:33:05,539] multiqc                                            [DEBUG  ]  File ignored by ccs/v4 because it exceeded search pattern filesize limit: GSM2667742.fastq.gz_trimming_report.txt
[2021-11-06 04:33:05,540] multiqc                                            [DEBUG  ]  File ignored by lima/summary because it exceeded search pattern filesize limit: GSM2667742.fastq.gz_trimming_report.txt
[2021-11-06 04:33:05,543] multiqc                                            [DEBUG  ]  File ignored by longranger/invocation because it exceeded search pattern filesize limit: GSM2667742.fastq.gz_trimming_report.txt
[2021-11-06 04:33:05,554] multiqc                                            [DEBUG  ]  File ignored by ccs/v4 because it exceeded search pattern filesize limit: GSM2667742_cutadapt_bowtie2_bedgraph_to_tdf.log
[2021-11-06 04:33:05,555] multiqc                                            [DEBUG  ]  File ignored by lima/summary because it exceeded search pattern filesize limit: GSM2667742_cutadapt_bowtie2_bedgraph_to_tdf.log
[2021-11-06 04:33:05,567] multiqc                                            [DEBUG  ]  File ignored by ccs/v4 because it exceeded search pattern filesize limit: GSM2667742_cutadapt.log
[2021-11-06 04:33:05,568] multiqc                                            [DEBUG  ]  File ignored by hicexplorer because it exceeded search pattern filesize limit: GSM2667742_cutadapt.log
[2021-11-06 04:33:05,568] multiqc                                            [DEBUG  ]  File ignored by nanostat because it exceeded search pattern filesize limit: GSM2667742_cutadapt.log
[2021-11-06 04:33:05,568] multiqc                                            [DEBUG  ]  File ignored by lima/summary because it exceeded search pattern filesize limit: GSM2667742_cutadapt.log
[2021-11-06 04:33:05,571] multiqc                                            [DEBUG  ]  File ignored by longranger/invocation because it exceeded search pattern filesize limit: GSM2667742_cutadapt.log
[2021-11-06 04:33:05,578] multiqc                                            [DEBUG  ]  Ignoring file as matched an ignore pattern: GSM2667742.fastq.gz
[2021-11-06 04:33:05,653] multiqc                                            [DEBUG  ]  File ignored by ccs/v4 because it exceeded search pattern filesize limit: GSM2667742_cutadapt_bowtie2_minus_strand_bedgraph_to_tdf.log
[2021-11-06 04:33:05,655] multiqc                                            [DEBUG  ]  File ignored by lima/summary because it exceeded search pattern filesize limit: GSM2667742_cutadapt_bowtie2_minus_strand_bedgraph_to_tdf.log
[2021-11-06 04:33:05,683] multiqc                                            [DEBUG  ]  Ignoring file as matched an ignore pattern: GSM2667742_cutadapt_bowtie2.bam.bai
[2021-11-06 04:33:05,710] multiqc                                            [DEBUG  ]  File ignored by ccs/v4 because it exceeded search pattern filesize limit: GSM2667742_cutadapt_fastqc.log
[2021-11-06 04:33:05,711] multiqc                                            [DEBUG  ]  File ignored by lima/summary because it exceeded search pattern filesize limit: GSM2667742_cutadapt_fastqc.log
[2021-11-06 04:33:05,728] multiqc                                            [DEBUG  ]  File ignored by ccs/v4 because it exceeded search pattern filesize limit: GSM2667742_cutadapt_fastqc.html
[2021-11-06 04:33:05,730] multiqc                                            [DEBUG  ]  File ignored by hicexplorer because it exceeded search pattern filesize limit: GSM2667742_cutadapt_fastqc.html
[2021-11-06 04:33:05,730] multiqc                                            [DEBUG  ]  File ignored by nanostat because it exceeded search pattern filesize limit: GSM2667742_cutadapt_fastqc.html
[2021-11-06 04:33:05,730] multiqc                                            [DEBUG  ]  File ignored by lima/summary because it exceeded search pattern filesize limit: GSM2667742_cutadapt_fastqc.html
[2021-11-06 04:33:05,733] multiqc                                            [DEBUG  ]  File ignored by vep/vep_txt because it exceeded search pattern filesize limit: GSM2667742_cutadapt_fastqc.html
[2021-11-06 04:33:05,733] multiqc                                            [DEBUG  ]  File ignored by longranger/invocation because it exceeded search pattern filesize limit: GSM2667742_cutadapt_fastqc.html
[2021-11-06 04:33:05,733] multiqc                                            [DEBUG  ]  File ignored by rockhopper because it exceeded search pattern filesize limit: GSM2667742_cutadapt_fastqc.html
[2021-11-06 04:33:05,733] multiqc                                            [DEBUG  ]  File ignored by rseqc/bam_stat because it exceeded search pattern filesize limit: GSM2667742_cutadapt_fastqc.html
[2021-11-06 04:33:05,734] multiqc                                            [DEBUG  ]  File ignored by rseqc/junction_annotation because it exceeded search pattern filesize limit: GSM2667742_cutadapt_fastqc.html
[2021-11-06 04:33:05,734] multiqc                                            [DEBUG  ]  File ignored by rseqc/read_distribution because it exceeded search pattern filesize limit: GSM2667742_cutadapt_fastqc.html
[2021-11-06 04:33:05,734] multiqc                                            [DEBUG  ]  File ignored by rseqc/infer_experiment because it exceeded search pattern filesize limit: GSM2667742_cutadapt_fastqc.html
[2021-11-06 04:33:05,881] multiqc                                            [DEBUG  ]  File ignored by ccs/v4 because it exceeded search pattern filesize limit: GSM2667742_cutadapt_bowtie2_fastqc.html
[2021-11-06 04:33:05,882] multiqc                                            [DEBUG  ]  File ignored by hicexplorer because it exceeded search pattern filesize limit: GSM2667742_cutadapt_bowtie2_fastqc.html
[2021-11-06 04:33:05,883] multiqc                                            [DEBUG  ]  File ignored by nanostat because it exceeded search pattern filesize limit: GSM2667742_cutadapt_bowtie2_fastqc.html
[2021-11-06 04:33:05,883] multiqc                                            [DEBUG  ]  File ignored by lima/summary because it exceeded search pattern filesize limit: GSM2667742_cutadapt_bowtie2_fastqc.html
[2021-11-06 04:33:05,886] multiqc                                            [DEBUG  ]  File ignored by vep/vep_txt because it exceeded search pattern filesize limit: GSM2667742_cutadapt_bowtie2_fastqc.html
[2021-11-06 04:33:05,886] multiqc                                            [DEBUG  ]  File ignored by longranger/invocation because it exceeded search pattern filesize limit: GSM2667742_cutadapt_bowtie2_fastqc.html
[2021-11-06 04:33:05,886] multiqc                                            [DEBUG  ]  File ignored by rockhopper because it exceeded search pattern filesize limit: GSM2667742_cutadapt_bowtie2_fastqc.html
[2021-11-06 04:33:05,886] multiqc                                            [DEBUG  ]  File ignored by rseqc/bam_stat because it exceeded search pattern filesize limit: GSM2667742_cutadapt_bowtie2_fastqc.html
[2021-11-06 04:33:05,886] multiqc                                            [DEBUG  ]  File ignored by rseqc/junction_annotation because it exceeded search pattern filesize limit: GSM2667742_cutadapt_bowtie2_fastqc.html
[2021-11-06 04:33:05,886] multiqc                                            [DEBUG  ]  File ignored by rseqc/read_distribution because it exceeded search pattern filesize limit: GSM2667742_cutadapt_bowtie2_fastqc.html
[2021-11-06 04:33:05,886] multiqc                                            [DEBUG  ]  File ignored by rseqc/infer_experiment because it exceeded search pattern filesize limit: GSM2667742_cutadapt_bowtie2_fastqc.html
[2021-11-06 04:33:06,002] multiqc                                            [DEBUG  ]  File ignored by ccs/v4 because it exceeded search pattern filesize limit: GSM2667742_cutadapt_bowtie2_fastqc.log
[2021-11-06 04:33:06,004] multiqc                                            [DEBUG  ]  File ignored by lima/summary because it exceeded search pattern filesize limit: GSM2667742_cutadapt_bowtie2_fastqc.log
[2021-11-06 04:33:06,018] multiqc                                            [DEBUG  ]  File ignored by ccs/v4 because it exceeded search pattern filesize limit: GSM2667742_fastqc.html
[2021-11-06 04:33:06,019] multiqc                                            [DEBUG  ]  File ignored by hicexplorer because it exceeded search pattern filesize limit: GSM2667742_fastqc.html
[2021-11-06 04:33:06,019] multiqc                                            [DEBUG  ]  File ignored by nanostat because it exceeded search pattern filesize limit: GSM2667742_fastqc.html
[2021-11-06 04:33:06,020] multiqc                                            [DEBUG  ]  File ignored by lima/summary because it exceeded search pattern filesize limit: GSM2667742_fastqc.html
[2021-11-06 04:33:06,022] multiqc                                            [DEBUG  ]  File ignored by vep/vep_txt because it exceeded search pattern filesize limit: GSM2667742_fastqc.html
[2021-11-06 04:33:06,023] multiqc                                            [DEBUG  ]  File ignored by longranger/invocation because it exceeded search pattern filesize limit: GSM2667742_fastqc.html
[2021-11-06 04:33:06,023] multiqc                                            [DEBUG  ]  File ignored by rockhopper because it exceeded search pattern filesize limit: GSM2667742_fastqc.html
[2021-11-06 04:33:06,023] multiqc                                            [DEBUG  ]  File ignored by rseqc/bam_stat because it exceeded search pattern filesize limit: GSM2667742_fastqc.html
[2021-11-06 04:33:06,023] multiqc                                            [DEBUG  ]  File ignored by rseqc/junction_annotation because it exceeded search pattern filesize limit: GSM2667742_fastqc.html
[2021-11-06 04:33:06,023] multiqc                                            [DEBUG  ]  File ignored by rseqc/read_distribution because it exceeded search pattern filesize limit: GSM2667742_fastqc.html
[2021-11-06 04:33:06,023] multiqc                                            [DEBUG  ]  File ignored by rseqc/infer_experiment because it exceeded search pattern filesize limit: GSM2667742_fastqc.html
[2021-11-06 04:33:06,194] multiqc                                            [DEBUG  ]  File ignored by ccs/v4 because it exceeded search pattern filesize limit: DS00017_sites.fasta
[2021-11-06 04:33:06,196] multiqc                                            [DEBUG  ]  File ignored by hicexplorer because it exceeded search pattern filesize limit: DS00017_sites.fasta
[2021-11-06 04:33:06,196] multiqc                                            [DEBUG  ]  File ignored by nanostat because it exceeded search pattern filesize limit: DS00017_sites.fasta
[2021-11-06 04:33:06,196] multiqc                                            [DEBUG  ]  File ignored by lima/summary because it exceeded search pattern filesize limit: DS00017_sites.fasta
[2021-11-06 04:33:06,198] multiqc                                            [DEBUG  ]  File ignored by longranger/invocation because it exceeded search pattern filesize limit: DS00017_sites.fasta
[2021-11-06 04:33:06,215] multiqc                                            [DEBUG  ]  Ignoring file as matched an ignore pattern: DS00017_sites.bed
[2021-11-06 04:33:06,220] multiqc                                            [DEBUG  ]  File ignored by ccs/v4 because it exceeded search pattern filesize limit: DS00017_matrix.tab
[2021-11-06 04:33:06,221] multiqc                                            [DEBUG  ]  File ignored by lima/summary because it exceeded search pattern filesize limit: DS00017_matrix.tab
[2021-11-06 04:33:06,224] multiqc                                            [DEBUG  ]  File ignored by longranger/invocation because it exceeded search pattern filesize limit: DS00017_matrix.tab
[2021-11-06 04:33:06,239] multiqc                                            [DEBUG  ]  File ignored by ccs/v4 because it exceeded search pattern filesize limit: DS00017_peaks.ft
[2021-11-06 04:33:06,240] multiqc                                            [DEBUG  ]  File ignored by hicexplorer because it exceeded search pattern filesize limit: DS00017_peaks.ft
[2021-11-06 04:33:06,240] multiqc                                            [DEBUG  ]  File ignored by nanostat because it exceeded search pattern filesize limit: DS00017_peaks.ft
[2021-11-06 04:33:06,240] multiqc                                            [DEBUG  ]  File ignored by lima/summary because it exceeded search pattern filesize limit: DS00017_peaks.ft
[2021-11-06 04:33:06,243] multiqc                                            [DEBUG  ]  File ignored by longranger/invocation because it exceeded search pattern filesize limit: DS00017_peaks.ft
[2021-11-06 04:33:06,266] multiqc                                            [DEBUG  ]  Ignoring file as matched an ignore pattern: DS00017_peaks.bed
[2021-11-06 04:33:06,270] multiqc                                            [DEBUG  ]  File ignored by ccs/v4 because it exceeded search pattern filesize limit: DS00017_peaks.fasta
[2021-11-06 04:33:06,272] multiqc                                            [DEBUG  ]  File ignored by hicexplorer because it exceeded search pattern filesize limit: DS00017_peaks.fasta
[2021-11-06 04:33:06,272] multiqc                                            [DEBUG  ]  File ignored by nanostat because it exceeded search pattern filesize limit: DS00017_peaks.fasta
[2021-11-06 04:33:06,272] multiqc                                            [DEBUG  ]  File ignored by lima/summary because it exceeded search pattern filesize limit: DS00017_peaks.fasta
[2021-11-06 04:33:06,274] multiqc                                            [DEBUG  ]  File ignored by vep/vep_txt because it exceeded search pattern filesize limit: DS00017_peaks.fasta
[2021-11-06 04:33:06,275] multiqc                                            [DEBUG  ]  File ignored by longranger/invocation because it exceeded search pattern filesize limit: DS00017_peaks.fasta
[2021-11-06 04:33:06,349] multiqc                                            [DEBUG  ]  Ignoring file as matched an ignore pattern: DS00017_summits.bed
[2021-11-06 04:33:06,359] multiqc                                            [DEBUG  ]  File ignored by ccs/v4 because it exceeded search pattern filesize limit: DS00017_peaks.narrowPeak
[2021-11-06 04:33:06,360] multiqc                                            [DEBUG  ]  File ignored by hicexplorer because it exceeded search pattern filesize limit: DS00017_peaks.narrowPeak
[2021-11-06 04:33:06,360] multiqc                                            [DEBUG  ]  File ignored by nanostat because it exceeded search pattern filesize limit: DS00017_peaks.narrowPeak
[2021-11-06 04:33:06,360] multiqc                                            [DEBUG  ]  File ignored by lima/summary because it exceeded search pattern filesize limit: DS00017_peaks.narrowPeak
[2021-11-06 04:33:06,363] multiqc                                            [DEBUG  ]  File ignored by longranger/invocation because it exceeded search pattern filesize limit: DS00017_peaks.narrowPeak
[2021-11-06 04:33:06,415] multiqc                                            [DEBUG  ]  File ignored by ccs/v4 because it exceeded search pattern filesize limit: GSM2453482_cutadapt_bowtie2_minus_strand_bedgraph_to_tdf.log
[2021-11-06 04:33:06,417] multiqc                                            [DEBUG  ]  File ignored by lima/summary because it exceeded search pattern filesize limit: GSM2453482_cutadapt_bowtie2_minus_strand_bedgraph_to_tdf.log
[2021-11-06 04:33:06,434] multiqc                                            [DEBUG  ]  Ignoring file as matched an ignore pattern: GSM2453482_cutadapt_empty2.fastq.gz
[2021-11-06 04:33:06,435] multiqc                                            [DEBUG  ]  Ignoring file as matched an ignore pattern: GSM2453482_cutadapt.fastq.gz
[2021-11-06 04:33:06,451] multiqc                                            [DEBUG  ]  File ignored by ccs/v4 because it exceeded search pattern filesize limit: GSM2453482_cutadapt.log
[2021-11-06 04:33:06,452] multiqc                                            [DEBUG  ]  File ignored by hicexplorer because it exceeded search pattern filesize limit: GSM2453482_cutadapt.log
[2021-11-06 04:33:06,452] multiqc                                            [DEBUG  ]  File ignored by nanostat because it exceeded search pattern filesize limit: GSM2453482_cutadapt.log
[2021-11-06 04:33:06,452] multiqc                                            [DEBUG  ]  File ignored by lima/summary because it exceeded search pattern filesize limit: GSM2453482_cutadapt.log
[2021-11-06 04:33:06,455] multiqc                                            [DEBUG  ]  File ignored by longranger/invocation because it exceeded search pattern filesize limit: GSM2453482_cutadapt.log
[2021-11-06 04:33:06,466] multiqc                                            [DEBUG  ]  Ignoring file as matched an ignore pattern: GSM2453482_cutadapt_bowtie2.bam.bai
[2021-11-06 04:33:06,467] multiqc                                            [DEBUG  ]  Ignoring file as matched an ignore pattern: GSM2453482.fastq.gz
[2021-11-06 04:33:06,539] multiqc                                            [DEBUG  ]  File ignored by ccs/v4 because it exceeded search pattern filesize limit: GSM2453482_cutadapt_bowtie2_plus_strand_bedgraph_to_tdf.log
[2021-11-06 04:33:06,541] multiqc                                            [DEBUG  ]  File ignored by lima/summary because it exceeded search pattern filesize limit: GSM2453482_cutadapt_bowtie2_plus_strand_bedgraph_to_tdf.log
[2021-11-06 04:33:06,575] multiqc                                            [DEBUG  ]  Ignoring file as matched an ignore pattern: GSM2453482_cutadapt_empty1.fastq.gz
[2021-11-06 04:33:06,622] multiqc                                            [DEBUG  ]  File ignored by ccs/v4 because it exceeded search pattern filesize limit: GSM2453482.fastq.gz_trimming_report.txt
[2021-11-06 04:33:06,623] multiqc                                            [DEBUG  ]  File ignored by lima/summary because it exceeded search pattern filesize limit: GSM2453482.fastq.gz_trimming_report.txt
[2021-11-06 04:33:06,626] multiqc                                            [DEBUG  ]  File ignored by longranger/invocation because it exceeded search pattern filesize limit: GSM2453482.fastq.gz_trimming_report.txt
[2021-11-06 04:33:06,636] multiqc                                            [DEBUG  ]  File ignored by ccs/v4 because it exceeded search pattern filesize limit: GSM2453482_cutadapt_bowtie2_bedgraph_to_tdf.log
[2021-11-06 04:33:06,638] multiqc                                            [DEBUG  ]  File ignored by lima/summary because it exceeded search pattern filesize limit: GSM2453482_cutadapt_bowtie2_bedgraph_to_tdf.log
[2021-11-06 04:33:06,656] multiqc                                            [DEBUG  ]  Ignoring file as matched an ignore pattern: GSM2453482_cutadapt_bowtie2.bam
[2021-11-06 04:33:06,678] multiqc                                            [DEBUG  ]  File ignored by ccs/v4 because it exceeded search pattern filesize limit: GSM2453482_fastqc.html
[2021-11-06 04:33:06,680] multiqc                                            [DEBUG  ]  File ignored by hicexplorer because it exceeded search pattern filesize limit: GSM2453482_fastqc.html
[2021-11-06 04:33:06,680] multiqc                                            [DEBUG  ]  File ignored by nanostat because it exceeded search pattern filesize limit: GSM2453482_fastqc.html
[2021-11-06 04:33:06,680] multiqc                                            [DEBUG  ]  File ignored by lima/summary because it exceeded search pattern filesize limit: GSM2453482_fastqc.html
[2021-11-06 04:33:06,683] multiqc                                            [DEBUG  ]  File ignored by vep/vep_txt because it exceeded search pattern filesize limit: GSM2453482_fastqc.html
[2021-11-06 04:33:06,683] multiqc                                            [DEBUG  ]  File ignored by longranger/invocation because it exceeded search pattern filesize limit: GSM2453482_fastqc.html
[2021-11-06 04:33:06,683] multiqc                                            [DEBUG  ]  File ignored by rockhopper because it exceeded search pattern filesize limit: GSM2453482_fastqc.html
[2021-11-06 04:33:06,683] multiqc                                            [DEBUG  ]  File ignored by rseqc/bam_stat because it exceeded search pattern filesize limit: GSM2453482_fastqc.html
[2021-11-06 04:33:06,683] multiqc                                            [DEBUG  ]  File ignored by rseqc/junction_annotation because it exceeded search pattern filesize limit: GSM2453482_fastqc.html
[2021-11-06 04:33:06,683] multiqc                                            [DEBUG  ]  File ignored by rseqc/read_distribution because it exceeded search pattern filesize limit: GSM2453482_fastqc.html
[2021-11-06 04:33:06,683] multiqc                                            [DEBUG  ]  File ignored by rseqc/infer_experiment because it exceeded search pattern filesize limit: GSM2453482_fastqc.html
[2021-11-06 04:33:06,860] multiqc                                            [DEBUG  ]  File ignored by ccs/v4 because it exceeded search pattern filesize limit: GSM2453482_cutadapt_bowtie2_fastqc.log
[2021-11-06 04:33:06,861] multiqc                                            [DEBUG  ]  File ignored by lima/summary because it exceeded search pattern filesize limit: GSM2453482_cutadapt_bowtie2_fastqc.log
[2021-11-06 04:33:06,876] multiqc                                            [DEBUG  ]  File ignored by ccs/v4 because it exceeded search pattern filesize limit: GSM2453482_cutadapt_bowtie2_fastqc.html
[2021-11-06 04:33:06,878] multiqc                                            [DEBUG  ]  File ignored by hicexplorer because it exceeded search pattern filesize limit: GSM2453482_cutadapt_bowtie2_fastqc.html
[2021-11-06 04:33:06,878] multiqc                                            [DEBUG  ]  File ignored by nanostat because it exceeded search pattern filesize limit: GSM2453482_cutadapt_bowtie2_fastqc.html
[2021-11-06 04:33:06,878] multiqc                                            [DEBUG  ]  File ignored by lima/summary because it exceeded search pattern filesize limit: GSM2453482_cutadapt_bowtie2_fastqc.html
[2021-11-06 04:33:06,885] multiqc                                            [DEBUG  ]  File ignored by vep/vep_txt because it exceeded search pattern filesize limit: GSM2453482_cutadapt_bowtie2_fastqc.html
[2021-11-06 04:33:06,885] multiqc                                            [DEBUG  ]  File ignored by longranger/invocation because it exceeded search pattern filesize limit: GSM2453482_cutadapt_bowtie2_fastqc.html
[2021-11-06 04:33:06,885] multiqc                                            [DEBUG  ]  File ignored by rockhopper because it exceeded search pattern filesize limit: GSM2453482_cutadapt_bowtie2_fastqc.html
[2021-11-06 04:33:06,885] multiqc                                            [DEBUG  ]  File ignored by rseqc/bam_stat because it exceeded search pattern filesize limit: GSM2453482_cutadapt_bowtie2_fastqc.html
[2021-11-06 04:33:06,885] multiqc                                            [DEBUG  ]  File ignored by rseqc/junction_annotation because it exceeded search pattern filesize limit: GSM2453482_cutadapt_bowtie2_fastqc.html
[2021-11-06 04:33:06,885] multiqc                                            [DEBUG  ]  File ignored by rseqc/read_distribution because it exceeded search pattern filesize limit: GSM2453482_cutadapt_bowtie2_fastqc.html
[2021-11-06 04:33:06,885] multiqc                                            [DEBUG  ]  File ignored by rseqc/infer_experiment because it exceeded search pattern filesize limit: GSM2453482_cutadapt_bowtie2_fastqc.html
[2021-11-06 04:33:07,025] multiqc                                            [DEBUG  ]  File ignored by ccs/v4 because it exceeded search pattern filesize limit: GSM2453482_cutadapt_fastqc.html
[2021-11-06 04:33:07,026] multiqc                                            [DEBUG  ]  File ignored by hicexplorer because it exceeded search pattern filesize limit: GSM2453482_cutadapt_fastqc.html
[2021-11-06 04:33:07,027] multiqc                                            [DEBUG  ]  File ignored by nanostat because it exceeded search pattern filesize limit: GSM2453482_cutadapt_fastqc.html
[2021-11-06 04:33:07,027] multiqc                                            [DEBUG  ]  File ignored by lima/summary because it exceeded search pattern filesize limit: GSM2453482_cutadapt_fastqc.html
[2021-11-06 04:33:07,030] multiqc                                            [DEBUG  ]  File ignored by vep/vep_txt because it exceeded search pattern filesize limit: GSM2453482_cutadapt_fastqc.html
[2021-11-06 04:33:07,030] multiqc                                            [DEBUG  ]  File ignored by longranger/invocation because it exceeded search pattern filesize limit: GSM2453482_cutadapt_fastqc.html
[2021-11-06 04:33:07,030] multiqc                                            [DEBUG  ]  File ignored by rockhopper because it exceeded search pattern filesize limit: GSM2453482_cutadapt_fastqc.html
[2021-11-06 04:33:07,030] multiqc                                            [DEBUG  ]  File ignored by rseqc/bam_stat because it exceeded search pattern filesize limit: GSM2453482_cutadapt_fastqc.html
[2021-11-06 04:33:07,030] multiqc                                            [DEBUG  ]  File ignored by rseqc/junction_annotation because it exceeded search pattern filesize limit: GSM2453482_cutadapt_fastqc.html
[2021-11-06 04:33:07,030] multiqc                                            [DEBUG  ]  File ignored by rseqc/read_distribution because it exceeded search pattern filesize limit: GSM2453482_cutadapt_fastqc.html
[2021-11-06 04:33:07,030] multiqc                                            [DEBUG  ]  File ignored by rseqc/infer_experiment because it exceeded search pattern filesize limit: GSM2453482_cutadapt_fastqc.html
[2021-11-06 04:33:07,183] multiqc                                            [DEBUG  ]  File ignored by ccs/v4 because it exceeded search pattern filesize limit: GSM2453482_cutadapt_fastqc.log
[2021-11-06 04:33:07,185] multiqc                                            [DEBUG  ]  File ignored by lima/summary because it exceeded search pattern filesize limit: GSM2453482_cutadapt_fastqc.log
[2021-11-06 04:33:07,207] multiqc                                            [DEBUG  ]  Ignoring file as matched an ignore pattern: GSM2667743_cutadapt.fastq.gz
[2021-11-06 04:33:07,232] multiqc                                            [DEBUG  ]  File ignored by ccs/v4 because it exceeded search pattern filesize limit: GSM2667743_cutadapt.log
[2021-11-06 04:33:07,233] multiqc                                            [DEBUG  ]  File ignored by hicexplorer because it exceeded search pattern filesize limit: GSM2667743_cutadapt.log
[2021-11-06 04:33:07,233] multiqc                                            [DEBUG  ]  File ignored by nanostat because it exceeded search pattern filesize limit: GSM2667743_cutadapt.log
[2021-11-06 04:33:07,234] multiqc                                            [DEBUG  ]  File ignored by lima/summary because it exceeded search pattern filesize limit: GSM2667743_cutadapt.log
[2021-11-06 04:33:07,236] multiqc                                            [DEBUG  ]  File ignored by longranger/invocation because it exceeded search pattern filesize limit: GSM2667743_cutadapt.log
[2021-11-06 04:33:07,249] multiqc                                            [DEBUG  ]  File ignored by ccs/v4 because it exceeded search pattern filesize limit: GSM2667743_cutadapt_bowtie2.tdf
[2021-11-06 04:33:07,251] multiqc                                            [DEBUG  ]  File ignored by hicexplorer because it exceeded search pattern filesize limit: GSM2667743_cutadapt_bowtie2.tdf
[2021-11-06 04:33:07,251] multiqc                                            [DEBUG  ]  File ignored by nanostat because it exceeded search pattern filesize limit: GSM2667743_cutadapt_bowtie2.tdf
[2021-11-06 04:33:07,251] multiqc                                            [DEBUG  ]  File ignored by lima/summary because it exceeded search pattern filesize limit: GSM2667743_cutadapt_bowtie2.tdf
[2021-11-06 04:33:07,253] multiqc                                            [DEBUG  ]  File ignored by vep/vep_html because it exceeded search pattern filesize limit: GSM2667743_cutadapt_bowtie2.tdf
[2021-11-06 04:33:07,253] multiqc                                            [DEBUG  ]  File ignored by vep/vep_txt because it exceeded search pattern filesize limit: GSM2667743_cutadapt_bowtie2.tdf
[2021-11-06 04:33:07,254] multiqc                                            [DEBUG  ]  File ignored by longranger/invocation because it exceeded search pattern filesize limit: GSM2667743_cutadapt_bowtie2.tdf
[2021-11-06 04:33:07,254] multiqc                                            [DEBUG  ]  File ignored by rockhopper because it exceeded search pattern filesize limit: GSM2667743_cutadapt_bowtie2.tdf
[2021-11-06 04:33:07,254] multiqc                                            [DEBUG  ]  File ignored by rseqc/bam_stat because it exceeded search pattern filesize limit: GSM2667743_cutadapt_bowtie2.tdf
[2021-11-06 04:33:07,254] multiqc                                            [DEBUG  ]  File ignored by rseqc/junction_annotation because it exceeded search pattern filesize limit: GSM2667743_cutadapt_bowtie2.tdf
[2021-11-06 04:33:07,254] multiqc                                            [DEBUG  ]  File ignored by rseqc/read_distribution because it exceeded search pattern filesize limit: GSM2667743_cutadapt_bowtie2.tdf
[2021-11-06 04:33:07,254] multiqc                                            [DEBUG  ]  File ignored by rseqc/infer_experiment because it exceeded search pattern filesize limit: GSM2667743_cutadapt_bowtie2.tdf
[2021-11-06 04:33:07,254] multiqc                                            [DEBUG  ]  File ignored by snpeff because it exceeded search pattern filesize limit: GSM2667743_cutadapt_bowtie2.tdf
[2021-11-06 04:33:07,254] multiqc                                            [DEBUG  ]  File ignored by stacks/sumstats because it exceeded search pattern filesize limit: GSM2667743_cutadapt_bowtie2.tdf
[2021-11-06 04:33:07,273] multiqc                                            [DEBUG  ]  File ignored by ccs/v4 because it exceeded search pattern filesize limit: GSM2667743.fastq.gz_trimming_report.txt
[2021-11-06 04:33:07,275] multiqc                                            [DEBUG  ]  File ignored by lima/summary because it exceeded search pattern filesize limit: GSM2667743.fastq.gz_trimming_report.txt
[2021-11-06 04:33:07,277] multiqc                                            [DEBUG  ]  File ignored by longranger/invocation because it exceeded search pattern filesize limit: GSM2667743.fastq.gz_trimming_report.txt
[2021-11-06 04:33:07,295] multiqc                                            [DEBUG  ]  Ignoring file as matched an ignore pattern: GSM2667743_cutadapt_empty2.fastq.gz
[2021-11-06 04:33:07,329] multiqc                                            [DEBUG  ]  File ignored by ccs/v4 because it exceeded search pattern filesize limit: GSM2667743_cutadapt_bowtie2_minus_strand_bedgraph_to_tdf.log
[2021-11-06 04:33:07,330] multiqc                                            [DEBUG  ]  File ignored by lima/summary because it exceeded search pattern filesize limit: GSM2667743_cutadapt_bowtie2_minus_strand_bedgraph_to_tdf.log
[2021-11-06 04:33:07,349] multiqc                                            [DEBUG  ]  Ignoring file as matched an ignore pattern: GSM2667743.fastq.gz
[2021-11-06 04:33:07,388] multiqc                                            [DEBUG  ]  File ignored by ccs/v4 because it exceeded search pattern filesize limit: GSM2667743_cutadapt_bowtie2_minus_strand.tdf
[2021-11-06 04:33:07,389] multiqc                                            [DEBUG  ]  File ignored by hicexplorer because it exceeded search pattern filesize limit: GSM2667743_cutadapt_bowtie2_minus_strand.tdf
[2021-11-06 04:33:07,389] multiqc                                            [DEBUG  ]  File ignored by nanostat because it exceeded search pattern filesize limit: GSM2667743_cutadapt_bowtie2_minus_strand.tdf
[2021-11-06 04:33:07,389] multiqc                                            [DEBUG  ]  File ignored by lima/summary because it exceeded search pattern filesize limit: GSM2667743_cutadapt_bowtie2_minus_strand.tdf
[2021-11-06 04:33:07,391] multiqc                                            [DEBUG  ]  File ignored by vep/vep_html because it exceeded search pattern filesize limit: GSM2667743_cutadapt_bowtie2_minus_strand.tdf
[2021-11-06 04:33:07,391] multiqc                                            [DEBUG  ]  File ignored by vep/vep_txt because it exceeded search pattern filesize limit: GSM2667743_cutadapt_bowtie2_minus_strand.tdf
[2021-11-06 04:33:07,392] multiqc                                            [DEBUG  ]  File ignored by longranger/invocation because it exceeded search pattern filesize limit: GSM2667743_cutadapt_bowtie2_minus_strand.tdf
[2021-11-06 04:33:07,392] multiqc                                            [DEBUG  ]  File ignored by rockhopper because it exceeded search pattern filesize limit: GSM2667743_cutadapt_bowtie2_minus_strand.tdf
[2021-11-06 04:33:07,392] multiqc                                            [DEBUG  ]  File ignored by rseqc/bam_stat because it exceeded search pattern filesize limit: GSM2667743_cutadapt_bowtie2_minus_strand.tdf
[2021-11-06 04:33:07,392] multiqc                                            [DEBUG  ]  File ignored by rseqc/junction_annotation because it exceeded search pattern filesize limit: GSM2667743_cutadapt_bowtie2_minus_strand.tdf
[2021-11-06 04:33:07,392] multiqc                                            [DEBUG  ]  File ignored by rseqc/read_distribution because it exceeded search pattern filesize limit: GSM2667743_cutadapt_bowtie2_minus_strand.tdf
[2021-11-06 04:33:07,392] multiqc                                            [DEBUG  ]  File ignored by rseqc/infer_experiment because it exceeded search pattern filesize limit: GSM2667743_cutadapt_bowtie2_minus_strand.tdf
[2021-11-06 04:33:07,392] multiqc                                            [DEBUG  ]  File ignored by snpeff because it exceeded search pattern filesize limit: GSM2667743_cutadapt_bowtie2_minus_strand.tdf
[2021-11-06 04:33:07,392] multiqc                                            [DEBUG  ]  File ignored by stacks/sumstats because it exceeded search pattern filesize limit: GSM2667743_cutadapt_bowtie2_minus_strand.tdf
[2021-11-06 04:33:07,414] multiqc                                            [DEBUG  ]  File ignored by ccs/v4 because it exceeded search pattern filesize limit: GSM2667743_cutadapt_bowtie2_plus_strand_bedgraph_to_tdf.log
[2021-11-06 04:33:07,415] multiqc                                            [DEBUG  ]  File ignored by lima/summary because it exceeded search pattern filesize limit: GSM2667743_cutadapt_bowtie2_plus_strand_bedgraph_to_tdf.log
[2021-11-06 04:33:07,422] multiqc                                            [DEBUG  ]  Ignoring file as matched an ignore pattern: GSM2667743_cutadapt_bowtie2.bam
[2021-11-06 04:33:07,450] multiqc                                            [DEBUG  ]  File ignored by ccs/v4 because it exceeded search pattern filesize limit: GSM2667743_cutadapt_bowtie2_plus_strand.tdf
[2021-11-06 04:33:07,451] multiqc                                            [DEBUG  ]  File ignored by hicexplorer because it exceeded search pattern filesize limit: GSM2667743_cutadapt_bowtie2_plus_strand.tdf
[2021-11-06 04:33:07,452] multiqc                                            [DEBUG  ]  File ignored by nanostat because it exceeded search pattern filesize limit: GSM2667743_cutadapt_bowtie2_plus_strand.tdf
[2021-11-06 04:33:07,452] multiqc                                            [DEBUG  ]  File ignored by lima/summary because it exceeded search pattern filesize limit: GSM2667743_cutadapt_bowtie2_plus_strand.tdf
[2021-11-06 04:33:07,454] multiqc                                            [DEBUG  ]  File ignored by vep/vep_html because it exceeded search pattern filesize limit: GSM2667743_cutadapt_bowtie2_plus_strand.tdf
[2021-11-06 04:33:07,454] multiqc                                            [DEBUG  ]  File ignored by vep/vep_txt because it exceeded search pattern filesize limit: GSM2667743_cutadapt_bowtie2_plus_strand.tdf
[2021-11-06 04:33:07,454] multiqc                                            [DEBUG  ]  File ignored by longranger/invocation because it exceeded search pattern filesize limit: GSM2667743_cutadapt_bowtie2_plus_strand.tdf
[2021-11-06 04:33:07,454] multiqc                                            [DEBUG  ]  File ignored by rockhopper because it exceeded search pattern filesize limit: GSM2667743_cutadapt_bowtie2_plus_strand.tdf
[2021-11-06 04:33:07,454] multiqc                                            [DEBUG  ]  File ignored by rseqc/bam_stat because it exceeded search pattern filesize limit: GSM2667743_cutadapt_bowtie2_plus_strand.tdf
[2021-11-06 04:33:07,454] multiqc                                            [DEBUG  ]  File ignored by rseqc/junction_annotation because it exceeded search pattern filesize limit: GSM2667743_cutadapt_bowtie2_plus_strand.tdf
[2021-11-06 04:33:07,454] multiqc                                            [DEBUG  ]  File ignored by rseqc/read_distribution because it exceeded search pattern filesize limit: GSM2667743_cutadapt_bowtie2_plus_strand.tdf
[2021-11-06 04:33:07,454] multiqc                                            [DEBUG  ]  File ignored by rseqc/infer_experiment because it exceeded search pattern filesize limit: GSM2667743_cutadapt_bowtie2_plus_strand.tdf
[2021-11-06 04:33:07,454] multiqc                                            [DEBUG  ]  File ignored by snpeff because it exceeded search pattern filesize limit: GSM2667743_cutadapt_bowtie2_plus_strand.tdf
[2021-11-06 04:33:07,454] multiqc                                            [DEBUG  ]  File ignored by stacks/sumstats because it exceeded search pattern filesize limit: GSM2667743_cutadapt_bowtie2_plus_strand.tdf
[2021-11-06 04:33:07,469] multiqc                                            [DEBUG  ]  Ignoring file as matched an ignore pattern: GSM2667743_cutadapt_bowtie2.bam.bai
[2021-11-06 04:33:07,485] multiqc                                            [DEBUG  ]  File ignored by ccs/v4 because it exceeded search pattern filesize limit: GSM2667743_cutadapt_bowtie2_bedgraph_to_tdf.log
[2021-11-06 04:33:07,486] multiqc                                            [DEBUG  ]  File ignored by lima/summary because it exceeded search pattern filesize limit: GSM2667743_cutadapt_bowtie2_bedgraph_to_tdf.log
[2021-11-06 04:33:07,519] multiqc                                            [DEBUG  ]  Ignoring file as matched an ignore pattern: GSM2667743_cutadapt_empty1.fastq.gz
[2021-11-06 04:33:07,528] multiqc                                            [DEBUG  ]  File ignored by ccs/v4 because it exceeded search pattern filesize limit: GSM2667743_cutadapt_bowtie2_fastqc.html
[2021-11-06 04:33:07,530] multiqc                                            [DEBUG  ]  File ignored by hicexplorer because it exceeded search pattern filesize limit: GSM2667743_cutadapt_bowtie2_fastqc.html
[2021-11-06 04:33:07,530] multiqc                                            [DEBUG  ]  File ignored by nanostat because it exceeded search pattern filesize limit: GSM2667743_cutadapt_bowtie2_fastqc.html
[2021-11-06 04:33:07,530] multiqc                                            [DEBUG  ]  File ignored by lima/summary because it exceeded search pattern filesize limit: GSM2667743_cutadapt_bowtie2_fastqc.html
[2021-11-06 04:33:07,533] multiqc                                            [DEBUG  ]  File ignored by vep/vep_txt because it exceeded search pattern filesize limit: GSM2667743_cutadapt_bowtie2_fastqc.html
[2021-11-06 04:33:07,533] multiqc                                            [DEBUG  ]  File ignored by longranger/invocation because it exceeded search pattern filesize limit: GSM2667743_cutadapt_bowtie2_fastqc.html
[2021-11-06 04:33:07,533] multiqc                                            [DEBUG  ]  File ignored by rockhopper because it exceeded search pattern filesize limit: GSM2667743_cutadapt_bowtie2_fastqc.html
[2021-11-06 04:33:07,533] multiqc                                            [DEBUG  ]  File ignored by rseqc/bam_stat because it exceeded search pattern filesize limit: GSM2667743_cutadapt_bowtie2_fastqc.html
[2021-11-06 04:33:07,533] multiqc                                            [DEBUG  ]  File ignored by rseqc/junction_annotation because it exceeded search pattern filesize limit: GSM2667743_cutadapt_bowtie2_fastqc.html
[2021-11-06 04:33:07,533] multiqc                                            [DEBUG  ]  File ignored by rseqc/read_distribution because it exceeded search pattern filesize limit: GSM2667743_cutadapt_bowtie2_fastqc.html
[2021-11-06 04:33:07,533] multiqc                                            [DEBUG  ]  File ignored by rseqc/infer_experiment because it exceeded search pattern filesize limit: GSM2667743_cutadapt_bowtie2_fastqc.html
[2021-11-06 04:33:07,688] multiqc                                            [DEBUG  ]  File ignored by ccs/v4 because it exceeded search pattern filesize limit: GSM2667743_cutadapt_bowtie2_fastqc.log
[2021-11-06 04:33:07,689] multiqc                                            [DEBUG  ]  File ignored by lima/summary because it exceeded search pattern filesize limit: GSM2667743_cutadapt_bowtie2_fastqc.log
[2021-11-06 04:33:07,715] multiqc                                            [DEBUG  ]  File ignored by ccs/v4 because it exceeded search pattern filesize limit: GSM2667743_fastqc.html
[2021-11-06 04:33:07,717] multiqc                                            [DEBUG  ]  File ignored by hicexplorer because it exceeded search pattern filesize limit: GSM2667743_fastqc.html
[2021-11-06 04:33:07,717] multiqc                                            [DEBUG  ]  File ignored by nanostat because it exceeded search pattern filesize limit: GSM2667743_fastqc.html
[2021-11-06 04:33:07,717] multiqc                                            [DEBUG  ]  File ignored by lima/summary because it exceeded search pattern filesize limit: GSM2667743_fastqc.html
[2021-11-06 04:33:07,720] multiqc                                            [DEBUG  ]  File ignored by vep/vep_txt because it exceeded search pattern filesize limit: GSM2667743_fastqc.html
[2021-11-06 04:33:07,720] multiqc                                            [DEBUG  ]  File ignored by longranger/invocation because it exceeded search pattern filesize limit: GSM2667743_fastqc.html
[2021-11-06 04:33:07,720] multiqc                                            [DEBUG  ]  File ignored by rockhopper because it exceeded search pattern filesize limit: GSM2667743_fastqc.html
[2021-11-06 04:33:07,720] multiqc                                            [DEBUG  ]  File ignored by rseqc/bam_stat because it exceeded search pattern filesize limit: GSM2667743_fastqc.html
[2021-11-06 04:33:07,720] multiqc                                            [DEBUG  ]  File ignored by rseqc/junction_annotation because it exceeded search pattern filesize limit: GSM2667743_fastqc.html
[2021-11-06 04:33:07,720] multiqc                                            [DEBUG  ]  File ignored by rseqc/read_distribution because it exceeded search pattern filesize limit: GSM2667743_fastqc.html
[2021-11-06 04:33:07,721] multiqc                                            [DEBUG  ]  File ignored by rseqc/infer_experiment because it exceeded search pattern filesize limit: GSM2667743_fastqc.html
[2021-11-06 04:33:07,886] multiqc                                            [DEBUG  ]  File ignored by ccs/v4 because it exceeded search pattern filesize limit: GSM2667743_cutadapt_fastqc.log
[2021-11-06 04:33:07,887] multiqc                                            [DEBUG  ]  File ignored by lima/summary because it exceeded search pattern filesize limit: GSM2667743_cutadapt_fastqc.log
[2021-11-06 04:33:07,902] multiqc                                            [DEBUG  ]  File ignored by ccs/v4 because it exceeded search pattern filesize limit: GSM2667743_cutadapt_fastqc.html
[2021-11-06 04:33:07,904] multiqc                                            [DEBUG  ]  File ignored by hicexplorer because it exceeded search pattern filesize limit: GSM2667743_cutadapt_fastqc.html
[2021-11-06 04:33:07,904] multiqc                                            [DEBUG  ]  File ignored by nanostat because it exceeded search pattern filesize limit: GSM2667743_cutadapt_fastqc.html
[2021-11-06 04:33:07,904] multiqc                                            [DEBUG  ]  File ignored by lima/summary because it exceeded search pattern filesize limit: GSM2667743_cutadapt_fastqc.html
[2021-11-06 04:33:07,907] multiqc                                            [DEBUG  ]  File ignored by vep/vep_txt because it exceeded search pattern filesize limit: GSM2667743_cutadapt_fastqc.html
[2021-11-06 04:33:07,907] multiqc                                            [DEBUG  ]  File ignored by longranger/invocation because it exceeded search pattern filesize limit: GSM2667743_cutadapt_fastqc.html
[2021-11-06 04:33:07,907] multiqc                                            [DEBUG  ]  File ignored by rockhopper because it exceeded search pattern filesize limit: GSM2667743_cutadapt_fastqc.html
[2021-11-06 04:33:07,907] multiqc                                            [DEBUG  ]  File ignored by rseqc/bam_stat because it exceeded search pattern filesize limit: GSM2667743_cutadapt_fastqc.html
[2021-11-06 04:33:07,907] multiqc                                            [DEBUG  ]  File ignored by rseqc/junction_annotation because it exceeded search pattern filesize limit: GSM2667743_cutadapt_fastqc.html
[2021-11-06 04:33:07,907] multiqc                                            [DEBUG  ]  File ignored by rseqc/read_distribution because it exceeded search pattern filesize limit: GSM2667743_cutadapt_fastqc.html
[2021-11-06 04:33:07,907] multiqc                                            [DEBUG  ]  File ignored by rseqc/infer_experiment because it exceeded search pattern filesize limit: GSM2667743_cutadapt_fastqc.html
[2021-11-06 04:33:08,071] multiqc                                            [DEBUG  ]  File ignored by ccs/v4 because it exceeded search pattern filesize limit: DS00017_sites.fasta
[2021-11-06 04:33:08,073] multiqc                                            [DEBUG  ]  File ignored by hicexplorer because it exceeded search pattern filesize limit: DS00017_sites.fasta
[2021-11-06 04:33:08,073] multiqc                                            [DEBUG  ]  File ignored by nanostat because it exceeded search pattern filesize limit: DS00017_sites.fasta
[2021-11-06 04:33:08,073] multiqc                                            [DEBUG  ]  File ignored by lima/summary because it exceeded search pattern filesize limit: DS00017_sites.fasta
[2021-11-06 04:33:08,075] multiqc                                            [DEBUG  ]  File ignored by longranger/invocation because it exceeded search pattern filesize limit: DS00017_sites.fasta
[2021-11-06 04:33:08,093] multiqc                                            [DEBUG  ]  Ignoring file as matched an ignore pattern: DS00017_sites.bed
[2021-11-06 04:33:08,097] multiqc                                            [DEBUG  ]  File ignored by ccs/v4 because it exceeded search pattern filesize limit: DS00017_matrix.tab
[2021-11-06 04:33:08,099] multiqc                                            [DEBUG  ]  File ignored by lima/summary because it exceeded search pattern filesize limit: DS00017_matrix.tab
[2021-11-06 04:33:08,101] multiqc                                            [DEBUG  ]  File ignored by longranger/invocation because it exceeded search pattern filesize limit: DS00017_matrix.tab
[2021-11-06 04:33:08,116] multiqc                                            [DEBUG  ]  File ignored by ccs/v4 because it exceeded search pattern filesize limit: DS00017_peaks.ft
[2021-11-06 04:33:08,118] multiqc                                            [DEBUG  ]  File ignored by hicexplorer because it exceeded search pattern filesize limit: DS00017_peaks.ft
[2021-11-06 04:33:08,118] multiqc                                            [DEBUG  ]  File ignored by nanostat because it exceeded search pattern filesize limit: DS00017_peaks.ft
[2021-11-06 04:33:08,118] multiqc                                            [DEBUG  ]  File ignored by lima/summary because it exceeded search pattern filesize limit: DS00017_peaks.ft
[2021-11-06 04:33:08,120] multiqc                                            [DEBUG  ]  File ignored by longranger/invocation because it exceeded search pattern filesize limit: DS00017_peaks.ft
[2021-11-06 04:33:08,139] multiqc                                            [DEBUG  ]  Ignoring file as matched an ignore pattern: DS00017_peaks.bed
[2021-11-06 04:33:08,144] multiqc                                            [DEBUG  ]  File ignored by ccs/v4 because it exceeded search pattern filesize limit: DS00017_peaks.fasta
[2021-11-06 04:33:08,145] multiqc                                            [DEBUG  ]  File ignored by hicexplorer because it exceeded search pattern filesize limit: DS00017_peaks.fasta
[2021-11-06 04:33:08,145] multiqc                                            [DEBUG  ]  File ignored by nanostat because it exceeded search pattern filesize limit: DS00017_peaks.fasta
[2021-11-06 04:33:08,146] multiqc                                            [DEBUG  ]  File ignored by lima/summary because it exceeded search pattern filesize limit: DS00017_peaks.fasta
[2021-11-06 04:33:08,148] multiqc                                            [DEBUG  ]  File ignored by vep/vep_txt because it exceeded search pattern filesize limit: DS00017_peaks.fasta
[2021-11-06 04:33:08,148] multiqc                                            [DEBUG  ]  File ignored by longranger/invocation because it exceeded search pattern filesize limit: DS00017_peaks.fasta
[2021-11-06 04:33:08,224] multiqc                                            [DEBUG  ]  Ignoring file as matched an ignore pattern: DS00017_summits.bed
[2021-11-06 04:33:08,230] multiqc                                            [DEBUG  ]  File ignored by ccs/v4 because it exceeded search pattern filesize limit: DS00017_peaks.narrowPeak
[2021-11-06 04:33:08,232] multiqc                                            [DEBUG  ]  File ignored by hicexplorer because it exceeded search pattern filesize limit: DS00017_peaks.narrowPeak
[2021-11-06 04:33:08,232] multiqc                                            [DEBUG  ]  File ignored by nanostat because it exceeded search pattern filesize limit: DS00017_peaks.narrowPeak
[2021-11-06 04:33:08,232] multiqc                                            [DEBUG  ]  File ignored by lima/summary because it exceeded search pattern filesize limit: DS00017_peaks.narrowPeak
[2021-11-06 04:33:08,234] multiqc                                            [DEBUG  ]  File ignored by longranger/invocation because it exceeded search pattern filesize limit: DS00017_peaks.narrowPeak
[2021-11-06 04:33:08,710] multiqc.plots.bargraph                             [DEBUG  ]  Using matplotlib version 3.4.3
[2021-11-06 04:33:08,711] multiqc.plots.linegraph                            [DEBUG  ]  Using matplotlib version 3.4.3
[2021-11-06 04:33:08,712] multiqc                                            [DEBUG  ]  No samples found: custom_content
[2021-11-06 04:33:08,719] multiqc                                            [DEBUG  ]  No samples found: ccs
[2021-11-06 04:33:08,725] multiqc                                            [DEBUG  ]  No samples found: ngsderive
[2021-11-06 04:33:08,731] multiqc                                            [DEBUG  ]  No samples found: purple
[2021-11-06 04:33:08,738] multiqc                                            [DEBUG  ]  No samples found: conpair
[2021-11-06 04:33:08,744] multiqc                                            [DEBUG  ]  No samples found: lima
[2021-11-06 04:33:08,750] multiqc                                            [DEBUG  ]  No samples found: peddy
[2021-11-06 04:33:08,757] multiqc                                            [DEBUG  ]  No samples found: somalier
[2021-11-06 04:33:08,763] multiqc                                            [DEBUG  ]  No samples found: methylQA
[2021-11-06 04:33:08,771] multiqc.modules.mosdepth.mosdepth                  [DEBUG  ]  include_contigs: []
[2021-11-06 04:33:08,771] multiqc.modules.mosdepth.mosdepth                  [DEBUG  ]  exclude_contigs: []
[2021-11-06 04:33:08,771] multiqc                                            [DEBUG  ]  No samples found: mosdepth
[2021-11-06 04:33:08,777] multiqc                                            [DEBUG  ]  No samples found: phantompeakqualtools
[2021-11-06 04:33:08,783] multiqc                                            [DEBUG  ]  No samples found: qualimap
[2021-11-06 04:33:08,789] multiqc                                            [DEBUG  ]  No samples found: preseq
[2021-11-06 04:33:08,796] multiqc                                            [DEBUG  ]  No samples found: quast
[2021-11-06 04:33:08,802] multiqc                                            [DEBUG  ]  No samples found: qorts
[2021-11-06 04:33:08,808] multiqc                                            [DEBUG  ]  No samples found: rna_seqc
[2021-11-06 04:33:08,815] multiqc                                            [DEBUG  ]  No samples found: rockhopper
[2021-11-06 04:33:08,821] multiqc                                            [DEBUG  ]  No samples found: rsem
[2021-11-06 04:33:08,830] multiqc                                            [DEBUG  ]  No samples found: rseqc
[2021-11-06 04:33:08,836] multiqc                                            [DEBUG  ]  No samples found: busco
[2021-11-06 04:33:08,842] multiqc                                            [DEBUG  ]  No samples found: bustools
[2021-11-06 04:33:08,848] multiqc                                            [DEBUG  ]  No samples found: goleft_indexcov
[2021-11-06 04:33:08,854] multiqc                                            [DEBUG  ]  No samples found: gffcompare
[2021-11-06 04:33:08,861] multiqc                                            [DEBUG  ]  No samples found: disambiguate
[2021-11-06 04:33:08,867] multiqc                                            [DEBUG  ]  No samples found: supernova
[2021-11-06 04:33:08,876] multiqc                                            [DEBUG  ]  No samples found: deeptools
[2021-11-06 04:33:08,882] multiqc                                            [DEBUG  ]  No samples found: sargasso
[2021-11-06 04:33:08,888] multiqc                                            [DEBUG  ]  No samples found: verifybamid
[2021-11-06 04:33:08,894] multiqc                                            [DEBUG  ]  No samples found: mirtrace
[2021-11-06 04:33:08,901] multiqc                                            [DEBUG  ]  No samples found: happy
[2021-11-06 04:33:08,907] multiqc                                            [DEBUG  ]  No samples found: mirtop
[2021-11-06 04:33:08,913] multiqc                                            [DEBUG  ]  No samples found: sambamba
[2021-11-06 04:33:08,920] multiqc                                            [DEBUG  ]  No samples found: homer
[2021-11-06 04:33:08,926] multiqc                                            [DEBUG  ]  No samples found: hops
[2021-11-06 04:33:08,938] multiqc.modules.macs2.macs2                        [DEBUG  ]  Duplicate sample name found! Overwriting: DS00017
[2021-11-06 04:33:08,938] multiqc.modules.macs2.macs2                        [INFO   ]  Found 1 logs
[2021-11-06 04:33:08,945] multiqc                                            [DEBUG  ]  No samples found: theta2
[2021-11-06 04:33:08,951] multiqc                                            [DEBUG  ]  No samples found: snpeff
[2021-11-06 04:33:08,958] multiqc                                            [DEBUG  ]  No samples found: gatk
[2021-11-06 04:33:08,964] multiqc                                            [DEBUG  ]  No samples found: htseq
[2021-11-06 04:33:08,971] multiqc                                            [DEBUG  ]  No samples found: bcftools
[2021-11-06 04:33:08,977] multiqc                                            [DEBUG  ]  No samples found: featureCounts
[2021-11-06 04:33:08,984] multiqc                                            [DEBUG  ]  No samples found: fgbio
[2021-11-06 04:33:08,994] multiqc                                            [DEBUG  ]  No samples found: dragen
[2021-11-06 04:33:09,001] multiqc                                            [DEBUG  ]  No samples found: dedup
[2021-11-06 04:33:09,007] multiqc                                            [DEBUG  ]  No samples found: damageprofiler
[2021-11-06 04:33:09,020] multiqc                                            [DEBUG  ]  No samples found: biobambam2
[2021-11-06 04:33:09,026] multiqc                                            [DEBUG  ]  No samples found: jcvi
[2021-11-06 04:33:09,032] multiqc                                            [DEBUG  ]  No samples found: mtnucratio
[2021-11-06 04:33:09,038] multiqc                                            [DEBUG  ]  No samples found: picard
[2021-11-06 04:33:09,044] multiqc                                            [DEBUG  ]  No samples found: vep
[2021-11-06 04:33:09,051] multiqc                                            [DEBUG  ]  No samples found: sentieon
[2021-11-06 04:33:09,058] multiqc                                            [DEBUG  ]  No samples found: prokka
[2021-11-06 04:33:09,064] multiqc                                            [DEBUG  ]  No samples found: qc3C
[2021-11-06 04:33:09,070] multiqc                                            [DEBUG  ]  No samples found: nanostat
[2021-11-06 04:33:09,077] multiqc                                            [DEBUG  ]  No samples found: samblaster
[2021-11-06 04:33:09,089] multiqc.modules.samtools.flagstat                  [DEBUG  ]  Duplicate sample name found! Overwriting: GSM2453482_cutadapt_bowtie2_bam_stats
[2021-11-06 04:33:09,096] multiqc.modules.samtools.samtools                  [INFO   ]  Found 3 flagstat reports
[2021-11-06 04:33:09,102] multiqc                                            [DEBUG  ]  No samples found: sexdeterrmine
[2021-11-06 04:33:09,109] multiqc                                            [DEBUG  ]  No samples found: eigenstratdatabasetools
[2021-11-06 04:33:09,115] multiqc                                            [DEBUG  ]  No samples found: bamtools
[2021-11-06 04:33:09,121] multiqc                                            [DEBUG  ]  No samples found: jellyfish
[2021-11-06 04:33:09,128] multiqc                                            [DEBUG  ]  No samples found: vcftools
[2021-11-06 04:33:09,135] multiqc                                            [DEBUG  ]  No samples found: longranger
[2021-11-06 04:33:09,141] multiqc                                            [DEBUG  ]  No samples found: stacks
[2021-11-06 04:33:09,147] multiqc                                            [DEBUG  ]  No samples found: varscan2
[2021-11-06 04:33:09,153] multiqc                                            [DEBUG  ]  No samples found: snippy
[2021-11-06 04:33:09,162] multiqc                                            [DEBUG  ]  No samples found: bbmap
[2021-11-06 04:33:09,169] multiqc                                            [DEBUG  ]  No samples found: bismark
[2021-11-06 04:33:09,175] multiqc                                            [DEBUG  ]  No samples found: biscuit
[2021-11-06 04:33:09,182] multiqc                                            [DEBUG  ]  No samples found: hicexplorer
[2021-11-06 04:33:09,188] multiqc                                            [DEBUG  ]  No samples found: hicup
[2021-11-06 04:33:09,194] multiqc                                            [DEBUG  ]  No samples found: hicpro
[2021-11-06 04:33:09,201] multiqc                                            [DEBUG  ]  No samples found: salmon
[2021-11-06 04:33:09,207] multiqc                                            [DEBUG  ]  No samples found: kallisto
[2021-11-06 04:33:09,220] multiqc                                            [DEBUG  ]  No samples found: slamdunk
[2021-11-06 04:33:09,227] multiqc                                            [DEBUG  ]  No samples found: star
[2021-11-06 04:33:09,233] multiqc                                            [DEBUG  ]  No samples found: hisat2
[2021-11-06 04:33:09,239] multiqc                                            [DEBUG  ]  No samples found: tophat
[2021-11-06 04:33:09,250] multiqc.modules.bowtie2.bowtie2                    [DEBUG  ]  Duplicate sample name found! Overwriting: GSM2453482_cutadapt_bowtie2
[2021-11-06 04:33:09,250] multiqc.modules.bowtie2.bowtie2                    [INFO   ]  Found 3 reports
[2021-11-06 04:33:09,266] multiqc                                            [DEBUG  ]  No samples found: bowtie1
[2021-11-06 04:33:09,272] multiqc                                            [DEBUG  ]  No samples found: snpsplit
[2021-11-06 04:33:09,279] multiqc                                            [DEBUG  ]  No samples found: odgi
[2021-11-06 04:33:09,285] multiqc                                            [DEBUG  ]  No samples found: pangolin
[2021-11-06 04:33:09,291] multiqc                                            [DEBUG  ]  No samples found: kat
[2021-11-06 04:33:09,298] multiqc                                            [DEBUG  ]  No samples found: leehom
[2021-11-06 04:33:09,304] multiqc                                            [DEBUG  ]  No samples found: adapterRemoval
[2021-11-06 04:33:09,310] multiqc                                            [DEBUG  ]  No samples found: clipandmerge
[2021-11-06 04:33:09,324] multiqc.modules.cutadapt.cutadapt                  [DEBUG  ]  Duplicate sample name found! Overwriting: GSM2453482
[2021-11-06 04:33:09,329] multiqc.modules.cutadapt.cutadapt                  [DEBUG  ]  Duplicate sample name found! Overwriting: GSM2667742
[2021-11-06 04:33:09,332] multiqc.modules.cutadapt.cutadapt                  [DEBUG  ]  Duplicate sample name found! Overwriting: GSM2453482
[2021-11-06 04:33:09,334] multiqc.modules.cutadapt.cutadapt                  [DEBUG  ]  Duplicate sample name found! Overwriting: GSM2453482
[2021-11-06 04:33:09,339] multiqc.modules.cutadapt.cutadapt                  [DEBUG  ]  Duplicate sample name found! Overwriting: GSM2667743
[2021-11-06 04:33:09,342] multiqc.modules.cutadapt.cutadapt                  [INFO   ]  Found 3 reports
[2021-11-06 04:33:09,357] multiqc                                            [DEBUG  ]  No samples found: flexbar
[2021-11-06 04:33:09,363] multiqc                                            [DEBUG  ]  No samples found: kaiju
[2021-11-06 04:33:09,370] multiqc                                            [DEBUG  ]  No samples found: kraken
[2021-11-06 04:33:09,376] multiqc                                            [DEBUG  ]  No samples found: malt
[2021-11-06 04:33:09,382] multiqc                                            [DEBUG  ]  No samples found: trimmomatic
[2021-11-06 04:33:09,390] multiqc                                            [DEBUG  ]  No samples found: sickle
[2021-11-06 04:33:09,397] multiqc                                            [DEBUG  ]  No samples found: skewer
[2021-11-06 04:33:09,403] multiqc                                            [DEBUG  ]  No samples found: sortmerna
[2021-11-06 04:33:09,409] multiqc                                            [DEBUG  ]  No samples found: biobloomtools
[2021-11-06 04:33:09,415] multiqc                                            [DEBUG  ]  No samples found: fastq_screen
[2021-11-06 04:33:09,422] multiqc                                            [DEBUG  ]  No samples found: afterqc
[2021-11-06 04:33:09,428] multiqc                                            [DEBUG  ]  No samples found: fastp
[2021-11-06 04:33:09,547] multiqc.modules.fastqc.fastqc                      [DEBUG  ]  Skipping 'GSM2453482_fastqc.zip' as already parsed 'GSM2453482'
[2021-11-06 04:33:09,547] multiqc.modules.fastqc.fastqc                      [DEBUG  ]  Skipping 'GSM2453482_cutadapt_bowtie2_fastqc.zip' as already parsed 'GSM2453482_cutadapt_bowtie2'
[2021-11-06 04:33:09,547] multiqc.modules.fastqc.fastqc                      [DEBUG  ]  Skipping 'GSM2453482_cutadapt_fastqc.zip' as already parsed 'GSM2453482_cutadapt'
[2021-11-06 04:33:09,603] multiqc.modules.fastqc.fastqc                      [INFO   ]  Found 9 reports
[2021-11-06 04:33:09,709] multiqc                                            [DEBUG  ]  No samples found: pychopper
[2021-11-06 04:33:09,716] multiqc                                            [DEBUG  ]  No samples found: pycoqc
[2021-11-06 04:33:09,722] multiqc                                            [DEBUG  ]  No samples found: minionqc
[2021-11-06 04:33:09,729] multiqc                                            [DEBUG  ]  No samples found: multivcfanalyzer
[2021-11-06 04:33:09,735] multiqc                                            [DEBUG  ]  No samples found: clusterflow
[2021-11-06 04:33:09,741] multiqc                                            [DEBUG  ]  No samples found: bcl2fastq
[2021-11-06 04:33:09,748] multiqc                                            [DEBUG  ]  No samples found: bclconvert
[2021-11-06 04:33:09,754] multiqc                                            [DEBUG  ]  No samples found: interop
[2021-11-06 04:33:09,760] multiqc                                            [DEBUG  ]  No samples found: ivar
[2021-11-06 04:33:09,767] multiqc                                            [DEBUG  ]  No samples found: flash
[2021-11-06 04:33:09,773] multiqc                                            [DEBUG  ]  No samples found: seqyclean
[2021-11-06 04:33:09,779] multiqc                                            [DEBUG  ]  No samples found: optitype
[2021-11-06 04:33:09,808] multiqc                                            [INFO   ]  Compressing plot data
[2021-11-06 04:33:10,097] multiqc                                            [INFO   ]  Report      : ChIP-seq_collection/GSE93506/datasets/DS00017/multiQC/multiqc_report.html
[2021-11-06 04:33:10,097] multiqc                                            [INFO   ]  Data        : ChIP-seq_collection/GSE93506/datasets/DS00017/multiQC/multiqc_data
[2021-11-06 04:33:10,097] multiqc                                            [DEBUG  ]  Moving data file from '/tmp/tmpvvoi0ufq/multiqc_data' to 'ChIP-seq_collection/GSE93506/datasets/DS00017/multiQC/multiqc_data'
[2021-11-06 04:33:10,281] multiqc                                            [INFO   ]  MultiQC complete
