[2021-11-07 04:49:20,109] multiqc                                            [DEBUG  ]  This is MultiQC v1.11
[2021-11-07 04:49:20,109] multiqc                                            [DEBUG  ]  No MultiQC config found: /home/rioualen/miniconda3/envs/snakemake/lib/python3.9/site-packages/multiqc_config.yaml
[2021-11-07 04:49:20,110] multiqc                                            [DEBUG  ]  No MultiQC config found: /home/rioualen/.multiqc_config.yaml
[2021-11-07 04:49:20,110] multiqc                                            [DEBUG  ]  No MultiQC config found: multiqc_config.yaml
[2021-11-07 04:49:20,110] multiqc                                            [DEBUG  ]  Command used: /home/rioualen/miniconda3/envs/snakemake/bin/multiqc ChIP-seq_collection/E-MTAB-332/samples/ERR015955 ChIP-seq_collection/E-MTAB-332/samples/ERR015952 ChIP-seq_collection/E-MTAB-332/datasets/DS00040 -o ChIP-seq_collection/E-MTAB-332/datasets/DS00040/multiQC
[2021-11-07 04:49:20,322] multiqc                                            [DEBUG  ]  Latest MultiQC version is v1.11
[2021-11-07 04:49:20,322] multiqc                                            [DEBUG  ]  Command     : /home/rioualen/miniconda3/envs/snakemake/bin/multiqc ChIP-seq_collection/E-MTAB-332/samples/ERR015955 ChIP-seq_collection/E-MTAB-332/samples/ERR015952 ChIP-seq_collection/E-MTAB-332/datasets/DS00040 -o ChIP-seq_collection/E-MTAB-332/datasets/DS00040/multiQC
[2021-11-07 04:49:20,322] multiqc                                            [DEBUG  ]  Working dir : /workspace/rioualen/HT_collections
[2021-11-07 04:49:20,322] multiqc                                            [DEBUG  ]  Template    : default
[2021-11-07 04:49:20,322] multiqc                                            [DEBUG  ]  Running Python 3.9.7 | packaged by conda-forge | (default, Sep 29 2021, 19:20:46)  [GCC 9.4.0]
[2021-11-07 04:49:20,323] multiqc                                            [DEBUG  ]  Analysing modules: custom_content, ccs, ngsderive, purple, conpair, lima, peddy, somalier, methylQA, mosdepth, phantompeakqualtools, qualimap, preseq, quast, qorts, rna_seqc, rockhopper, rsem, rseqc, busco, bustools, goleft_indexcov, gffcompare, disambiguate, supernova, deeptools, sargasso, verifybamid, mirtrace, happy, mirtop, sambamba, homer, hops, macs2, theta2, snpeff, gatk, htseq, bcftools, featureCounts, fgbio, dragen, dedup, damageprofiler, biobambam2, jcvi, mtnucratio, picard, vep, sentieon, prokka, qc3C, nanostat, samblaster, samtools, sexdeterrmine, eigenstratdatabasetools, bamtools, jellyfish, vcftools, longranger, stacks, varscan2, snippy, bbmap, bismark, biscuit, hicexplorer, hicup, hicpro, salmon, kallisto, slamdunk, star, hisat2, tophat, bowtie2, bowtie1, snpsplit, odgi, pangolin, kat, leehom, adapterRemoval, clipandmerge, cutadapt, flexbar, kaiju, kraken, malt, trimmomatic, sickle, skewer, sortmerna, biobloomtools, fastq_screen, afterqc, fastp, fastqc, pychopper, pycoqc, minionqc, multivcfanalyzer, clusterflow, bcl2fastq, bclconvert, interop, ivar, flash, seqyclean, optitype
[2021-11-07 04:49:20,338] multiqc                                            [DEBUG  ]  Using temporary directory for creating report: /tmp/tmpfok2ghqy
[2021-11-07 04:49:20,480] multiqc                                            [INFO   ]  Search path : /workspace/rioualen/HT_collections/ChIP-seq_collection/E-MTAB-332/samples/ERR015955
[2021-11-07 04:49:20,480] multiqc                                            [INFO   ]  Search path : /workspace/rioualen/HT_collections/ChIP-seq_collection/E-MTAB-332/samples/ERR015952
[2021-11-07 04:49:20,480] multiqc                                            [INFO   ]  Search path : /workspace/rioualen/HT_collections/ChIP-seq_collection/E-MTAB-332/datasets/DS00040
[2021-11-07 04:49:20,514] multiqc                                            [DEBUG  ]  Ignoring file as matched an ignore pattern: ERR015955_cutadapt_bowtie2.bam
[2021-11-07 04:49:20,550] multiqc                                            [DEBUG  ]  File ignored by ccs/v4 because it exceeded search pattern filesize limit: ERR015955.fastq.gz_trimming_report.txt
[2021-11-07 04:49:20,552] multiqc                                            [DEBUG  ]  File ignored by lima/summary because it exceeded search pattern filesize limit: ERR015955.fastq.gz_trimming_report.txt
[2021-11-07 04:49:20,557] multiqc                                            [DEBUG  ]  File ignored by longranger/invocation because it exceeded search pattern filesize limit: ERR015955.fastq.gz_trimming_report.txt
[2021-11-07 04:49:20,572] multiqc                                            [DEBUG  ]  File ignored by ccs/v4 because it exceeded search pattern filesize limit: ERR015955_cutadapt_bowtie2_bedgraph_to_tdf.log
[2021-11-07 04:49:20,573] multiqc                                            [DEBUG  ]  File ignored by lima/summary because it exceeded search pattern filesize limit: ERR015955_cutadapt_bowtie2_bedgraph_to_tdf.log
[2021-11-07 04:49:20,581] multiqc                                            [DEBUG  ]  Ignoring file as matched an ignore pattern: ERR015955_cutadapt.fastq.gz
[2021-11-07 04:49:20,581] multiqc                                            [DEBUG  ]  Ignoring file as matched an ignore pattern: ERR015955_cutadapt_empty1.fastq.gz
[2021-11-07 04:49:20,608] multiqc                                            [DEBUG  ]  Ignoring file as matched an ignore pattern: ERR015955_cutadapt_bowtie2.bam.bai
[2021-11-07 04:49:20,625] multiqc                                            [DEBUG  ]  File ignored by ccs/v4 because it exceeded search pattern filesize limit: ERR015955_cutadapt_bowtie2_minus_strand_bedgraph_to_tdf.log
[2021-11-07 04:49:20,626] multiqc                                            [DEBUG  ]  File ignored by lima/summary because it exceeded search pattern filesize limit: ERR015955_cutadapt_bowtie2_minus_strand_bedgraph_to_tdf.log
[2021-11-07 04:49:20,638] multiqc                                            [DEBUG  ]  File ignored by ccs/v4 because it exceeded search pattern filesize limit: ERR015955_cutadapt_bowtie2_plus_strand_bedgraph_to_tdf.log
[2021-11-07 04:49:20,639] multiqc                                            [DEBUG  ]  File ignored by lima/summary because it exceeded search pattern filesize limit: ERR015955_cutadapt_bowtie2_plus_strand_bedgraph_to_tdf.log
[2021-11-07 04:49:20,706] multiqc                                            [DEBUG  ]  File ignored by ccs/v4 because it exceeded search pattern filesize limit: ERR015955_cutadapt.log
[2021-11-07 04:49:20,711] multiqc                                            [DEBUG  ]  File ignored by hicexplorer because it exceeded search pattern filesize limit: ERR015955_cutadapt.log
[2021-11-07 04:49:20,711] multiqc                                            [DEBUG  ]  File ignored by nanostat because it exceeded search pattern filesize limit: ERR015955_cutadapt.log
[2021-11-07 04:49:20,711] multiqc                                            [DEBUG  ]  File ignored by lima/summary because it exceeded search pattern filesize limit: ERR015955_cutadapt.log
[2021-11-07 04:49:20,714] multiqc                                            [DEBUG  ]  File ignored by longranger/invocation because it exceeded search pattern filesize limit: ERR015955_cutadapt.log
[2021-11-07 04:49:20,721] multiqc                                            [DEBUG  ]  Ignoring file as matched an ignore pattern: ERR015955_cutadapt_empty2.fastq.gz
[2021-11-07 04:49:20,790] multiqc                                            [DEBUG  ]  Ignoring file as matched an ignore pattern: ERR015955.fastq.gz
[2021-11-07 04:49:20,872] multiqc                                            [DEBUG  ]  File ignored by ccs/v4 because it exceeded search pattern filesize limit: ERR015955_fastqc.html
[2021-11-07 04:49:20,874] multiqc                                            [DEBUG  ]  File ignored by hicexplorer because it exceeded search pattern filesize limit: ERR015955_fastqc.html
[2021-11-07 04:49:20,874] multiqc                                            [DEBUG  ]  File ignored by nanostat because it exceeded search pattern filesize limit: ERR015955_fastqc.html
[2021-11-07 04:49:20,874] multiqc                                            [DEBUG  ]  File ignored by lima/summary because it exceeded search pattern filesize limit: ERR015955_fastqc.html
[2021-11-07 04:49:20,877] multiqc                                            [DEBUG  ]  File ignored by vep/vep_txt because it exceeded search pattern filesize limit: ERR015955_fastqc.html
[2021-11-07 04:49:20,877] multiqc                                            [DEBUG  ]  File ignored by longranger/invocation because it exceeded search pattern filesize limit: ERR015955_fastqc.html
[2021-11-07 04:49:20,877] multiqc                                            [DEBUG  ]  File ignored by rockhopper because it exceeded search pattern filesize limit: ERR015955_fastqc.html
[2021-11-07 04:49:20,877] multiqc                                            [DEBUG  ]  File ignored by rseqc/bam_stat because it exceeded search pattern filesize limit: ERR015955_fastqc.html
[2021-11-07 04:49:20,878] multiqc                                            [DEBUG  ]  File ignored by rseqc/junction_annotation because it exceeded search pattern filesize limit: ERR015955_fastqc.html
[2021-11-07 04:49:20,878] multiqc                                            [DEBUG  ]  File ignored by rseqc/read_distribution because it exceeded search pattern filesize limit: ERR015955_fastqc.html
[2021-11-07 04:49:20,878] multiqc                                            [DEBUG  ]  File ignored by rseqc/infer_experiment because it exceeded search pattern filesize limit: ERR015955_fastqc.html
[2021-11-07 04:49:21,042] multiqc                                            [DEBUG  ]  File ignored by ccs/v4 because it exceeded search pattern filesize limit: ERR015955_cutadapt_fastqc.html
[2021-11-07 04:49:21,044] multiqc                                            [DEBUG  ]  File ignored by hicexplorer because it exceeded search pattern filesize limit: ERR015955_cutadapt_fastqc.html
[2021-11-07 04:49:21,044] multiqc                                            [DEBUG  ]  File ignored by nanostat because it exceeded search pattern filesize limit: ERR015955_cutadapt_fastqc.html
[2021-11-07 04:49:21,044] multiqc                                            [DEBUG  ]  File ignored by lima/summary because it exceeded search pattern filesize limit: ERR015955_cutadapt_fastqc.html
[2021-11-07 04:49:21,047] multiqc                                            [DEBUG  ]  File ignored by vep/vep_txt because it exceeded search pattern filesize limit: ERR015955_cutadapt_fastqc.html
[2021-11-07 04:49:21,047] multiqc                                            [DEBUG  ]  File ignored by longranger/invocation because it exceeded search pattern filesize limit: ERR015955_cutadapt_fastqc.html
[2021-11-07 04:49:21,047] multiqc                                            [DEBUG  ]  File ignored by rockhopper because it exceeded search pattern filesize limit: ERR015955_cutadapt_fastqc.html
[2021-11-07 04:49:21,047] multiqc                                            [DEBUG  ]  File ignored by rseqc/bam_stat because it exceeded search pattern filesize limit: ERR015955_cutadapt_fastqc.html
[2021-11-07 04:49:21,047] multiqc                                            [DEBUG  ]  File ignored by rseqc/junction_annotation because it exceeded search pattern filesize limit: ERR015955_cutadapt_fastqc.html
[2021-11-07 04:49:21,047] multiqc                                            [DEBUG  ]  File ignored by rseqc/read_distribution because it exceeded search pattern filesize limit: ERR015955_cutadapt_fastqc.html
[2021-11-07 04:49:21,047] multiqc                                            [DEBUG  ]  File ignored by rseqc/infer_experiment because it exceeded search pattern filesize limit: ERR015955_cutadapt_fastqc.html
[2021-11-07 04:49:21,191] multiqc                                            [DEBUG  ]  File ignored by ccs/v4 because it exceeded search pattern filesize limit: ERR015955_cutadapt_fastqc.log
[2021-11-07 04:49:21,193] multiqc                                            [DEBUG  ]  File ignored by lima/summary because it exceeded search pattern filesize limit: ERR015955_cutadapt_fastqc.log
[2021-11-07 04:49:21,208] multiqc                                            [DEBUG  ]  File ignored by ccs/v4 because it exceeded search pattern filesize limit: ERR015955_cutadapt_bowtie2_fastqc.html
[2021-11-07 04:49:21,210] multiqc                                            [DEBUG  ]  File ignored by hicexplorer because it exceeded search pattern filesize limit: ERR015955_cutadapt_bowtie2_fastqc.html
[2021-11-07 04:49:21,210] multiqc                                            [DEBUG  ]  File ignored by nanostat because it exceeded search pattern filesize limit: ERR015955_cutadapt_bowtie2_fastqc.html
[2021-11-07 04:49:21,210] multiqc                                            [DEBUG  ]  File ignored by lima/summary because it exceeded search pattern filesize limit: ERR015955_cutadapt_bowtie2_fastqc.html
[2021-11-07 04:49:21,213] multiqc                                            [DEBUG  ]  File ignored by vep/vep_txt because it exceeded search pattern filesize limit: ERR015955_cutadapt_bowtie2_fastqc.html
[2021-11-07 04:49:21,213] multiqc                                            [DEBUG  ]  File ignored by longranger/invocation because it exceeded search pattern filesize limit: ERR015955_cutadapt_bowtie2_fastqc.html
[2021-11-07 04:49:21,213] multiqc                                            [DEBUG  ]  File ignored by rockhopper because it exceeded search pattern filesize limit: ERR015955_cutadapt_bowtie2_fastqc.html
[2021-11-07 04:49:21,213] multiqc                                            [DEBUG  ]  File ignored by rseqc/bam_stat because it exceeded search pattern filesize limit: ERR015955_cutadapt_bowtie2_fastqc.html
[2021-11-07 04:49:21,213] multiqc                                            [DEBUG  ]  File ignored by rseqc/junction_annotation because it exceeded search pattern filesize limit: ERR015955_cutadapt_bowtie2_fastqc.html
[2021-11-07 04:49:21,213] multiqc                                            [DEBUG  ]  File ignored by rseqc/read_distribution because it exceeded search pattern filesize limit: ERR015955_cutadapt_bowtie2_fastqc.html
[2021-11-07 04:49:21,213] multiqc                                            [DEBUG  ]  File ignored by rseqc/infer_experiment because it exceeded search pattern filesize limit: ERR015955_cutadapt_bowtie2_fastqc.html
[2021-11-07 04:49:21,353] multiqc                                            [DEBUG  ]  File ignored by ccs/v4 because it exceeded search pattern filesize limit: ERR015955_cutadapt_bowtie2_fastqc.log
[2021-11-07 04:49:21,355] multiqc                                            [DEBUG  ]  File ignored by lima/summary because it exceeded search pattern filesize limit: ERR015955_cutadapt_bowtie2_fastqc.log
[2021-11-07 04:49:21,388] multiqc                                            [DEBUG  ]  File ignored by ccs/v4 because it exceeded search pattern filesize limit: ERR015952_cutadapt.log
[2021-11-07 04:49:21,390] multiqc                                            [DEBUG  ]  File ignored by hicexplorer because it exceeded search pattern filesize limit: ERR015952_cutadapt.log
[2021-11-07 04:49:21,390] multiqc                                            [DEBUG  ]  File ignored by nanostat because it exceeded search pattern filesize limit: ERR015952_cutadapt.log
[2021-11-07 04:49:21,390] multiqc                                            [DEBUG  ]  File ignored by lima/summary because it exceeded search pattern filesize limit: ERR015952_cutadapt.log
[2021-11-07 04:49:21,392] multiqc                                            [DEBUG  ]  File ignored by longranger/invocation because it exceeded search pattern filesize limit: ERR015952_cutadapt.log
[2021-11-07 04:49:21,400] multiqc                                            [DEBUG  ]  Ignoring file as matched an ignore pattern: ERR015952_cutadapt.fastq.gz
[2021-11-07 04:49:21,416] multiqc                                            [DEBUG  ]  File ignored by ccs/v4 because it exceeded search pattern filesize limit: ERR015952_cutadapt_bowtie2_bedgraph_to_tdf.log
[2021-11-07 04:49:21,418] multiqc                                            [DEBUG  ]  File ignored by lima/summary because it exceeded search pattern filesize limit: ERR015952_cutadapt_bowtie2_bedgraph_to_tdf.log
[2021-11-07 04:49:21,429] multiqc                                            [DEBUG  ]  File ignored by ccs/v4 because it exceeded search pattern filesize limit: ERR015952_cutadapt_bowtie2_minus_strand_bedgraph_to_tdf.log
[2021-11-07 04:49:21,431] multiqc                                            [DEBUG  ]  File ignored by lima/summary because it exceeded search pattern filesize limit: ERR015952_cutadapt_bowtie2_minus_strand_bedgraph_to_tdf.log
[2021-11-07 04:49:21,476] multiqc                                            [DEBUG  ]  Ignoring file as matched an ignore pattern: ERR015952_cutadapt_empty2.fastq.gz
[2021-11-07 04:49:21,488] multiqc                                            [DEBUG  ]  Ignoring file as matched an ignore pattern: ERR015952.fastq.gz
[2021-11-07 04:49:21,492] multiqc                                            [DEBUG  ]  File ignored by ccs/v4 because it exceeded search pattern filesize limit: ERR015952_cutadapt_bowtie2_plus_strand_bedgraph_to_tdf.log
[2021-11-07 04:49:21,494] multiqc                                            [DEBUG  ]  File ignored by lima/summary because it exceeded search pattern filesize limit: ERR015952_cutadapt_bowtie2_plus_strand_bedgraph_to_tdf.log
[2021-11-07 04:49:21,512] multiqc                                            [DEBUG  ]  Ignoring file as matched an ignore pattern: ERR015952_cutadapt_empty1.fastq.gz
[2021-11-07 04:49:21,513] multiqc                                            [DEBUG  ]  Ignoring file as matched an ignore pattern: ERR015952_cutadapt_bowtie2.bam
[2021-11-07 04:49:21,513] multiqc                                            [DEBUG  ]  Ignoring file as matched an ignore pattern: ERR015952_cutadapt_bowtie2.bam.bai
[2021-11-07 04:49:21,517] multiqc                                            [DEBUG  ]  File ignored by ccs/v4 because it exceeded search pattern filesize limit: ERR015952.fastq.gz_trimming_report.txt
[2021-11-07 04:49:21,519] multiqc                                            [DEBUG  ]  File ignored by lima/summary because it exceeded search pattern filesize limit: ERR015952.fastq.gz_trimming_report.txt
[2021-11-07 04:49:21,521] multiqc                                            [DEBUG  ]  File ignored by longranger/invocation because it exceeded search pattern filesize limit: ERR015952.fastq.gz_trimming_report.txt
[2021-11-07 04:49:21,665] multiqc                                            [DEBUG  ]  File ignored by ccs/v4 because it exceeded search pattern filesize limit: ERR015952_cutadapt_fastqc.html
[2021-11-07 04:49:21,666] multiqc                                            [DEBUG  ]  File ignored by hicexplorer because it exceeded search pattern filesize limit: ERR015952_cutadapt_fastqc.html
[2021-11-07 04:49:21,666] multiqc                                            [DEBUG  ]  File ignored by nanostat because it exceeded search pattern filesize limit: ERR015952_cutadapt_fastqc.html
[2021-11-07 04:49:21,666] multiqc                                            [DEBUG  ]  File ignored by lima/summary because it exceeded search pattern filesize limit: ERR015952_cutadapt_fastqc.html
[2021-11-07 04:49:21,669] multiqc                                            [DEBUG  ]  File ignored by vep/vep_txt because it exceeded search pattern filesize limit: ERR015952_cutadapt_fastqc.html
[2021-11-07 04:49:21,670] multiqc                                            [DEBUG  ]  File ignored by longranger/invocation because it exceeded search pattern filesize limit: ERR015952_cutadapt_fastqc.html
[2021-11-07 04:49:21,670] multiqc                                            [DEBUG  ]  File ignored by rockhopper because it exceeded search pattern filesize limit: ERR015952_cutadapt_fastqc.html
[2021-11-07 04:49:21,670] multiqc                                            [DEBUG  ]  File ignored by rseqc/bam_stat because it exceeded search pattern filesize limit: ERR015952_cutadapt_fastqc.html
[2021-11-07 04:49:21,670] multiqc                                            [DEBUG  ]  File ignored by rseqc/junction_annotation because it exceeded search pattern filesize limit: ERR015952_cutadapt_fastqc.html
[2021-11-07 04:49:21,670] multiqc                                            [DEBUG  ]  File ignored by rseqc/read_distribution because it exceeded search pattern filesize limit: ERR015952_cutadapt_fastqc.html
[2021-11-07 04:49:21,670] multiqc                                            [DEBUG  ]  File ignored by rseqc/infer_experiment because it exceeded search pattern filesize limit: ERR015952_cutadapt_fastqc.html
[2021-11-07 04:49:21,798] multiqc                                            [DEBUG  ]  File ignored by ccs/v4 because it exceeded search pattern filesize limit: ERR015952_cutadapt_fastqc.log
[2021-11-07 04:49:21,800] multiqc                                            [DEBUG  ]  File ignored by lima/summary because it exceeded search pattern filesize limit: ERR015952_cutadapt_fastqc.log
[2021-11-07 04:49:21,813] multiqc                                            [DEBUG  ]  File ignored by ccs/v4 because it exceeded search pattern filesize limit: ERR015952_cutadapt_bowtie2_fastqc.html
[2021-11-07 04:49:21,815] multiqc                                            [DEBUG  ]  File ignored by hicexplorer because it exceeded search pattern filesize limit: ERR015952_cutadapt_bowtie2_fastqc.html
[2021-11-07 04:49:21,815] multiqc                                            [DEBUG  ]  File ignored by nanostat because it exceeded search pattern filesize limit: ERR015952_cutadapt_bowtie2_fastqc.html
[2021-11-07 04:49:21,815] multiqc                                            [DEBUG  ]  File ignored by lima/summary because it exceeded search pattern filesize limit: ERR015952_cutadapt_bowtie2_fastqc.html
[2021-11-07 04:49:21,818] multiqc                                            [DEBUG  ]  File ignored by vep/vep_txt because it exceeded search pattern filesize limit: ERR015952_cutadapt_bowtie2_fastqc.html
[2021-11-07 04:49:21,818] multiqc                                            [DEBUG  ]  File ignored by longranger/invocation because it exceeded search pattern filesize limit: ERR015952_cutadapt_bowtie2_fastqc.html
[2021-11-07 04:49:21,818] multiqc                                            [DEBUG  ]  File ignored by rockhopper because it exceeded search pattern filesize limit: ERR015952_cutadapt_bowtie2_fastqc.html
[2021-11-07 04:49:21,818] multiqc                                            [DEBUG  ]  File ignored by rseqc/bam_stat because it exceeded search pattern filesize limit: ERR015952_cutadapt_bowtie2_fastqc.html
[2021-11-07 04:49:21,819] multiqc                                            [DEBUG  ]  File ignored by rseqc/junction_annotation because it exceeded search pattern filesize limit: ERR015952_cutadapt_bowtie2_fastqc.html
[2021-11-07 04:49:21,819] multiqc                                            [DEBUG  ]  File ignored by rseqc/read_distribution because it exceeded search pattern filesize limit: ERR015952_cutadapt_bowtie2_fastqc.html
[2021-11-07 04:49:21,819] multiqc                                            [DEBUG  ]  File ignored by rseqc/infer_experiment because it exceeded search pattern filesize limit: ERR015952_cutadapt_bowtie2_fastqc.html
[2021-11-07 04:49:21,942] multiqc                                            [DEBUG  ]  File ignored by ccs/v4 because it exceeded search pattern filesize limit: ERR015952_cutadapt_bowtie2_fastqc.log
[2021-11-07 04:49:21,943] multiqc                                            [DEBUG  ]  File ignored by lima/summary because it exceeded search pattern filesize limit: ERR015952_cutadapt_bowtie2_fastqc.log
[2021-11-07 04:49:21,987] multiqc                                            [DEBUG  ]  File ignored by ccs/v4 because it exceeded search pattern filesize limit: ERR015952_fastqc.html
[2021-11-07 04:49:21,988] multiqc                                            [DEBUG  ]  File ignored by hicexplorer because it exceeded search pattern filesize limit: ERR015952_fastqc.html
[2021-11-07 04:49:21,988] multiqc                                            [DEBUG  ]  File ignored by nanostat because it exceeded search pattern filesize limit: ERR015952_fastqc.html
[2021-11-07 04:49:21,988] multiqc                                            [DEBUG  ]  File ignored by lima/summary because it exceeded search pattern filesize limit: ERR015952_fastqc.html
[2021-11-07 04:49:21,991] multiqc                                            [DEBUG  ]  File ignored by vep/vep_txt because it exceeded search pattern filesize limit: ERR015952_fastqc.html
[2021-11-07 04:49:21,992] multiqc                                            [DEBUG  ]  File ignored by longranger/invocation because it exceeded search pattern filesize limit: ERR015952_fastqc.html
[2021-11-07 04:49:21,992] multiqc                                            [DEBUG  ]  File ignored by rockhopper because it exceeded search pattern filesize limit: ERR015952_fastqc.html
[2021-11-07 04:49:21,992] multiqc                                            [DEBUG  ]  File ignored by rseqc/bam_stat because it exceeded search pattern filesize limit: ERR015952_fastqc.html
[2021-11-07 04:49:21,992] multiqc                                            [DEBUG  ]  File ignored by rseqc/junction_annotation because it exceeded search pattern filesize limit: ERR015952_fastqc.html
[2021-11-07 04:49:21,992] multiqc                                            [DEBUG  ]  File ignored by rseqc/read_distribution because it exceeded search pattern filesize limit: ERR015952_fastqc.html
[2021-11-07 04:49:21,992] multiqc                                            [DEBUG  ]  File ignored by rseqc/infer_experiment because it exceeded search pattern filesize limit: ERR015952_fastqc.html
[2021-11-07 04:49:22,134] multiqc                                            [DEBUG  ]  File ignored by ccs/v4 because it exceeded search pattern filesize limit: DS00040_sites.fasta
[2021-11-07 04:49:22,135] multiqc                                            [DEBUG  ]  File ignored by hicexplorer because it exceeded search pattern filesize limit: DS00040_sites.fasta
[2021-11-07 04:49:22,135] multiqc                                            [DEBUG  ]  File ignored by nanostat because it exceeded search pattern filesize limit: DS00040_sites.fasta
[2021-11-07 04:49:22,136] multiqc                                            [DEBUG  ]  File ignored by lima/summary because it exceeded search pattern filesize limit: DS00040_sites.fasta
[2021-11-07 04:49:22,138] multiqc                                            [DEBUG  ]  File ignored by longranger/invocation because it exceeded search pattern filesize limit: DS00040_sites.fasta
[2021-11-07 04:49:22,161] multiqc                                            [DEBUG  ]  File ignored by ccs/v4 because it exceeded search pattern filesize limit: DS00040_peaks.fasta
[2021-11-07 04:49:22,162] multiqc                                            [DEBUG  ]  File ignored by hicexplorer because it exceeded search pattern filesize limit: DS00040_peaks.fasta
[2021-11-07 04:49:22,162] multiqc                                            [DEBUG  ]  File ignored by nanostat because it exceeded search pattern filesize limit: DS00040_peaks.fasta
[2021-11-07 04:49:22,162] multiqc                                            [DEBUG  ]  File ignored by lima/summary because it exceeded search pattern filesize limit: DS00040_peaks.fasta
[2021-11-07 04:49:22,165] multiqc                                            [DEBUG  ]  File ignored by vep/vep_txt because it exceeded search pattern filesize limit: DS00040_peaks.fasta
[2021-11-07 04:49:22,165] multiqc                                            [DEBUG  ]  File ignored by longranger/invocation because it exceeded search pattern filesize limit: DS00040_peaks.fasta
[2021-11-07 04:49:22,165] multiqc                                            [DEBUG  ]  File ignored by rockhopper because it exceeded search pattern filesize limit: DS00040_peaks.fasta
[2021-11-07 04:49:22,165] multiqc                                            [DEBUG  ]  File ignored by rseqc/bam_stat because it exceeded search pattern filesize limit: DS00040_peaks.fasta
[2021-11-07 04:49:22,165] multiqc                                            [DEBUG  ]  File ignored by rseqc/junction_annotation because it exceeded search pattern filesize limit: DS00040_peaks.fasta
[2021-11-07 04:49:22,165] multiqc                                            [DEBUG  ]  File ignored by rseqc/read_distribution because it exceeded search pattern filesize limit: DS00040_peaks.fasta
[2021-11-07 04:49:22,166] multiqc                                            [DEBUG  ]  File ignored by rseqc/infer_experiment because it exceeded search pattern filesize limit: DS00040_peaks.fasta
[2021-11-07 04:49:22,277] multiqc                                            [DEBUG  ]  Ignoring file as matched an ignore pattern: DS00040_sites.bed
[2021-11-07 04:49:22,277] multiqc                                            [DEBUG  ]  Ignoring file as matched an ignore pattern: DS00040_peaks.bed
[2021-11-07 04:49:22,282] multiqc                                            [DEBUG  ]  File ignored by ccs/v4 because it exceeded search pattern filesize limit: DS00040_peaks.ft
[2021-11-07 04:49:22,283] multiqc                                            [DEBUG  ]  File ignored by hicexplorer because it exceeded search pattern filesize limit: DS00040_peaks.ft
[2021-11-07 04:49:22,283] multiqc                                            [DEBUG  ]  File ignored by nanostat because it exceeded search pattern filesize limit: DS00040_peaks.ft
[2021-11-07 04:49:22,283] multiqc                                            [DEBUG  ]  File ignored by lima/summary because it exceeded search pattern filesize limit: DS00040_peaks.ft
[2021-11-07 04:49:22,286] multiqc                                            [DEBUG  ]  File ignored by longranger/invocation because it exceeded search pattern filesize limit: DS00040_peaks.ft
[2021-11-07 04:49:22,306] multiqc                                            [DEBUG  ]  File ignored by ccs/v4 because it exceeded search pattern filesize limit: DS00040_matrix.tab
[2021-11-07 04:49:22,307] multiqc                                            [DEBUG  ]  File ignored by lima/summary because it exceeded search pattern filesize limit: DS00040_matrix.tab
[2021-11-07 04:49:22,310] multiqc                                            [DEBUG  ]  File ignored by longranger/invocation because it exceeded search pattern filesize limit: DS00040_matrix.tab
[2021-11-07 04:49:22,325] multiqc                                            [DEBUG  ]  File ignored by ccs/v4 because it exceeded search pattern filesize limit: DS00040_peaks.narrowPeak
[2021-11-07 04:49:22,326] multiqc                                            [DEBUG  ]  File ignored by hicexplorer because it exceeded search pattern filesize limit: DS00040_peaks.narrowPeak
[2021-11-07 04:49:22,326] multiqc                                            [DEBUG  ]  File ignored by nanostat because it exceeded search pattern filesize limit: DS00040_peaks.narrowPeak
[2021-11-07 04:49:22,326] multiqc                                            [DEBUG  ]  File ignored by lima/summary because it exceeded search pattern filesize limit: DS00040_peaks.narrowPeak
[2021-11-07 04:49:22,329] multiqc                                            [DEBUG  ]  File ignored by longranger/invocation because it exceeded search pattern filesize limit: DS00040_peaks.narrowPeak
[2021-11-07 04:49:22,356] multiqc                                            [DEBUG  ]  Ignoring file as matched an ignore pattern: DS00040_summits.bed
[2021-11-07 04:49:22,801] multiqc.plots.bargraph                             [DEBUG  ]  Using matplotlib version 3.4.3
[2021-11-07 04:49:22,801] multiqc.plots.linegraph                            [DEBUG  ]  Using matplotlib version 3.4.3
[2021-11-07 04:49:22,802] multiqc                                            [DEBUG  ]  No samples found: custom_content
[2021-11-07 04:49:22,809] multiqc                                            [DEBUG  ]  No samples found: ccs
[2021-11-07 04:49:22,816] multiqc                                            [DEBUG  ]  No samples found: ngsderive
[2021-11-07 04:49:22,822] multiqc                                            [DEBUG  ]  No samples found: purple
[2021-11-07 04:49:22,828] multiqc                                            [DEBUG  ]  No samples found: conpair
[2021-11-07 04:49:22,835] multiqc                                            [DEBUG  ]  No samples found: lima
[2021-11-07 04:49:22,841] multiqc                                            [DEBUG  ]  No samples found: peddy
[2021-11-07 04:49:22,848] multiqc                                            [DEBUG  ]  No samples found: somalier
[2021-11-07 04:49:22,854] multiqc                                            [DEBUG  ]  No samples found: methylQA
[2021-11-07 04:49:22,861] multiqc.modules.mosdepth.mosdepth                  [DEBUG  ]  include_contigs: []
[2021-11-07 04:49:22,861] multiqc.modules.mosdepth.mosdepth                  [DEBUG  ]  exclude_contigs: []
[2021-11-07 04:49:22,862] multiqc                                            [DEBUG  ]  No samples found: mosdepth
[2021-11-07 04:49:22,868] multiqc                                            [DEBUG  ]  No samples found: phantompeakqualtools
[2021-11-07 04:49:22,874] multiqc                                            [DEBUG  ]  No samples found: qualimap
[2021-11-07 04:49:22,880] multiqc                                            [DEBUG  ]  No samples found: preseq
[2021-11-07 04:49:22,887] multiqc                                            [DEBUG  ]  No samples found: quast
[2021-11-07 04:49:22,893] multiqc                                            [DEBUG  ]  No samples found: qorts
[2021-11-07 04:49:22,899] multiqc                                            [DEBUG  ]  No samples found: rna_seqc
[2021-11-07 04:49:22,906] multiqc                                            [DEBUG  ]  No samples found: rockhopper
[2021-11-07 04:49:22,912] multiqc                                            [DEBUG  ]  No samples found: rsem
[2021-11-07 04:49:22,921] multiqc                                            [DEBUG  ]  No samples found: rseqc
[2021-11-07 04:49:22,927] multiqc                                            [DEBUG  ]  No samples found: busco
[2021-11-07 04:49:22,933] multiqc                                            [DEBUG  ]  No samples found: bustools
[2021-11-07 04:49:22,939] multiqc                                            [DEBUG  ]  No samples found: goleft_indexcov
[2021-11-07 04:49:22,945] multiqc                                            [DEBUG  ]  No samples found: gffcompare
[2021-11-07 04:49:22,952] multiqc                                            [DEBUG  ]  No samples found: disambiguate
[2021-11-07 04:49:22,958] multiqc                                            [DEBUG  ]  No samples found: supernova
[2021-11-07 04:49:22,967] multiqc                                            [DEBUG  ]  No samples found: deeptools
[2021-11-07 04:49:22,973] multiqc                                            [DEBUG  ]  No samples found: sargasso
[2021-11-07 04:49:22,979] multiqc                                            [DEBUG  ]  No samples found: verifybamid
[2021-11-07 04:49:22,986] multiqc                                            [DEBUG  ]  No samples found: mirtrace
[2021-11-07 04:49:22,992] multiqc                                            [DEBUG  ]  No samples found: happy
[2021-11-07 04:49:22,998] multiqc                                            [DEBUG  ]  No samples found: mirtop
[2021-11-07 04:49:23,004] multiqc                                            [DEBUG  ]  No samples found: sambamba
[2021-11-07 04:49:23,011] multiqc                                            [DEBUG  ]  No samples found: homer
[2021-11-07 04:49:23,018] multiqc                                            [DEBUG  ]  No samples found: hops
[2021-11-07 04:49:23,028] multiqc.modules.macs2.macs2                        [INFO   ]  Found 1 logs
[2021-11-07 04:49:23,035] multiqc                                            [DEBUG  ]  No samples found: theta2
[2021-11-07 04:49:23,041] multiqc                                            [DEBUG  ]  No samples found: snpeff
[2021-11-07 04:49:23,048] multiqc                                            [DEBUG  ]  No samples found: gatk
[2021-11-07 04:49:23,054] multiqc                                            [DEBUG  ]  No samples found: htseq
[2021-11-07 04:49:23,060] multiqc                                            [DEBUG  ]  No samples found: bcftools
[2021-11-07 04:49:23,067] multiqc                                            [DEBUG  ]  No samples found: featureCounts
[2021-11-07 04:49:23,074] multiqc                                            [DEBUG  ]  No samples found: fgbio
[2021-11-07 04:49:23,085] multiqc                                            [DEBUG  ]  No samples found: dragen
[2021-11-07 04:49:23,091] multiqc                                            [DEBUG  ]  No samples found: dedup
[2021-11-07 04:49:23,097] multiqc                                            [DEBUG  ]  No samples found: damageprofiler
[2021-11-07 04:49:23,110] multiqc                                            [DEBUG  ]  No samples found: biobambam2
[2021-11-07 04:49:23,116] multiqc                                            [DEBUG  ]  No samples found: jcvi
[2021-11-07 04:49:23,123] multiqc                                            [DEBUG  ]  No samples found: mtnucratio
[2021-11-07 04:49:23,128] multiqc                                            [DEBUG  ]  No samples found: picard
[2021-11-07 04:49:23,135] multiqc                                            [DEBUG  ]  No samples found: vep
[2021-11-07 04:49:23,142] multiqc                                            [DEBUG  ]  No samples found: sentieon
[2021-11-07 04:49:23,148] multiqc                                            [DEBUG  ]  No samples found: prokka
[2021-11-07 04:49:23,154] multiqc                                            [DEBUG  ]  No samples found: qc3C
[2021-11-07 04:49:23,161] multiqc                                            [DEBUG  ]  No samples found: nanostat
[2021-11-07 04:49:23,167] multiqc                                            [DEBUG  ]  No samples found: samblaster
[2021-11-07 04:49:23,187] multiqc.modules.samtools.samtools                  [INFO   ]  Found 2 flagstat reports
[2021-11-07 04:49:23,194] multiqc                                            [DEBUG  ]  No samples found: sexdeterrmine
[2021-11-07 04:49:23,200] multiqc                                            [DEBUG  ]  No samples found: eigenstratdatabasetools
[2021-11-07 04:49:23,207] multiqc                                            [DEBUG  ]  No samples found: bamtools
[2021-11-07 04:49:23,213] multiqc                                            [DEBUG  ]  No samples found: jellyfish
[2021-11-07 04:49:23,220] multiqc                                            [DEBUG  ]  No samples found: vcftools
[2021-11-07 04:49:23,227] multiqc                                            [DEBUG  ]  No samples found: longranger
[2021-11-07 04:49:23,233] multiqc                                            [DEBUG  ]  No samples found: stacks
[2021-11-07 04:49:23,239] multiqc                                            [DEBUG  ]  No samples found: varscan2
[2021-11-07 04:49:23,245] multiqc                                            [DEBUG  ]  No samples found: snippy
[2021-11-07 04:49:23,255] multiqc                                            [DEBUG  ]  No samples found: bbmap
[2021-11-07 04:49:23,261] multiqc                                            [DEBUG  ]  No samples found: bismark
[2021-11-07 04:49:23,268] multiqc                                            [DEBUG  ]  No samples found: biscuit
[2021-11-07 04:49:23,274] multiqc                                            [DEBUG  ]  No samples found: hicexplorer
[2021-11-07 04:49:23,281] multiqc                                            [DEBUG  ]  No samples found: hicup
[2021-11-07 04:49:23,287] multiqc                                            [DEBUG  ]  No samples found: hicpro
[2021-11-07 04:49:23,293] multiqc                                            [DEBUG  ]  No samples found: salmon
[2021-11-07 04:49:23,299] multiqc                                            [DEBUG  ]  No samples found: kallisto
[2021-11-07 04:49:23,306] multiqc                                            [DEBUG  ]  No samples found: slamdunk
[2021-11-07 04:49:23,312] multiqc                                            [DEBUG  ]  No samples found: star
[2021-11-07 04:49:23,318] multiqc                                            [DEBUG  ]  No samples found: hisat2
[2021-11-07 04:49:23,325] multiqc                                            [DEBUG  ]  No samples found: tophat
[2021-11-07 04:49:23,333] multiqc.modules.bowtie2.bowtie2                    [INFO   ]  Found 2 reports
[2021-11-07 04:49:23,348] multiqc                                            [DEBUG  ]  No samples found: bowtie1
[2021-11-07 04:49:23,354] multiqc                                            [DEBUG  ]  No samples found: snpsplit
[2021-11-07 04:49:23,360] multiqc                                            [DEBUG  ]  No samples found: odgi
[2021-11-07 04:49:23,367] multiqc                                            [DEBUG  ]  No samples found: pangolin
[2021-11-07 04:49:23,373] multiqc                                            [DEBUG  ]  No samples found: kat
[2021-11-07 04:49:23,379] multiqc                                            [DEBUG  ]  No samples found: leehom
[2021-11-07 04:49:23,385] multiqc                                            [DEBUG  ]  No samples found: adapterRemoval
[2021-11-07 04:49:23,392] multiqc                                            [DEBUG  ]  No samples found: clipandmerge
[2021-11-07 04:49:23,405] multiqc.modules.cutadapt.cutadapt                  [DEBUG  ]  Duplicate sample name found! Overwriting: ERR015955
[2021-11-07 04:49:23,410] multiqc.modules.cutadapt.cutadapt                  [DEBUG  ]  Duplicate sample name found! Overwriting: ERR015952
[2021-11-07 04:49:23,412] multiqc.modules.cutadapt.cutadapt                  [INFO   ]  Found 2 reports
[2021-11-07 04:49:23,427] multiqc                                            [DEBUG  ]  No samples found: flexbar
[2021-11-07 04:49:23,434] multiqc                                            [DEBUG  ]  No samples found: kaiju
[2021-11-07 04:49:23,440] multiqc                                            [DEBUG  ]  No samples found: kraken
[2021-11-07 04:49:23,446] multiqc                                            [DEBUG  ]  No samples found: malt
[2021-11-07 04:49:23,452] multiqc                                            [DEBUG  ]  No samples found: trimmomatic
[2021-11-07 04:49:23,458] multiqc                                            [DEBUG  ]  No samples found: sickle
[2021-11-07 04:49:23,465] multiqc                                            [DEBUG  ]  No samples found: skewer
[2021-11-07 04:49:23,472] multiqc                                            [DEBUG  ]  No samples found: sortmerna
[2021-11-07 04:49:23,478] multiqc                                            [DEBUG  ]  No samples found: biobloomtools
[2021-11-07 04:49:23,485] multiqc                                            [DEBUG  ]  No samples found: fastq_screen
[2021-11-07 04:49:23,491] multiqc                                            [DEBUG  ]  No samples found: afterqc
[2021-11-07 04:49:23,497] multiqc                                            [DEBUG  ]  No samples found: fastp
[2021-11-07 04:49:23,611] multiqc.modules.fastqc.fastqc                      [INFO   ]  Found 6 reports
[2021-11-07 04:49:23,687] multiqc                                            [DEBUG  ]  No samples found: pychopper
[2021-11-07 04:49:23,693] multiqc                                            [DEBUG  ]  No samples found: pycoqc
[2021-11-07 04:49:23,700] multiqc                                            [DEBUG  ]  No samples found: minionqc
[2021-11-07 04:49:23,706] multiqc                                            [DEBUG  ]  No samples found: multivcfanalyzer
[2021-11-07 04:49:23,712] multiqc                                            [DEBUG  ]  No samples found: clusterflow
[2021-11-07 04:49:23,719] multiqc                                            [DEBUG  ]  No samples found: bcl2fastq
[2021-11-07 04:49:23,725] multiqc                                            [DEBUG  ]  No samples found: bclconvert
[2021-11-07 04:49:23,731] multiqc                                            [DEBUG  ]  No samples found: interop
[2021-11-07 04:49:23,738] multiqc                                            [DEBUG  ]  No samples found: ivar
[2021-11-07 04:49:23,744] multiqc                                            [DEBUG  ]  No samples found: flash
[2021-11-07 04:49:23,751] multiqc                                            [DEBUG  ]  No samples found: seqyclean
[2021-11-07 04:49:23,757] multiqc                                            [DEBUG  ]  No samples found: optitype
[2021-11-07 04:49:23,777] multiqc                                            [INFO   ]  Compressing plot data
[2021-11-07 04:49:23,977] multiqc                                            [INFO   ]  Report      : ChIP-seq_collection/E-MTAB-332/datasets/DS00040/multiQC/multiqc_report.html
[2021-11-07 04:49:23,977] multiqc                                            [INFO   ]  Data        : ChIP-seq_collection/E-MTAB-332/datasets/DS00040/multiQC/multiqc_data
[2021-11-07 04:49:23,977] multiqc                                            [DEBUG  ]  Moving data file from '/tmp/tmpfok2ghqy/multiqc_data' to 'ChIP-seq_collection/E-MTAB-332/datasets/DS00040/multiQC/multiqc_data'
[2021-11-07 04:49:24,157] multiqc                                            [INFO   ]  MultiQC complete
