[2021-11-06 03:14:37,239] multiqc                                            [DEBUG  ]  This is MultiQC v1.11
[2021-11-06 03:14:37,240] multiqc                                            [DEBUG  ]  No MultiQC config found: /home/rioualen/miniconda3/envs/snakemake/lib/python3.9/site-packages/multiqc_config.yaml
[2021-11-06 03:14:37,240] multiqc                                            [DEBUG  ]  No MultiQC config found: /home/rioualen/.multiqc_config.yaml
[2021-11-06 03:14:37,240] multiqc                                            [DEBUG  ]  No MultiQC config found: multiqc_config.yaml
[2021-11-06 03:14:37,240] multiqc                                            [DEBUG  ]  Command used: /home/rioualen/miniconda3/envs/snakemake/bin/multiqc ChIP-seq_collection/GSE93506/samples/GSM2453483 ChIP-seq_collection/GSE93506/samples/GSM2667742 ChIP-seq_collection/GSE93506/datasets/DS00049 ChIP-seq_collection/GSE93506/samples/GSM2453483 ChIP-seq_collection/GSE93506/samples/GSM2667743 ChIP-seq_collection/GSE93506/datasets/DS00049 -o ChIP-seq_collection/GSE93506/datasets/DS00049/multiQC
[2021-11-06 03:14:37,742] multiqc                                            [DEBUG  ]  Latest MultiQC version is v1.11
[2021-11-06 03:14:37,742] multiqc                                            [DEBUG  ]  Command     : /home/rioualen/miniconda3/envs/snakemake/bin/multiqc ChIP-seq_collection/GSE93506/samples/GSM2453483 ChIP-seq_collection/GSE93506/samples/GSM2667742 ChIP-seq_collection/GSE93506/datasets/DS00049 ChIP-seq_collection/GSE93506/samples/GSM2453483 ChIP-seq_collection/GSE93506/samples/GSM2667743 ChIP-seq_collection/GSE93506/datasets/DS00049 -o ChIP-seq_collection/GSE93506/datasets/DS00049/multiQC
[2021-11-06 03:14:37,743] multiqc                                            [DEBUG  ]  Working dir : /workspace/rioualen/HT_collections
[2021-11-06 03:14:37,743] multiqc                                            [DEBUG  ]  Template    : default
[2021-11-06 03:14:37,743] multiqc                                            [DEBUG  ]  Running Python 3.9.7 | packaged by conda-forge | (default, Sep 29 2021, 19:20:46)  [GCC 9.4.0]
[2021-11-06 03:14:37,743] multiqc                                            [DEBUG  ]  Analysing modules: custom_content, ccs, ngsderive, purple, conpair, lima, peddy, somalier, methylQA, mosdepth, phantompeakqualtools, qualimap, preseq, quast, qorts, rna_seqc, rockhopper, rsem, rseqc, busco, bustools, goleft_indexcov, gffcompare, disambiguate, supernova, deeptools, sargasso, verifybamid, mirtrace, happy, mirtop, sambamba, homer, hops, macs2, theta2, snpeff, gatk, htseq, bcftools, featureCounts, fgbio, dragen, dedup, damageprofiler, biobambam2, jcvi, mtnucratio, picard, vep, sentieon, prokka, qc3C, nanostat, samblaster, samtools, sexdeterrmine, eigenstratdatabasetools, bamtools, jellyfish, vcftools, longranger, stacks, varscan2, snippy, bbmap, bismark, biscuit, hicexplorer, hicup, hicpro, salmon, kallisto, slamdunk, star, hisat2, tophat, bowtie2, bowtie1, snpsplit, odgi, pangolin, kat, leehom, adapterRemoval, clipandmerge, cutadapt, flexbar, kaiju, kraken, malt, trimmomatic, sickle, skewer, sortmerna, biobloomtools, fastq_screen, afterqc, fastp, fastqc, pychopper, pycoqc, minionqc, multivcfanalyzer, clusterflow, bcl2fastq, bclconvert, interop, ivar, flash, seqyclean, optitype
[2021-11-06 03:14:37,744] multiqc                                            [DEBUG  ]  Using temporary directory for creating report: /tmp/tmpirl2_viv
[2021-11-06 03:14:37,886] multiqc                                            [INFO   ]  Search path : /workspace/rioualen/HT_collections/ChIP-seq_collection/GSE93506/samples/GSM2453483
[2021-11-06 03:14:37,887] multiqc                                            [INFO   ]  Search path : /workspace/rioualen/HT_collections/ChIP-seq_collection/GSE93506/samples/GSM2667742
[2021-11-06 03:14:37,887] multiqc                                            [INFO   ]  Search path : /workspace/rioualen/HT_collections/ChIP-seq_collection/GSE93506/datasets/DS00049
[2021-11-06 03:14:37,887] multiqc                                            [INFO   ]  Search path : /workspace/rioualen/HT_collections/ChIP-seq_collection/GSE93506/samples/GSM2453483
[2021-11-06 03:14:37,887] multiqc                                            [INFO   ]  Search path : /workspace/rioualen/HT_collections/ChIP-seq_collection/GSE93506/samples/GSM2667743
[2021-11-06 03:14:37,887] multiqc                                            [INFO   ]  Search path : /workspace/rioualen/HT_collections/ChIP-seq_collection/GSE93506/datasets/DS00049
[2021-11-06 03:14:37,899] multiqc                                            [DEBUG  ]  Ignoring directory as matched fn_ignore_dirs: ChIP-seq_collection/GSE93506/datasets/DS00049/multiQC/multiqc_data
[2021-11-06 03:14:37,900] multiqc                                            [DEBUG  ]  Ignoring directory as matched fn_ignore_dirs: ChIP-seq_collection/GSE93506/datasets/DS00049/multiQC/multiqc_data
[2021-11-06 03:14:38,008] multiqc                                            [DEBUG  ]  File ignored by ccs/v4 because it exceeded search pattern filesize limit: GSM2453483_cutadapt_bowtie2_plus_strand_bedgraph_to_tdf.log
[2021-11-06 03:14:38,010] multiqc                                            [DEBUG  ]  File ignored by lima/summary because it exceeded search pattern filesize limit: GSM2453483_cutadapt_bowtie2_plus_strand_bedgraph_to_tdf.log
[2021-11-06 03:14:38,017] multiqc                                            [DEBUG  ]  Ignoring file as matched an ignore pattern: GSM2453483_cutadapt_empty2.fastq.gz
[2021-11-06 03:14:38,076] multiqc                                            [DEBUG  ]  File ignored by ccs/v4 because it exceeded search pattern filesize limit: GSM2453483_cutadapt_bowtie2_bedgraph_to_tdf.log
[2021-11-06 03:14:38,077] multiqc                                            [DEBUG  ]  File ignored by lima/summary because it exceeded search pattern filesize limit: GSM2453483_cutadapt_bowtie2_bedgraph_to_tdf.log
[2021-11-06 03:14:38,085] multiqc                                            [DEBUG  ]  Ignoring file as matched an ignore pattern: GSM2453483_cutadapt.fastq.gz
[2021-11-06 03:14:38,089] multiqc                                            [DEBUG  ]  File ignored by ccs/v4 because it exceeded search pattern filesize limit: GSM2453483_cutadapt_bowtie2_minus_strand_bedgraph_to_tdf.log
[2021-11-06 03:14:38,091] multiqc                                            [DEBUG  ]  File ignored by lima/summary because it exceeded search pattern filesize limit: GSM2453483_cutadapt_bowtie2_minus_strand_bedgraph_to_tdf.log
[2021-11-06 03:14:38,098] multiqc                                            [DEBUG  ]  Ignoring file as matched an ignore pattern: GSM2453483_cutadapt_bowtie2.bam.bai
[2021-11-06 03:14:38,141] multiqc                                            [DEBUG  ]  File ignored by ccs/v4 because it exceeded search pattern filesize limit: GSM2453483_cutadapt.log
[2021-11-06 03:14:38,142] multiqc                                            [DEBUG  ]  File ignored by hicexplorer because it exceeded search pattern filesize limit: GSM2453483_cutadapt.log
[2021-11-06 03:14:38,142] multiqc                                            [DEBUG  ]  File ignored by nanostat because it exceeded search pattern filesize limit: GSM2453483_cutadapt.log
[2021-11-06 03:14:38,143] multiqc                                            [DEBUG  ]  File ignored by lima/summary because it exceeded search pattern filesize limit: GSM2453483_cutadapt.log
[2021-11-06 03:14:38,145] multiqc                                            [DEBUG  ]  File ignored by longranger/invocation because it exceeded search pattern filesize limit: GSM2453483_cutadapt.log
[2021-11-06 03:14:38,157] multiqc                                            [DEBUG  ]  File ignored by ccs/v4 because it exceeded search pattern filesize limit: GSM2453483.fastq.gz_trimming_report.txt
[2021-11-06 03:14:38,159] multiqc                                            [DEBUG  ]  File ignored by lima/summary because it exceeded search pattern filesize limit: GSM2453483.fastq.gz_trimming_report.txt
[2021-11-06 03:14:38,161] multiqc                                            [DEBUG  ]  File ignored by longranger/invocation because it exceeded search pattern filesize limit: GSM2453483.fastq.gz_trimming_report.txt
[2021-11-06 03:14:38,168] multiqc                                            [DEBUG  ]  Ignoring file as matched an ignore pattern: GSM2453483_cutadapt_bowtie2.bam
[2021-11-06 03:14:38,168] multiqc                                            [DEBUG  ]  Ignoring file as matched an ignore pattern: GSM2453483.fastq.gz
[2021-11-06 03:14:38,180] multiqc                                            [DEBUG  ]  Ignoring file as matched an ignore pattern: GSM2453483_cutadapt_empty1.fastq.gz
[2021-11-06 03:14:38,262] multiqc                                            [DEBUG  ]  File ignored by ccs/v4 because it exceeded search pattern filesize limit: GSM2453483_cutadapt_fastqc.html
[2021-11-06 03:14:38,264] multiqc                                            [DEBUG  ]  File ignored by hicexplorer because it exceeded search pattern filesize limit: GSM2453483_cutadapt_fastqc.html
[2021-11-06 03:14:38,264] multiqc                                            [DEBUG  ]  File ignored by nanostat because it exceeded search pattern filesize limit: GSM2453483_cutadapt_fastqc.html
[2021-11-06 03:14:38,264] multiqc                                            [DEBUG  ]  File ignored by lima/summary because it exceeded search pattern filesize limit: GSM2453483_cutadapt_fastqc.html
[2021-11-06 03:14:38,267] multiqc                                            [DEBUG  ]  File ignored by vep/vep_txt because it exceeded search pattern filesize limit: GSM2453483_cutadapt_fastqc.html
[2021-11-06 03:14:38,267] multiqc                                            [DEBUG  ]  File ignored by longranger/invocation because it exceeded search pattern filesize limit: GSM2453483_cutadapt_fastqc.html
[2021-11-06 03:14:38,267] multiqc                                            [DEBUG  ]  File ignored by rockhopper because it exceeded search pattern filesize limit: GSM2453483_cutadapt_fastqc.html
[2021-11-06 03:14:38,267] multiqc                                            [DEBUG  ]  File ignored by rseqc/bam_stat because it exceeded search pattern filesize limit: GSM2453483_cutadapt_fastqc.html
[2021-11-06 03:14:38,267] multiqc                                            [DEBUG  ]  File ignored by rseqc/junction_annotation because it exceeded search pattern filesize limit: GSM2453483_cutadapt_fastqc.html
[2021-11-06 03:14:38,267] multiqc                                            [DEBUG  ]  File ignored by rseqc/read_distribution because it exceeded search pattern filesize limit: GSM2453483_cutadapt_fastqc.html
[2021-11-06 03:14:38,267] multiqc                                            [DEBUG  ]  File ignored by rseqc/infer_experiment because it exceeded search pattern filesize limit: GSM2453483_cutadapt_fastqc.html
[2021-11-06 03:14:38,418] multiqc                                            [DEBUG  ]  File ignored by ccs/v4 because it exceeded search pattern filesize limit: GSM2453483_cutadapt_fastqc.log
[2021-11-06 03:14:38,420] multiqc                                            [DEBUG  ]  File ignored by lima/summary because it exceeded search pattern filesize limit: GSM2453483_cutadapt_fastqc.log
[2021-11-06 03:14:38,449] multiqc                                            [DEBUG  ]  File ignored by ccs/v4 because it exceeded search pattern filesize limit: GSM2453483_cutadapt_bowtie2_fastqc.html
[2021-11-06 03:14:38,451] multiqc                                            [DEBUG  ]  File ignored by hicexplorer because it exceeded search pattern filesize limit: GSM2453483_cutadapt_bowtie2_fastqc.html
[2021-11-06 03:14:38,451] multiqc                                            [DEBUG  ]  File ignored by nanostat because it exceeded search pattern filesize limit: GSM2453483_cutadapt_bowtie2_fastqc.html
[2021-11-06 03:14:38,451] multiqc                                            [DEBUG  ]  File ignored by lima/summary because it exceeded search pattern filesize limit: GSM2453483_cutadapt_bowtie2_fastqc.html
[2021-11-06 03:14:38,454] multiqc                                            [DEBUG  ]  File ignored by vep/vep_txt because it exceeded search pattern filesize limit: GSM2453483_cutadapt_bowtie2_fastqc.html
[2021-11-06 03:14:38,454] multiqc                                            [DEBUG  ]  File ignored by longranger/invocation because it exceeded search pattern filesize limit: GSM2453483_cutadapt_bowtie2_fastqc.html
[2021-11-06 03:14:38,454] multiqc                                            [DEBUG  ]  File ignored by rockhopper because it exceeded search pattern filesize limit: GSM2453483_cutadapt_bowtie2_fastqc.html
[2021-11-06 03:14:38,454] multiqc                                            [DEBUG  ]  File ignored by rseqc/bam_stat because it exceeded search pattern filesize limit: GSM2453483_cutadapt_bowtie2_fastqc.html
[2021-11-06 03:14:38,454] multiqc                                            [DEBUG  ]  File ignored by rseqc/junction_annotation because it exceeded search pattern filesize limit: GSM2453483_cutadapt_bowtie2_fastqc.html
[2021-11-06 03:14:38,454] multiqc                                            [DEBUG  ]  File ignored by rseqc/read_distribution because it exceeded search pattern filesize limit: GSM2453483_cutadapt_bowtie2_fastqc.html
[2021-11-06 03:14:38,454] multiqc                                            [DEBUG  ]  File ignored by rseqc/infer_experiment because it exceeded search pattern filesize limit: GSM2453483_cutadapt_bowtie2_fastqc.html
[2021-11-06 03:14:38,601] multiqc                                            [DEBUG  ]  File ignored by ccs/v4 because it exceeded search pattern filesize limit: GSM2453483_cutadapt_bowtie2_fastqc.log
[2021-11-06 03:14:38,602] multiqc                                            [DEBUG  ]  File ignored by lima/summary because it exceeded search pattern filesize limit: GSM2453483_cutadapt_bowtie2_fastqc.log
[2021-11-06 03:14:38,629] multiqc                                            [DEBUG  ]  File ignored by ccs/v4 because it exceeded search pattern filesize limit: GSM2453483_fastqc.html
[2021-11-06 03:14:38,631] multiqc                                            [DEBUG  ]  File ignored by hicexplorer because it exceeded search pattern filesize limit: GSM2453483_fastqc.html
[2021-11-06 03:14:38,631] multiqc                                            [DEBUG  ]  File ignored by nanostat because it exceeded search pattern filesize limit: GSM2453483_fastqc.html
[2021-11-06 03:14:38,631] multiqc                                            [DEBUG  ]  File ignored by lima/summary because it exceeded search pattern filesize limit: GSM2453483_fastqc.html
[2021-11-06 03:14:38,634] multiqc                                            [DEBUG  ]  File ignored by vep/vep_txt because it exceeded search pattern filesize limit: GSM2453483_fastqc.html
[2021-11-06 03:14:38,634] multiqc                                            [DEBUG  ]  File ignored by longranger/invocation because it exceeded search pattern filesize limit: GSM2453483_fastqc.html
[2021-11-06 03:14:38,634] multiqc                                            [DEBUG  ]  File ignored by rockhopper because it exceeded search pattern filesize limit: GSM2453483_fastqc.html
[2021-11-06 03:14:38,634] multiqc                                            [DEBUG  ]  File ignored by rseqc/bam_stat because it exceeded search pattern filesize limit: GSM2453483_fastqc.html
[2021-11-06 03:14:38,634] multiqc                                            [DEBUG  ]  File ignored by rseqc/junction_annotation because it exceeded search pattern filesize limit: GSM2453483_fastqc.html
[2021-11-06 03:14:38,634] multiqc                                            [DEBUG  ]  File ignored by rseqc/read_distribution because it exceeded search pattern filesize limit: GSM2453483_fastqc.html
[2021-11-06 03:14:38,635] multiqc                                            [DEBUG  ]  File ignored by rseqc/infer_experiment because it exceeded search pattern filesize limit: GSM2453483_fastqc.html
[2021-11-06 03:14:38,794] multiqc                                            [DEBUG  ]  File ignored by ccs/v4 because it exceeded search pattern filesize limit: GSM2667742_cutadapt_bowtie2_plus_strand_bedgraph_to_tdf.log
[2021-11-06 03:14:38,795] multiqc                                            [DEBUG  ]  File ignored by lima/summary because it exceeded search pattern filesize limit: GSM2667742_cutadapt_bowtie2_plus_strand_bedgraph_to_tdf.log
[2021-11-06 03:14:38,802] multiqc                                            [DEBUG  ]  Ignoring file as matched an ignore pattern: GSM2667742_cutadapt.fastq.gz
[2021-11-06 03:14:38,814] multiqc                                            [DEBUG  ]  Ignoring file as matched an ignore pattern: GSM2667742_cutadapt_empty1.fastq.gz
[2021-11-06 03:14:38,887] multiqc                                            [DEBUG  ]  Ignoring file as matched an ignore pattern: GSM2667742_cutadapt_bowtie2.bam
[2021-11-06 03:14:38,887] multiqc                                            [DEBUG  ]  Ignoring file as matched an ignore pattern: GSM2667742_cutadapt_empty2.fastq.gz
[2021-11-06 03:14:38,904] multiqc                                            [DEBUG  ]  File ignored by ccs/v4 because it exceeded search pattern filesize limit: GSM2667742.fastq.gz_trimming_report.txt
[2021-11-06 03:14:38,905] multiqc                                            [DEBUG  ]  File ignored by lima/summary because it exceeded search pattern filesize limit: GSM2667742.fastq.gz_trimming_report.txt
[2021-11-06 03:14:38,907] multiqc                                            [DEBUG  ]  File ignored by longranger/invocation because it exceeded search pattern filesize limit: GSM2667742.fastq.gz_trimming_report.txt
[2021-11-06 03:14:38,918] multiqc                                            [DEBUG  ]  File ignored by ccs/v4 because it exceeded search pattern filesize limit: GSM2667742_cutadapt_bowtie2_bedgraph_to_tdf.log
[2021-11-06 03:14:38,920] multiqc                                            [DEBUG  ]  File ignored by lima/summary because it exceeded search pattern filesize limit: GSM2667742_cutadapt_bowtie2_bedgraph_to_tdf.log
[2021-11-06 03:14:38,931] multiqc                                            [DEBUG  ]  File ignored by ccs/v4 because it exceeded search pattern filesize limit: GSM2667742_cutadapt.log
[2021-11-06 03:14:38,933] multiqc                                            [DEBUG  ]  File ignored by hicexplorer because it exceeded search pattern filesize limit: GSM2667742_cutadapt.log
[2021-11-06 03:14:38,933] multiqc                                            [DEBUG  ]  File ignored by nanostat because it exceeded search pattern filesize limit: GSM2667742_cutadapt.log
[2021-11-06 03:14:38,933] multiqc                                            [DEBUG  ]  File ignored by lima/summary because it exceeded search pattern filesize limit: GSM2667742_cutadapt.log
[2021-11-06 03:14:38,935] multiqc                                            [DEBUG  ]  File ignored by longranger/invocation because it exceeded search pattern filesize limit: GSM2667742_cutadapt.log
[2021-11-06 03:14:38,943] multiqc                                            [DEBUG  ]  Ignoring file as matched an ignore pattern: GSM2667742.fastq.gz
[2021-11-06 03:14:39,019] multiqc                                            [DEBUG  ]  File ignored by ccs/v4 because it exceeded search pattern filesize limit: GSM2667742_cutadapt_bowtie2_minus_strand_bedgraph_to_tdf.log
[2021-11-06 03:14:39,020] multiqc                                            [DEBUG  ]  File ignored by lima/summary because it exceeded search pattern filesize limit: GSM2667742_cutadapt_bowtie2_minus_strand_bedgraph_to_tdf.log
[2021-11-06 03:14:39,049] multiqc                                            [DEBUG  ]  Ignoring file as matched an ignore pattern: GSM2667742_cutadapt_bowtie2.bam.bai
[2021-11-06 03:14:39,080] multiqc                                            [DEBUG  ]  File ignored by ccs/v4 because it exceeded search pattern filesize limit: GSM2667742_cutadapt_fastqc.log
[2021-11-06 03:14:39,082] multiqc                                            [DEBUG  ]  File ignored by lima/summary because it exceeded search pattern filesize limit: GSM2667742_cutadapt_fastqc.log
[2021-11-06 03:14:39,095] multiqc                                            [DEBUG  ]  File ignored by ccs/v4 because it exceeded search pattern filesize limit: GSM2667742_cutadapt_fastqc.html
[2021-11-06 03:14:39,097] multiqc                                            [DEBUG  ]  File ignored by hicexplorer because it exceeded search pattern filesize limit: GSM2667742_cutadapt_fastqc.html
[2021-11-06 03:14:39,097] multiqc                                            [DEBUG  ]  File ignored by nanostat because it exceeded search pattern filesize limit: GSM2667742_cutadapt_fastqc.html
[2021-11-06 03:14:39,097] multiqc                                            [DEBUG  ]  File ignored by lima/summary because it exceeded search pattern filesize limit: GSM2667742_cutadapt_fastqc.html
[2021-11-06 03:14:39,100] multiqc                                            [DEBUG  ]  File ignored by vep/vep_txt because it exceeded search pattern filesize limit: GSM2667742_cutadapt_fastqc.html
[2021-11-06 03:14:39,100] multiqc                                            [DEBUG  ]  File ignored by longranger/invocation because it exceeded search pattern filesize limit: GSM2667742_cutadapt_fastqc.html
[2021-11-06 03:14:39,100] multiqc                                            [DEBUG  ]  File ignored by rockhopper because it exceeded search pattern filesize limit: GSM2667742_cutadapt_fastqc.html
[2021-11-06 03:14:39,100] multiqc                                            [DEBUG  ]  File ignored by rseqc/bam_stat because it exceeded search pattern filesize limit: GSM2667742_cutadapt_fastqc.html
[2021-11-06 03:14:39,100] multiqc                                            [DEBUG  ]  File ignored by rseqc/junction_annotation because it exceeded search pattern filesize limit: GSM2667742_cutadapt_fastqc.html
[2021-11-06 03:14:39,101] multiqc                                            [DEBUG  ]  File ignored by rseqc/read_distribution because it exceeded search pattern filesize limit: GSM2667742_cutadapt_fastqc.html
[2021-11-06 03:14:39,101] multiqc                                            [DEBUG  ]  File ignored by rseqc/infer_experiment because it exceeded search pattern filesize limit: GSM2667742_cutadapt_fastqc.html
[2021-11-06 03:14:39,248] multiqc                                            [DEBUG  ]  File ignored by ccs/v4 because it exceeded search pattern filesize limit: GSM2667742_cutadapt_bowtie2_fastqc.html
[2021-11-06 03:14:39,250] multiqc                                            [DEBUG  ]  File ignored by hicexplorer because it exceeded search pattern filesize limit: GSM2667742_cutadapt_bowtie2_fastqc.html
[2021-11-06 03:14:39,250] multiqc                                            [DEBUG  ]  File ignored by nanostat because it exceeded search pattern filesize limit: GSM2667742_cutadapt_bowtie2_fastqc.html
[2021-11-06 03:14:39,250] multiqc                                            [DEBUG  ]  File ignored by lima/summary because it exceeded search pattern filesize limit: GSM2667742_cutadapt_bowtie2_fastqc.html
[2021-11-06 03:14:39,253] multiqc                                            [DEBUG  ]  File ignored by vep/vep_txt because it exceeded search pattern filesize limit: GSM2667742_cutadapt_bowtie2_fastqc.html
[2021-11-06 03:14:39,253] multiqc                                            [DEBUG  ]  File ignored by longranger/invocation because it exceeded search pattern filesize limit: GSM2667742_cutadapt_bowtie2_fastqc.html
[2021-11-06 03:14:39,254] multiqc                                            [DEBUG  ]  File ignored by rockhopper because it exceeded search pattern filesize limit: GSM2667742_cutadapt_bowtie2_fastqc.html
[2021-11-06 03:14:39,254] multiqc                                            [DEBUG  ]  File ignored by rseqc/bam_stat because it exceeded search pattern filesize limit: GSM2667742_cutadapt_bowtie2_fastqc.html
[2021-11-06 03:14:39,254] multiqc                                            [DEBUG  ]  File ignored by rseqc/junction_annotation because it exceeded search pattern filesize limit: GSM2667742_cutadapt_bowtie2_fastqc.html
[2021-11-06 03:14:39,254] multiqc                                            [DEBUG  ]  File ignored by rseqc/read_distribution because it exceeded search pattern filesize limit: GSM2667742_cutadapt_bowtie2_fastqc.html
[2021-11-06 03:14:39,254] multiqc                                            [DEBUG  ]  File ignored by rseqc/infer_experiment because it exceeded search pattern filesize limit: GSM2667742_cutadapt_bowtie2_fastqc.html
[2021-11-06 03:14:39,371] multiqc                                            [DEBUG  ]  File ignored by ccs/v4 because it exceeded search pattern filesize limit: GSM2667742_cutadapt_bowtie2_fastqc.log
[2021-11-06 03:14:39,372] multiqc                                            [DEBUG  ]  File ignored by lima/summary because it exceeded search pattern filesize limit: GSM2667742_cutadapt_bowtie2_fastqc.log
[2021-11-06 03:14:39,390] multiqc                                            [DEBUG  ]  File ignored by ccs/v4 because it exceeded search pattern filesize limit: GSM2667742_fastqc.html
[2021-11-06 03:14:39,391] multiqc                                            [DEBUG  ]  File ignored by hicexplorer because it exceeded search pattern filesize limit: GSM2667742_fastqc.html
[2021-11-06 03:14:39,392] multiqc                                            [DEBUG  ]  File ignored by nanostat because it exceeded search pattern filesize limit: GSM2667742_fastqc.html
[2021-11-06 03:14:39,392] multiqc                                            [DEBUG  ]  File ignored by lima/summary because it exceeded search pattern filesize limit: GSM2667742_fastqc.html
[2021-11-06 03:14:39,395] multiqc                                            [DEBUG  ]  File ignored by vep/vep_txt because it exceeded search pattern filesize limit: GSM2667742_fastqc.html
[2021-11-06 03:14:39,395] multiqc                                            [DEBUG  ]  File ignored by longranger/invocation because it exceeded search pattern filesize limit: GSM2667742_fastqc.html
[2021-11-06 03:14:39,395] multiqc                                            [DEBUG  ]  File ignored by rockhopper because it exceeded search pattern filesize limit: GSM2667742_fastqc.html
[2021-11-06 03:14:39,395] multiqc                                            [DEBUG  ]  File ignored by rseqc/bam_stat because it exceeded search pattern filesize limit: GSM2667742_fastqc.html
[2021-11-06 03:14:39,395] multiqc                                            [DEBUG  ]  File ignored by rseqc/junction_annotation because it exceeded search pattern filesize limit: GSM2667742_fastqc.html
[2021-11-06 03:14:39,395] multiqc                                            [DEBUG  ]  File ignored by rseqc/read_distribution because it exceeded search pattern filesize limit: GSM2667742_fastqc.html
[2021-11-06 03:14:39,395] multiqc                                            [DEBUG  ]  File ignored by rseqc/infer_experiment because it exceeded search pattern filesize limit: GSM2667742_fastqc.html
[2021-11-06 03:14:39,568] multiqc                                            [DEBUG  ]  Ignoring file as matched an ignore pattern: DS00049_sites.bed
[2021-11-06 03:14:39,568] multiqc                                            [DEBUG  ]  Ignoring file as matched an ignore pattern: DS00049_peaks.bed
[2021-11-06 03:14:39,573] multiqc                                            [DEBUG  ]  File ignored by ccs/v4 because it exceeded search pattern filesize limit: DS00049_peaks.fasta
[2021-11-06 03:14:39,574] multiqc                                            [DEBUG  ]  File ignored by hicexplorer because it exceeded search pattern filesize limit: DS00049_peaks.fasta
[2021-11-06 03:14:39,574] multiqc                                            [DEBUG  ]  File ignored by nanostat because it exceeded search pattern filesize limit: DS00049_peaks.fasta
[2021-11-06 03:14:39,574] multiqc                                            [DEBUG  ]  File ignored by lima/summary because it exceeded search pattern filesize limit: DS00049_peaks.fasta
[2021-11-06 03:14:39,577] multiqc                                            [DEBUG  ]  File ignored by vep/vep_txt because it exceeded search pattern filesize limit: DS00049_peaks.fasta
[2021-11-06 03:14:39,577] multiqc                                            [DEBUG  ]  File ignored by longranger/invocation because it exceeded search pattern filesize limit: DS00049_peaks.fasta
[2021-11-06 03:14:39,649] multiqc                                            [DEBUG  ]  File ignored by ccs/v4 because it exceeded search pattern filesize limit: DS00049_matrix.tab
[2021-11-06 03:14:39,651] multiqc                                            [DEBUG  ]  File ignored by lima/summary because it exceeded search pattern filesize limit: DS00049_matrix.tab
[2021-11-06 03:14:39,653] multiqc                                            [DEBUG  ]  File ignored by longranger/invocation because it exceeded search pattern filesize limit: DS00049_matrix.tab
[2021-11-06 03:14:39,664] multiqc                                            [DEBUG  ]  File ignored by ccs/v4 because it exceeded search pattern filesize limit: DS00049_sites.fasta
[2021-11-06 03:14:39,665] multiqc                                            [DEBUG  ]  File ignored by hicexplorer because it exceeded search pattern filesize limit: DS00049_sites.fasta
[2021-11-06 03:14:39,665] multiqc                                            [DEBUG  ]  File ignored by nanostat because it exceeded search pattern filesize limit: DS00049_sites.fasta
[2021-11-06 03:14:39,665] multiqc                                            [DEBUG  ]  File ignored by lima/summary because it exceeded search pattern filesize limit: DS00049_sites.fasta
[2021-11-06 03:14:39,668] multiqc                                            [DEBUG  ]  File ignored by longranger/invocation because it exceeded search pattern filesize limit: DS00049_sites.fasta
[2021-11-06 03:14:39,686] multiqc                                            [DEBUG  ]  File ignored by ccs/v4 because it exceeded search pattern filesize limit: DS00049_peaks.ft
[2021-11-06 03:14:39,687] multiqc                                            [DEBUG  ]  File ignored by hicexplorer because it exceeded search pattern filesize limit: DS00049_peaks.ft
[2021-11-06 03:14:39,687] multiqc                                            [DEBUG  ]  File ignored by nanostat because it exceeded search pattern filesize limit: DS00049_peaks.ft
[2021-11-06 03:14:39,687] multiqc                                            [DEBUG  ]  File ignored by lima/summary because it exceeded search pattern filesize limit: DS00049_peaks.ft
[2021-11-06 03:14:39,690] multiqc                                            [DEBUG  ]  File ignored by longranger/invocation because it exceeded search pattern filesize limit: DS00049_peaks.ft
[2021-11-06 03:14:39,711] multiqc                                            [DEBUG  ]  File ignored by ccs/v4 because it exceeded search pattern filesize limit: multiqc_report.html
[2021-11-06 03:14:39,712] multiqc                                            [DEBUG  ]  File ignored by hicexplorer because it exceeded search pattern filesize limit: multiqc_report.html
[2021-11-06 03:14:39,712] multiqc                                            [DEBUG  ]  File ignored by nanostat because it exceeded search pattern filesize limit: multiqc_report.html
[2021-11-06 03:14:39,712] multiqc                                            [DEBUG  ]  File ignored by lima/summary because it exceeded search pattern filesize limit: multiqc_report.html
[2021-11-06 03:14:39,717] multiqc                                            [DEBUG  ]  File ignored by vep/vep_html because it exceeded search pattern filesize limit: multiqc_report.html
[2021-11-06 03:14:39,717] multiqc                                            [DEBUG  ]  File ignored by vep/vep_txt because it exceeded search pattern filesize limit: multiqc_report.html
[2021-11-06 03:14:39,717] multiqc                                            [DEBUG  ]  File ignored by longranger/invocation because it exceeded search pattern filesize limit: multiqc_report.html
[2021-11-06 03:14:39,717] multiqc                                            [DEBUG  ]  File ignored by rockhopper because it exceeded search pattern filesize limit: multiqc_report.html
[2021-11-06 03:14:39,717] multiqc                                            [DEBUG  ]  File ignored by rseqc/bam_stat because it exceeded search pattern filesize limit: multiqc_report.html
[2021-11-06 03:14:39,717] multiqc                                            [DEBUG  ]  File ignored by rseqc/junction_annotation because it exceeded search pattern filesize limit: multiqc_report.html
[2021-11-06 03:14:39,717] multiqc                                            [DEBUG  ]  File ignored by rseqc/read_distribution because it exceeded search pattern filesize limit: multiqc_report.html
[2021-11-06 03:14:39,717] multiqc                                            [DEBUG  ]  File ignored by rseqc/infer_experiment because it exceeded search pattern filesize limit: multiqc_report.html
[2021-11-06 03:14:39,723] multiqc                                            [DEBUG  ]  File ignored by stacks/sumstats because it exceeded search pattern filesize limit: multiqc_report.html
[2021-11-06 03:14:40,057] multiqc                                            [DEBUG  ]  File ignored by ccs/v4 because it exceeded search pattern filesize limit: DS00049_peaks.narrowPeak
[2021-11-06 03:14:40,058] multiqc                                            [DEBUG  ]  File ignored by hicexplorer because it exceeded search pattern filesize limit: DS00049_peaks.narrowPeak
[2021-11-06 03:14:40,059] multiqc                                            [DEBUG  ]  File ignored by nanostat because it exceeded search pattern filesize limit: DS00049_peaks.narrowPeak
[2021-11-06 03:14:40,059] multiqc                                            [DEBUG  ]  File ignored by lima/summary because it exceeded search pattern filesize limit: DS00049_peaks.narrowPeak
[2021-11-06 03:14:40,061] multiqc                                            [DEBUG  ]  File ignored by longranger/invocation because it exceeded search pattern filesize limit: DS00049_peaks.narrowPeak
[2021-11-06 03:14:40,083] multiqc                                            [DEBUG  ]  Ignoring file as matched an ignore pattern: DS00049_summits.bed
[2021-11-06 03:14:40,134] multiqc                                            [DEBUG  ]  File ignored by ccs/v4 because it exceeded search pattern filesize limit: GSM2453483_cutadapt_bowtie2_plus_strand_bedgraph_to_tdf.log
[2021-11-06 03:14:40,140] multiqc                                            [DEBUG  ]  File ignored by lima/summary because it exceeded search pattern filesize limit: GSM2453483_cutadapt_bowtie2_plus_strand_bedgraph_to_tdf.log
[2021-11-06 03:14:40,147] multiqc                                            [DEBUG  ]  Ignoring file as matched an ignore pattern: GSM2453483_cutadapt_empty2.fastq.gz
[2021-11-06 03:14:40,205] multiqc                                            [DEBUG  ]  File ignored by ccs/v4 because it exceeded search pattern filesize limit: GSM2453483_cutadapt_bowtie2_bedgraph_to_tdf.log
[2021-11-06 03:14:40,207] multiqc                                            [DEBUG  ]  File ignored by lima/summary because it exceeded search pattern filesize limit: GSM2453483_cutadapt_bowtie2_bedgraph_to_tdf.log
[2021-11-06 03:14:40,214] multiqc                                            [DEBUG  ]  Ignoring file as matched an ignore pattern: GSM2453483_cutadapt.fastq.gz
[2021-11-06 03:14:40,219] multiqc                                            [DEBUG  ]  File ignored by ccs/v4 because it exceeded search pattern filesize limit: GSM2453483_cutadapt_bowtie2_minus_strand_bedgraph_to_tdf.log
[2021-11-06 03:14:40,220] multiqc                                            [DEBUG  ]  File ignored by lima/summary because it exceeded search pattern filesize limit: GSM2453483_cutadapt_bowtie2_minus_strand_bedgraph_to_tdf.log
[2021-11-06 03:14:40,227] multiqc                                            [DEBUG  ]  Ignoring file as matched an ignore pattern: GSM2453483_cutadapt_bowtie2.bam.bai
[2021-11-06 03:14:40,270] multiqc                                            [DEBUG  ]  File ignored by ccs/v4 because it exceeded search pattern filesize limit: GSM2453483_cutadapt.log
[2021-11-06 03:14:40,272] multiqc                                            [DEBUG  ]  File ignored by hicexplorer because it exceeded search pattern filesize limit: GSM2453483_cutadapt.log
[2021-11-06 03:14:40,272] multiqc                                            [DEBUG  ]  File ignored by nanostat because it exceeded search pattern filesize limit: GSM2453483_cutadapt.log
[2021-11-06 03:14:40,272] multiqc                                            [DEBUG  ]  File ignored by lima/summary because it exceeded search pattern filesize limit: GSM2453483_cutadapt.log
[2021-11-06 03:14:40,274] multiqc                                            [DEBUG  ]  File ignored by longranger/invocation because it exceeded search pattern filesize limit: GSM2453483_cutadapt.log
[2021-11-06 03:14:40,286] multiqc                                            [DEBUG  ]  File ignored by ccs/v4 because it exceeded search pattern filesize limit: GSM2453483.fastq.gz_trimming_report.txt
[2021-11-06 03:14:40,288] multiqc                                            [DEBUG  ]  File ignored by lima/summary because it exceeded search pattern filesize limit: GSM2453483.fastq.gz_trimming_report.txt
[2021-11-06 03:14:40,290] multiqc                                            [DEBUG  ]  File ignored by longranger/invocation because it exceeded search pattern filesize limit: GSM2453483.fastq.gz_trimming_report.txt
[2021-11-06 03:14:40,297] multiqc                                            [DEBUG  ]  Ignoring file as matched an ignore pattern: GSM2453483_cutadapt_bowtie2.bam
[2021-11-06 03:14:40,297] multiqc                                            [DEBUG  ]  Ignoring file as matched an ignore pattern: GSM2453483.fastq.gz
[2021-11-06 03:14:40,309] multiqc                                            [DEBUG  ]  Ignoring file as matched an ignore pattern: GSM2453483_cutadapt_empty1.fastq.gz
[2021-11-06 03:14:40,390] multiqc                                            [DEBUG  ]  File ignored by ccs/v4 because it exceeded search pattern filesize limit: GSM2453483_cutadapt_fastqc.html
[2021-11-06 03:14:40,391] multiqc                                            [DEBUG  ]  File ignored by hicexplorer because it exceeded search pattern filesize limit: GSM2453483_cutadapt_fastqc.html
[2021-11-06 03:14:40,391] multiqc                                            [DEBUG  ]  File ignored by nanostat because it exceeded search pattern filesize limit: GSM2453483_cutadapt_fastqc.html
[2021-11-06 03:14:40,391] multiqc                                            [DEBUG  ]  File ignored by lima/summary because it exceeded search pattern filesize limit: GSM2453483_cutadapt_fastqc.html
[2021-11-06 03:14:40,394] multiqc                                            [DEBUG  ]  File ignored by vep/vep_txt because it exceeded search pattern filesize limit: GSM2453483_cutadapt_fastqc.html
[2021-11-06 03:14:40,395] multiqc                                            [DEBUG  ]  File ignored by longranger/invocation because it exceeded search pattern filesize limit: GSM2453483_cutadapt_fastqc.html
[2021-11-06 03:14:40,395] multiqc                                            [DEBUG  ]  File ignored by rockhopper because it exceeded search pattern filesize limit: GSM2453483_cutadapt_fastqc.html
[2021-11-06 03:14:40,395] multiqc                                            [DEBUG  ]  File ignored by rseqc/bam_stat because it exceeded search pattern filesize limit: GSM2453483_cutadapt_fastqc.html
[2021-11-06 03:14:40,395] multiqc                                            [DEBUG  ]  File ignored by rseqc/junction_annotation because it exceeded search pattern filesize limit: GSM2453483_cutadapt_fastqc.html
[2021-11-06 03:14:40,395] multiqc                                            [DEBUG  ]  File ignored by rseqc/read_distribution because it exceeded search pattern filesize limit: GSM2453483_cutadapt_fastqc.html
[2021-11-06 03:14:40,395] multiqc                                            [DEBUG  ]  File ignored by rseqc/infer_experiment because it exceeded search pattern filesize limit: GSM2453483_cutadapt_fastqc.html
[2021-11-06 03:14:40,546] multiqc                                            [DEBUG  ]  File ignored by ccs/v4 because it exceeded search pattern filesize limit: GSM2453483_cutadapt_fastqc.log
[2021-11-06 03:14:40,547] multiqc                                            [DEBUG  ]  File ignored by lima/summary because it exceeded search pattern filesize limit: GSM2453483_cutadapt_fastqc.log
[2021-11-06 03:14:40,580] multiqc                                            [DEBUG  ]  File ignored by ccs/v4 because it exceeded search pattern filesize limit: GSM2453483_cutadapt_bowtie2_fastqc.html
[2021-11-06 03:14:40,582] multiqc                                            [DEBUG  ]  File ignored by hicexplorer because it exceeded search pattern filesize limit: GSM2453483_cutadapt_bowtie2_fastqc.html
[2021-11-06 03:14:40,582] multiqc                                            [DEBUG  ]  File ignored by nanostat because it exceeded search pattern filesize limit: GSM2453483_cutadapt_bowtie2_fastqc.html
[2021-11-06 03:14:40,582] multiqc                                            [DEBUG  ]  File ignored by lima/summary because it exceeded search pattern filesize limit: GSM2453483_cutadapt_bowtie2_fastqc.html
[2021-11-06 03:14:40,585] multiqc                                            [DEBUG  ]  File ignored by vep/vep_txt because it exceeded search pattern filesize limit: GSM2453483_cutadapt_bowtie2_fastqc.html
[2021-11-06 03:14:40,585] multiqc                                            [DEBUG  ]  File ignored by longranger/invocation because it exceeded search pattern filesize limit: GSM2453483_cutadapt_bowtie2_fastqc.html
[2021-11-06 03:14:40,585] multiqc                                            [DEBUG  ]  File ignored by rockhopper because it exceeded search pattern filesize limit: GSM2453483_cutadapt_bowtie2_fastqc.html
[2021-11-06 03:14:40,586] multiqc                                            [DEBUG  ]  File ignored by rseqc/bam_stat because it exceeded search pattern filesize limit: GSM2453483_cutadapt_bowtie2_fastqc.html
[2021-11-06 03:14:40,586] multiqc                                            [DEBUG  ]  File ignored by rseqc/junction_annotation because it exceeded search pattern filesize limit: GSM2453483_cutadapt_bowtie2_fastqc.html
[2021-11-06 03:14:40,586] multiqc                                            [DEBUG  ]  File ignored by rseqc/read_distribution because it exceeded search pattern filesize limit: GSM2453483_cutadapt_bowtie2_fastqc.html
[2021-11-06 03:14:40,586] multiqc                                            [DEBUG  ]  File ignored by rseqc/infer_experiment because it exceeded search pattern filesize limit: GSM2453483_cutadapt_bowtie2_fastqc.html
[2021-11-06 03:14:40,735] multiqc                                            [DEBUG  ]  File ignored by ccs/v4 because it exceeded search pattern filesize limit: GSM2453483_cutadapt_bowtie2_fastqc.log
[2021-11-06 03:14:40,737] multiqc                                            [DEBUG  ]  File ignored by lima/summary because it exceeded search pattern filesize limit: GSM2453483_cutadapt_bowtie2_fastqc.log
[2021-11-06 03:14:40,763] multiqc                                            [DEBUG  ]  File ignored by ccs/v4 because it exceeded search pattern filesize limit: GSM2453483_fastqc.html
[2021-11-06 03:14:40,765] multiqc                                            [DEBUG  ]  File ignored by hicexplorer because it exceeded search pattern filesize limit: GSM2453483_fastqc.html
[2021-11-06 03:14:40,765] multiqc                                            [DEBUG  ]  File ignored by nanostat because it exceeded search pattern filesize limit: GSM2453483_fastqc.html
[2021-11-06 03:14:40,765] multiqc                                            [DEBUG  ]  File ignored by lima/summary because it exceeded search pattern filesize limit: GSM2453483_fastqc.html
[2021-11-06 03:14:40,768] multiqc                                            [DEBUG  ]  File ignored by vep/vep_txt because it exceeded search pattern filesize limit: GSM2453483_fastqc.html
[2021-11-06 03:14:40,768] multiqc                                            [DEBUG  ]  File ignored by longranger/invocation because it exceeded search pattern filesize limit: GSM2453483_fastqc.html
[2021-11-06 03:14:40,768] multiqc                                            [DEBUG  ]  File ignored by rockhopper because it exceeded search pattern filesize limit: GSM2453483_fastqc.html
[2021-11-06 03:14:40,768] multiqc                                            [DEBUG  ]  File ignored by rseqc/bam_stat because it exceeded search pattern filesize limit: GSM2453483_fastqc.html
[2021-11-06 03:14:40,768] multiqc                                            [DEBUG  ]  File ignored by rseqc/junction_annotation because it exceeded search pattern filesize limit: GSM2453483_fastqc.html
[2021-11-06 03:14:40,768] multiqc                                            [DEBUG  ]  File ignored by rseqc/read_distribution because it exceeded search pattern filesize limit: GSM2453483_fastqc.html
[2021-11-06 03:14:40,769] multiqc                                            [DEBUG  ]  File ignored by rseqc/infer_experiment because it exceeded search pattern filesize limit: GSM2453483_fastqc.html
[2021-11-06 03:14:40,934] multiqc                                            [DEBUG  ]  Ignoring file as matched an ignore pattern: GSM2667743_cutadapt.fastq.gz
[2021-11-06 03:14:40,960] multiqc                                            [DEBUG  ]  File ignored by ccs/v4 because it exceeded search pattern filesize limit: GSM2667743_cutadapt.log
[2021-11-06 03:14:40,961] multiqc                                            [DEBUG  ]  File ignored by hicexplorer because it exceeded search pattern filesize limit: GSM2667743_cutadapt.log
[2021-11-06 03:14:40,961] multiqc                                            [DEBUG  ]  File ignored by nanostat because it exceeded search pattern filesize limit: GSM2667743_cutadapt.log
[2021-11-06 03:14:40,961] multiqc                                            [DEBUG  ]  File ignored by lima/summary because it exceeded search pattern filesize limit: GSM2667743_cutadapt.log
[2021-11-06 03:14:40,964] multiqc                                            [DEBUG  ]  File ignored by longranger/invocation because it exceeded search pattern filesize limit: GSM2667743_cutadapt.log
[2021-11-06 03:14:40,976] multiqc                                            [DEBUG  ]  File ignored by ccs/v4 because it exceeded search pattern filesize limit: GSM2667743_cutadapt_bowtie2.tdf
[2021-11-06 03:14:40,977] multiqc                                            [DEBUG  ]  File ignored by hicexplorer because it exceeded search pattern filesize limit: GSM2667743_cutadapt_bowtie2.tdf
[2021-11-06 03:14:40,977] multiqc                                            [DEBUG  ]  File ignored by nanostat because it exceeded search pattern filesize limit: GSM2667743_cutadapt_bowtie2.tdf
[2021-11-06 03:14:40,977] multiqc                                            [DEBUG  ]  File ignored by lima/summary because it exceeded search pattern filesize limit: GSM2667743_cutadapt_bowtie2.tdf
[2021-11-06 03:14:40,979] multiqc                                            [DEBUG  ]  File ignored by vep/vep_html because it exceeded search pattern filesize limit: GSM2667743_cutadapt_bowtie2.tdf
[2021-11-06 03:14:40,979] multiqc                                            [DEBUG  ]  File ignored by vep/vep_txt because it exceeded search pattern filesize limit: GSM2667743_cutadapt_bowtie2.tdf
[2021-11-06 03:14:40,979] multiqc                                            [DEBUG  ]  File ignored by longranger/invocation because it exceeded search pattern filesize limit: GSM2667743_cutadapt_bowtie2.tdf
[2021-11-06 03:14:40,980] multiqc                                            [DEBUG  ]  File ignored by rockhopper because it exceeded search pattern filesize limit: GSM2667743_cutadapt_bowtie2.tdf
[2021-11-06 03:14:40,980] multiqc                                            [DEBUG  ]  File ignored by rseqc/bam_stat because it exceeded search pattern filesize limit: GSM2667743_cutadapt_bowtie2.tdf
[2021-11-06 03:14:40,980] multiqc                                            [DEBUG  ]  File ignored by rseqc/junction_annotation because it exceeded search pattern filesize limit: GSM2667743_cutadapt_bowtie2.tdf
[2021-11-06 03:14:40,980] multiqc                                            [DEBUG  ]  File ignored by rseqc/read_distribution because it exceeded search pattern filesize limit: GSM2667743_cutadapt_bowtie2.tdf
[2021-11-06 03:14:40,980] multiqc                                            [DEBUG  ]  File ignored by rseqc/infer_experiment because it exceeded search pattern filesize limit: GSM2667743_cutadapt_bowtie2.tdf
[2021-11-06 03:14:40,980] multiqc                                            [DEBUG  ]  File ignored by snpeff because it exceeded search pattern filesize limit: GSM2667743_cutadapt_bowtie2.tdf
[2021-11-06 03:14:40,980] multiqc                                            [DEBUG  ]  File ignored by stacks/sumstats because it exceeded search pattern filesize limit: GSM2667743_cutadapt_bowtie2.tdf
[2021-11-06 03:14:41,002] multiqc                                            [DEBUG  ]  File ignored by ccs/v4 because it exceeded search pattern filesize limit: GSM2667743.fastq.gz_trimming_report.txt
[2021-11-06 03:14:41,004] multiqc                                            [DEBUG  ]  File ignored by lima/summary because it exceeded search pattern filesize limit: GSM2667743.fastq.gz_trimming_report.txt
[2021-11-06 03:14:41,006] multiqc                                            [DEBUG  ]  File ignored by longranger/invocation because it exceeded search pattern filesize limit: GSM2667743.fastq.gz_trimming_report.txt
[2021-11-06 03:14:41,025] multiqc                                            [DEBUG  ]  Ignoring file as matched an ignore pattern: GSM2667743_cutadapt_empty2.fastq.gz
[2021-11-06 03:14:41,051] multiqc                                            [DEBUG  ]  File ignored by ccs/v4 because it exceeded search pattern filesize limit: GSM2667743_cutadapt_bowtie2_minus_strand_bedgraph_to_tdf.log
[2021-11-06 03:14:41,053] multiqc                                            [DEBUG  ]  File ignored by lima/summary because it exceeded search pattern filesize limit: GSM2667743_cutadapt_bowtie2_minus_strand_bedgraph_to_tdf.log
[2021-11-06 03:14:41,072] multiqc                                            [DEBUG  ]  Ignoring file as matched an ignore pattern: GSM2667743.fastq.gz
[2021-11-06 03:14:41,115] multiqc                                            [DEBUG  ]  File ignored by ccs/v4 because it exceeded search pattern filesize limit: GSM2667743_cutadapt_bowtie2_minus_strand.tdf
[2021-11-06 03:14:41,117] multiqc                                            [DEBUG  ]  File ignored by hicexplorer because it exceeded search pattern filesize limit: GSM2667743_cutadapt_bowtie2_minus_strand.tdf
[2021-11-06 03:14:41,117] multiqc                                            [DEBUG  ]  File ignored by nanostat because it exceeded search pattern filesize limit: GSM2667743_cutadapt_bowtie2_minus_strand.tdf
[2021-11-06 03:14:41,117] multiqc                                            [DEBUG  ]  File ignored by lima/summary because it exceeded search pattern filesize limit: GSM2667743_cutadapt_bowtie2_minus_strand.tdf
[2021-11-06 03:14:41,119] multiqc                                            [DEBUG  ]  File ignored by vep/vep_html because it exceeded search pattern filesize limit: GSM2667743_cutadapt_bowtie2_minus_strand.tdf
[2021-11-06 03:14:41,119] multiqc                                            [DEBUG  ]  File ignored by vep/vep_txt because it exceeded search pattern filesize limit: GSM2667743_cutadapt_bowtie2_minus_strand.tdf
[2021-11-06 03:14:41,119] multiqc                                            [DEBUG  ]  File ignored by longranger/invocation because it exceeded search pattern filesize limit: GSM2667743_cutadapt_bowtie2_minus_strand.tdf
[2021-11-06 03:14:41,119] multiqc                                            [DEBUG  ]  File ignored by rockhopper because it exceeded search pattern filesize limit: GSM2667743_cutadapt_bowtie2_minus_strand.tdf
[2021-11-06 03:14:41,119] multiqc                                            [DEBUG  ]  File ignored by rseqc/bam_stat because it exceeded search pattern filesize limit: GSM2667743_cutadapt_bowtie2_minus_strand.tdf
[2021-11-06 03:14:41,119] multiqc                                            [DEBUG  ]  File ignored by rseqc/junction_annotation because it exceeded search pattern filesize limit: GSM2667743_cutadapt_bowtie2_minus_strand.tdf
[2021-11-06 03:14:41,119] multiqc                                            [DEBUG  ]  File ignored by rseqc/read_distribution because it exceeded search pattern filesize limit: GSM2667743_cutadapt_bowtie2_minus_strand.tdf
[2021-11-06 03:14:41,120] multiqc                                            [DEBUG  ]  File ignored by rseqc/infer_experiment because it exceeded search pattern filesize limit: GSM2667743_cutadapt_bowtie2_minus_strand.tdf
[2021-11-06 03:14:41,120] multiqc                                            [DEBUG  ]  File ignored by snpeff because it exceeded search pattern filesize limit: GSM2667743_cutadapt_bowtie2_minus_strand.tdf
[2021-11-06 03:14:41,120] multiqc                                            [DEBUG  ]  File ignored by stacks/sumstats because it exceeded search pattern filesize limit: GSM2667743_cutadapt_bowtie2_minus_strand.tdf
[2021-11-06 03:14:41,138] multiqc                                            [DEBUG  ]  File ignored by ccs/v4 because it exceeded search pattern filesize limit: GSM2667743_cutadapt_bowtie2_plus_strand_bedgraph_to_tdf.log
[2021-11-06 03:14:41,140] multiqc                                            [DEBUG  ]  File ignored by lima/summary because it exceeded search pattern filesize limit: GSM2667743_cutadapt_bowtie2_plus_strand_bedgraph_to_tdf.log
[2021-11-06 03:14:41,147] multiqc                                            [DEBUG  ]  Ignoring file as matched an ignore pattern: GSM2667743_cutadapt_bowtie2.bam
[2021-11-06 03:14:41,175] multiqc                                            [DEBUG  ]  File ignored by ccs/v4 because it exceeded search pattern filesize limit: GSM2667743_cutadapt_bowtie2_plus_strand.tdf
[2021-11-06 03:14:41,176] multiqc                                            [DEBUG  ]  File ignored by hicexplorer because it exceeded search pattern filesize limit: GSM2667743_cutadapt_bowtie2_plus_strand.tdf
[2021-11-06 03:14:41,176] multiqc                                            [DEBUG  ]  File ignored by nanostat because it exceeded search pattern filesize limit: GSM2667743_cutadapt_bowtie2_plus_strand.tdf
[2021-11-06 03:14:41,177] multiqc                                            [DEBUG  ]  File ignored by lima/summary because it exceeded search pattern filesize limit: GSM2667743_cutadapt_bowtie2_plus_strand.tdf
[2021-11-06 03:14:41,179] multiqc                                            [DEBUG  ]  File ignored by vep/vep_html because it exceeded search pattern filesize limit: GSM2667743_cutadapt_bowtie2_plus_strand.tdf
[2021-11-06 03:14:41,179] multiqc                                            [DEBUG  ]  File ignored by vep/vep_txt because it exceeded search pattern filesize limit: GSM2667743_cutadapt_bowtie2_plus_strand.tdf
[2021-11-06 03:14:41,179] multiqc                                            [DEBUG  ]  File ignored by longranger/invocation because it exceeded search pattern filesize limit: GSM2667743_cutadapt_bowtie2_plus_strand.tdf
[2021-11-06 03:14:41,179] multiqc                                            [DEBUG  ]  File ignored by rockhopper because it exceeded search pattern filesize limit: GSM2667743_cutadapt_bowtie2_plus_strand.tdf
[2021-11-06 03:14:41,179] multiqc                                            [DEBUG  ]  File ignored by rseqc/bam_stat because it exceeded search pattern filesize limit: GSM2667743_cutadapt_bowtie2_plus_strand.tdf
[2021-11-06 03:14:41,179] multiqc                                            [DEBUG  ]  File ignored by rseqc/junction_annotation because it exceeded search pattern filesize limit: GSM2667743_cutadapt_bowtie2_plus_strand.tdf
[2021-11-06 03:14:41,179] multiqc                                            [DEBUG  ]  File ignored by rseqc/read_distribution because it exceeded search pattern filesize limit: GSM2667743_cutadapt_bowtie2_plus_strand.tdf
[2021-11-06 03:14:41,179] multiqc                                            [DEBUG  ]  File ignored by rseqc/infer_experiment because it exceeded search pattern filesize limit: GSM2667743_cutadapt_bowtie2_plus_strand.tdf
[2021-11-06 03:14:41,179] multiqc                                            [DEBUG  ]  File ignored by snpeff because it exceeded search pattern filesize limit: GSM2667743_cutadapt_bowtie2_plus_strand.tdf
[2021-11-06 03:14:41,179] multiqc                                            [DEBUG  ]  File ignored by stacks/sumstats because it exceeded search pattern filesize limit: GSM2667743_cutadapt_bowtie2_plus_strand.tdf
[2021-11-06 03:14:41,194] multiqc                                            [DEBUG  ]  Ignoring file as matched an ignore pattern: GSM2667743_cutadapt_bowtie2.bam.bai
[2021-11-06 03:14:41,214] multiqc                                            [DEBUG  ]  File ignored by ccs/v4 because it exceeded search pattern filesize limit: GSM2667743_cutadapt_bowtie2_bedgraph_to_tdf.log
[2021-11-06 03:14:41,216] multiqc                                            [DEBUG  ]  File ignored by lima/summary because it exceeded search pattern filesize limit: GSM2667743_cutadapt_bowtie2_bedgraph_to_tdf.log
[2021-11-06 03:14:41,245] multiqc                                            [DEBUG  ]  Ignoring file as matched an ignore pattern: GSM2667743_cutadapt_empty1.fastq.gz
[2021-11-06 03:14:41,252] multiqc                                            [DEBUG  ]  File ignored by ccs/v4 because it exceeded search pattern filesize limit: GSM2667743_cutadapt_bowtie2_fastqc.html
[2021-11-06 03:14:41,254] multiqc                                            [DEBUG  ]  File ignored by hicexplorer because it exceeded search pattern filesize limit: GSM2667743_cutadapt_bowtie2_fastqc.html
[2021-11-06 03:14:41,254] multiqc                                            [DEBUG  ]  File ignored by nanostat because it exceeded search pattern filesize limit: GSM2667743_cutadapt_bowtie2_fastqc.html
[2021-11-06 03:14:41,254] multiqc                                            [DEBUG  ]  File ignored by lima/summary because it exceeded search pattern filesize limit: GSM2667743_cutadapt_bowtie2_fastqc.html
[2021-11-06 03:14:41,257] multiqc                                            [DEBUG  ]  File ignored by vep/vep_txt because it exceeded search pattern filesize limit: GSM2667743_cutadapt_bowtie2_fastqc.html
[2021-11-06 03:14:41,257] multiqc                                            [DEBUG  ]  File ignored by longranger/invocation because it exceeded search pattern filesize limit: GSM2667743_cutadapt_bowtie2_fastqc.html
[2021-11-06 03:14:41,258] multiqc                                            [DEBUG  ]  File ignored by rockhopper because it exceeded search pattern filesize limit: GSM2667743_cutadapt_bowtie2_fastqc.html
[2021-11-06 03:14:41,258] multiqc                                            [DEBUG  ]  File ignored by rseqc/bam_stat because it exceeded search pattern filesize limit: GSM2667743_cutadapt_bowtie2_fastqc.html
[2021-11-06 03:14:41,258] multiqc                                            [DEBUG  ]  File ignored by rseqc/junction_annotation because it exceeded search pattern filesize limit: GSM2667743_cutadapt_bowtie2_fastqc.html
[2021-11-06 03:14:41,258] multiqc                                            [DEBUG  ]  File ignored by rseqc/read_distribution because it exceeded search pattern filesize limit: GSM2667743_cutadapt_bowtie2_fastqc.html
[2021-11-06 03:14:41,258] multiqc                                            [DEBUG  ]  File ignored by rseqc/infer_experiment because it exceeded search pattern filesize limit: GSM2667743_cutadapt_bowtie2_fastqc.html
[2021-11-06 03:14:41,416] multiqc                                            [DEBUG  ]  File ignored by ccs/v4 because it exceeded search pattern filesize limit: GSM2667743_cutadapt_bowtie2_fastqc.log
[2021-11-06 03:14:41,418] multiqc                                            [DEBUG  ]  File ignored by lima/summary because it exceeded search pattern filesize limit: GSM2667743_cutadapt_bowtie2_fastqc.log
[2021-11-06 03:14:41,444] multiqc                                            [DEBUG  ]  File ignored by ccs/v4 because it exceeded search pattern filesize limit: GSM2667743_fastqc.html
[2021-11-06 03:14:41,446] multiqc                                            [DEBUG  ]  File ignored by hicexplorer because it exceeded search pattern filesize limit: GSM2667743_fastqc.html
[2021-11-06 03:14:41,446] multiqc                                            [DEBUG  ]  File ignored by nanostat because it exceeded search pattern filesize limit: GSM2667743_fastqc.html
[2021-11-06 03:14:41,446] multiqc                                            [DEBUG  ]  File ignored by lima/summary because it exceeded search pattern filesize limit: GSM2667743_fastqc.html
[2021-11-06 03:14:41,449] multiqc                                            [DEBUG  ]  File ignored by vep/vep_txt because it exceeded search pattern filesize limit: GSM2667743_fastqc.html
[2021-11-06 03:14:41,449] multiqc                                            [DEBUG  ]  File ignored by longranger/invocation because it exceeded search pattern filesize limit: GSM2667743_fastqc.html
[2021-11-06 03:14:41,449] multiqc                                            [DEBUG  ]  File ignored by rockhopper because it exceeded search pattern filesize limit: GSM2667743_fastqc.html
[2021-11-06 03:14:41,450] multiqc                                            [DEBUG  ]  File ignored by rseqc/bam_stat because it exceeded search pattern filesize limit: GSM2667743_fastqc.html
[2021-11-06 03:14:41,450] multiqc                                            [DEBUG  ]  File ignored by rseqc/junction_annotation because it exceeded search pattern filesize limit: GSM2667743_fastqc.html
[2021-11-06 03:14:41,450] multiqc                                            [DEBUG  ]  File ignored by rseqc/read_distribution because it exceeded search pattern filesize limit: GSM2667743_fastqc.html
[2021-11-06 03:14:41,450] multiqc                                            [DEBUG  ]  File ignored by rseqc/infer_experiment because it exceeded search pattern filesize limit: GSM2667743_fastqc.html
[2021-11-06 03:14:41,612] multiqc                                            [DEBUG  ]  File ignored by ccs/v4 because it exceeded search pattern filesize limit: GSM2667743_cutadapt_fastqc.log
[2021-11-06 03:14:41,614] multiqc                                            [DEBUG  ]  File ignored by lima/summary because it exceeded search pattern filesize limit: GSM2667743_cutadapt_fastqc.log
[2021-11-06 03:14:41,633] multiqc                                            [DEBUG  ]  File ignored by ccs/v4 because it exceeded search pattern filesize limit: GSM2667743_cutadapt_fastqc.html
[2021-11-06 03:14:41,634] multiqc                                            [DEBUG  ]  File ignored by hicexplorer because it exceeded search pattern filesize limit: GSM2667743_cutadapt_fastqc.html
[2021-11-06 03:14:41,634] multiqc                                            [DEBUG  ]  File ignored by nanostat because it exceeded search pattern filesize limit: GSM2667743_cutadapt_fastqc.html
[2021-11-06 03:14:41,634] multiqc                                            [DEBUG  ]  File ignored by lima/summary because it exceeded search pattern filesize limit: GSM2667743_cutadapt_fastqc.html
[2021-11-06 03:14:41,637] multiqc                                            [DEBUG  ]  File ignored by vep/vep_txt because it exceeded search pattern filesize limit: GSM2667743_cutadapt_fastqc.html
[2021-11-06 03:14:41,638] multiqc                                            [DEBUG  ]  File ignored by longranger/invocation because it exceeded search pattern filesize limit: GSM2667743_cutadapt_fastqc.html
[2021-11-06 03:14:41,638] multiqc                                            [DEBUG  ]  File ignored by rockhopper because it exceeded search pattern filesize limit: GSM2667743_cutadapt_fastqc.html
[2021-11-06 03:14:41,638] multiqc                                            [DEBUG  ]  File ignored by rseqc/bam_stat because it exceeded search pattern filesize limit: GSM2667743_cutadapt_fastqc.html
[2021-11-06 03:14:41,638] multiqc                                            [DEBUG  ]  File ignored by rseqc/junction_annotation because it exceeded search pattern filesize limit: GSM2667743_cutadapt_fastqc.html
[2021-11-06 03:14:41,638] multiqc                                            [DEBUG  ]  File ignored by rseqc/read_distribution because it exceeded search pattern filesize limit: GSM2667743_cutadapt_fastqc.html
[2021-11-06 03:14:41,638] multiqc                                            [DEBUG  ]  File ignored by rseqc/infer_experiment because it exceeded search pattern filesize limit: GSM2667743_cutadapt_fastqc.html
[2021-11-06 03:14:41,803] multiqc                                            [DEBUG  ]  Ignoring file as matched an ignore pattern: DS00049_sites.bed
[2021-11-06 03:14:41,803] multiqc                                            [DEBUG  ]  Ignoring file as matched an ignore pattern: DS00049_peaks.bed
[2021-11-06 03:14:41,808] multiqc                                            [DEBUG  ]  File ignored by ccs/v4 because it exceeded search pattern filesize limit: DS00049_peaks.fasta
[2021-11-06 03:14:41,809] multiqc                                            [DEBUG  ]  File ignored by hicexplorer because it exceeded search pattern filesize limit: DS00049_peaks.fasta
[2021-11-06 03:14:41,810] multiqc                                            [DEBUG  ]  File ignored by nanostat because it exceeded search pattern filesize limit: DS00049_peaks.fasta
[2021-11-06 03:14:41,810] multiqc                                            [DEBUG  ]  File ignored by lima/summary because it exceeded search pattern filesize limit: DS00049_peaks.fasta
[2021-11-06 03:14:41,812] multiqc                                            [DEBUG  ]  File ignored by vep/vep_txt because it exceeded search pattern filesize limit: DS00049_peaks.fasta
[2021-11-06 03:14:41,812] multiqc                                            [DEBUG  ]  File ignored by longranger/invocation because it exceeded search pattern filesize limit: DS00049_peaks.fasta
[2021-11-06 03:14:41,885] multiqc                                            [DEBUG  ]  File ignored by ccs/v4 because it exceeded search pattern filesize limit: DS00049_matrix.tab
[2021-11-06 03:14:41,886] multiqc                                            [DEBUG  ]  File ignored by lima/summary because it exceeded search pattern filesize limit: DS00049_matrix.tab
[2021-11-06 03:14:41,888] multiqc                                            [DEBUG  ]  File ignored by longranger/invocation because it exceeded search pattern filesize limit: DS00049_matrix.tab
[2021-11-06 03:14:41,899] multiqc                                            [DEBUG  ]  File ignored by ccs/v4 because it exceeded search pattern filesize limit: DS00049_sites.fasta
[2021-11-06 03:14:41,900] multiqc                                            [DEBUG  ]  File ignored by hicexplorer because it exceeded search pattern filesize limit: DS00049_sites.fasta
[2021-11-06 03:14:41,901] multiqc                                            [DEBUG  ]  File ignored by nanostat because it exceeded search pattern filesize limit: DS00049_sites.fasta
[2021-11-06 03:14:41,901] multiqc                                            [DEBUG  ]  File ignored by lima/summary because it exceeded search pattern filesize limit: DS00049_sites.fasta
[2021-11-06 03:14:41,903] multiqc                                            [DEBUG  ]  File ignored by longranger/invocation because it exceeded search pattern filesize limit: DS00049_sites.fasta
[2021-11-06 03:14:41,921] multiqc                                            [DEBUG  ]  File ignored by ccs/v4 because it exceeded search pattern filesize limit: DS00049_peaks.ft
[2021-11-06 03:14:41,922] multiqc                                            [DEBUG  ]  File ignored by hicexplorer because it exceeded search pattern filesize limit: DS00049_peaks.ft
[2021-11-06 03:14:41,922] multiqc                                            [DEBUG  ]  File ignored by nanostat because it exceeded search pattern filesize limit: DS00049_peaks.ft
[2021-11-06 03:14:41,922] multiqc                                            [DEBUG  ]  File ignored by lima/summary because it exceeded search pattern filesize limit: DS00049_peaks.ft
[2021-11-06 03:14:41,925] multiqc                                            [DEBUG  ]  File ignored by longranger/invocation because it exceeded search pattern filesize limit: DS00049_peaks.ft
[2021-11-06 03:14:41,946] multiqc                                            [DEBUG  ]  File ignored by ccs/v4 because it exceeded search pattern filesize limit: multiqc_report.html
[2021-11-06 03:14:41,947] multiqc                                            [DEBUG  ]  File ignored by hicexplorer because it exceeded search pattern filesize limit: multiqc_report.html
[2021-11-06 03:14:41,947] multiqc                                            [DEBUG  ]  File ignored by nanostat because it exceeded search pattern filesize limit: multiqc_report.html
[2021-11-06 03:14:41,947] multiqc                                            [DEBUG  ]  File ignored by lima/summary because it exceeded search pattern filesize limit: multiqc_report.html
[2021-11-06 03:14:41,952] multiqc                                            [DEBUG  ]  File ignored by vep/vep_html because it exceeded search pattern filesize limit: multiqc_report.html
[2021-11-06 03:14:41,952] multiqc                                            [DEBUG  ]  File ignored by vep/vep_txt because it exceeded search pattern filesize limit: multiqc_report.html
[2021-11-06 03:14:41,952] multiqc                                            [DEBUG  ]  File ignored by longranger/invocation because it exceeded search pattern filesize limit: multiqc_report.html
[2021-11-06 03:14:41,952] multiqc                                            [DEBUG  ]  File ignored by rockhopper because it exceeded search pattern filesize limit: multiqc_report.html
[2021-11-06 03:14:41,952] multiqc                                            [DEBUG  ]  File ignored by rseqc/bam_stat because it exceeded search pattern filesize limit: multiqc_report.html
[2021-11-06 03:14:41,952] multiqc                                            [DEBUG  ]  File ignored by rseqc/junction_annotation because it exceeded search pattern filesize limit: multiqc_report.html
[2021-11-06 03:14:41,952] multiqc                                            [DEBUG  ]  File ignored by rseqc/read_distribution because it exceeded search pattern filesize limit: multiqc_report.html
[2021-11-06 03:14:41,952] multiqc                                            [DEBUG  ]  File ignored by rseqc/infer_experiment because it exceeded search pattern filesize limit: multiqc_report.html
[2021-11-06 03:14:41,959] multiqc                                            [DEBUG  ]  File ignored by stacks/sumstats because it exceeded search pattern filesize limit: multiqc_report.html
[2021-11-06 03:14:42,290] multiqc                                            [DEBUG  ]  File ignored by ccs/v4 because it exceeded search pattern filesize limit: DS00049_peaks.narrowPeak
[2021-11-06 03:14:42,291] multiqc                                            [DEBUG  ]  File ignored by hicexplorer because it exceeded search pattern filesize limit: DS00049_peaks.narrowPeak
[2021-11-06 03:14:42,324] multiqc                                            [DEBUG  ]  File ignored by nanostat because it exceeded search pattern filesize limit: DS00049_peaks.narrowPeak
[2021-11-06 03:14:42,324] multiqc                                            [DEBUG  ]  File ignored by lima/summary because it exceeded search pattern filesize limit: DS00049_peaks.narrowPeak
[2021-11-06 03:14:42,327] multiqc                                            [DEBUG  ]  File ignored by longranger/invocation because it exceeded search pattern filesize limit: DS00049_peaks.narrowPeak
[2021-11-06 03:14:42,348] multiqc                                            [DEBUG  ]  Ignoring file as matched an ignore pattern: DS00049_summits.bed
[2021-11-06 03:14:42,811] multiqc.plots.bargraph                             [DEBUG  ]  Using matplotlib version 3.4.3
[2021-11-06 03:14:42,812] multiqc.plots.linegraph                            [DEBUG  ]  Using matplotlib version 3.4.3
[2021-11-06 03:14:42,813] multiqc                                            [DEBUG  ]  No samples found: custom_content
[2021-11-06 03:14:42,820] multiqc                                            [DEBUG  ]  No samples found: ccs
[2021-11-06 03:14:42,826] multiqc                                            [DEBUG  ]  No samples found: ngsderive
[2021-11-06 03:14:42,832] multiqc                                            [DEBUG  ]  No samples found: purple
[2021-11-06 03:14:42,839] multiqc                                            [DEBUG  ]  No samples found: conpair
[2021-11-06 03:14:42,845] multiqc                                            [DEBUG  ]  No samples found: lima
[2021-11-06 03:14:42,852] multiqc                                            [DEBUG  ]  No samples found: peddy
[2021-11-06 03:14:42,858] multiqc                                            [DEBUG  ]  No samples found: somalier
[2021-11-06 03:14:42,864] multiqc                                            [DEBUG  ]  No samples found: methylQA
[2021-11-06 03:14:42,872] multiqc.modules.mosdepth.mosdepth                  [DEBUG  ]  include_contigs: []
[2021-11-06 03:14:42,872] multiqc.modules.mosdepth.mosdepth                  [DEBUG  ]  exclude_contigs: []
[2021-11-06 03:14:42,872] multiqc                                            [DEBUG  ]  No samples found: mosdepth
[2021-11-06 03:14:42,878] multiqc                                            [DEBUG  ]  No samples found: phantompeakqualtools
[2021-11-06 03:14:42,884] multiqc                                            [DEBUG  ]  No samples found: qualimap
[2021-11-06 03:14:42,891] multiqc                                            [DEBUG  ]  No samples found: preseq
[2021-11-06 03:14:42,897] multiqc                                            [DEBUG  ]  No samples found: quast
[2021-11-06 03:14:42,904] multiqc                                            [DEBUG  ]  No samples found: qorts
[2021-11-06 03:14:42,910] multiqc                                            [DEBUG  ]  No samples found: rna_seqc
[2021-11-06 03:14:42,916] multiqc                                            [DEBUG  ]  No samples found: rockhopper
[2021-11-06 03:14:42,922] multiqc                                            [DEBUG  ]  No samples found: rsem
[2021-11-06 03:14:42,931] multiqc                                            [DEBUG  ]  No samples found: rseqc
[2021-11-06 03:14:42,937] multiqc                                            [DEBUG  ]  No samples found: busco
[2021-11-06 03:14:42,944] multiqc                                            [DEBUG  ]  No samples found: bustools
[2021-11-06 03:14:42,950] multiqc                                            [DEBUG  ]  No samples found: goleft_indexcov
[2021-11-06 03:14:42,956] multiqc                                            [DEBUG  ]  No samples found: gffcompare
[2021-11-06 03:14:42,962] multiqc                                            [DEBUG  ]  No samples found: disambiguate
[2021-11-06 03:14:42,969] multiqc                                            [DEBUG  ]  No samples found: supernova
[2021-11-06 03:14:42,978] multiqc                                            [DEBUG  ]  No samples found: deeptools
[2021-11-06 03:14:42,984] multiqc                                            [DEBUG  ]  No samples found: sargasso
[2021-11-06 03:14:42,990] multiqc                                            [DEBUG  ]  No samples found: verifybamid
[2021-11-06 03:14:42,997] multiqc                                            [DEBUG  ]  No samples found: mirtrace
[2021-11-06 03:14:43,003] multiqc                                            [DEBUG  ]  No samples found: happy
[2021-11-06 03:14:43,009] multiqc                                            [DEBUG  ]  No samples found: mirtop
[2021-11-06 03:14:43,015] multiqc                                            [DEBUG  ]  No samples found: sambamba
[2021-11-06 03:14:43,022] multiqc                                            [DEBUG  ]  No samples found: homer
[2021-11-06 03:14:43,029] multiqc                                            [DEBUG  ]  No samples found: hops
[2021-11-06 03:14:43,041] multiqc.modules.macs2.macs2                        [DEBUG  ]  Duplicate sample name found! Overwriting: DS00049
[2021-11-06 03:14:43,041] multiqc.modules.macs2.macs2                        [INFO   ]  Found 1 logs
[2021-11-06 03:14:43,053] multiqc                                            [DEBUG  ]  No samples found: theta2
[2021-11-06 03:14:43,059] multiqc                                            [DEBUG  ]  No samples found: snpeff
[2021-11-06 03:14:43,066] multiqc                                            [DEBUG  ]  No samples found: gatk
[2021-11-06 03:14:43,072] multiqc                                            [DEBUG  ]  No samples found: htseq
[2021-11-06 03:14:43,079] multiqc                                            [DEBUG  ]  No samples found: bcftools
[2021-11-06 03:14:43,085] multiqc                                            [DEBUG  ]  No samples found: featureCounts
[2021-11-06 03:14:43,093] multiqc                                            [DEBUG  ]  No samples found: fgbio
[2021-11-06 03:14:43,103] multiqc                                            [DEBUG  ]  No samples found: dragen
[2021-11-06 03:14:43,109] multiqc                                            [DEBUG  ]  No samples found: dedup
[2021-11-06 03:14:43,116] multiqc                                            [DEBUG  ]  No samples found: damageprofiler
[2021-11-06 03:14:43,129] multiqc                                            [DEBUG  ]  No samples found: biobambam2
[2021-11-06 03:14:43,135] multiqc                                            [DEBUG  ]  No samples found: jcvi
[2021-11-06 03:14:43,141] multiqc                                            [DEBUG  ]  No samples found: mtnucratio
[2021-11-06 03:14:43,147] multiqc                                            [DEBUG  ]  No samples found: picard
[2021-11-06 03:14:43,153] multiqc                                            [DEBUG  ]  No samples found: vep
[2021-11-06 03:14:43,160] multiqc                                            [DEBUG  ]  No samples found: sentieon
[2021-11-06 03:14:43,166] multiqc                                            [DEBUG  ]  No samples found: prokka
[2021-11-06 03:14:43,173] multiqc                                            [DEBUG  ]  No samples found: qc3C
[2021-11-06 03:14:43,179] multiqc                                            [DEBUG  ]  No samples found: nanostat
[2021-11-06 03:14:43,185] multiqc                                            [DEBUG  ]  No samples found: samblaster
[2021-11-06 03:14:43,198] multiqc.modules.samtools.flagstat                  [DEBUG  ]  Duplicate sample name found! Overwriting: GSM2453483_cutadapt_bowtie2_bam_stats
[2021-11-06 03:14:43,205] multiqc.modules.samtools.samtools                  [INFO   ]  Found 3 flagstat reports
[2021-11-06 03:14:43,212] multiqc                                            [DEBUG  ]  No samples found: sexdeterrmine
[2021-11-06 03:14:43,218] multiqc                                            [DEBUG  ]  No samples found: eigenstratdatabasetools
[2021-11-06 03:14:43,224] multiqc                                            [DEBUG  ]  No samples found: bamtools
[2021-11-06 03:14:43,230] multiqc                                            [DEBUG  ]  No samples found: jellyfish
[2021-11-06 03:14:43,237] multiqc                                            [DEBUG  ]  No samples found: vcftools
[2021-11-06 03:14:43,244] multiqc                                            [DEBUG  ]  No samples found: longranger
[2021-11-06 03:14:43,250] multiqc                                            [DEBUG  ]  No samples found: stacks
[2021-11-06 03:14:43,256] multiqc                                            [DEBUG  ]  No samples found: varscan2
[2021-11-06 03:14:43,263] multiqc                                            [DEBUG  ]  No samples found: snippy
[2021-11-06 03:14:43,272] multiqc                                            [DEBUG  ]  No samples found: bbmap
[2021-11-06 03:14:43,278] multiqc                                            [DEBUG  ]  No samples found: bismark
[2021-11-06 03:14:43,285] multiqc                                            [DEBUG  ]  No samples found: biscuit
[2021-11-06 03:14:43,291] multiqc                                            [DEBUG  ]  No samples found: hicexplorer
[2021-11-06 03:14:43,298] multiqc                                            [DEBUG  ]  No samples found: hicup
[2021-11-06 03:14:43,304] multiqc                                            [DEBUG  ]  No samples found: hicpro
[2021-11-06 03:14:43,310] multiqc                                            [DEBUG  ]  No samples found: salmon
[2021-11-06 03:14:43,316] multiqc                                            [DEBUG  ]  No samples found: kallisto
[2021-11-06 03:14:43,323] multiqc                                            [DEBUG  ]  No samples found: slamdunk
[2021-11-06 03:14:43,329] multiqc                                            [DEBUG  ]  No samples found: star
[2021-11-06 03:14:43,335] multiqc                                            [DEBUG  ]  No samples found: hisat2
[2021-11-06 03:14:43,342] multiqc                                            [DEBUG  ]  No samples found: tophat
[2021-11-06 03:14:43,350] multiqc.modules.bowtie2.bowtie2                    [DEBUG  ]  Duplicate sample name found! Overwriting: GSM2453483_cutadapt_bowtie2
[2021-11-06 03:14:43,351] multiqc.modules.bowtie2.bowtie2                    [INFO   ]  Found 3 reports
[2021-11-06 03:14:43,360] multiqc                                            [DEBUG  ]  No samples found: bowtie1
[2021-11-06 03:14:43,366] multiqc                                            [DEBUG  ]  No samples found: snpsplit
[2021-11-06 03:14:43,372] multiqc                                            [DEBUG  ]  No samples found: odgi
[2021-11-06 03:14:43,379] multiqc                                            [DEBUG  ]  No samples found: pangolin
[2021-11-06 03:14:43,385] multiqc                                            [DEBUG  ]  No samples found: kat
[2021-11-06 03:14:43,391] multiqc                                            [DEBUG  ]  No samples found: leehom
[2021-11-06 03:14:43,397] multiqc                                            [DEBUG  ]  No samples found: adapterRemoval
[2021-11-06 03:14:43,404] multiqc                                            [DEBUG  ]  No samples found: clipandmerge
[2021-11-06 03:14:43,417] multiqc.modules.cutadapt.cutadapt                  [DEBUG  ]  Duplicate sample name found! Overwriting: GSM2453483
[2021-11-06 03:14:43,422] multiqc.modules.cutadapt.cutadapt                  [DEBUG  ]  Duplicate sample name found! Overwriting: GSM2667742
[2021-11-06 03:14:43,425] multiqc.modules.cutadapt.cutadapt                  [DEBUG  ]  Duplicate sample name found! Overwriting: GSM2453483
[2021-11-06 03:14:43,427] multiqc.modules.cutadapt.cutadapt                  [DEBUG  ]  Duplicate sample name found! Overwriting: GSM2453483
[2021-11-06 03:14:43,432] multiqc.modules.cutadapt.cutadapt                  [DEBUG  ]  Duplicate sample name found! Overwriting: GSM2667743
[2021-11-06 03:14:43,434] multiqc.modules.cutadapt.cutadapt                  [INFO   ]  Found 3 reports
[2021-11-06 03:14:43,450] multiqc                                            [DEBUG  ]  No samples found: flexbar
[2021-11-06 03:14:43,456] multiqc                                            [DEBUG  ]  No samples found: kaiju
[2021-11-06 03:14:43,462] multiqc                                            [DEBUG  ]  No samples found: kraken
[2021-11-06 03:14:43,468] multiqc                                            [DEBUG  ]  No samples found: malt
[2021-11-06 03:14:43,475] multiqc                                            [DEBUG  ]  No samples found: trimmomatic
[2021-11-06 03:14:43,482] multiqc                                            [DEBUG  ]  No samples found: sickle
[2021-11-06 03:14:43,488] multiqc                                            [DEBUG  ]  No samples found: skewer
[2021-11-06 03:14:43,495] multiqc                                            [DEBUG  ]  No samples found: sortmerna
[2021-11-06 03:14:43,501] multiqc                                            [DEBUG  ]  No samples found: biobloomtools
[2021-11-06 03:14:43,507] multiqc                                            [DEBUG  ]  No samples found: fastq_screen
[2021-11-06 03:14:43,513] multiqc                                            [DEBUG  ]  No samples found: afterqc
[2021-11-06 03:14:43,519] multiqc                                            [DEBUG  ]  No samples found: fastp
[2021-11-06 03:14:43,645] multiqc.modules.fastqc.fastqc                      [DEBUG  ]  Skipping 'GSM2453483_cutadapt_fastqc.zip' as already parsed 'GSM2453483_cutadapt'
[2021-11-06 03:14:43,645] multiqc.modules.fastqc.fastqc                      [DEBUG  ]  Skipping 'GSM2453483_cutadapt_bowtie2_fastqc.zip' as already parsed 'GSM2453483_cutadapt_bowtie2'
[2021-11-06 03:14:43,646] multiqc.modules.fastqc.fastqc                      [DEBUG  ]  Skipping 'GSM2453483_fastqc.zip' as already parsed 'GSM2453483'
[2021-11-06 03:14:43,704] multiqc.modules.fastqc.fastqc                      [INFO   ]  Found 9 reports
[2021-11-06 03:14:43,812] multiqc                                            [DEBUG  ]  No samples found: pychopper
[2021-11-06 03:14:43,818] multiqc                                            [DEBUG  ]  No samples found: pycoqc
[2021-11-06 03:14:43,824] multiqc                                            [DEBUG  ]  No samples found: minionqc
[2021-11-06 03:14:43,831] multiqc                                            [DEBUG  ]  No samples found: multivcfanalyzer
[2021-11-06 03:14:43,837] multiqc                                            [DEBUG  ]  No samples found: clusterflow
[2021-11-06 03:14:43,843] multiqc                                            [DEBUG  ]  No samples found: bcl2fastq
[2021-11-06 03:14:43,850] multiqc                                            [DEBUG  ]  No samples found: bclconvert
[2021-11-06 03:14:43,856] multiqc                                            [DEBUG  ]  No samples found: interop
[2021-11-06 03:14:43,863] multiqc                                            [DEBUG  ]  No samples found: ivar
[2021-11-06 03:14:43,869] multiqc                                            [DEBUG  ]  No samples found: flash
[2021-11-06 03:14:43,875] multiqc                                            [DEBUG  ]  No samples found: seqyclean
[2021-11-06 03:14:43,881] multiqc                                            [DEBUG  ]  No samples found: optitype
[2021-11-06 03:14:43,911] multiqc                                            [INFO   ]  Compressing plot data
[2021-11-06 03:14:44,188] multiqc                                            [WARNING]  Previous MultiQC output found! Adjusting filenames..
[2021-11-06 03:14:44,188] multiqc                                            [WARNING]  Use -f or --force to overwrite existing reports instead
[2021-11-06 03:14:44,188] multiqc                                            [INFO   ]  Report      : ChIP-seq_collection/GSE93506/datasets/DS00049/multiQC/multiqc_report_1.html
[2021-11-06 03:14:44,188] multiqc                                            [INFO   ]  Data        : ChIP-seq_collection/GSE93506/datasets/DS00049/multiQC/multiqc_data_1
[2021-11-06 03:14:44,189] multiqc                                            [DEBUG  ]  Moving data file from '/tmp/tmpirl2_viv/multiqc_data' to 'ChIP-seq_collection/GSE93506/datasets/DS00049/multiQC/multiqc_data_1'
[2021-11-06 03:14:44,369] multiqc                                            [INFO   ]  MultiQC complete
