[2021-11-06 06:11:04,530] multiqc                                            [DEBUG  ]  This is MultiQC v1.11
[2021-11-06 06:11:04,530] multiqc                                            [DEBUG  ]  No MultiQC config found: /home/rioualen/miniconda3/envs/snakemake/lib/python3.9/site-packages/multiqc_config.yaml
[2021-11-06 06:11:04,530] multiqc                                            [DEBUG  ]  No MultiQC config found: /home/rioualen/.multiqc_config.yaml
[2021-11-06 06:11:04,530] multiqc                                            [DEBUG  ]  No MultiQC config found: multiqc_config.yaml
[2021-11-06 06:11:04,530] multiqc                                            [DEBUG  ]  Command used: /home/rioualen/miniconda3/envs/snakemake/bin/multiqc ChIP-seq_collection/GSE111874/samples/GSM3043067 ChIP-seq_collection/GSE111874/samples/GSM3043103 ChIP-seq_collection/GSE111874/datasets/DS00074 ChIP-seq_collection/GSE111874/samples/GSM3043068 ChIP-seq_collection/GSE111874/samples/GSM3043104 ChIP-seq_collection/GSE111874/datasets/DS00074 -o ChIP-seq_collection/GSE111874/datasets/DS00074/multiQC
[2021-11-06 06:11:04,732] multiqc                                            [DEBUG  ]  Latest MultiQC version is v1.11
[2021-11-06 06:11:04,733] multiqc                                            [DEBUG  ]  Command     : /home/rioualen/miniconda3/envs/snakemake/bin/multiqc ChIP-seq_collection/GSE111874/samples/GSM3043067 ChIP-seq_collection/GSE111874/samples/GSM3043103 ChIP-seq_collection/GSE111874/datasets/DS00074 ChIP-seq_collection/GSE111874/samples/GSM3043068 ChIP-seq_collection/GSE111874/samples/GSM3043104 ChIP-seq_collection/GSE111874/datasets/DS00074 -o ChIP-seq_collection/GSE111874/datasets/DS00074/multiQC
[2021-11-06 06:11:04,733] multiqc                                            [DEBUG  ]  Working dir : /workspace/rioualen/HT_collections
[2021-11-06 06:11:04,733] multiqc                                            [DEBUG  ]  Template    : default
[2021-11-06 06:11:04,733] multiqc                                            [DEBUG  ]  Running Python 3.9.7 | packaged by conda-forge | (default, Sep 29 2021, 19:20:46)  [GCC 9.4.0]
[2021-11-06 06:11:04,734] multiqc                                            [DEBUG  ]  Analysing modules: custom_content, ccs, ngsderive, purple, conpair, lima, peddy, somalier, methylQA, mosdepth, phantompeakqualtools, qualimap, preseq, quast, qorts, rna_seqc, rockhopper, rsem, rseqc, busco, bustools, goleft_indexcov, gffcompare, disambiguate, supernova, deeptools, sargasso, verifybamid, mirtrace, happy, mirtop, sambamba, homer, hops, macs2, theta2, snpeff, gatk, htseq, bcftools, featureCounts, fgbio, dragen, dedup, damageprofiler, biobambam2, jcvi, mtnucratio, picard, vep, sentieon, prokka, qc3C, nanostat, samblaster, samtools, sexdeterrmine, eigenstratdatabasetools, bamtools, jellyfish, vcftools, longranger, stacks, varscan2, snippy, bbmap, bismark, biscuit, hicexplorer, hicup, hicpro, salmon, kallisto, slamdunk, star, hisat2, tophat, bowtie2, bowtie1, snpsplit, odgi, pangolin, kat, leehom, adapterRemoval, clipandmerge, cutadapt, flexbar, kaiju, kraken, malt, trimmomatic, sickle, skewer, sortmerna, biobloomtools, fastq_screen, afterqc, fastp, fastqc, pychopper, pycoqc, minionqc, multivcfanalyzer, clusterflow, bcl2fastq, bclconvert, interop, ivar, flash, seqyclean, optitype
[2021-11-06 06:11:04,734] multiqc                                            [DEBUG  ]  Using temporary directory for creating report: /tmp/tmpyxt0xr1q
[2021-11-06 06:11:04,877] multiqc                                            [INFO   ]  Search path : /workspace/rioualen/HT_collections/ChIP-seq_collection/GSE111874/samples/GSM3043067
[2021-11-06 06:11:04,878] multiqc                                            [INFO   ]  Search path : /workspace/rioualen/HT_collections/ChIP-seq_collection/GSE111874/samples/GSM3043103
[2021-11-06 06:11:04,878] multiqc                                            [INFO   ]  Search path : /workspace/rioualen/HT_collections/ChIP-seq_collection/GSE111874/datasets/DS00074
[2021-11-06 06:11:04,878] multiqc                                            [INFO   ]  Search path : /workspace/rioualen/HT_collections/ChIP-seq_collection/GSE111874/samples/GSM3043068
[2021-11-06 06:11:04,878] multiqc                                            [INFO   ]  Search path : /workspace/rioualen/HT_collections/ChIP-seq_collection/GSE111874/samples/GSM3043104
[2021-11-06 06:11:04,878] multiqc                                            [INFO   ]  Search path : /workspace/rioualen/HT_collections/ChIP-seq_collection/GSE111874/datasets/DS00074
[2021-11-06 06:11:04,963] multiqc                                            [DEBUG  ]  Ignoring file as matched an ignore pattern: GSM3043067_cutadapt_1.fastq.gz
[2021-11-06 06:11:05,011] multiqc                                            [DEBUG  ]  Ignoring file as matched an ignore pattern: GSM3043067_cutadapt.fastq.gz
[2021-11-06 06:11:05,012] multiqc                                            [DEBUG  ]  Ignoring file as matched an ignore pattern: GSM3043067_cutadapt_bowtie2.bam.bai
[2021-11-06 06:11:05,024] multiqc                                            [DEBUG  ]  Ignoring file as matched an ignore pattern: GSM3043067_cutadapt_bowtie2.bam
[2021-11-06 06:11:05,039] multiqc                                            [DEBUG  ]  File ignored by ccs/v4 because it exceeded search pattern filesize limit: GSM3043067_cutadapt_bowtie2_minus_strand_bedgraph_to_tdf.log
[2021-11-06 06:11:05,041] multiqc                                            [DEBUG  ]  File ignored by lima/summary because it exceeded search pattern filesize limit: GSM3043067_cutadapt_bowtie2_minus_strand_bedgraph_to_tdf.log
[2021-11-06 06:11:05,063] multiqc                                            [DEBUG  ]  File ignored by ccs/v4 because it exceeded search pattern filesize limit: GSM3043067_cutadapt_bowtie2_plus_strand_bedgraph_to_tdf.log
[2021-11-06 06:11:05,065] multiqc                                            [DEBUG  ]  File ignored by lima/summary because it exceeded search pattern filesize limit: GSM3043067_cutadapt_bowtie2_plus_strand_bedgraph_to_tdf.log
[2021-11-06 06:11:05,096] multiqc                                            [DEBUG  ]  File ignored by ccs/v4 because it exceeded search pattern filesize limit: GSM3043067_2.fastq.gz_trimming_report.txt
[2021-11-06 06:11:05,097] multiqc                                            [DEBUG  ]  File ignored by lima/summary because it exceeded search pattern filesize limit: GSM3043067_2.fastq.gz_trimming_report.txt
[2021-11-06 06:11:05,104] multiqc                                            [DEBUG  ]  File ignored by longranger/invocation because it exceeded search pattern filesize limit: GSM3043067_2.fastq.gz_trimming_report.txt
[2021-11-06 06:11:05,131] multiqc                                            [DEBUG  ]  File ignored by ccs/v4 because it exceeded search pattern filesize limit: GSM3043067_1.fastq.gz_trimming_report.txt
[2021-11-06 06:11:05,132] multiqc                                            [DEBUG  ]  File ignored by lima/summary because it exceeded search pattern filesize limit: GSM3043067_1.fastq.gz_trimming_report.txt
[2021-11-06 06:11:05,135] multiqc                                            [DEBUG  ]  File ignored by longranger/invocation because it exceeded search pattern filesize limit: GSM3043067_1.fastq.gz_trimming_report.txt
[2021-11-06 06:11:05,184] multiqc                                            [DEBUG  ]  File ignored by ccs/v4 because it exceeded search pattern filesize limit: GSM3043067_cutadapt_bowtie2_bedgraph_to_tdf.log
[2021-11-06 06:11:05,186] multiqc                                            [DEBUG  ]  File ignored by lima/summary because it exceeded search pattern filesize limit: GSM3043067_cutadapt_bowtie2_bedgraph_to_tdf.log
[2021-11-06 06:11:05,212] multiqc                                            [DEBUG  ]  File ignored by ccs/v4 because it exceeded search pattern filesize limit: GSM3043067_cutadapt.log
[2021-11-06 06:11:05,214] multiqc                                            [DEBUG  ]  File ignored by hicexplorer because it exceeded search pattern filesize limit: GSM3043067_cutadapt.log
[2021-11-06 06:11:05,214] multiqc                                            [DEBUG  ]  File ignored by nanostat because it exceeded search pattern filesize limit: GSM3043067_cutadapt.log
[2021-11-06 06:11:05,214] multiqc                                            [DEBUG  ]  File ignored by lima/summary because it exceeded search pattern filesize limit: GSM3043067_cutadapt.log
[2021-11-06 06:11:05,217] multiqc                                            [DEBUG  ]  File ignored by longranger/invocation because it exceeded search pattern filesize limit: GSM3043067_cutadapt.log
[2021-11-06 06:11:05,228] multiqc                                            [DEBUG  ]  Ignoring file as matched an ignore pattern: GSM3043067_cutadapt_2.fastq.gz
[2021-11-06 06:11:05,312] multiqc                                            [DEBUG  ]  Ignoring file as matched an ignore pattern: GSM3043067_1.fastq.gz
[2021-11-06 06:11:05,312] multiqc                                            [DEBUG  ]  Ignoring file as matched an ignore pattern: GSM3043067_2.fastq.gz
[2021-11-06 06:11:05,477] multiqc                                            [DEBUG  ]  File ignored by ccs/v4 because it exceeded search pattern filesize limit: GSM3043067_cutadapt_2_fastqc.html
[2021-11-06 06:11:05,479] multiqc                                            [DEBUG  ]  File ignored by hicexplorer because it exceeded search pattern filesize limit: GSM3043067_cutadapt_2_fastqc.html
[2021-11-06 06:11:05,479] multiqc                                            [DEBUG  ]  File ignored by nanostat because it exceeded search pattern filesize limit: GSM3043067_cutadapt_2_fastqc.html
[2021-11-06 06:11:05,479] multiqc                                            [DEBUG  ]  File ignored by lima/summary because it exceeded search pattern filesize limit: GSM3043067_cutadapt_2_fastqc.html
[2021-11-06 06:11:05,482] multiqc                                            [DEBUG  ]  File ignored by vep/vep_txt because it exceeded search pattern filesize limit: GSM3043067_cutadapt_2_fastqc.html
[2021-11-06 06:11:05,483] multiqc                                            [DEBUG  ]  File ignored by longranger/invocation because it exceeded search pattern filesize limit: GSM3043067_cutadapt_2_fastqc.html
[2021-11-06 06:11:05,483] multiqc                                            [DEBUG  ]  File ignored by rockhopper because it exceeded search pattern filesize limit: GSM3043067_cutadapt_2_fastqc.html
[2021-11-06 06:11:05,483] multiqc                                            [DEBUG  ]  File ignored by rseqc/bam_stat because it exceeded search pattern filesize limit: GSM3043067_cutadapt_2_fastqc.html
[2021-11-06 06:11:05,483] multiqc                                            [DEBUG  ]  File ignored by rseqc/junction_annotation because it exceeded search pattern filesize limit: GSM3043067_cutadapt_2_fastqc.html
[2021-11-06 06:11:05,483] multiqc                                            [DEBUG  ]  File ignored by rseqc/read_distribution because it exceeded search pattern filesize limit: GSM3043067_cutadapt_2_fastqc.html
[2021-11-06 06:11:05,483] multiqc                                            [DEBUG  ]  File ignored by rseqc/infer_experiment because it exceeded search pattern filesize limit: GSM3043067_cutadapt_2_fastqc.html
[2021-11-06 06:11:05,625] multiqc                                            [DEBUG  ]  File ignored by ccs/v4 because it exceeded search pattern filesize limit: GSM3043067_cutadapt_2_fastqc.log
[2021-11-06 06:11:05,627] multiqc                                            [DEBUG  ]  File ignored by lima/summary because it exceeded search pattern filesize limit: GSM3043067_cutadapt_2_fastqc.log
[2021-11-06 06:11:05,761] multiqc                                            [DEBUG  ]  File ignored by ccs/v4 because it exceeded search pattern filesize limit: GSM3043067_1_fastqc.html
[2021-11-06 06:11:05,763] multiqc                                            [DEBUG  ]  File ignored by hicexplorer because it exceeded search pattern filesize limit: GSM3043067_1_fastqc.html
[2021-11-06 06:11:05,763] multiqc                                            [DEBUG  ]  File ignored by nanostat because it exceeded search pattern filesize limit: GSM3043067_1_fastqc.html
[2021-11-06 06:11:05,763] multiqc                                            [DEBUG  ]  File ignored by lima/summary because it exceeded search pattern filesize limit: GSM3043067_1_fastqc.html
[2021-11-06 06:11:05,766] multiqc                                            [DEBUG  ]  File ignored by vep/vep_txt because it exceeded search pattern filesize limit: GSM3043067_1_fastqc.html
[2021-11-06 06:11:05,766] multiqc                                            [DEBUG  ]  File ignored by longranger/invocation because it exceeded search pattern filesize limit: GSM3043067_1_fastqc.html
[2021-11-06 06:11:05,766] multiqc                                            [DEBUG  ]  File ignored by rockhopper because it exceeded search pattern filesize limit: GSM3043067_1_fastqc.html
[2021-11-06 06:11:05,767] multiqc                                            [DEBUG  ]  File ignored by rseqc/bam_stat because it exceeded search pattern filesize limit: GSM3043067_1_fastqc.html
[2021-11-06 06:11:05,767] multiqc                                            [DEBUG  ]  File ignored by rseqc/junction_annotation because it exceeded search pattern filesize limit: GSM3043067_1_fastqc.html
[2021-11-06 06:11:05,767] multiqc                                            [DEBUG  ]  File ignored by rseqc/read_distribution because it exceeded search pattern filesize limit: GSM3043067_1_fastqc.html
[2021-11-06 06:11:05,767] multiqc                                            [DEBUG  ]  File ignored by rseqc/infer_experiment because it exceeded search pattern filesize limit: GSM3043067_1_fastqc.html
[2021-11-06 06:11:05,902] multiqc                                            [DEBUG  ]  File ignored by ccs/v4 because it exceeded search pattern filesize limit: GSM3043067_cutadapt_bowtie2_fastqc.log
[2021-11-06 06:11:05,904] multiqc                                            [DEBUG  ]  File ignored by lima/summary because it exceeded search pattern filesize limit: GSM3043067_cutadapt_bowtie2_fastqc.log
[2021-11-06 06:11:06,012] multiqc                                            [DEBUG  ]  File ignored by ccs/v4 because it exceeded search pattern filesize limit: GSM3043067_cutadapt_bowtie2_fastqc.html
[2021-11-06 06:11:06,013] multiqc                                            [DEBUG  ]  File ignored by hicexplorer because it exceeded search pattern filesize limit: GSM3043067_cutadapt_bowtie2_fastqc.html
[2021-11-06 06:11:06,013] multiqc                                            [DEBUG  ]  File ignored by nanostat because it exceeded search pattern filesize limit: GSM3043067_cutadapt_bowtie2_fastqc.html
[2021-11-06 06:11:06,014] multiqc                                            [DEBUG  ]  File ignored by lima/summary because it exceeded search pattern filesize limit: GSM3043067_cutadapt_bowtie2_fastqc.html
[2021-11-06 06:11:06,017] multiqc                                            [DEBUG  ]  File ignored by vep/vep_txt because it exceeded search pattern filesize limit: GSM3043067_cutadapt_bowtie2_fastqc.html
[2021-11-06 06:11:06,017] multiqc                                            [DEBUG  ]  File ignored by longranger/invocation because it exceeded search pattern filesize limit: GSM3043067_cutadapt_bowtie2_fastqc.html
[2021-11-06 06:11:06,017] multiqc                                            [DEBUG  ]  File ignored by rockhopper because it exceeded search pattern filesize limit: GSM3043067_cutadapt_bowtie2_fastqc.html
[2021-11-06 06:11:06,017] multiqc                                            [DEBUG  ]  File ignored by rseqc/bam_stat because it exceeded search pattern filesize limit: GSM3043067_cutadapt_bowtie2_fastqc.html
[2021-11-06 06:11:06,017] multiqc                                            [DEBUG  ]  File ignored by rseqc/junction_annotation because it exceeded search pattern filesize limit: GSM3043067_cutadapt_bowtie2_fastqc.html
[2021-11-06 06:11:06,017] multiqc                                            [DEBUG  ]  File ignored by rseqc/read_distribution because it exceeded search pattern filesize limit: GSM3043067_cutadapt_bowtie2_fastqc.html
[2021-11-06 06:11:06,017] multiqc                                            [DEBUG  ]  File ignored by rseqc/infer_experiment because it exceeded search pattern filesize limit: GSM3043067_cutadapt_bowtie2_fastqc.html
[2021-11-06 06:11:06,193] multiqc                                            [DEBUG  ]  File ignored by ccs/v4 because it exceeded search pattern filesize limit: GSM3043067_cutadapt_1_fastqc.log
[2021-11-06 06:11:06,194] multiqc                                            [DEBUG  ]  File ignored by lima/summary because it exceeded search pattern filesize limit: GSM3043067_cutadapt_1_fastqc.log
[2021-11-06 06:11:06,260] multiqc                                            [DEBUG  ]  File ignored by ccs/v4 because it exceeded search pattern filesize limit: GSM3043067_cutadapt_1_fastqc.html
[2021-11-06 06:11:06,262] multiqc                                            [DEBUG  ]  File ignored by hicexplorer because it exceeded search pattern filesize limit: GSM3043067_cutadapt_1_fastqc.html
[2021-11-06 06:11:06,262] multiqc                                            [DEBUG  ]  File ignored by nanostat because it exceeded search pattern filesize limit: GSM3043067_cutadapt_1_fastqc.html
[2021-11-06 06:11:06,262] multiqc                                            [DEBUG  ]  File ignored by lima/summary because it exceeded search pattern filesize limit: GSM3043067_cutadapt_1_fastqc.html
[2021-11-06 06:11:06,265] multiqc                                            [DEBUG  ]  File ignored by vep/vep_txt because it exceeded search pattern filesize limit: GSM3043067_cutadapt_1_fastqc.html
[2021-11-06 06:11:06,265] multiqc                                            [DEBUG  ]  File ignored by longranger/invocation because it exceeded search pattern filesize limit: GSM3043067_cutadapt_1_fastqc.html
[2021-11-06 06:11:06,265] multiqc                                            [DEBUG  ]  File ignored by rockhopper because it exceeded search pattern filesize limit: GSM3043067_cutadapt_1_fastqc.html
[2021-11-06 06:11:06,265] multiqc                                            [DEBUG  ]  File ignored by rseqc/bam_stat because it exceeded search pattern filesize limit: GSM3043067_cutadapt_1_fastqc.html
[2021-11-06 06:11:06,265] multiqc                                            [DEBUG  ]  File ignored by rseqc/junction_annotation because it exceeded search pattern filesize limit: GSM3043067_cutadapt_1_fastqc.html
[2021-11-06 06:11:06,265] multiqc                                            [DEBUG  ]  File ignored by rseqc/read_distribution because it exceeded search pattern filesize limit: GSM3043067_cutadapt_1_fastqc.html
[2021-11-06 06:11:06,266] multiqc                                            [DEBUG  ]  File ignored by rseqc/infer_experiment because it exceeded search pattern filesize limit: GSM3043067_cutadapt_1_fastqc.html
[2021-11-06 06:11:06,486] multiqc                                            [DEBUG  ]  File ignored by ccs/v4 because it exceeded search pattern filesize limit: GSM3043067_2_fastqc.html
[2021-11-06 06:11:06,487] multiqc                                            [DEBUG  ]  File ignored by hicexplorer because it exceeded search pattern filesize limit: GSM3043067_2_fastqc.html
[2021-11-06 06:11:06,487] multiqc                                            [DEBUG  ]  File ignored by nanostat because it exceeded search pattern filesize limit: GSM3043067_2_fastqc.html
[2021-11-06 06:11:06,488] multiqc                                            [DEBUG  ]  File ignored by lima/summary because it exceeded search pattern filesize limit: GSM3043067_2_fastqc.html
[2021-11-06 06:11:06,491] multiqc                                            [DEBUG  ]  File ignored by vep/vep_txt because it exceeded search pattern filesize limit: GSM3043067_2_fastqc.html
[2021-11-06 06:11:06,491] multiqc                                            [DEBUG  ]  File ignored by longranger/invocation because it exceeded search pattern filesize limit: GSM3043067_2_fastqc.html
[2021-11-06 06:11:06,491] multiqc                                            [DEBUG  ]  File ignored by rockhopper because it exceeded search pattern filesize limit: GSM3043067_2_fastqc.html
[2021-11-06 06:11:06,491] multiqc                                            [DEBUG  ]  File ignored by rseqc/bam_stat because it exceeded search pattern filesize limit: GSM3043067_2_fastqc.html
[2021-11-06 06:11:06,491] multiqc                                            [DEBUG  ]  File ignored by rseqc/junction_annotation because it exceeded search pattern filesize limit: GSM3043067_2_fastqc.html
[2021-11-06 06:11:06,491] multiqc                                            [DEBUG  ]  File ignored by rseqc/read_distribution because it exceeded search pattern filesize limit: GSM3043067_2_fastqc.html
[2021-11-06 06:11:06,491] multiqc                                            [DEBUG  ]  File ignored by rseqc/infer_experiment because it exceeded search pattern filesize limit: GSM3043067_2_fastqc.html
[2021-11-06 06:11:06,652] multiqc                                            [DEBUG  ]  Ignoring file as matched an ignore pattern: GSM3043103_cutadapt.fastq.gz
[2021-11-06 06:11:06,652] multiqc                                            [DEBUG  ]  Ignoring file as matched an ignore pattern: GSM3043103_2.fastq.gz
[2021-11-06 06:11:06,674] multiqc                                            [DEBUG  ]  File ignored by ccs/v4 because it exceeded search pattern filesize limit: GSM3043103_cutadapt.log
[2021-11-06 06:11:06,676] multiqc                                            [DEBUG  ]  File ignored by hicexplorer because it exceeded search pattern filesize limit: GSM3043103_cutadapt.log
[2021-11-06 06:11:06,676] multiqc                                            [DEBUG  ]  File ignored by nanostat because it exceeded search pattern filesize limit: GSM3043103_cutadapt.log
[2021-11-06 06:11:06,676] multiqc                                            [DEBUG  ]  File ignored by lima/summary because it exceeded search pattern filesize limit: GSM3043103_cutadapt.log
[2021-11-06 06:11:06,678] multiqc                                            [DEBUG  ]  File ignored by longranger/invocation because it exceeded search pattern filesize limit: GSM3043103_cutadapt.log
[2021-11-06 06:11:06,694] multiqc                                            [DEBUG  ]  File ignored by ccs/v4 because it exceeded search pattern filesize limit: GSM3043103_2.fastq.gz_trimming_report.txt
[2021-11-06 06:11:06,696] multiqc                                            [DEBUG  ]  File ignored by lima/summary because it exceeded search pattern filesize limit: GSM3043103_2.fastq.gz_trimming_report.txt
[2021-11-06 06:11:06,698] multiqc                                            [DEBUG  ]  File ignored by longranger/invocation because it exceeded search pattern filesize limit: GSM3043103_2.fastq.gz_trimming_report.txt
[2021-11-06 06:11:06,738] multiqc                                            [DEBUG  ]  File ignored by ccs/v4 because it exceeded search pattern filesize limit: GSM3043103_cutadapt_bowtie2_plus_strand_bedgraph_to_tdf.log
[2021-11-06 06:11:06,739] multiqc                                            [DEBUG  ]  File ignored by lima/summary because it exceeded search pattern filesize limit: GSM3043103_cutadapt_bowtie2_plus_strand_bedgraph_to_tdf.log
[2021-11-06 06:11:06,747] multiqc                                            [DEBUG  ]  Ignoring file as matched an ignore pattern: GSM3043103_cutadapt_bowtie2.bam.bai
[2021-11-06 06:11:06,747] multiqc                                            [DEBUG  ]  Ignoring file as matched an ignore pattern: GSM3043103_cutadapt_2.fastq.gz
[2021-11-06 06:11:06,747] multiqc                                            [DEBUG  ]  Ignoring file as matched an ignore pattern: GSM3043103_1.fastq.gz
[2021-11-06 06:11:06,788] multiqc                                            [DEBUG  ]  File ignored by ccs/v4 because it exceeded search pattern filesize limit: GSM3043103_cutadapt_bowtie2_minus_strand_bedgraph_to_tdf.log
[2021-11-06 06:11:06,790] multiqc                                            [DEBUG  ]  File ignored by lima/summary because it exceeded search pattern filesize limit: GSM3043103_cutadapt_bowtie2_minus_strand_bedgraph_to_tdf.log
[2021-11-06 06:11:06,797] multiqc                                            [DEBUG  ]  Ignoring file as matched an ignore pattern: GSM3043103_cutadapt_1.fastq.gz
[2021-11-06 06:11:06,837] multiqc                                            [DEBUG  ]  File ignored by ccs/v4 because it exceeded search pattern filesize limit: GSM3043103_1.fastq.gz_trimming_report.txt
[2021-11-06 06:11:06,839] multiqc                                            [DEBUG  ]  File ignored by lima/summary because it exceeded search pattern filesize limit: GSM3043103_1.fastq.gz_trimming_report.txt
[2021-11-06 06:11:06,841] multiqc                                            [DEBUG  ]  File ignored by longranger/invocation because it exceeded search pattern filesize limit: GSM3043103_1.fastq.gz_trimming_report.txt
[2021-11-06 06:11:06,870] multiqc                                            [DEBUG  ]  Ignoring file as matched an ignore pattern: GSM3043103_cutadapt_bowtie2.bam
[2021-11-06 06:11:07,064] multiqc                                            [DEBUG  ]  File ignored by ccs/v4 because it exceeded search pattern filesize limit: GSM3043103_cutadapt_bowtie2_bedgraph_to_tdf.log
[2021-11-06 06:11:07,066] multiqc                                            [DEBUG  ]  File ignored by lima/summary because it exceeded search pattern filesize limit: GSM3043103_cutadapt_bowtie2_bedgraph_to_tdf.log
[2021-11-06 06:11:07,077] multiqc                                            [DEBUG  ]  File ignored by ccs/v4 because it exceeded search pattern filesize limit: GSM3043103_cutadapt_1_fastqc.log
[2021-11-06 06:11:07,079] multiqc                                            [DEBUG  ]  File ignored by lima/summary because it exceeded search pattern filesize limit: GSM3043103_cutadapt_1_fastqc.log
[2021-11-06 06:11:07,157] multiqc                                            [DEBUG  ]  File ignored by ccs/v4 because it exceeded search pattern filesize limit: GSM3043103_cutadapt_1_fastqc.html
[2021-11-06 06:11:07,159] multiqc                                            [DEBUG  ]  File ignored by hicexplorer because it exceeded search pattern filesize limit: GSM3043103_cutadapt_1_fastqc.html
[2021-11-06 06:11:07,159] multiqc                                            [DEBUG  ]  File ignored by nanostat because it exceeded search pattern filesize limit: GSM3043103_cutadapt_1_fastqc.html
[2021-11-06 06:11:07,159] multiqc                                            [DEBUG  ]  File ignored by lima/summary because it exceeded search pattern filesize limit: GSM3043103_cutadapt_1_fastqc.html
[2021-11-06 06:11:07,162] multiqc                                            [DEBUG  ]  File ignored by vep/vep_txt because it exceeded search pattern filesize limit: GSM3043103_cutadapt_1_fastqc.html
[2021-11-06 06:11:07,162] multiqc                                            [DEBUG  ]  File ignored by longranger/invocation because it exceeded search pattern filesize limit: GSM3043103_cutadapt_1_fastqc.html
[2021-11-06 06:11:07,162] multiqc                                            [DEBUG  ]  File ignored by rockhopper because it exceeded search pattern filesize limit: GSM3043103_cutadapt_1_fastqc.html
[2021-11-06 06:11:07,162] multiqc                                            [DEBUG  ]  File ignored by rseqc/bam_stat because it exceeded search pattern filesize limit: GSM3043103_cutadapt_1_fastqc.html
[2021-11-06 06:11:07,163] multiqc                                            [DEBUG  ]  File ignored by rseqc/junction_annotation because it exceeded search pattern filesize limit: GSM3043103_cutadapt_1_fastqc.html
[2021-11-06 06:11:07,163] multiqc                                            [DEBUG  ]  File ignored by rseqc/read_distribution because it exceeded search pattern filesize limit: GSM3043103_cutadapt_1_fastqc.html
[2021-11-06 06:11:07,163] multiqc                                            [DEBUG  ]  File ignored by rseqc/infer_experiment because it exceeded search pattern filesize limit: GSM3043103_cutadapt_1_fastqc.html
[2021-11-06 06:11:07,429] multiqc                                            [DEBUG  ]  File ignored by ccs/v4 because it exceeded search pattern filesize limit: GSM3043103_2_fastqc.html
[2021-11-06 06:11:07,431] multiqc                                            [DEBUG  ]  File ignored by hicexplorer because it exceeded search pattern filesize limit: GSM3043103_2_fastqc.html
[2021-11-06 06:11:07,431] multiqc                                            [DEBUG  ]  File ignored by nanostat because it exceeded search pattern filesize limit: GSM3043103_2_fastqc.html
[2021-11-06 06:11:07,431] multiqc                                            [DEBUG  ]  File ignored by lima/summary because it exceeded search pattern filesize limit: GSM3043103_2_fastqc.html
[2021-11-06 06:11:07,434] multiqc                                            [DEBUG  ]  File ignored by vep/vep_txt because it exceeded search pattern filesize limit: GSM3043103_2_fastqc.html
[2021-11-06 06:11:07,434] multiqc                                            [DEBUG  ]  File ignored by longranger/invocation because it exceeded search pattern filesize limit: GSM3043103_2_fastqc.html
[2021-11-06 06:11:07,435] multiqc                                            [DEBUG  ]  File ignored by rockhopper because it exceeded search pattern filesize limit: GSM3043103_2_fastqc.html
[2021-11-06 06:11:07,435] multiqc                                            [DEBUG  ]  File ignored by rseqc/bam_stat because it exceeded search pattern filesize limit: GSM3043103_2_fastqc.html
[2021-11-06 06:11:07,435] multiqc                                            [DEBUG  ]  File ignored by rseqc/junction_annotation because it exceeded search pattern filesize limit: GSM3043103_2_fastqc.html
[2021-11-06 06:11:07,435] multiqc                                            [DEBUG  ]  File ignored by rseqc/read_distribution because it exceeded search pattern filesize limit: GSM3043103_2_fastqc.html
[2021-11-06 06:11:07,435] multiqc                                            [DEBUG  ]  File ignored by rseqc/infer_experiment because it exceeded search pattern filesize limit: GSM3043103_2_fastqc.html
[2021-11-06 06:11:07,579] multiqc                                            [DEBUG  ]  File ignored by ccs/v4 because it exceeded search pattern filesize limit: GSM3043103_cutadapt_2_fastqc.log
[2021-11-06 06:11:07,581] multiqc                                            [DEBUG  ]  File ignored by lima/summary because it exceeded search pattern filesize limit: GSM3043103_cutadapt_2_fastqc.log
[2021-11-06 06:11:07,640] multiqc                                            [DEBUG  ]  File ignored by ccs/v4 because it exceeded search pattern filesize limit: GSM3043103_cutadapt_2_fastqc.html
[2021-11-06 06:11:07,642] multiqc                                            [DEBUG  ]  File ignored by hicexplorer because it exceeded search pattern filesize limit: GSM3043103_cutadapt_2_fastqc.html
[2021-11-06 06:11:07,642] multiqc                                            [DEBUG  ]  File ignored by nanostat because it exceeded search pattern filesize limit: GSM3043103_cutadapt_2_fastqc.html
[2021-11-06 06:11:07,642] multiqc                                            [DEBUG  ]  File ignored by lima/summary because it exceeded search pattern filesize limit: GSM3043103_cutadapt_2_fastqc.html
[2021-11-06 06:11:07,645] multiqc                                            [DEBUG  ]  File ignored by vep/vep_txt because it exceeded search pattern filesize limit: GSM3043103_cutadapt_2_fastqc.html
[2021-11-06 06:11:07,645] multiqc                                            [DEBUG  ]  File ignored by longranger/invocation because it exceeded search pattern filesize limit: GSM3043103_cutadapt_2_fastqc.html
[2021-11-06 06:11:07,645] multiqc                                            [DEBUG  ]  File ignored by rockhopper because it exceeded search pattern filesize limit: GSM3043103_cutadapt_2_fastqc.html
[2021-11-06 06:11:07,645] multiqc                                            [DEBUG  ]  File ignored by rseqc/bam_stat because it exceeded search pattern filesize limit: GSM3043103_cutadapt_2_fastqc.html
[2021-11-06 06:11:07,645] multiqc                                            [DEBUG  ]  File ignored by rseqc/junction_annotation because it exceeded search pattern filesize limit: GSM3043103_cutadapt_2_fastqc.html
[2021-11-06 06:11:07,646] multiqc                                            [DEBUG  ]  File ignored by rseqc/read_distribution because it exceeded search pattern filesize limit: GSM3043103_cutadapt_2_fastqc.html
[2021-11-06 06:11:07,646] multiqc                                            [DEBUG  ]  File ignored by rseqc/infer_experiment because it exceeded search pattern filesize limit: GSM3043103_cutadapt_2_fastqc.html
[2021-11-06 06:11:07,785] multiqc                                            [DEBUG  ]  File ignored by ccs/v4 because it exceeded search pattern filesize limit: GSM3043103_cutadapt_bowtie2_fastqc.log
[2021-11-06 06:11:07,786] multiqc                                            [DEBUG  ]  File ignored by lima/summary because it exceeded search pattern filesize limit: GSM3043103_cutadapt_bowtie2_fastqc.log
[2021-11-06 06:11:07,814] multiqc                                            [DEBUG  ]  File ignored by ccs/v4 because it exceeded search pattern filesize limit: GSM3043103_cutadapt_bowtie2_fastqc.html
[2021-11-06 06:11:07,815] multiqc                                            [DEBUG  ]  File ignored by hicexplorer because it exceeded search pattern filesize limit: GSM3043103_cutadapt_bowtie2_fastqc.html
[2021-11-06 06:11:07,816] multiqc                                            [DEBUG  ]  File ignored by nanostat because it exceeded search pattern filesize limit: GSM3043103_cutadapt_bowtie2_fastqc.html
[2021-11-06 06:11:07,816] multiqc                                            [DEBUG  ]  File ignored by lima/summary because it exceeded search pattern filesize limit: GSM3043103_cutadapt_bowtie2_fastqc.html
[2021-11-06 06:11:07,819] multiqc                                            [DEBUG  ]  File ignored by vep/vep_txt because it exceeded search pattern filesize limit: GSM3043103_cutadapt_bowtie2_fastqc.html
[2021-11-06 06:11:07,822] multiqc                                            [DEBUG  ]  File ignored by longranger/invocation because it exceeded search pattern filesize limit: GSM3043103_cutadapt_bowtie2_fastqc.html
[2021-11-06 06:11:07,822] multiqc                                            [DEBUG  ]  File ignored by rockhopper because it exceeded search pattern filesize limit: GSM3043103_cutadapt_bowtie2_fastqc.html
[2021-11-06 06:11:07,823] multiqc                                            [DEBUG  ]  File ignored by rseqc/bam_stat because it exceeded search pattern filesize limit: GSM3043103_cutadapt_bowtie2_fastqc.html
[2021-11-06 06:11:07,823] multiqc                                            [DEBUG  ]  File ignored by rseqc/junction_annotation because it exceeded search pattern filesize limit: GSM3043103_cutadapt_bowtie2_fastqc.html
[2021-11-06 06:11:07,823] multiqc                                            [DEBUG  ]  File ignored by rseqc/read_distribution because it exceeded search pattern filesize limit: GSM3043103_cutadapt_bowtie2_fastqc.html
[2021-11-06 06:11:07,823] multiqc                                            [DEBUG  ]  File ignored by rseqc/infer_experiment because it exceeded search pattern filesize limit: GSM3043103_cutadapt_bowtie2_fastqc.html
[2021-11-06 06:11:08,066] multiqc                                            [DEBUG  ]  File ignored by ccs/v4 because it exceeded search pattern filesize limit: GSM3043103_1_fastqc.html
[2021-11-06 06:11:08,068] multiqc                                            [DEBUG  ]  File ignored by hicexplorer because it exceeded search pattern filesize limit: GSM3043103_1_fastqc.html
[2021-11-06 06:11:08,068] multiqc                                            [DEBUG  ]  File ignored by nanostat because it exceeded search pattern filesize limit: GSM3043103_1_fastqc.html
[2021-11-06 06:11:08,068] multiqc                                            [DEBUG  ]  File ignored by lima/summary because it exceeded search pattern filesize limit: GSM3043103_1_fastqc.html
[2021-11-06 06:11:08,071] multiqc                                            [DEBUG  ]  File ignored by vep/vep_txt because it exceeded search pattern filesize limit: GSM3043103_1_fastqc.html
[2021-11-06 06:11:08,071] multiqc                                            [DEBUG  ]  File ignored by longranger/invocation because it exceeded search pattern filesize limit: GSM3043103_1_fastqc.html
[2021-11-06 06:11:08,071] multiqc                                            [DEBUG  ]  File ignored by rockhopper because it exceeded search pattern filesize limit: GSM3043103_1_fastqc.html
[2021-11-06 06:11:08,071] multiqc                                            [DEBUG  ]  File ignored by rseqc/bam_stat because it exceeded search pattern filesize limit: GSM3043103_1_fastqc.html
[2021-11-06 06:11:08,072] multiqc                                            [DEBUG  ]  File ignored by rseqc/junction_annotation because it exceeded search pattern filesize limit: GSM3043103_1_fastqc.html
[2021-11-06 06:11:08,072] multiqc                                            [DEBUG  ]  File ignored by rseqc/read_distribution because it exceeded search pattern filesize limit: GSM3043103_1_fastqc.html
[2021-11-06 06:11:08,072] multiqc                                            [DEBUG  ]  File ignored by rseqc/infer_experiment because it exceeded search pattern filesize limit: GSM3043103_1_fastqc.html
[2021-11-06 06:11:08,220] multiqc                                            [DEBUG  ]  File ignored by ccs/v4 because it exceeded search pattern filesize limit: DS00074_peaks.ft
[2021-11-06 06:11:08,222] multiqc                                            [DEBUG  ]  File ignored by lima/summary because it exceeded search pattern filesize limit: DS00074_peaks.ft
[2021-11-06 06:11:08,224] multiqc                                            [DEBUG  ]  File ignored by longranger/invocation because it exceeded search pattern filesize limit: DS00074_peaks.ft
[2021-11-06 06:11:08,255] multiqc                                            [DEBUG  ]  File ignored by ccs/v4 because it exceeded search pattern filesize limit: DS00074_peaks.fasta
[2021-11-06 06:11:08,256] multiqc                                            [DEBUG  ]  File ignored by hicexplorer because it exceeded search pattern filesize limit: DS00074_peaks.fasta
[2021-11-06 06:11:08,256] multiqc                                            [DEBUG  ]  File ignored by nanostat because it exceeded search pattern filesize limit: DS00074_peaks.fasta
[2021-11-06 06:11:08,257] multiqc                                            [DEBUG  ]  File ignored by lima/summary because it exceeded search pattern filesize limit: DS00074_peaks.fasta
[2021-11-06 06:11:08,259] multiqc                                            [DEBUG  ]  File ignored by vep/vep_txt because it exceeded search pattern filesize limit: DS00074_peaks.fasta
[2021-11-06 06:11:08,259] multiqc                                            [DEBUG  ]  File ignored by longranger/invocation because it exceeded search pattern filesize limit: DS00074_peaks.fasta
[2021-11-06 06:11:08,298] multiqc                                            [DEBUG  ]  Ignoring file as matched an ignore pattern: DS00074_peaks.bed
[2021-11-06 06:11:08,302] multiqc                                            [DEBUG  ]  File ignored by ccs/v4 because it exceeded search pattern filesize limit: DS00074_matrix.tab
[2021-11-06 06:11:08,304] multiqc                                            [DEBUG  ]  File ignored by lima/summary because it exceeded search pattern filesize limit: DS00074_matrix.tab
[2021-11-06 06:11:08,306] multiqc                                            [DEBUG  ]  File ignored by longranger/invocation because it exceeded search pattern filesize limit: DS00074_matrix.tab
[2021-11-06 06:11:08,312] multiqc                                            [DEBUG  ]  Ignoring file as matched an ignore pattern: DS00074_sites.bed
[2021-11-06 06:11:08,322] multiqc                                            [DEBUG  ]  File ignored by ccs/v4 because it exceeded search pattern filesize limit: DS00074_peaks.narrowPeak
[2021-11-06 06:11:08,323] multiqc                                            [DEBUG  ]  File ignored by hicexplorer because it exceeded search pattern filesize limit: DS00074_peaks.narrowPeak
[2021-11-06 06:11:08,323] multiqc                                            [DEBUG  ]  File ignored by nanostat because it exceeded search pattern filesize limit: DS00074_peaks.narrowPeak
[2021-11-06 06:11:08,323] multiqc                                            [DEBUG  ]  File ignored by lima/summary because it exceeded search pattern filesize limit: DS00074_peaks.narrowPeak
[2021-11-06 06:11:08,326] multiqc                                            [DEBUG  ]  File ignored by longranger/invocation because it exceeded search pattern filesize limit: DS00074_peaks.narrowPeak
[2021-11-06 06:11:08,342] multiqc                                            [DEBUG  ]  Ignoring file as matched an ignore pattern: DS00074_summits.bed
[2021-11-06 06:11:08,393] multiqc                                            [DEBUG  ]  File ignored by ccs/v4 because it exceeded search pattern filesize limit: GSM3043068_2.fastq.gz_trimming_report.txt
[2021-11-06 06:11:08,394] multiqc                                            [DEBUG  ]  File ignored by lima/summary because it exceeded search pattern filesize limit: GSM3043068_2.fastq.gz_trimming_report.txt
[2021-11-06 06:11:08,396] multiqc                                            [DEBUG  ]  File ignored by longranger/invocation because it exceeded search pattern filesize limit: GSM3043068_2.fastq.gz_trimming_report.txt
[2021-11-06 06:11:08,407] multiqc                                            [DEBUG  ]  File ignored by ccs/v4 because it exceeded search pattern filesize limit: GSM3043068_cutadapt_bowtie2_bedgraph_to_tdf.log
[2021-11-06 06:11:08,409] multiqc                                            [DEBUG  ]  File ignored by lima/summary because it exceeded search pattern filesize limit: GSM3043068_cutadapt_bowtie2_bedgraph_to_tdf.log
[2021-11-06 06:11:08,461] multiqc                                            [DEBUG  ]  Ignoring file as matched an ignore pattern: GSM3043068_cutadapt_2.fastq.gz
[2021-11-06 06:11:08,497] multiqc                                            [DEBUG  ]  Ignoring file as matched an ignore pattern: GSM3043068_cutadapt_bowtie2.bam
[2021-11-06 06:11:08,502] multiqc                                            [DEBUG  ]  File ignored by ccs/v4 because it exceeded search pattern filesize limit: GSM3043068_cutadapt_bowtie2_minus_strand_bedgraph_to_tdf.log
[2021-11-06 06:11:08,504] multiqc                                            [DEBUG  ]  File ignored by lima/summary because it exceeded search pattern filesize limit: GSM3043068_cutadapt_bowtie2_minus_strand_bedgraph_to_tdf.log
[2021-11-06 06:11:08,511] multiqc                                            [DEBUG  ]  Ignoring file as matched an ignore pattern: GSM3043068_2.fastq.gz
[2021-11-06 06:11:08,576] multiqc                                            [DEBUG  ]  Ignoring file as matched an ignore pattern: GSM3043068_1.fastq.gz
[2021-11-06 06:11:08,576] multiqc                                            [DEBUG  ]  Ignoring file as matched an ignore pattern: GSM3043068_cutadapt_bowtie2.bam.bai
[2021-11-06 06:11:08,663] multiqc                                            [DEBUG  ]  File ignored by ccs/v4 because it exceeded search pattern filesize limit: GSM3043068_cutadapt.log
[2021-11-06 06:11:08,664] multiqc                                            [DEBUG  ]  File ignored by hicexplorer because it exceeded search pattern filesize limit: GSM3043068_cutadapt.log
[2021-11-06 06:11:08,665] multiqc                                            [DEBUG  ]  File ignored by nanostat because it exceeded search pattern filesize limit: GSM3043068_cutadapt.log
[2021-11-06 06:11:08,665] multiqc                                            [DEBUG  ]  File ignored by lima/summary because it exceeded search pattern filesize limit: GSM3043068_cutadapt.log
[2021-11-06 06:11:08,667] multiqc                                            [DEBUG  ]  File ignored by longranger/invocation because it exceeded search pattern filesize limit: GSM3043068_cutadapt.log
[2021-11-06 06:11:08,689] multiqc                                            [DEBUG  ]  Ignoring file as matched an ignore pattern: GSM3043068_cutadapt_1.fastq.gz
[2021-11-06 06:11:08,693] multiqc                                            [DEBUG  ]  File ignored by ccs/v4 because it exceeded search pattern filesize limit: GSM3043068_1.fastq.gz_trimming_report.txt
[2021-11-06 06:11:08,695] multiqc                                            [DEBUG  ]  File ignored by lima/summary because it exceeded search pattern filesize limit: GSM3043068_1.fastq.gz_trimming_report.txt
[2021-11-06 06:11:08,697] multiqc                                            [DEBUG  ]  File ignored by longranger/invocation because it exceeded search pattern filesize limit: GSM3043068_1.fastq.gz_trimming_report.txt
[2021-11-06 06:11:08,704] multiqc                                            [DEBUG  ]  Ignoring file as matched an ignore pattern: GSM3043068_cutadapt.fastq.gz
[2021-11-06 06:11:08,709] multiqc                                            [DEBUG  ]  File ignored by ccs/v4 because it exceeded search pattern filesize limit: GSM3043068_cutadapt_bowtie2_plus_strand_bedgraph_to_tdf.log
[2021-11-06 06:11:08,710] multiqc                                            [DEBUG  ]  File ignored by lima/summary because it exceeded search pattern filesize limit: GSM3043068_cutadapt_bowtie2_plus_strand_bedgraph_to_tdf.log
[2021-11-06 06:11:08,871] multiqc                                            [DEBUG  ]  File ignored by ccs/v4 because it exceeded search pattern filesize limit: GSM3043068_cutadapt_2_fastqc.log
[2021-11-06 06:11:08,872] multiqc                                            [DEBUG  ]  File ignored by lima/summary because it exceeded search pattern filesize limit: GSM3043068_cutadapt_2_fastqc.log
[2021-11-06 06:11:08,952] multiqc                                            [DEBUG  ]  File ignored by ccs/v4 because it exceeded search pattern filesize limit: GSM3043068_cutadapt_2_fastqc.html
[2021-11-06 06:11:08,954] multiqc                                            [DEBUG  ]  File ignored by hicexplorer because it exceeded search pattern filesize limit: GSM3043068_cutadapt_2_fastqc.html
[2021-11-06 06:11:08,954] multiqc                                            [DEBUG  ]  File ignored by nanostat because it exceeded search pattern filesize limit: GSM3043068_cutadapt_2_fastqc.html
[2021-11-06 06:11:08,954] multiqc                                            [DEBUG  ]  File ignored by lima/summary because it exceeded search pattern filesize limit: GSM3043068_cutadapt_2_fastqc.html
[2021-11-06 06:11:08,957] multiqc                                            [DEBUG  ]  File ignored by vep/vep_txt because it exceeded search pattern filesize limit: GSM3043068_cutadapt_2_fastqc.html
[2021-11-06 06:11:08,957] multiqc                                            [DEBUG  ]  File ignored by longranger/invocation because it exceeded search pattern filesize limit: GSM3043068_cutadapt_2_fastqc.html
[2021-11-06 06:11:08,957] multiqc                                            [DEBUG  ]  File ignored by rockhopper because it exceeded search pattern filesize limit: GSM3043068_cutadapt_2_fastqc.html
[2021-11-06 06:11:08,957] multiqc                                            [DEBUG  ]  File ignored by rseqc/bam_stat because it exceeded search pattern filesize limit: GSM3043068_cutadapt_2_fastqc.html
[2021-11-06 06:11:08,957] multiqc                                            [DEBUG  ]  File ignored by rseqc/junction_annotation because it exceeded search pattern filesize limit: GSM3043068_cutadapt_2_fastqc.html
[2021-11-06 06:11:08,958] multiqc                                            [DEBUG  ]  File ignored by rseqc/read_distribution because it exceeded search pattern filesize limit: GSM3043068_cutadapt_2_fastqc.html
[2021-11-06 06:11:08,958] multiqc                                            [DEBUG  ]  File ignored by rseqc/infer_experiment because it exceeded search pattern filesize limit: GSM3043068_cutadapt_2_fastqc.html
[2021-11-06 06:11:09,114] multiqc                                            [DEBUG  ]  File ignored by ccs/v4 because it exceeded search pattern filesize limit: GSM3043068_1_fastqc.html
[2021-11-06 06:11:09,116] multiqc                                            [DEBUG  ]  File ignored by hicexplorer because it exceeded search pattern filesize limit: GSM3043068_1_fastqc.html
[2021-11-06 06:11:09,116] multiqc                                            [DEBUG  ]  File ignored by nanostat because it exceeded search pattern filesize limit: GSM3043068_1_fastqc.html
[2021-11-06 06:11:09,116] multiqc                                            [DEBUG  ]  File ignored by lima/summary because it exceeded search pattern filesize limit: GSM3043068_1_fastqc.html
[2021-11-06 06:11:09,119] multiqc                                            [DEBUG  ]  File ignored by vep/vep_txt because it exceeded search pattern filesize limit: GSM3043068_1_fastqc.html
[2021-11-06 06:11:09,119] multiqc                                            [DEBUG  ]  File ignored by longranger/invocation because it exceeded search pattern filesize limit: GSM3043068_1_fastqc.html
[2021-11-06 06:11:09,119] multiqc                                            [DEBUG  ]  File ignored by rockhopper because it exceeded search pattern filesize limit: GSM3043068_1_fastqc.html
[2021-11-06 06:11:09,119] multiqc                                            [DEBUG  ]  File ignored by rseqc/bam_stat because it exceeded search pattern filesize limit: GSM3043068_1_fastqc.html
[2021-11-06 06:11:09,119] multiqc                                            [DEBUG  ]  File ignored by rseqc/junction_annotation because it exceeded search pattern filesize limit: GSM3043068_1_fastqc.html
[2021-11-06 06:11:09,119] multiqc                                            [DEBUG  ]  File ignored by rseqc/read_distribution because it exceeded search pattern filesize limit: GSM3043068_1_fastqc.html
[2021-11-06 06:11:09,119] multiqc                                            [DEBUG  ]  File ignored by rseqc/infer_experiment because it exceeded search pattern filesize limit: GSM3043068_1_fastqc.html
[2021-11-06 06:11:09,372] multiqc                                            [DEBUG  ]  File ignored by ccs/v4 because it exceeded search pattern filesize limit: GSM3043068_2_fastqc.html
[2021-11-06 06:11:09,373] multiqc                                            [DEBUG  ]  File ignored by hicexplorer because it exceeded search pattern filesize limit: GSM3043068_2_fastqc.html
[2021-11-06 06:11:09,373] multiqc                                            [DEBUG  ]  File ignored by nanostat because it exceeded search pattern filesize limit: GSM3043068_2_fastqc.html
[2021-11-06 06:11:09,374] multiqc                                            [DEBUG  ]  File ignored by lima/summary because it exceeded search pattern filesize limit: GSM3043068_2_fastqc.html
[2021-11-06 06:11:09,377] multiqc                                            [DEBUG  ]  File ignored by vep/vep_txt because it exceeded search pattern filesize limit: GSM3043068_2_fastqc.html
[2021-11-06 06:11:09,377] multiqc                                            [DEBUG  ]  File ignored by longranger/invocation because it exceeded search pattern filesize limit: GSM3043068_2_fastqc.html
[2021-11-06 06:11:09,377] multiqc                                            [DEBUG  ]  File ignored by rockhopper because it exceeded search pattern filesize limit: GSM3043068_2_fastqc.html
[2021-11-06 06:11:09,377] multiqc                                            [DEBUG  ]  File ignored by rseqc/bam_stat because it exceeded search pattern filesize limit: GSM3043068_2_fastqc.html
[2021-11-06 06:11:09,377] multiqc                                            [DEBUG  ]  File ignored by rseqc/junction_annotation because it exceeded search pattern filesize limit: GSM3043068_2_fastqc.html
[2021-11-06 06:11:09,377] multiqc                                            [DEBUG  ]  File ignored by rseqc/read_distribution because it exceeded search pattern filesize limit: GSM3043068_2_fastqc.html
[2021-11-06 06:11:09,377] multiqc                                            [DEBUG  ]  File ignored by rseqc/infer_experiment because it exceeded search pattern filesize limit: GSM3043068_2_fastqc.html
[2021-11-06 06:11:09,573] multiqc                                            [DEBUG  ]  File ignored by ccs/v4 because it exceeded search pattern filesize limit: GSM3043068_cutadapt_1_fastqc.html
[2021-11-06 06:11:09,575] multiqc                                            [DEBUG  ]  File ignored by hicexplorer because it exceeded search pattern filesize limit: GSM3043068_cutadapt_1_fastqc.html
[2021-11-06 06:11:09,617] multiqc                                            [DEBUG  ]  File ignored by nanostat because it exceeded search pattern filesize limit: GSM3043068_cutadapt_1_fastqc.html
[2021-11-06 06:11:09,617] multiqc                                            [DEBUG  ]  File ignored by lima/summary because it exceeded search pattern filesize limit: GSM3043068_cutadapt_1_fastqc.html
[2021-11-06 06:11:09,620] multiqc                                            [DEBUG  ]  File ignored by vep/vep_txt because it exceeded search pattern filesize limit: GSM3043068_cutadapt_1_fastqc.html
[2021-11-06 06:11:09,620] multiqc                                            [DEBUG  ]  File ignored by longranger/invocation because it exceeded search pattern filesize limit: GSM3043068_cutadapt_1_fastqc.html
[2021-11-06 06:11:09,620] multiqc                                            [DEBUG  ]  File ignored by rockhopper because it exceeded search pattern filesize limit: GSM3043068_cutadapt_1_fastqc.html
[2021-11-06 06:11:09,620] multiqc                                            [DEBUG  ]  File ignored by rseqc/bam_stat because it exceeded search pattern filesize limit: GSM3043068_cutadapt_1_fastqc.html
[2021-11-06 06:11:09,621] multiqc                                            [DEBUG  ]  File ignored by rseqc/junction_annotation because it exceeded search pattern filesize limit: GSM3043068_cutadapt_1_fastqc.html
[2021-11-06 06:11:09,621] multiqc                                            [DEBUG  ]  File ignored by rseqc/read_distribution because it exceeded search pattern filesize limit: GSM3043068_cutadapt_1_fastqc.html
[2021-11-06 06:11:09,621] multiqc                                            [DEBUG  ]  File ignored by rseqc/infer_experiment because it exceeded search pattern filesize limit: GSM3043068_cutadapt_1_fastqc.html
[2021-11-06 06:11:09,759] multiqc                                            [DEBUG  ]  File ignored by ccs/v4 because it exceeded search pattern filesize limit: GSM3043068_cutadapt_1_fastqc.log
[2021-11-06 06:11:09,761] multiqc                                            [DEBUG  ]  File ignored by lima/summary because it exceeded search pattern filesize limit: GSM3043068_cutadapt_1_fastqc.log
[2021-11-06 06:11:09,920] multiqc                                            [DEBUG  ]  File ignored by ccs/v4 because it exceeded search pattern filesize limit: GSM3043068_cutadapt_bowtie2_fastqc.html
[2021-11-06 06:11:09,921] multiqc                                            [DEBUG  ]  File ignored by hicexplorer because it exceeded search pattern filesize limit: GSM3043068_cutadapt_bowtie2_fastqc.html
[2021-11-06 06:11:09,922] multiqc                                            [DEBUG  ]  File ignored by nanostat because it exceeded search pattern filesize limit: GSM3043068_cutadapt_bowtie2_fastqc.html
[2021-11-06 06:11:09,922] multiqc                                            [DEBUG  ]  File ignored by lima/summary because it exceeded search pattern filesize limit: GSM3043068_cutadapt_bowtie2_fastqc.html
[2021-11-06 06:11:09,925] multiqc                                            [DEBUG  ]  File ignored by vep/vep_txt because it exceeded search pattern filesize limit: GSM3043068_cutadapt_bowtie2_fastqc.html
[2021-11-06 06:11:09,925] multiqc                                            [DEBUG  ]  File ignored by longranger/invocation because it exceeded search pattern filesize limit: GSM3043068_cutadapt_bowtie2_fastqc.html
[2021-11-06 06:11:09,925] multiqc                                            [DEBUG  ]  File ignored by rockhopper because it exceeded search pattern filesize limit: GSM3043068_cutadapt_bowtie2_fastqc.html
[2021-11-06 06:11:09,925] multiqc                                            [DEBUG  ]  File ignored by rseqc/bam_stat because it exceeded search pattern filesize limit: GSM3043068_cutadapt_bowtie2_fastqc.html
[2021-11-06 06:11:09,925] multiqc                                            [DEBUG  ]  File ignored by rseqc/junction_annotation because it exceeded search pattern filesize limit: GSM3043068_cutadapt_bowtie2_fastqc.html
[2021-11-06 06:11:09,925] multiqc                                            [DEBUG  ]  File ignored by rseqc/read_distribution because it exceeded search pattern filesize limit: GSM3043068_cutadapt_bowtie2_fastqc.html
[2021-11-06 06:11:09,925] multiqc                                            [DEBUG  ]  File ignored by rseqc/infer_experiment because it exceeded search pattern filesize limit: GSM3043068_cutadapt_bowtie2_fastqc.html
[2021-11-06 06:11:10,069] multiqc                                            [DEBUG  ]  File ignored by ccs/v4 because it exceeded search pattern filesize limit: GSM3043068_cutadapt_bowtie2_fastqc.log
[2021-11-06 06:11:10,070] multiqc                                            [DEBUG  ]  File ignored by lima/summary because it exceeded search pattern filesize limit: GSM3043068_cutadapt_bowtie2_fastqc.log
[2021-11-06 06:11:10,092] multiqc                                            [DEBUG  ]  File ignored by ccs/v4 because it exceeded search pattern filesize limit: GSM3043104_cutadapt.log
[2021-11-06 06:11:10,093] multiqc                                            [DEBUG  ]  File ignored by hicexplorer because it exceeded search pattern filesize limit: GSM3043104_cutadapt.log
[2021-11-06 06:11:10,094] multiqc                                            [DEBUG  ]  File ignored by nanostat because it exceeded search pattern filesize limit: GSM3043104_cutadapt.log
[2021-11-06 06:11:10,094] multiqc                                            [DEBUG  ]  File ignored by lima/summary because it exceeded search pattern filesize limit: GSM3043104_cutadapt.log
[2021-11-06 06:11:10,096] multiqc                                            [DEBUG  ]  File ignored by longranger/invocation because it exceeded search pattern filesize limit: GSM3043104_cutadapt.log
[2021-11-06 06:11:10,139] multiqc                                            [DEBUG  ]  File ignored by ccs/v4 because it exceeded search pattern filesize limit: GSM3043104_2.fastq.gz_trimming_report.txt
[2021-11-06 06:11:10,140] multiqc                                            [DEBUG  ]  File ignored by lima/summary because it exceeded search pattern filesize limit: GSM3043104_2.fastq.gz_trimming_report.txt
[2021-11-06 06:11:10,143] multiqc                                            [DEBUG  ]  File ignored by longranger/invocation because it exceeded search pattern filesize limit: GSM3043104_2.fastq.gz_trimming_report.txt
[2021-11-06 06:11:10,164] multiqc                                            [DEBUG  ]  File ignored by ccs/v4 because it exceeded search pattern filesize limit: GSM3043104_1.fastq.gz_trimming_report.txt
[2021-11-06 06:11:10,166] multiqc                                            [DEBUG  ]  File ignored by lima/summary because it exceeded search pattern filesize limit: GSM3043104_1.fastq.gz_trimming_report.txt
[2021-11-06 06:11:10,168] multiqc                                            [DEBUG  ]  File ignored by longranger/invocation because it exceeded search pattern filesize limit: GSM3043104_1.fastq.gz_trimming_report.txt
[2021-11-06 06:11:10,175] multiqc                                            [DEBUG  ]  Ignoring file as matched an ignore pattern: GSM3043104_cutadapt_bowtie2.bam.bai
[2021-11-06 06:11:10,214] multiqc                                            [DEBUG  ]  Ignoring file as matched an ignore pattern: GSM3043104_cutadapt.fastq.gz
[2021-11-06 06:11:10,246] multiqc                                            [DEBUG  ]  File ignored by ccs/v4 because it exceeded search pattern filesize limit: GSM3043104_cutadapt_bowtie2_plus_strand_bedgraph_to_tdf.log
[2021-11-06 06:11:10,247] multiqc                                            [DEBUG  ]  File ignored by lima/summary because it exceeded search pattern filesize limit: GSM3043104_cutadapt_bowtie2_plus_strand_bedgraph_to_tdf.log
[2021-11-06 06:11:10,347] multiqc                                            [DEBUG  ]  Ignoring file as matched an ignore pattern: GSM3043104_cutadapt_1.fastq.gz
[2021-11-06 06:11:10,347] multiqc                                            [DEBUG  ]  Ignoring file as matched an ignore pattern: GSM3043104_2.fastq.gz
[2021-11-06 06:11:10,352] multiqc                                            [DEBUG  ]  File ignored by ccs/v4 because it exceeded search pattern filesize limit: GSM3043104_cutadapt_bowtie2_minus_strand_bedgraph_to_tdf.log
[2021-11-06 06:11:10,354] multiqc                                            [DEBUG  ]  File ignored by lima/summary because it exceeded search pattern filesize limit: GSM3043104_cutadapt_bowtie2_minus_strand_bedgraph_to_tdf.log
[2021-11-06 06:11:10,409] multiqc                                            [DEBUG  ]  Ignoring file as matched an ignore pattern: GSM3043104_1.fastq.gz
[2021-11-06 06:11:10,464] multiqc                                            [DEBUG  ]  File ignored by ccs/v4 because it exceeded search pattern filesize limit: GSM3043104_cutadapt_bowtie2_bedgraph_to_tdf.log
[2021-11-06 06:11:10,466] multiqc                                            [DEBUG  ]  File ignored by lima/summary because it exceeded search pattern filesize limit: GSM3043104_cutadapt_bowtie2_bedgraph_to_tdf.log
[2021-11-06 06:11:10,485] multiqc                                            [DEBUG  ]  Ignoring file as matched an ignore pattern: GSM3043104_cutadapt_bowtie2.bam
[2021-11-06 06:11:10,485] multiqc                                            [DEBUG  ]  Ignoring file as matched an ignore pattern: GSM3043104_cutadapt_2.fastq.gz
[2021-11-06 06:11:10,501] multiqc                                            [DEBUG  ]  File ignored by ccs/v4 because it exceeded search pattern filesize limit: GSM3043104_cutadapt_bowtie2_fastqc.log
[2021-11-06 06:11:10,502] multiqc                                            [DEBUG  ]  File ignored by lima/summary because it exceeded search pattern filesize limit: GSM3043104_cutadapt_bowtie2_fastqc.log
[2021-11-06 06:11:10,547] multiqc                                            [DEBUG  ]  File ignored by ccs/v4 because it exceeded search pattern filesize limit: GSM3043104_cutadapt_bowtie2_fastqc.html
[2021-11-06 06:11:10,549] multiqc                                            [DEBUG  ]  File ignored by hicexplorer because it exceeded search pattern filesize limit: GSM3043104_cutadapt_bowtie2_fastqc.html
[2021-11-06 06:11:10,549] multiqc                                            [DEBUG  ]  File ignored by nanostat because it exceeded search pattern filesize limit: GSM3043104_cutadapt_bowtie2_fastqc.html
[2021-11-06 06:11:10,549] multiqc                                            [DEBUG  ]  File ignored by lima/summary because it exceeded search pattern filesize limit: GSM3043104_cutadapt_bowtie2_fastqc.html
[2021-11-06 06:11:10,552] multiqc                                            [DEBUG  ]  File ignored by vep/vep_txt because it exceeded search pattern filesize limit: GSM3043104_cutadapt_bowtie2_fastqc.html
[2021-11-06 06:11:10,552] multiqc                                            [DEBUG  ]  File ignored by longranger/invocation because it exceeded search pattern filesize limit: GSM3043104_cutadapt_bowtie2_fastqc.html
[2021-11-06 06:11:10,552] multiqc                                            [DEBUG  ]  File ignored by rockhopper because it exceeded search pattern filesize limit: GSM3043104_cutadapt_bowtie2_fastqc.html
[2021-11-06 06:11:10,552] multiqc                                            [DEBUG  ]  File ignored by rseqc/bam_stat because it exceeded search pattern filesize limit: GSM3043104_cutadapt_bowtie2_fastqc.html
[2021-11-06 06:11:10,552] multiqc                                            [DEBUG  ]  File ignored by rseqc/junction_annotation because it exceeded search pattern filesize limit: GSM3043104_cutadapt_bowtie2_fastqc.html
[2021-11-06 06:11:10,552] multiqc                                            [DEBUG  ]  File ignored by rseqc/read_distribution because it exceeded search pattern filesize limit: GSM3043104_cutadapt_bowtie2_fastqc.html
[2021-11-06 06:11:10,553] multiqc                                            [DEBUG  ]  File ignored by rseqc/infer_experiment because it exceeded search pattern filesize limit: GSM3043104_cutadapt_bowtie2_fastqc.html
[2021-11-06 06:11:10,775] multiqc                                            [DEBUG  ]  File ignored by ccs/v4 because it exceeded search pattern filesize limit: GSM3043104_cutadapt_1_fastqc.html
[2021-11-06 06:11:10,776] multiqc                                            [DEBUG  ]  File ignored by hicexplorer because it exceeded search pattern filesize limit: GSM3043104_cutadapt_1_fastqc.html
[2021-11-06 06:11:10,777] multiqc                                            [DEBUG  ]  File ignored by nanostat because it exceeded search pattern filesize limit: GSM3043104_cutadapt_1_fastqc.html
[2021-11-06 06:11:10,777] multiqc                                            [DEBUG  ]  File ignored by lima/summary because it exceeded search pattern filesize limit: GSM3043104_cutadapt_1_fastqc.html
[2021-11-06 06:11:10,780] multiqc                                            [DEBUG  ]  File ignored by vep/vep_txt because it exceeded search pattern filesize limit: GSM3043104_cutadapt_1_fastqc.html
[2021-11-06 06:11:10,780] multiqc                                            [DEBUG  ]  File ignored by longranger/invocation because it exceeded search pattern filesize limit: GSM3043104_cutadapt_1_fastqc.html
[2021-11-06 06:11:10,780] multiqc                                            [DEBUG  ]  File ignored by rockhopper because it exceeded search pattern filesize limit: GSM3043104_cutadapt_1_fastqc.html
[2021-11-06 06:11:10,780] multiqc                                            [DEBUG  ]  File ignored by rseqc/bam_stat because it exceeded search pattern filesize limit: GSM3043104_cutadapt_1_fastqc.html
[2021-11-06 06:11:10,780] multiqc                                            [DEBUG  ]  File ignored by rseqc/junction_annotation because it exceeded search pattern filesize limit: GSM3043104_cutadapt_1_fastqc.html
[2021-11-06 06:11:10,780] multiqc                                            [DEBUG  ]  File ignored by rseqc/read_distribution because it exceeded search pattern filesize limit: GSM3043104_cutadapt_1_fastqc.html
[2021-11-06 06:11:10,780] multiqc                                            [DEBUG  ]  File ignored by rseqc/infer_experiment because it exceeded search pattern filesize limit: GSM3043104_cutadapt_1_fastqc.html
[2021-11-06 06:11:10,915] multiqc                                            [DEBUG  ]  File ignored by ccs/v4 because it exceeded search pattern filesize limit: GSM3043104_cutadapt_1_fastqc.log
[2021-11-06 06:11:10,916] multiqc                                            [DEBUG  ]  File ignored by lima/summary because it exceeded search pattern filesize limit: GSM3043104_cutadapt_1_fastqc.log
[2021-11-06 06:11:11,007] multiqc                                            [DEBUG  ]  File ignored by ccs/v4 because it exceeded search pattern filesize limit: GSM3043104_2_fastqc.html
[2021-11-06 06:11:11,009] multiqc                                            [DEBUG  ]  File ignored by hicexplorer because it exceeded search pattern filesize limit: GSM3043104_2_fastqc.html
[2021-11-06 06:11:11,009] multiqc                                            [DEBUG  ]  File ignored by nanostat because it exceeded search pattern filesize limit: GSM3043104_2_fastqc.html
[2021-11-06 06:11:11,009] multiqc                                            [DEBUG  ]  File ignored by lima/summary because it exceeded search pattern filesize limit: GSM3043104_2_fastqc.html
[2021-11-06 06:11:11,012] multiqc                                            [DEBUG  ]  File ignored by vep/vep_txt because it exceeded search pattern filesize limit: GSM3043104_2_fastqc.html
[2021-11-06 06:11:11,012] multiqc                                            [DEBUG  ]  File ignored by longranger/invocation because it exceeded search pattern filesize limit: GSM3043104_2_fastqc.html
[2021-11-06 06:11:11,012] multiqc                                            [DEBUG  ]  File ignored by rockhopper because it exceeded search pattern filesize limit: GSM3043104_2_fastqc.html
[2021-11-06 06:11:11,013] multiqc                                            [DEBUG  ]  File ignored by rseqc/bam_stat because it exceeded search pattern filesize limit: GSM3043104_2_fastqc.html
[2021-11-06 06:11:11,013] multiqc                                            [DEBUG  ]  File ignored by rseqc/junction_annotation because it exceeded search pattern filesize limit: GSM3043104_2_fastqc.html
[2021-11-06 06:11:11,013] multiqc                                            [DEBUG  ]  File ignored by rseqc/read_distribution because it exceeded search pattern filesize limit: GSM3043104_2_fastqc.html
[2021-11-06 06:11:11,013] multiqc                                            [DEBUG  ]  File ignored by rseqc/infer_experiment because it exceeded search pattern filesize limit: GSM3043104_2_fastqc.html
[2021-11-06 06:11:11,252] multiqc                                            [DEBUG  ]  File ignored by ccs/v4 because it exceeded search pattern filesize limit: GSM3043104_1_fastqc.html
[2021-11-06 06:11:11,254] multiqc                                            [DEBUG  ]  File ignored by hicexplorer because it exceeded search pattern filesize limit: GSM3043104_1_fastqc.html
[2021-11-06 06:11:11,254] multiqc                                            [DEBUG  ]  File ignored by nanostat because it exceeded search pattern filesize limit: GSM3043104_1_fastqc.html
[2021-11-06 06:11:11,254] multiqc                                            [DEBUG  ]  File ignored by lima/summary because it exceeded search pattern filesize limit: GSM3043104_1_fastqc.html
[2021-11-06 06:11:11,257] multiqc                                            [DEBUG  ]  File ignored by vep/vep_txt because it exceeded search pattern filesize limit: GSM3043104_1_fastqc.html
[2021-11-06 06:11:11,257] multiqc                                            [DEBUG  ]  File ignored by longranger/invocation because it exceeded search pattern filesize limit: GSM3043104_1_fastqc.html
[2021-11-06 06:11:11,258] multiqc                                            [DEBUG  ]  File ignored by rockhopper because it exceeded search pattern filesize limit: GSM3043104_1_fastqc.html
[2021-11-06 06:11:11,258] multiqc                                            [DEBUG  ]  File ignored by rseqc/bam_stat because it exceeded search pattern filesize limit: GSM3043104_1_fastqc.html
[2021-11-06 06:11:11,258] multiqc                                            [DEBUG  ]  File ignored by rseqc/junction_annotation because it exceeded search pattern filesize limit: GSM3043104_1_fastqc.html
[2021-11-06 06:11:11,258] multiqc                                            [DEBUG  ]  File ignored by rseqc/read_distribution because it exceeded search pattern filesize limit: GSM3043104_1_fastqc.html
[2021-11-06 06:11:11,258] multiqc                                            [DEBUG  ]  File ignored by rseqc/infer_experiment because it exceeded search pattern filesize limit: GSM3043104_1_fastqc.html
[2021-11-06 06:11:11,415] multiqc                                            [DEBUG  ]  File ignored by ccs/v4 because it exceeded search pattern filesize limit: GSM3043104_cutadapt_2_fastqc.html
[2021-11-06 06:11:11,417] multiqc                                            [DEBUG  ]  File ignored by hicexplorer because it exceeded search pattern filesize limit: GSM3043104_cutadapt_2_fastqc.html
[2021-11-06 06:11:11,417] multiqc                                            [DEBUG  ]  File ignored by nanostat because it exceeded search pattern filesize limit: GSM3043104_cutadapt_2_fastqc.html
[2021-11-06 06:11:11,417] multiqc                                            [DEBUG  ]  File ignored by lima/summary because it exceeded search pattern filesize limit: GSM3043104_cutadapt_2_fastqc.html
[2021-11-06 06:11:11,420] multiqc                                            [DEBUG  ]  File ignored by vep/vep_txt because it exceeded search pattern filesize limit: GSM3043104_cutadapt_2_fastqc.html
[2021-11-06 06:11:11,421] multiqc                                            [DEBUG  ]  File ignored by longranger/invocation because it exceeded search pattern filesize limit: GSM3043104_cutadapt_2_fastqc.html
[2021-11-06 06:11:11,421] multiqc                                            [DEBUG  ]  File ignored by rockhopper because it exceeded search pattern filesize limit: GSM3043104_cutadapt_2_fastqc.html
[2021-11-06 06:11:11,421] multiqc                                            [DEBUG  ]  File ignored by rseqc/bam_stat because it exceeded search pattern filesize limit: GSM3043104_cutadapt_2_fastqc.html
[2021-11-06 06:11:11,421] multiqc                                            [DEBUG  ]  File ignored by rseqc/junction_annotation because it exceeded search pattern filesize limit: GSM3043104_cutadapt_2_fastqc.html
[2021-11-06 06:11:11,421] multiqc                                            [DEBUG  ]  File ignored by rseqc/read_distribution because it exceeded search pattern filesize limit: GSM3043104_cutadapt_2_fastqc.html
[2021-11-06 06:11:11,421] multiqc                                            [DEBUG  ]  File ignored by rseqc/infer_experiment because it exceeded search pattern filesize limit: GSM3043104_cutadapt_2_fastqc.html
[2021-11-06 06:11:11,571] multiqc                                            [DEBUG  ]  File ignored by ccs/v4 because it exceeded search pattern filesize limit: GSM3043104_cutadapt_2_fastqc.log
[2021-11-06 06:11:11,572] multiqc                                            [DEBUG  ]  File ignored by lima/summary because it exceeded search pattern filesize limit: GSM3043104_cutadapt_2_fastqc.log
[2021-11-06 06:11:11,584] multiqc                                            [DEBUG  ]  File ignored by ccs/v4 because it exceeded search pattern filesize limit: DS00074_peaks.ft
[2021-11-06 06:11:11,585] multiqc                                            [DEBUG  ]  File ignored by lima/summary because it exceeded search pattern filesize limit: DS00074_peaks.ft
[2021-11-06 06:11:11,587] multiqc                                            [DEBUG  ]  File ignored by longranger/invocation because it exceeded search pattern filesize limit: DS00074_peaks.ft
[2021-11-06 06:11:11,618] multiqc                                            [DEBUG  ]  File ignored by ccs/v4 because it exceeded search pattern filesize limit: DS00074_peaks.fasta
[2021-11-06 06:11:11,620] multiqc                                            [DEBUG  ]  File ignored by hicexplorer because it exceeded search pattern filesize limit: DS00074_peaks.fasta
[2021-11-06 06:11:11,620] multiqc                                            [DEBUG  ]  File ignored by nanostat because it exceeded search pattern filesize limit: DS00074_peaks.fasta
[2021-11-06 06:11:11,620] multiqc                                            [DEBUG  ]  File ignored by lima/summary because it exceeded search pattern filesize limit: DS00074_peaks.fasta
[2021-11-06 06:11:11,623] multiqc                                            [DEBUG  ]  File ignored by vep/vep_txt because it exceeded search pattern filesize limit: DS00074_peaks.fasta
[2021-11-06 06:11:11,623] multiqc                                            [DEBUG  ]  File ignored by longranger/invocation because it exceeded search pattern filesize limit: DS00074_peaks.fasta
[2021-11-06 06:11:11,661] multiqc                                            [DEBUG  ]  Ignoring file as matched an ignore pattern: DS00074_peaks.bed
[2021-11-06 06:11:11,666] multiqc                                            [DEBUG  ]  File ignored by ccs/v4 because it exceeded search pattern filesize limit: DS00074_matrix.tab
[2021-11-06 06:11:11,667] multiqc                                            [DEBUG  ]  File ignored by lima/summary because it exceeded search pattern filesize limit: DS00074_matrix.tab
[2021-11-06 06:11:11,670] multiqc                                            [DEBUG  ]  File ignored by longranger/invocation because it exceeded search pattern filesize limit: DS00074_matrix.tab
[2021-11-06 06:11:11,676] multiqc                                            [DEBUG  ]  Ignoring file as matched an ignore pattern: DS00074_sites.bed
[2021-11-06 06:11:11,686] multiqc                                            [DEBUG  ]  File ignored by ccs/v4 because it exceeded search pattern filesize limit: DS00074_peaks.narrowPeak
[2021-11-06 06:11:11,687] multiqc                                            [DEBUG  ]  File ignored by hicexplorer because it exceeded search pattern filesize limit: DS00074_peaks.narrowPeak
[2021-11-06 06:11:11,687] multiqc                                            [DEBUG  ]  File ignored by nanostat because it exceeded search pattern filesize limit: DS00074_peaks.narrowPeak
[2021-11-06 06:11:11,687] multiqc                                            [DEBUG  ]  File ignored by lima/summary because it exceeded search pattern filesize limit: DS00074_peaks.narrowPeak
[2021-11-06 06:11:11,690] multiqc                                            [DEBUG  ]  File ignored by longranger/invocation because it exceeded search pattern filesize limit: DS00074_peaks.narrowPeak
[2021-11-06 06:11:11,706] multiqc                                            [DEBUG  ]  Ignoring file as matched an ignore pattern: DS00074_summits.bed
[2021-11-06 06:11:12,150] multiqc.plots.bargraph                             [DEBUG  ]  Using matplotlib version 3.4.3
[2021-11-06 06:11:12,150] multiqc.plots.linegraph                            [DEBUG  ]  Using matplotlib version 3.4.3
[2021-11-06 06:11:12,151] multiqc                                            [DEBUG  ]  No samples found: custom_content
[2021-11-06 06:11:12,158] multiqc                                            [DEBUG  ]  No samples found: ccs
[2021-11-06 06:11:12,165] multiqc                                            [DEBUG  ]  No samples found: ngsderive
[2021-11-06 06:11:12,171] multiqc                                            [DEBUG  ]  No samples found: purple
[2021-11-06 06:11:12,177] multiqc                                            [DEBUG  ]  No samples found: conpair
[2021-11-06 06:11:12,183] multiqc                                            [DEBUG  ]  No samples found: lima
[2021-11-06 06:11:12,190] multiqc                                            [DEBUG  ]  No samples found: peddy
[2021-11-06 06:11:12,196] multiqc                                            [DEBUG  ]  No samples found: somalier
[2021-11-06 06:11:12,202] multiqc                                            [DEBUG  ]  No samples found: methylQA
[2021-11-06 06:11:12,210] multiqc.modules.mosdepth.mosdepth                  [DEBUG  ]  include_contigs: []
[2021-11-06 06:11:12,210] multiqc.modules.mosdepth.mosdepth                  [DEBUG  ]  exclude_contigs: []
[2021-11-06 06:11:12,210] multiqc                                            [DEBUG  ]  No samples found: mosdepth
[2021-11-06 06:11:12,216] multiqc                                            [DEBUG  ]  No samples found: phantompeakqualtools
[2021-11-06 06:11:12,222] multiqc                                            [DEBUG  ]  No samples found: qualimap
[2021-11-06 06:11:12,229] multiqc                                            [DEBUG  ]  No samples found: preseq
[2021-11-06 06:11:12,235] multiqc                                            [DEBUG  ]  No samples found: quast
[2021-11-06 06:11:12,241] multiqc                                            [DEBUG  ]  No samples found: qorts
[2021-11-06 06:11:12,248] multiqc                                            [DEBUG  ]  No samples found: rna_seqc
[2021-11-06 06:11:12,255] multiqc                                            [DEBUG  ]  No samples found: rockhopper
[2021-11-06 06:11:12,262] multiqc                                            [DEBUG  ]  No samples found: rsem
[2021-11-06 06:11:12,271] multiqc                                            [DEBUG  ]  No samples found: rseqc
[2021-11-06 06:11:12,277] multiqc                                            [DEBUG  ]  No samples found: busco
[2021-11-06 06:11:12,283] multiqc                                            [DEBUG  ]  No samples found: bustools
[2021-11-06 06:11:12,289] multiqc                                            [DEBUG  ]  No samples found: goleft_indexcov
[2021-11-06 06:11:12,295] multiqc                                            [DEBUG  ]  No samples found: gffcompare
[2021-11-06 06:11:12,301] multiqc                                            [DEBUG  ]  No samples found: disambiguate
[2021-11-06 06:11:12,308] multiqc                                            [DEBUG  ]  No samples found: supernova
[2021-11-06 06:11:12,316] multiqc                                            [DEBUG  ]  No samples found: deeptools
[2021-11-06 06:11:12,323] multiqc                                            [DEBUG  ]  No samples found: sargasso
[2021-11-06 06:11:12,329] multiqc                                            [DEBUG  ]  No samples found: verifybamid
[2021-11-06 06:11:12,335] multiqc                                            [DEBUG  ]  No samples found: mirtrace
[2021-11-06 06:11:12,341] multiqc                                            [DEBUG  ]  No samples found: happy
[2021-11-06 06:11:12,348] multiqc                                            [DEBUG  ]  No samples found: mirtop
[2021-11-06 06:11:12,354] multiqc                                            [DEBUG  ]  No samples found: sambamba
[2021-11-06 06:11:12,361] multiqc                                            [DEBUG  ]  No samples found: homer
[2021-11-06 06:11:12,367] multiqc                                            [DEBUG  ]  No samples found: hops
[2021-11-06 06:11:12,378] multiqc.modules.macs2.macs2                        [DEBUG  ]  Duplicate sample name found! Overwriting: DS00074
[2021-11-06 06:11:12,378] multiqc.modules.macs2.macs2                        [INFO   ]  Found 1 logs
[2021-11-06 06:11:12,385] multiqc                                            [DEBUG  ]  No samples found: theta2
[2021-11-06 06:11:12,391] multiqc                                            [DEBUG  ]  No samples found: snpeff
[2021-11-06 06:11:12,398] multiqc                                            [DEBUG  ]  No samples found: gatk
[2021-11-06 06:11:12,404] multiqc                                            [DEBUG  ]  No samples found: htseq
[2021-11-06 06:11:12,410] multiqc                                            [DEBUG  ]  No samples found: bcftools
[2021-11-06 06:11:12,417] multiqc                                            [DEBUG  ]  No samples found: featureCounts
[2021-11-06 06:11:12,424] multiqc                                            [DEBUG  ]  No samples found: fgbio
[2021-11-06 06:11:12,435] multiqc                                            [DEBUG  ]  No samples found: dragen
[2021-11-06 06:11:12,441] multiqc                                            [DEBUG  ]  No samples found: dedup
[2021-11-06 06:11:12,447] multiqc                                            [DEBUG  ]  No samples found: damageprofiler
[2021-11-06 06:11:12,460] multiqc                                            [DEBUG  ]  No samples found: biobambam2
[2021-11-06 06:11:12,466] multiqc                                            [DEBUG  ]  No samples found: jcvi
[2021-11-06 06:11:12,472] multiqc                                            [DEBUG  ]  No samples found: mtnucratio
[2021-11-06 06:11:12,478] multiqc                                            [DEBUG  ]  No samples found: picard
[2021-11-06 06:11:12,484] multiqc                                            [DEBUG  ]  No samples found: vep
[2021-11-06 06:11:12,491] multiqc                                            [DEBUG  ]  No samples found: sentieon
[2021-11-06 06:11:12,497] multiqc                                            [DEBUG  ]  No samples found: prokka
[2021-11-06 06:11:12,504] multiqc                                            [DEBUG  ]  No samples found: qc3C
[2021-11-06 06:11:12,510] multiqc                                            [DEBUG  ]  No samples found: nanostat
[2021-11-06 06:11:12,516] multiqc                                            [DEBUG  ]  No samples found: samblaster
[2021-11-06 06:11:12,536] multiqc.modules.samtools.samtools                  [INFO   ]  Found 4 flagstat reports
[2021-11-06 06:11:12,542] multiqc                                            [DEBUG  ]  No samples found: sexdeterrmine
[2021-11-06 06:11:12,548] multiqc                                            [DEBUG  ]  No samples found: eigenstratdatabasetools
[2021-11-06 06:11:12,555] multiqc                                            [DEBUG  ]  No samples found: bamtools
[2021-11-06 06:11:12,561] multiqc                                            [DEBUG  ]  No samples found: jellyfish
[2021-11-06 06:11:12,568] multiqc                                            [DEBUG  ]  No samples found: vcftools
[2021-11-06 06:11:12,574] multiqc                                            [DEBUG  ]  No samples found: longranger
[2021-11-06 06:11:12,580] multiqc                                            [DEBUG  ]  No samples found: stacks
[2021-11-06 06:11:12,586] multiqc                                            [DEBUG  ]  No samples found: varscan2
[2021-11-06 06:11:12,593] multiqc                                            [DEBUG  ]  No samples found: snippy
[2021-11-06 06:11:12,602] multiqc                                            [DEBUG  ]  No samples found: bbmap
[2021-11-06 06:11:12,608] multiqc                                            [DEBUG  ]  No samples found: bismark
[2021-11-06 06:11:12,615] multiqc                                            [DEBUG  ]  No samples found: biscuit
[2021-11-06 06:11:12,621] multiqc                                            [DEBUG  ]  No samples found: hicexplorer
[2021-11-06 06:11:12,627] multiqc                                            [DEBUG  ]  No samples found: hicup
[2021-11-06 06:11:12,634] multiqc                                            [DEBUG  ]  No samples found: hicpro
[2021-11-06 06:11:12,640] multiqc                                            [DEBUG  ]  No samples found: salmon
[2021-11-06 06:11:12,646] multiqc                                            [DEBUG  ]  No samples found: kallisto
[2021-11-06 06:11:12,652] multiqc                                            [DEBUG  ]  No samples found: slamdunk
[2021-11-06 06:11:12,659] multiqc                                            [DEBUG  ]  No samples found: star
[2021-11-06 06:11:12,665] multiqc                                            [DEBUG  ]  No samples found: hisat2
[2021-11-06 06:11:12,671] multiqc                                            [DEBUG  ]  No samples found: tophat
[2021-11-06 06:11:12,683] multiqc.modules.bowtie2.bowtie2                    [INFO   ]  Found 4 reports
[2021-11-06 06:11:12,699] multiqc                                            [DEBUG  ]  No samples found: bowtie1
[2021-11-06 06:11:12,705] multiqc                                            [DEBUG  ]  No samples found: snpsplit
[2021-11-06 06:11:12,711] multiqc                                            [DEBUG  ]  No samples found: odgi
[2021-11-06 06:11:12,717] multiqc                                            [DEBUG  ]  No samples found: pangolin
[2021-11-06 06:11:12,723] multiqc                                            [DEBUG  ]  No samples found: kat
[2021-11-06 06:11:12,729] multiqc                                            [DEBUG  ]  No samples found: leehom
[2021-11-06 06:11:12,736] multiqc                                            [DEBUG  ]  No samples found: adapterRemoval
[2021-11-06 06:11:12,742] multiqc                                            [DEBUG  ]  No samples found: clipandmerge
[2021-11-06 06:11:12,758] multiqc.modules.cutadapt.cutadapt                  [DEBUG  ]  Duplicate sample name found! Overwriting: GSM3043067_1
[2021-11-06 06:11:12,761] multiqc.modules.cutadapt.cutadapt                  [DEBUG  ]  Duplicate sample name found! Overwriting: GSM3043067_2
[2021-11-06 06:11:12,771] multiqc.modules.cutadapt.cutadapt                  [DEBUG  ]  Duplicate sample name found! Overwriting: GSM3043103_2
[2021-11-06 06:11:12,773] multiqc.modules.cutadapt.cutadapt                  [DEBUG  ]  Duplicate sample name found! Overwriting: GSM3043103_1
[2021-11-06 06:11:12,782] multiqc.modules.cutadapt.cutadapt                  [DEBUG  ]  Duplicate sample name found! Overwriting: GSM3043068_2
[2021-11-06 06:11:12,785] multiqc.modules.cutadapt.cutadapt                  [DEBUG  ]  Duplicate sample name found! Overwriting: GSM3043068_1
[2021-11-06 06:11:12,794] multiqc.modules.cutadapt.cutadapt                  [DEBUG  ]  Duplicate sample name found! Overwriting: GSM3043104_2
[2021-11-06 06:11:12,797] multiqc.modules.cutadapt.cutadapt                  [DEBUG  ]  Duplicate sample name found! Overwriting: GSM3043104_1
[2021-11-06 06:11:12,799] multiqc.modules.cutadapt.cutadapt                  [INFO   ]  Found 8 reports
[2021-11-06 06:11:12,817] multiqc                                            [DEBUG  ]  No samples found: flexbar
[2021-11-06 06:11:12,823] multiqc                                            [DEBUG  ]  No samples found: kaiju
[2021-11-06 06:11:12,829] multiqc                                            [DEBUG  ]  No samples found: kraken
[2021-11-06 06:11:12,835] multiqc                                            [DEBUG  ]  No samples found: malt
[2021-11-06 06:11:12,841] multiqc                                            [DEBUG  ]  No samples found: trimmomatic
[2021-11-06 06:11:12,848] multiqc                                            [DEBUG  ]  No samples found: sickle
[2021-11-06 06:11:12,854] multiqc                                            [DEBUG  ]  No samples found: skewer
[2021-11-06 06:11:12,860] multiqc                                            [DEBUG  ]  No samples found: sortmerna
[2021-11-06 06:11:12,866] multiqc                                            [DEBUG  ]  No samples found: biobloomtools
[2021-11-06 06:11:12,872] multiqc                                            [DEBUG  ]  No samples found: fastq_screen
[2021-11-06 06:11:12,878] multiqc                                            [DEBUG  ]  No samples found: afterqc
[2021-11-06 06:11:12,885] multiqc                                            [DEBUG  ]  No samples found: fastp
[2021-11-06 06:11:13,015] multiqc.modules.fastqc.fastqc                      [INFO   ]  Found 20 reports
[2021-11-06 06:11:13,183] multiqc                                            [DEBUG  ]  No samples found: pychopper
[2021-11-06 06:11:13,189] multiqc                                            [DEBUG  ]  No samples found: pycoqc
[2021-11-06 06:11:13,195] multiqc                                            [DEBUG  ]  No samples found: minionqc
[2021-11-06 06:11:13,202] multiqc                                            [DEBUG  ]  No samples found: multivcfanalyzer
[2021-11-06 06:11:13,208] multiqc                                            [DEBUG  ]  No samples found: clusterflow
[2021-11-06 06:11:13,214] multiqc                                            [DEBUG  ]  No samples found: bcl2fastq
[2021-11-06 06:11:13,221] multiqc                                            [DEBUG  ]  No samples found: bclconvert
[2021-11-06 06:11:13,227] multiqc                                            [DEBUG  ]  No samples found: interop
[2021-11-06 06:11:13,233] multiqc                                            [DEBUG  ]  No samples found: ivar
[2021-11-06 06:11:13,240] multiqc                                            [DEBUG  ]  No samples found: flash
[2021-11-06 06:11:13,246] multiqc                                            [DEBUG  ]  No samples found: seqyclean
[2021-11-06 06:11:13,252] multiqc                                            [DEBUG  ]  No samples found: optitype
[2021-11-06 06:11:13,307] multiqc                                            [INFO   ]  Compressing plot data
[2021-11-06 06:11:13,878] multiqc                                            [INFO   ]  Report      : ChIP-seq_collection/GSE111874/datasets/DS00074/multiQC/multiqc_report.html
[2021-11-06 06:11:13,878] multiqc                                            [INFO   ]  Data        : ChIP-seq_collection/GSE111874/datasets/DS00074/multiQC/multiqc_data
[2021-11-06 06:11:13,878] multiqc                                            [DEBUG  ]  Moving data file from '/tmp/tmpyxt0xr1q/multiqc_data' to 'ChIP-seq_collection/GSE111874/datasets/DS00074/multiQC/multiqc_data'
[2021-11-06 06:11:14,061] multiqc                                            [INFO   ]  MultiQC complete
