[2021-11-05 23:45:49,012] multiqc                                            [DEBUG  ]  This is MultiQC v1.11
[2021-11-05 23:45:49,012] multiqc                                            [DEBUG  ]  No MultiQC config found: /home/rioualen/miniconda3/envs/snakemake/lib/python3.9/site-packages/multiqc_config.yaml
[2021-11-05 23:45:49,012] multiqc                                            [DEBUG  ]  No MultiQC config found: /home/rioualen/.multiqc_config.yaml
[2021-11-05 23:45:49,012] multiqc                                            [DEBUG  ]  No MultiQC config found: multiqc_config.yaml
[2021-11-05 23:45:49,013] multiqc                                            [DEBUG  ]  Command used: /home/rioualen/miniconda3/envs/snakemake/bin/multiqc ChIP-seq_collection/E-MTAB-332/samples/ERR015953 ChIP-seq_collection/E-MTAB-332/samples/ERR015952 ChIP-seq_collection/E-MTAB-332/datasets/DS00042 -o ChIP-seq_collection/E-MTAB-332/datasets/DS00042/multiQC
[2021-11-05 23:45:49,206] multiqc                                            [DEBUG  ]  Latest MultiQC version is v1.11
[2021-11-05 23:45:49,206] multiqc                                            [DEBUG  ]  Command     : /home/rioualen/miniconda3/envs/snakemake/bin/multiqc ChIP-seq_collection/E-MTAB-332/samples/ERR015953 ChIP-seq_collection/E-MTAB-332/samples/ERR015952 ChIP-seq_collection/E-MTAB-332/datasets/DS00042 -o ChIP-seq_collection/E-MTAB-332/datasets/DS00042/multiQC
[2021-11-05 23:45:49,206] multiqc                                            [DEBUG  ]  Working dir : /workspace/rioualen/HT_collections
[2021-11-05 23:45:49,206] multiqc                                            [DEBUG  ]  Template    : default
[2021-11-05 23:45:49,206] multiqc                                            [DEBUG  ]  Running Python 3.9.7 | packaged by conda-forge | (default, Sep 29 2021, 19:20:46)  [GCC 9.4.0]
[2021-11-05 23:45:49,207] multiqc                                            [DEBUG  ]  Analysing modules: custom_content, ccs, ngsderive, purple, conpair, lima, peddy, somalier, methylQA, mosdepth, phantompeakqualtools, qualimap, preseq, quast, qorts, rna_seqc, rockhopper, rsem, rseqc, busco, bustools, goleft_indexcov, gffcompare, disambiguate, supernova, deeptools, sargasso, verifybamid, mirtrace, happy, mirtop, sambamba, homer, hops, macs2, theta2, snpeff, gatk, htseq, bcftools, featureCounts, fgbio, dragen, dedup, damageprofiler, biobambam2, jcvi, mtnucratio, picard, vep, sentieon, prokka, qc3C, nanostat, samblaster, samtools, sexdeterrmine, eigenstratdatabasetools, bamtools, jellyfish, vcftools, longranger, stacks, varscan2, snippy, bbmap, bismark, biscuit, hicexplorer, hicup, hicpro, salmon, kallisto, slamdunk, star, hisat2, tophat, bowtie2, bowtie1, snpsplit, odgi, pangolin, kat, leehom, adapterRemoval, clipandmerge, cutadapt, flexbar, kaiju, kraken, malt, trimmomatic, sickle, skewer, sortmerna, biobloomtools, fastq_screen, afterqc, fastp, fastqc, pychopper, pycoqc, minionqc, multivcfanalyzer, clusterflow, bcl2fastq, bclconvert, interop, ivar, flash, seqyclean, optitype
[2021-11-05 23:45:49,207] multiqc                                            [DEBUG  ]  Using temporary directory for creating report: /tmp/tmpl1jxxygb
[2021-11-05 23:45:49,350] multiqc                                            [INFO   ]  Search path : /workspace/rioualen/HT_collections/ChIP-seq_collection/E-MTAB-332/samples/ERR015953
[2021-11-05 23:45:49,350] multiqc                                            [INFO   ]  Search path : /workspace/rioualen/HT_collections/ChIP-seq_collection/E-MTAB-332/samples/ERR015952
[2021-11-05 23:45:49,350] multiqc                                            [INFO   ]  Search path : /workspace/rioualen/HT_collections/ChIP-seq_collection/E-MTAB-332/datasets/DS00042
[2021-11-05 23:45:49,491] multiqc                                            [DEBUG  ]  File ignored by ccs/v4 because it exceeded search pattern filesize limit: ERR015953_cutadapt_bowtie2_plus_strand.tdf
[2021-11-05 23:45:49,493] multiqc                                            [DEBUG  ]  File ignored by hicexplorer because it exceeded search pattern filesize limit: ERR015953_cutadapt_bowtie2_plus_strand.tdf
[2021-11-05 23:45:49,493] multiqc                                            [DEBUG  ]  File ignored by nanostat because it exceeded search pattern filesize limit: ERR015953_cutadapt_bowtie2_plus_strand.tdf
[2021-11-05 23:45:49,493] multiqc                                            [DEBUG  ]  File ignored by lima/summary because it exceeded search pattern filesize limit: ERR015953_cutadapt_bowtie2_plus_strand.tdf
[2021-11-05 23:45:49,495] multiqc                                            [DEBUG  ]  File ignored by vep/vep_html because it exceeded search pattern filesize limit: ERR015953_cutadapt_bowtie2_plus_strand.tdf
[2021-11-05 23:45:49,495] multiqc                                            [DEBUG  ]  File ignored by vep/vep_txt because it exceeded search pattern filesize limit: ERR015953_cutadapt_bowtie2_plus_strand.tdf
[2021-11-05 23:45:49,495] multiqc                                            [DEBUG  ]  File ignored by longranger/invocation because it exceeded search pattern filesize limit: ERR015953_cutadapt_bowtie2_plus_strand.tdf
[2021-11-05 23:45:49,495] multiqc                                            [DEBUG  ]  File ignored by rockhopper because it exceeded search pattern filesize limit: ERR015953_cutadapt_bowtie2_plus_strand.tdf
[2021-11-05 23:45:49,495] multiqc                                            [DEBUG  ]  File ignored by rseqc/bam_stat because it exceeded search pattern filesize limit: ERR015953_cutadapt_bowtie2_plus_strand.tdf
[2021-11-05 23:45:49,495] multiqc                                            [DEBUG  ]  File ignored by rseqc/junction_annotation because it exceeded search pattern filesize limit: ERR015953_cutadapt_bowtie2_plus_strand.tdf
[2021-11-05 23:45:49,496] multiqc                                            [DEBUG  ]  File ignored by rseqc/read_distribution because it exceeded search pattern filesize limit: ERR015953_cutadapt_bowtie2_plus_strand.tdf
[2021-11-05 23:45:49,496] multiqc                                            [DEBUG  ]  File ignored by rseqc/infer_experiment because it exceeded search pattern filesize limit: ERR015953_cutadapt_bowtie2_plus_strand.tdf
[2021-11-05 23:45:49,496] multiqc                                            [DEBUG  ]  File ignored by snpeff because it exceeded search pattern filesize limit: ERR015953_cutadapt_bowtie2_plus_strand.tdf
[2021-11-05 23:45:49,496] multiqc                                            [DEBUG  ]  File ignored by stacks/sumstats because it exceeded search pattern filesize limit: ERR015953_cutadapt_bowtie2_plus_strand.tdf
[2021-11-05 23:45:49,499] multiqc                                            [DEBUG  ]  Ignoring file as matched an ignore pattern: ERR015953_cutadapt.fastq.gz
[2021-11-05 23:45:49,504] multiqc                                            [DEBUG  ]  File ignored by ccs/v4 because it exceeded search pattern filesize limit: ERR015953_cutadapt_bowtie2_minus_strand.tdf
[2021-11-05 23:45:49,505] multiqc                                            [DEBUG  ]  File ignored by hicexplorer because it exceeded search pattern filesize limit: ERR015953_cutadapt_bowtie2_minus_strand.tdf
[2021-11-05 23:45:49,505] multiqc                                            [DEBUG  ]  File ignored by nanostat because it exceeded search pattern filesize limit: ERR015953_cutadapt_bowtie2_minus_strand.tdf
[2021-11-05 23:45:49,505] multiqc                                            [DEBUG  ]  File ignored by lima/summary because it exceeded search pattern filesize limit: ERR015953_cutadapt_bowtie2_minus_strand.tdf
[2021-11-05 23:45:49,507] multiqc                                            [DEBUG  ]  File ignored by vep/vep_html because it exceeded search pattern filesize limit: ERR015953_cutadapt_bowtie2_minus_strand.tdf
[2021-11-05 23:45:49,507] multiqc                                            [DEBUG  ]  File ignored by vep/vep_txt because it exceeded search pattern filesize limit: ERR015953_cutadapt_bowtie2_minus_strand.tdf
[2021-11-05 23:45:49,507] multiqc                                            [DEBUG  ]  File ignored by longranger/invocation because it exceeded search pattern filesize limit: ERR015953_cutadapt_bowtie2_minus_strand.tdf
[2021-11-05 23:45:49,507] multiqc                                            [DEBUG  ]  File ignored by rockhopper because it exceeded search pattern filesize limit: ERR015953_cutadapt_bowtie2_minus_strand.tdf
[2021-11-05 23:45:49,508] multiqc                                            [DEBUG  ]  File ignored by rseqc/bam_stat because it exceeded search pattern filesize limit: ERR015953_cutadapt_bowtie2_minus_strand.tdf
[2021-11-05 23:45:49,508] multiqc                                            [DEBUG  ]  File ignored by rseqc/junction_annotation because it exceeded search pattern filesize limit: ERR015953_cutadapt_bowtie2_minus_strand.tdf
[2021-11-05 23:45:49,508] multiqc                                            [DEBUG  ]  File ignored by rseqc/read_distribution because it exceeded search pattern filesize limit: ERR015953_cutadapt_bowtie2_minus_strand.tdf
[2021-11-05 23:45:49,508] multiqc                                            [DEBUG  ]  File ignored by rseqc/infer_experiment because it exceeded search pattern filesize limit: ERR015953_cutadapt_bowtie2_minus_strand.tdf
[2021-11-05 23:45:49,508] multiqc                                            [DEBUG  ]  File ignored by snpeff because it exceeded search pattern filesize limit: ERR015953_cutadapt_bowtie2_minus_strand.tdf
[2021-11-05 23:45:49,508] multiqc                                            [DEBUG  ]  File ignored by stacks/sumstats because it exceeded search pattern filesize limit: ERR015953_cutadapt_bowtie2_minus_strand.tdf
[2021-11-05 23:45:49,511] multiqc                                            [DEBUG  ]  Ignoring file as matched an ignore pattern: ERR015953_cutadapt_bowtie2.bam
[2021-11-05 23:45:49,562] multiqc                                            [DEBUG  ]  File ignored by ccs/v4 because it exceeded search pattern filesize limit: ERR015953_cutadapt.log
[2021-11-05 23:45:49,563] multiqc                                            [DEBUG  ]  File ignored by hicexplorer because it exceeded search pattern filesize limit: ERR015953_cutadapt.log
[2021-11-05 23:45:49,563] multiqc                                            [DEBUG  ]  File ignored by nanostat because it exceeded search pattern filesize limit: ERR015953_cutadapt.log
[2021-11-05 23:45:49,563] multiqc                                            [DEBUG  ]  File ignored by lima/summary because it exceeded search pattern filesize limit: ERR015953_cutadapt.log
[2021-11-05 23:45:49,566] multiqc                                            [DEBUG  ]  File ignored by longranger/invocation because it exceeded search pattern filesize limit: ERR015953_cutadapt.log
[2021-11-05 23:45:49,589] multiqc                                            [DEBUG  ]  Ignoring file as matched an ignore pattern: ERR015953_cutadapt_empty1.fastq.gz
[2021-11-05 23:45:49,604] multiqc                                            [DEBUG  ]  File ignored by ccs/v4 because it exceeded search pattern filesize limit: ERR015953_cutadapt_bowtie2_bedgraph_to_tdf.log
[2021-11-05 23:45:49,606] multiqc                                            [DEBUG  ]  File ignored by lima/summary because it exceeded search pattern filesize limit: ERR015953_cutadapt_bowtie2_bedgraph_to_tdf.log
[2021-11-05 23:45:49,642] multiqc                                            [DEBUG  ]  Ignoring file as matched an ignore pattern: ERR015953_cutadapt_empty2.fastq.gz
[2021-11-05 23:45:49,643] multiqc                                            [DEBUG  ]  Ignoring file as matched an ignore pattern: ERR015953.fastq.gz
[2021-11-05 23:45:49,647] multiqc                                            [DEBUG  ]  File ignored by ccs/v4 because it exceeded search pattern filesize limit: ERR015953_cutadapt_bowtie2_minus_strand_bedgraph_to_tdf.log
[2021-11-05 23:45:49,649] multiqc                                            [DEBUG  ]  File ignored by lima/summary because it exceeded search pattern filesize limit: ERR015953_cutadapt_bowtie2_minus_strand_bedgraph_to_tdf.log
[2021-11-05 23:45:49,660] multiqc                                            [DEBUG  ]  File ignored by ccs/v4 because it exceeded search pattern filesize limit: ERR015953.fastq.gz_trimming_report.txt
[2021-11-05 23:45:49,662] multiqc                                            [DEBUG  ]  File ignored by lima/summary because it exceeded search pattern filesize limit: ERR015953.fastq.gz_trimming_report.txt
[2021-11-05 23:45:49,664] multiqc                                            [DEBUG  ]  File ignored by longranger/invocation because it exceeded search pattern filesize limit: ERR015953.fastq.gz_trimming_report.txt
[2021-11-05 23:45:49,713] multiqc                                            [DEBUG  ]  File ignored by ccs/v4 because it exceeded search pattern filesize limit: ERR015953_cutadapt_bowtie2_plus_strand_bedgraph_to_tdf.log
[2021-11-05 23:45:49,714] multiqc                                            [DEBUG  ]  File ignored by lima/summary because it exceeded search pattern filesize limit: ERR015953_cutadapt_bowtie2_plus_strand_bedgraph_to_tdf.log
[2021-11-05 23:45:49,742] multiqc                                            [DEBUG  ]  Ignoring file as matched an ignore pattern: ERR015953_cutadapt_bowtie2.bam.bai
[2021-11-05 23:45:49,782] multiqc                                            [DEBUG  ]  File ignored by ccs/v4 because it exceeded search pattern filesize limit: ERR015953_cutadapt_fastqc.log
[2021-11-05 23:45:49,784] multiqc                                            [DEBUG  ]  File ignored by lima/summary because it exceeded search pattern filesize limit: ERR015953_cutadapt_fastqc.log
[2021-11-05 23:45:49,831] multiqc                                            [DEBUG  ]  File ignored by ccs/v4 because it exceeded search pattern filesize limit: ERR015953_cutadapt_fastqc.html
[2021-11-05 23:45:49,833] multiqc                                            [DEBUG  ]  File ignored by hicexplorer because it exceeded search pattern filesize limit: ERR015953_cutadapt_fastqc.html
[2021-11-05 23:45:49,833] multiqc                                            [DEBUG  ]  File ignored by nanostat because it exceeded search pattern filesize limit: ERR015953_cutadapt_fastqc.html
[2021-11-05 23:45:49,833] multiqc                                            [DEBUG  ]  File ignored by lima/summary because it exceeded search pattern filesize limit: ERR015953_cutadapt_fastqc.html
[2021-11-05 23:45:49,836] multiqc                                            [DEBUG  ]  File ignored by vep/vep_txt because it exceeded search pattern filesize limit: ERR015953_cutadapt_fastqc.html
[2021-11-05 23:45:49,836] multiqc                                            [DEBUG  ]  File ignored by longranger/invocation because it exceeded search pattern filesize limit: ERR015953_cutadapt_fastqc.html
[2021-11-05 23:45:49,836] multiqc                                            [DEBUG  ]  File ignored by rockhopper because it exceeded search pattern filesize limit: ERR015953_cutadapt_fastqc.html
[2021-11-05 23:45:49,836] multiqc                                            [DEBUG  ]  File ignored by rseqc/bam_stat because it exceeded search pattern filesize limit: ERR015953_cutadapt_fastqc.html
[2021-11-05 23:45:49,836] multiqc                                            [DEBUG  ]  File ignored by rseqc/junction_annotation because it exceeded search pattern filesize limit: ERR015953_cutadapt_fastqc.html
[2021-11-05 23:45:49,836] multiqc                                            [DEBUG  ]  File ignored by rseqc/read_distribution because it exceeded search pattern filesize limit: ERR015953_cutadapt_fastqc.html
[2021-11-05 23:45:49,836] multiqc                                            [DEBUG  ]  File ignored by rseqc/infer_experiment because it exceeded search pattern filesize limit: ERR015953_cutadapt_fastqc.html
[2021-11-05 23:45:50,033] multiqc                                            [DEBUG  ]  File ignored by ccs/v4 because it exceeded search pattern filesize limit: ERR015953_fastqc.html
[2021-11-05 23:45:50,034] multiqc                                            [DEBUG  ]  File ignored by hicexplorer because it exceeded search pattern filesize limit: ERR015953_fastqc.html
[2021-11-05 23:45:50,035] multiqc                                            [DEBUG  ]  File ignored by nanostat because it exceeded search pattern filesize limit: ERR015953_fastqc.html
[2021-11-05 23:45:50,035] multiqc                                            [DEBUG  ]  File ignored by lima/summary because it exceeded search pattern filesize limit: ERR015953_fastqc.html
[2021-11-05 23:45:50,038] multiqc                                            [DEBUG  ]  File ignored by vep/vep_txt because it exceeded search pattern filesize limit: ERR015953_fastqc.html
[2021-11-05 23:45:50,038] multiqc                                            [DEBUG  ]  File ignored by longranger/invocation because it exceeded search pattern filesize limit: ERR015953_fastqc.html
[2021-11-05 23:45:50,038] multiqc                                            [DEBUG  ]  File ignored by rockhopper because it exceeded search pattern filesize limit: ERR015953_fastqc.html
[2021-11-05 23:45:50,038] multiqc                                            [DEBUG  ]  File ignored by rseqc/bam_stat because it exceeded search pattern filesize limit: ERR015953_fastqc.html
[2021-11-05 23:45:50,038] multiqc                                            [DEBUG  ]  File ignored by rseqc/junction_annotation because it exceeded search pattern filesize limit: ERR015953_fastqc.html
[2021-11-05 23:45:50,038] multiqc                                            [DEBUG  ]  File ignored by rseqc/read_distribution because it exceeded search pattern filesize limit: ERR015953_fastqc.html
[2021-11-05 23:45:50,038] multiqc                                            [DEBUG  ]  File ignored by rseqc/infer_experiment because it exceeded search pattern filesize limit: ERR015953_fastqc.html
[2021-11-05 23:45:50,193] multiqc                                            [DEBUG  ]  File ignored by ccs/v4 because it exceeded search pattern filesize limit: ERR015953_cutadapt_bowtie2_fastqc.log
[2021-11-05 23:45:50,195] multiqc                                            [DEBUG  ]  File ignored by lima/summary because it exceeded search pattern filesize limit: ERR015953_cutadapt_bowtie2_fastqc.log
[2021-11-05 23:45:50,213] multiqc                                            [DEBUG  ]  File ignored by ccs/v4 because it exceeded search pattern filesize limit: ERR015953_cutadapt_bowtie2_fastqc.html
[2021-11-05 23:45:50,215] multiqc                                            [DEBUG  ]  File ignored by hicexplorer because it exceeded search pattern filesize limit: ERR015953_cutadapt_bowtie2_fastqc.html
[2021-11-05 23:45:50,215] multiqc                                            [DEBUG  ]  File ignored by nanostat because it exceeded search pattern filesize limit: ERR015953_cutadapt_bowtie2_fastqc.html
[2021-11-05 23:45:50,215] multiqc                                            [DEBUG  ]  File ignored by lima/summary because it exceeded search pattern filesize limit: ERR015953_cutadapt_bowtie2_fastqc.html
[2021-11-05 23:45:50,218] multiqc                                            [DEBUG  ]  File ignored by vep/vep_txt because it exceeded search pattern filesize limit: ERR015953_cutadapt_bowtie2_fastqc.html
[2021-11-05 23:45:50,218] multiqc                                            [DEBUG  ]  File ignored by longranger/invocation because it exceeded search pattern filesize limit: ERR015953_cutadapt_bowtie2_fastqc.html
[2021-11-05 23:45:50,218] multiqc                                            [DEBUG  ]  File ignored by rockhopper because it exceeded search pattern filesize limit: ERR015953_cutadapt_bowtie2_fastqc.html
[2021-11-05 23:45:50,218] multiqc                                            [DEBUG  ]  File ignored by rseqc/bam_stat because it exceeded search pattern filesize limit: ERR015953_cutadapt_bowtie2_fastqc.html
[2021-11-05 23:45:50,219] multiqc                                            [DEBUG  ]  File ignored by rseqc/junction_annotation because it exceeded search pattern filesize limit: ERR015953_cutadapt_bowtie2_fastqc.html
[2021-11-05 23:45:50,219] multiqc                                            [DEBUG  ]  File ignored by rseqc/read_distribution because it exceeded search pattern filesize limit: ERR015953_cutadapt_bowtie2_fastqc.html
[2021-11-05 23:45:50,219] multiqc                                            [DEBUG  ]  File ignored by rseqc/infer_experiment because it exceeded search pattern filesize limit: ERR015953_cutadapt_bowtie2_fastqc.html
[2021-11-05 23:45:50,365] multiqc                                            [DEBUG  ]  File ignored by ccs/v4 because it exceeded search pattern filesize limit: ERR015952_cutadapt.log
[2021-11-05 23:45:50,367] multiqc                                            [DEBUG  ]  File ignored by hicexplorer because it exceeded search pattern filesize limit: ERR015952_cutadapt.log
[2021-11-05 23:45:50,367] multiqc                                            [DEBUG  ]  File ignored by nanostat because it exceeded search pattern filesize limit: ERR015952_cutadapt.log
[2021-11-05 23:45:50,367] multiqc                                            [DEBUG  ]  File ignored by lima/summary because it exceeded search pattern filesize limit: ERR015952_cutadapt.log
[2021-11-05 23:45:50,369] multiqc                                            [DEBUG  ]  File ignored by longranger/invocation because it exceeded search pattern filesize limit: ERR015952_cutadapt.log
[2021-11-05 23:45:50,377] multiqc                                            [DEBUG  ]  Ignoring file as matched an ignore pattern: ERR015952_cutadapt.fastq.gz
[2021-11-05 23:45:50,393] multiqc                                            [DEBUG  ]  File ignored by ccs/v4 because it exceeded search pattern filesize limit: ERR015952_cutadapt_bowtie2_bedgraph_to_tdf.log
[2021-11-05 23:45:50,395] multiqc                                            [DEBUG  ]  File ignored by lima/summary because it exceeded search pattern filesize limit: ERR015952_cutadapt_bowtie2_bedgraph_to_tdf.log
[2021-11-05 23:45:50,406] multiqc                                            [DEBUG  ]  File ignored by ccs/v4 because it exceeded search pattern filesize limit: ERR015952_cutadapt_bowtie2_minus_strand_bedgraph_to_tdf.log
[2021-11-05 23:45:50,408] multiqc                                            [DEBUG  ]  File ignored by lima/summary because it exceeded search pattern filesize limit: ERR015952_cutadapt_bowtie2_minus_strand_bedgraph_to_tdf.log
[2021-11-05 23:45:50,453] multiqc                                            [DEBUG  ]  Ignoring file as matched an ignore pattern: ERR015952_cutadapt_empty2.fastq.gz
[2021-11-05 23:45:50,465] multiqc                                            [DEBUG  ]  Ignoring file as matched an ignore pattern: ERR015952.fastq.gz
[2021-11-05 23:45:50,470] multiqc                                            [DEBUG  ]  File ignored by ccs/v4 because it exceeded search pattern filesize limit: ERR015952_cutadapt_bowtie2_plus_strand_bedgraph_to_tdf.log
[2021-11-05 23:45:50,471] multiqc                                            [DEBUG  ]  File ignored by lima/summary because it exceeded search pattern filesize limit: ERR015952_cutadapt_bowtie2_plus_strand_bedgraph_to_tdf.log
[2021-11-05 23:45:50,493] multiqc                                            [DEBUG  ]  Ignoring file as matched an ignore pattern: ERR015952_cutadapt_empty1.fastq.gz
[2021-11-05 23:45:50,493] multiqc                                            [DEBUG  ]  Ignoring file as matched an ignore pattern: ERR015952_cutadapt_bowtie2.bam
[2021-11-05 23:45:50,494] multiqc                                            [DEBUG  ]  Ignoring file as matched an ignore pattern: ERR015952_cutadapt_bowtie2.bam.bai
[2021-11-05 23:45:50,498] multiqc                                            [DEBUG  ]  File ignored by ccs/v4 because it exceeded search pattern filesize limit: ERR015952.fastq.gz_trimming_report.txt
[2021-11-05 23:45:50,500] multiqc                                            [DEBUG  ]  File ignored by lima/summary because it exceeded search pattern filesize limit: ERR015952.fastq.gz_trimming_report.txt
[2021-11-05 23:45:50,502] multiqc                                            [DEBUG  ]  File ignored by longranger/invocation because it exceeded search pattern filesize limit: ERR015952.fastq.gz_trimming_report.txt
[2021-11-05 23:45:50,647] multiqc                                            [DEBUG  ]  File ignored by ccs/v4 because it exceeded search pattern filesize limit: ERR015952_cutadapt_fastqc.html
[2021-11-05 23:45:50,648] multiqc                                            [DEBUG  ]  File ignored by hicexplorer because it exceeded search pattern filesize limit: ERR015952_cutadapt_fastqc.html
[2021-11-05 23:45:50,648] multiqc                                            [DEBUG  ]  File ignored by nanostat because it exceeded search pattern filesize limit: ERR015952_cutadapt_fastqc.html
[2021-11-05 23:45:50,649] multiqc                                            [DEBUG  ]  File ignored by lima/summary because it exceeded search pattern filesize limit: ERR015952_cutadapt_fastqc.html
[2021-11-05 23:45:50,652] multiqc                                            [DEBUG  ]  File ignored by vep/vep_txt because it exceeded search pattern filesize limit: ERR015952_cutadapt_fastqc.html
[2021-11-05 23:45:50,652] multiqc                                            [DEBUG  ]  File ignored by longranger/invocation because it exceeded search pattern filesize limit: ERR015952_cutadapt_fastqc.html
[2021-11-05 23:45:50,652] multiqc                                            [DEBUG  ]  File ignored by rockhopper because it exceeded search pattern filesize limit: ERR015952_cutadapt_fastqc.html
[2021-11-05 23:45:50,652] multiqc                                            [DEBUG  ]  File ignored by rseqc/bam_stat because it exceeded search pattern filesize limit: ERR015952_cutadapt_fastqc.html
[2021-11-05 23:45:50,652] multiqc                                            [DEBUG  ]  File ignored by rseqc/junction_annotation because it exceeded search pattern filesize limit: ERR015952_cutadapt_fastqc.html
[2021-11-05 23:45:50,652] multiqc                                            [DEBUG  ]  File ignored by rseqc/read_distribution because it exceeded search pattern filesize limit: ERR015952_cutadapt_fastqc.html
[2021-11-05 23:45:50,652] multiqc                                            [DEBUG  ]  File ignored by rseqc/infer_experiment because it exceeded search pattern filesize limit: ERR015952_cutadapt_fastqc.html
[2021-11-05 23:45:50,787] multiqc                                            [DEBUG  ]  File ignored by ccs/v4 because it exceeded search pattern filesize limit: ERR015952_cutadapt_fastqc.log
[2021-11-05 23:45:50,788] multiqc                                            [DEBUG  ]  File ignored by lima/summary because it exceeded search pattern filesize limit: ERR015952_cutadapt_fastqc.log
[2021-11-05 23:45:50,802] multiqc                                            [DEBUG  ]  File ignored by ccs/v4 because it exceeded search pattern filesize limit: ERR015952_cutadapt_bowtie2_fastqc.html
[2021-11-05 23:45:50,803] multiqc                                            [DEBUG  ]  File ignored by hicexplorer because it exceeded search pattern filesize limit: ERR015952_cutadapt_bowtie2_fastqc.html
[2021-11-05 23:45:50,804] multiqc                                            [DEBUG  ]  File ignored by nanostat because it exceeded search pattern filesize limit: ERR015952_cutadapt_bowtie2_fastqc.html
[2021-11-05 23:45:50,804] multiqc                                            [DEBUG  ]  File ignored by lima/summary because it exceeded search pattern filesize limit: ERR015952_cutadapt_bowtie2_fastqc.html
[2021-11-05 23:45:50,807] multiqc                                            [DEBUG  ]  File ignored by vep/vep_txt because it exceeded search pattern filesize limit: ERR015952_cutadapt_bowtie2_fastqc.html
[2021-11-05 23:45:50,807] multiqc                                            [DEBUG  ]  File ignored by longranger/invocation because it exceeded search pattern filesize limit: ERR015952_cutadapt_bowtie2_fastqc.html
[2021-11-05 23:45:50,807] multiqc                                            [DEBUG  ]  File ignored by rockhopper because it exceeded search pattern filesize limit: ERR015952_cutadapt_bowtie2_fastqc.html
[2021-11-05 23:45:50,807] multiqc                                            [DEBUG  ]  File ignored by rseqc/bam_stat because it exceeded search pattern filesize limit: ERR015952_cutadapt_bowtie2_fastqc.html
[2021-11-05 23:45:50,807] multiqc                                            [DEBUG  ]  File ignored by rseqc/junction_annotation because it exceeded search pattern filesize limit: ERR015952_cutadapt_bowtie2_fastqc.html
[2021-11-05 23:45:50,807] multiqc                                            [DEBUG  ]  File ignored by rseqc/read_distribution because it exceeded search pattern filesize limit: ERR015952_cutadapt_bowtie2_fastqc.html
[2021-11-05 23:45:50,807] multiqc                                            [DEBUG  ]  File ignored by rseqc/infer_experiment because it exceeded search pattern filesize limit: ERR015952_cutadapt_bowtie2_fastqc.html
[2021-11-05 23:45:50,930] multiqc                                            [DEBUG  ]  File ignored by ccs/v4 because it exceeded search pattern filesize limit: ERR015952_cutadapt_bowtie2_fastqc.log
[2021-11-05 23:45:50,932] multiqc                                            [DEBUG  ]  File ignored by lima/summary because it exceeded search pattern filesize limit: ERR015952_cutadapt_bowtie2_fastqc.log
[2021-11-05 23:45:51,006] multiqc                                            [DEBUG  ]  File ignored by ccs/v4 because it exceeded search pattern filesize limit: ERR015952_fastqc.html
[2021-11-05 23:45:51,007] multiqc                                            [DEBUG  ]  File ignored by hicexplorer because it exceeded search pattern filesize limit: ERR015952_fastqc.html
[2021-11-05 23:45:51,007] multiqc                                            [DEBUG  ]  File ignored by nanostat because it exceeded search pattern filesize limit: ERR015952_fastqc.html
[2021-11-05 23:45:51,008] multiqc                                            [DEBUG  ]  File ignored by lima/summary because it exceeded search pattern filesize limit: ERR015952_fastqc.html
[2021-11-05 23:45:51,011] multiqc                                            [DEBUG  ]  File ignored by vep/vep_txt because it exceeded search pattern filesize limit: ERR015952_fastqc.html
[2021-11-05 23:45:51,011] multiqc                                            [DEBUG  ]  File ignored by longranger/invocation because it exceeded search pattern filesize limit: ERR015952_fastqc.html
[2021-11-05 23:45:51,011] multiqc                                            [DEBUG  ]  File ignored by rockhopper because it exceeded search pattern filesize limit: ERR015952_fastqc.html
[2021-11-05 23:45:51,011] multiqc                                            [DEBUG  ]  File ignored by rseqc/bam_stat because it exceeded search pattern filesize limit: ERR015952_fastqc.html
[2021-11-05 23:45:51,011] multiqc                                            [DEBUG  ]  File ignored by rseqc/junction_annotation because it exceeded search pattern filesize limit: ERR015952_fastqc.html
[2021-11-05 23:45:51,011] multiqc                                            [DEBUG  ]  File ignored by rseqc/read_distribution because it exceeded search pattern filesize limit: ERR015952_fastqc.html
[2021-11-05 23:45:51,011] multiqc                                            [DEBUG  ]  File ignored by rseqc/infer_experiment because it exceeded search pattern filesize limit: ERR015952_fastqc.html
[2021-11-05 23:45:51,163] multiqc                                            [DEBUG  ]  File ignored by ccs/v4 because it exceeded search pattern filesize limit: DS00042_sites.fasta
[2021-11-05 23:45:51,164] multiqc                                            [DEBUG  ]  File ignored by hicexplorer because it exceeded search pattern filesize limit: DS00042_sites.fasta
[2021-11-05 23:45:51,164] multiqc                                            [DEBUG  ]  File ignored by nanostat because it exceeded search pattern filesize limit: DS00042_sites.fasta
[2021-11-05 23:45:51,164] multiqc                                            [DEBUG  ]  File ignored by lima/summary because it exceeded search pattern filesize limit: DS00042_sites.fasta
[2021-11-05 23:45:51,167] multiqc                                            [DEBUG  ]  File ignored by longranger/invocation because it exceeded search pattern filesize limit: DS00042_sites.fasta
[2021-11-05 23:45:51,209] multiqc                                            [DEBUG  ]  File ignored by ccs/v4 because it exceeded search pattern filesize limit: DS00042_matrix.tab
[2021-11-05 23:45:51,210] multiqc                                            [DEBUG  ]  File ignored by lima/summary because it exceeded search pattern filesize limit: DS00042_matrix.tab
[2021-11-05 23:45:51,213] multiqc                                            [DEBUG  ]  File ignored by longranger/invocation because it exceeded search pattern filesize limit: DS00042_matrix.tab
[2021-11-05 23:45:51,224] multiqc                                            [DEBUG  ]  File ignored by ccs/v4 because it exceeded search pattern filesize limit: DS00042_peaks.fasta
[2021-11-05 23:45:51,225] multiqc                                            [DEBUG  ]  File ignored by hicexplorer because it exceeded search pattern filesize limit: DS00042_peaks.fasta
[2021-11-05 23:45:51,225] multiqc                                            [DEBUG  ]  File ignored by nanostat because it exceeded search pattern filesize limit: DS00042_peaks.fasta
[2021-11-05 23:45:51,225] multiqc                                            [DEBUG  ]  File ignored by lima/summary because it exceeded search pattern filesize limit: DS00042_peaks.fasta
[2021-11-05 23:45:51,228] multiqc                                            [DEBUG  ]  File ignored by vep/vep_txt because it exceeded search pattern filesize limit: DS00042_peaks.fasta
[2021-11-05 23:45:51,228] multiqc                                            [DEBUG  ]  File ignored by longranger/invocation because it exceeded search pattern filesize limit: DS00042_peaks.fasta
[2021-11-05 23:45:51,274] multiqc                                            [DEBUG  ]  Ignoring file as matched an ignore pattern: DS00042_peaks.bed
[2021-11-05 23:45:51,274] multiqc                                            [DEBUG  ]  Ignoring file as matched an ignore pattern: DS00042_sites.bed
[2021-11-05 23:45:51,284] multiqc                                            [DEBUG  ]  File ignored by ccs/v4 because it exceeded search pattern filesize limit: DS00042_peaks.ft
[2021-11-05 23:45:51,285] multiqc                                            [DEBUG  ]  File ignored by hicexplorer because it exceeded search pattern filesize limit: DS00042_peaks.ft
[2021-11-05 23:45:51,285] multiqc                                            [DEBUG  ]  File ignored by nanostat because it exceeded search pattern filesize limit: DS00042_peaks.ft
[2021-11-05 23:45:51,285] multiqc                                            [DEBUG  ]  File ignored by lima/summary because it exceeded search pattern filesize limit: DS00042_peaks.ft
[2021-11-05 23:45:51,288] multiqc                                            [DEBUG  ]  File ignored by longranger/invocation because it exceeded search pattern filesize limit: DS00042_peaks.ft
[2021-11-05 23:45:51,321] multiqc                                            [DEBUG  ]  File ignored by ccs/v4 because it exceeded search pattern filesize limit: DS00042_peaks.narrowPeak
[2021-11-05 23:45:51,322] multiqc                                            [DEBUG  ]  File ignored by hicexplorer because it exceeded search pattern filesize limit: DS00042_peaks.narrowPeak
[2021-11-05 23:45:51,322] multiqc                                            [DEBUG  ]  File ignored by nanostat because it exceeded search pattern filesize limit: DS00042_peaks.narrowPeak
[2021-11-05 23:45:51,322] multiqc                                            [DEBUG  ]  File ignored by lima/summary because it exceeded search pattern filesize limit: DS00042_peaks.narrowPeak
[2021-11-05 23:45:51,325] multiqc                                            [DEBUG  ]  File ignored by longranger/invocation because it exceeded search pattern filesize limit: DS00042_peaks.narrowPeak
[2021-11-05 23:45:51,341] multiqc                                            [DEBUG  ]  Ignoring file as matched an ignore pattern: DS00042_summits.bed
[2021-11-05 23:45:51,778] multiqc.plots.bargraph                             [DEBUG  ]  Using matplotlib version 3.4.3
[2021-11-05 23:45:51,779] multiqc.plots.linegraph                            [DEBUG  ]  Using matplotlib version 3.4.3
[2021-11-05 23:45:51,780] multiqc                                            [DEBUG  ]  No samples found: custom_content
[2021-11-05 23:45:51,786] multiqc                                            [DEBUG  ]  No samples found: ccs
[2021-11-05 23:45:51,793] multiqc                                            [DEBUG  ]  No samples found: ngsderive
[2021-11-05 23:45:51,799] multiqc                                            [DEBUG  ]  No samples found: purple
[2021-11-05 23:45:51,806] multiqc                                            [DEBUG  ]  No samples found: conpair
[2021-11-05 23:45:51,812] multiqc                                            [DEBUG  ]  No samples found: lima
[2021-11-05 23:45:51,818] multiqc                                            [DEBUG  ]  No samples found: peddy
[2021-11-05 23:45:51,825] multiqc                                            [DEBUG  ]  No samples found: somalier
[2021-11-05 23:45:51,831] multiqc                                            [DEBUG  ]  No samples found: methylQA
[2021-11-05 23:45:51,838] multiqc.modules.mosdepth.mosdepth                  [DEBUG  ]  include_contigs: []
[2021-11-05 23:45:51,839] multiqc.modules.mosdepth.mosdepth                  [DEBUG  ]  exclude_contigs: []
[2021-11-05 23:45:51,839] multiqc                                            [DEBUG  ]  No samples found: mosdepth
[2021-11-05 23:45:51,845] multiqc                                            [DEBUG  ]  No samples found: phantompeakqualtools
[2021-11-05 23:45:51,851] multiqc                                            [DEBUG  ]  No samples found: qualimap
[2021-11-05 23:45:51,857] multiqc                                            [DEBUG  ]  No samples found: preseq
[2021-11-05 23:45:51,864] multiqc                                            [DEBUG  ]  No samples found: quast
[2021-11-05 23:45:51,870] multiqc                                            [DEBUG  ]  No samples found: qorts
[2021-11-05 23:45:51,876] multiqc                                            [DEBUG  ]  No samples found: rna_seqc
[2021-11-05 23:45:51,883] multiqc                                            [DEBUG  ]  No samples found: rockhopper
[2021-11-05 23:45:51,889] multiqc                                            [DEBUG  ]  No samples found: rsem
[2021-11-05 23:45:51,898] multiqc                                            [DEBUG  ]  No samples found: rseqc
[2021-11-05 23:45:51,904] multiqc                                            [DEBUG  ]  No samples found: busco
[2021-11-05 23:45:51,910] multiqc                                            [DEBUG  ]  No samples found: bustools
[2021-11-05 23:45:51,916] multiqc                                            [DEBUG  ]  No samples found: goleft_indexcov
[2021-11-05 23:45:51,923] multiqc                                            [DEBUG  ]  No samples found: gffcompare
[2021-11-05 23:45:51,929] multiqc                                            [DEBUG  ]  No samples found: disambiguate
[2021-11-05 23:45:51,935] multiqc                                            [DEBUG  ]  No samples found: supernova
[2021-11-05 23:45:51,944] multiqc                                            [DEBUG  ]  No samples found: deeptools
[2021-11-05 23:45:51,950] multiqc                                            [DEBUG  ]  No samples found: sargasso
[2021-11-05 23:45:51,956] multiqc                                            [DEBUG  ]  No samples found: verifybamid
[2021-11-05 23:45:51,963] multiqc                                            [DEBUG  ]  No samples found: mirtrace
[2021-11-05 23:45:51,969] multiqc                                            [DEBUG  ]  No samples found: happy
[2021-11-05 23:45:51,975] multiqc                                            [DEBUG  ]  No samples found: mirtop
[2021-11-05 23:45:51,982] multiqc                                            [DEBUG  ]  No samples found: sambamba
[2021-11-05 23:45:51,988] multiqc                                            [DEBUG  ]  No samples found: homer
[2021-11-05 23:45:51,995] multiqc                                            [DEBUG  ]  No samples found: hops
[2021-11-05 23:45:52,020] multiqc.modules.macs2.macs2                        [INFO   ]  Found 1 logs
[2021-11-05 23:45:52,032] multiqc                                            [DEBUG  ]  No samples found: theta2
[2021-11-05 23:45:52,038] multiqc                                            [DEBUG  ]  No samples found: snpeff
[2021-11-05 23:45:52,046] multiqc                                            [DEBUG  ]  No samples found: gatk
[2021-11-05 23:45:52,052] multiqc                                            [DEBUG  ]  No samples found: htseq
[2021-11-05 23:45:52,058] multiqc                                            [DEBUG  ]  No samples found: bcftools
[2021-11-05 23:45:52,064] multiqc                                            [DEBUG  ]  No samples found: featureCounts
[2021-11-05 23:45:52,072] multiqc                                            [DEBUG  ]  No samples found: fgbio
[2021-11-05 23:45:52,082] multiqc                                            [DEBUG  ]  No samples found: dragen
[2021-11-05 23:45:52,088] multiqc                                            [DEBUG  ]  No samples found: dedup
[2021-11-05 23:45:52,095] multiqc                                            [DEBUG  ]  No samples found: damageprofiler
[2021-11-05 23:45:52,107] multiqc                                            [DEBUG  ]  No samples found: biobambam2
[2021-11-05 23:45:52,114] multiqc                                            [DEBUG  ]  No samples found: jcvi
[2021-11-05 23:45:52,120] multiqc                                            [DEBUG  ]  No samples found: mtnucratio
[2021-11-05 23:45:52,126] multiqc                                            [DEBUG  ]  No samples found: picard
[2021-11-05 23:45:52,132] multiqc                                            [DEBUG  ]  No samples found: vep
[2021-11-05 23:45:52,141] multiqc                                            [DEBUG  ]  No samples found: sentieon
[2021-11-05 23:45:52,148] multiqc                                            [DEBUG  ]  No samples found: prokka
[2021-11-05 23:45:52,155] multiqc                                            [DEBUG  ]  No samples found: qc3C
[2021-11-05 23:45:52,161] multiqc                                            [DEBUG  ]  No samples found: nanostat
[2021-11-05 23:45:52,167] multiqc                                            [DEBUG  ]  No samples found: samblaster
[2021-11-05 23:45:52,187] multiqc.modules.samtools.samtools                  [INFO   ]  Found 2 flagstat reports
[2021-11-05 23:45:52,194] multiqc                                            [DEBUG  ]  No samples found: sexdeterrmine
[2021-11-05 23:45:52,200] multiqc                                            [DEBUG  ]  No samples found: eigenstratdatabasetools
[2021-11-05 23:45:52,206] multiqc                                            [DEBUG  ]  No samples found: bamtools
[2021-11-05 23:45:52,213] multiqc                                            [DEBUG  ]  No samples found: jellyfish
[2021-11-05 23:45:52,220] multiqc                                            [DEBUG  ]  No samples found: vcftools
[2021-11-05 23:45:52,226] multiqc                                            [DEBUG  ]  No samples found: longranger
[2021-11-05 23:45:52,232] multiqc                                            [DEBUG  ]  No samples found: stacks
[2021-11-05 23:45:52,239] multiqc                                            [DEBUG  ]  No samples found: varscan2
[2021-11-05 23:45:52,245] multiqc                                            [DEBUG  ]  No samples found: snippy
[2021-11-05 23:45:52,254] multiqc                                            [DEBUG  ]  No samples found: bbmap
[2021-11-05 23:45:52,260] multiqc                                            [DEBUG  ]  No samples found: bismark
[2021-11-05 23:45:52,267] multiqc                                            [DEBUG  ]  No samples found: biscuit
[2021-11-05 23:45:52,273] multiqc                                            [DEBUG  ]  No samples found: hicexplorer
[2021-11-05 23:45:52,280] multiqc                                            [DEBUG  ]  No samples found: hicup
[2021-11-05 23:45:52,286] multiqc                                            [DEBUG  ]  No samples found: hicpro
[2021-11-05 23:45:52,292] multiqc                                            [DEBUG  ]  No samples found: salmon
[2021-11-05 23:45:52,298] multiqc                                            [DEBUG  ]  No samples found: kallisto
[2021-11-05 23:45:52,305] multiqc                                            [DEBUG  ]  No samples found: slamdunk
[2021-11-05 23:45:52,311] multiqc                                            [DEBUG  ]  No samples found: star
[2021-11-05 23:45:52,317] multiqc                                            [DEBUG  ]  No samples found: hisat2
[2021-11-05 23:45:52,323] multiqc                                            [DEBUG  ]  No samples found: tophat
[2021-11-05 23:45:52,332] multiqc.modules.bowtie2.bowtie2                    [INFO   ]  Found 2 reports
[2021-11-05 23:45:52,341] multiqc                                            [DEBUG  ]  No samples found: bowtie1
[2021-11-05 23:45:52,347] multiqc                                            [DEBUG  ]  No samples found: snpsplit
[2021-11-05 23:45:52,354] multiqc                                            [DEBUG  ]  No samples found: odgi
[2021-11-05 23:45:52,360] multiqc                                            [DEBUG  ]  No samples found: pangolin
[2021-11-05 23:45:52,366] multiqc                                            [DEBUG  ]  No samples found: kat
[2021-11-05 23:45:52,372] multiqc                                            [DEBUG  ]  No samples found: leehom
[2021-11-05 23:45:52,378] multiqc                                            [DEBUG  ]  No samples found: adapterRemoval
[2021-11-05 23:45:52,385] multiqc                                            [DEBUG  ]  No samples found: clipandmerge
[2021-11-05 23:45:52,398] multiqc.modules.cutadapt.cutadapt                  [DEBUG  ]  Duplicate sample name found! Overwriting: ERR015953
[2021-11-05 23:45:52,403] multiqc.modules.cutadapt.cutadapt                  [DEBUG  ]  Duplicate sample name found! Overwriting: ERR015952
[2021-11-05 23:45:52,406] multiqc.modules.cutadapt.cutadapt                  [INFO   ]  Found 2 reports
[2021-11-05 23:45:52,420] multiqc                                            [DEBUG  ]  No samples found: flexbar
[2021-11-05 23:45:52,427] multiqc                                            [DEBUG  ]  No samples found: kaiju
[2021-11-05 23:45:52,433] multiqc                                            [DEBUG  ]  No samples found: kraken
[2021-11-05 23:45:52,439] multiqc                                            [DEBUG  ]  No samples found: malt
[2021-11-05 23:45:52,445] multiqc                                            [DEBUG  ]  No samples found: trimmomatic
[2021-11-05 23:45:52,451] multiqc                                            [DEBUG  ]  No samples found: sickle
[2021-11-05 23:45:52,457] multiqc                                            [DEBUG  ]  No samples found: skewer
[2021-11-05 23:45:52,463] multiqc                                            [DEBUG  ]  No samples found: sortmerna
[2021-11-05 23:45:52,470] multiqc                                            [DEBUG  ]  No samples found: biobloomtools
[2021-11-05 23:45:52,477] multiqc                                            [DEBUG  ]  No samples found: fastq_screen
[2021-11-05 23:45:52,483] multiqc                                            [DEBUG  ]  No samples found: afterqc
[2021-11-05 23:45:52,489] multiqc                                            [DEBUG  ]  No samples found: fastp
[2021-11-05 23:45:52,599] multiqc.modules.fastqc.fastqc                      [INFO   ]  Found 6 reports
[2021-11-05 23:45:52,675] multiqc                                            [DEBUG  ]  No samples found: pychopper
[2021-11-05 23:45:52,681] multiqc                                            [DEBUG  ]  No samples found: pycoqc
[2021-11-05 23:45:52,687] multiqc                                            [DEBUG  ]  No samples found: minionqc
[2021-11-05 23:45:52,694] multiqc                                            [DEBUG  ]  No samples found: multivcfanalyzer
[2021-11-05 23:45:52,700] multiqc                                            [DEBUG  ]  No samples found: clusterflow
[2021-11-05 23:45:52,706] multiqc                                            [DEBUG  ]  No samples found: bcl2fastq
[2021-11-05 23:45:52,713] multiqc                                            [DEBUG  ]  No samples found: bclconvert
[2021-11-05 23:45:52,719] multiqc                                            [DEBUG  ]  No samples found: interop
[2021-11-05 23:45:52,725] multiqc                                            [DEBUG  ]  No samples found: ivar
[2021-11-05 23:45:52,732] multiqc                                            [DEBUG  ]  No samples found: flash
[2021-11-05 23:45:52,738] multiqc                                            [DEBUG  ]  No samples found: seqyclean
[2021-11-05 23:45:52,744] multiqc                                            [DEBUG  ]  No samples found: optitype
[2021-11-05 23:45:52,766] multiqc                                            [INFO   ]  Compressing plot data
[2021-11-05 23:45:52,969] multiqc                                            [INFO   ]  Report      : ChIP-seq_collection/E-MTAB-332/datasets/DS00042/multiQC/multiqc_report.html
[2021-11-05 23:45:52,970] multiqc                                            [INFO   ]  Data        : ChIP-seq_collection/E-MTAB-332/datasets/DS00042/multiQC/multiqc_data
[2021-11-05 23:45:52,970] multiqc                                            [DEBUG  ]  Moving data file from '/tmp/tmpl1jxxygb/multiqc_data' to 'ChIP-seq_collection/E-MTAB-332/datasets/DS00042/multiQC/multiqc_data'
[2021-11-05 23:45:53,150] multiqc                                            [INFO   ]  MultiQC complete
