[2021-11-05 23:45:54,568] multiqc                                            [DEBUG  ]  This is MultiQC v1.11
[2021-11-05 23:45:54,568] multiqc                                            [DEBUG  ]  No MultiQC config found: /home/rioualen/miniconda3/envs/snakemake/lib/python3.9/site-packages/multiqc_config.yaml
[2021-11-05 23:45:54,568] multiqc                                            [DEBUG  ]  No MultiQC config found: /home/rioualen/.multiqc_config.yaml
[2021-11-05 23:45:54,568] multiqc                                            [DEBUG  ]  No MultiQC config found: multiqc_config.yaml
[2021-11-05 23:45:54,568] multiqc                                            [DEBUG  ]  Command used: /home/rioualen/miniconda3/envs/snakemake/bin/multiqc ChIP-seq_collection/E-MTAB-332/samples/ERR015954 ChIP-seq_collection/E-MTAB-332/samples/ERR015952 ChIP-seq_collection/E-MTAB-332/datasets/DS00043 -o ChIP-seq_collection/E-MTAB-332/datasets/DS00043/multiQC
[2021-11-05 23:45:54,767] multiqc                                            [DEBUG  ]  Latest MultiQC version is v1.11
[2021-11-05 23:45:54,767] multiqc                                            [DEBUG  ]  Command     : /home/rioualen/miniconda3/envs/snakemake/bin/multiqc ChIP-seq_collection/E-MTAB-332/samples/ERR015954 ChIP-seq_collection/E-MTAB-332/samples/ERR015952 ChIP-seq_collection/E-MTAB-332/datasets/DS00043 -o ChIP-seq_collection/E-MTAB-332/datasets/DS00043/multiQC
[2021-11-05 23:45:54,768] multiqc                                            [DEBUG  ]  Working dir : /workspace/rioualen/HT_collections
[2021-11-05 23:45:54,768] multiqc                                            [DEBUG  ]  Template    : default
[2021-11-05 23:45:54,768] multiqc                                            [DEBUG  ]  Running Python 3.9.7 | packaged by conda-forge | (default, Sep 29 2021, 19:20:46)  [GCC 9.4.0]
[2021-11-05 23:45:54,768] multiqc                                            [DEBUG  ]  Analysing modules: custom_content, ccs, ngsderive, purple, conpair, lima, peddy, somalier, methylQA, mosdepth, phantompeakqualtools, qualimap, preseq, quast, qorts, rna_seqc, rockhopper, rsem, rseqc, busco, bustools, goleft_indexcov, gffcompare, disambiguate, supernova, deeptools, sargasso, verifybamid, mirtrace, happy, mirtop, sambamba, homer, hops, macs2, theta2, snpeff, gatk, htseq, bcftools, featureCounts, fgbio, dragen, dedup, damageprofiler, biobambam2, jcvi, mtnucratio, picard, vep, sentieon, prokka, qc3C, nanostat, samblaster, samtools, sexdeterrmine, eigenstratdatabasetools, bamtools, jellyfish, vcftools, longranger, stacks, varscan2, snippy, bbmap, bismark, biscuit, hicexplorer, hicup, hicpro, salmon, kallisto, slamdunk, star, hisat2, tophat, bowtie2, bowtie1, snpsplit, odgi, pangolin, kat, leehom, adapterRemoval, clipandmerge, cutadapt, flexbar, kaiju, kraken, malt, trimmomatic, sickle, skewer, sortmerna, biobloomtools, fastq_screen, afterqc, fastp, fastqc, pychopper, pycoqc, minionqc, multivcfanalyzer, clusterflow, bcl2fastq, bclconvert, interop, ivar, flash, seqyclean, optitype
[2021-11-05 23:45:54,785] multiqc                                            [DEBUG  ]  Using temporary directory for creating report: /tmp/tmpjirasnzj
[2021-11-05 23:45:54,927] multiqc                                            [INFO   ]  Search path : /workspace/rioualen/HT_collections/ChIP-seq_collection/E-MTAB-332/samples/ERR015954
[2021-11-05 23:45:54,927] multiqc                                            [INFO   ]  Search path : /workspace/rioualen/HT_collections/ChIP-seq_collection/E-MTAB-332/samples/ERR015952
[2021-11-05 23:45:54,927] multiqc                                            [INFO   ]  Search path : /workspace/rioualen/HT_collections/ChIP-seq_collection/E-MTAB-332/datasets/DS00043
[2021-11-05 23:45:55,008] multiqc                                            [DEBUG  ]  File ignored by ccs/v4 because it exceeded search pattern filesize limit: ERR015954_cutadapt_bowtie2_bedgraph_to_tdf.log
[2021-11-05 23:45:55,009] multiqc                                            [DEBUG  ]  File ignored by lima/summary because it exceeded search pattern filesize limit: ERR015954_cutadapt_bowtie2_bedgraph_to_tdf.log
[2021-11-05 23:45:55,033] multiqc                                            [DEBUG  ]  File ignored by ccs/v4 because it exceeded search pattern filesize limit: ERR015954_cutadapt_bowtie2_minus_strand_bedgraph_to_tdf.log
[2021-11-05 23:45:55,034] multiqc                                            [DEBUG  ]  File ignored by lima/summary because it exceeded search pattern filesize limit: ERR015954_cutadapt_bowtie2_minus_strand_bedgraph_to_tdf.log
[2021-11-05 23:45:55,050] multiqc                                            [DEBUG  ]  File ignored by ccs/v4 because it exceeded search pattern filesize limit: ERR015954_cutadapt_bowtie2_plus_strand_bedgraph_to_tdf.log
[2021-11-05 23:45:55,051] multiqc                                            [DEBUG  ]  File ignored by lima/summary because it exceeded search pattern filesize limit: ERR015954_cutadapt_bowtie2_plus_strand_bedgraph_to_tdf.log
[2021-11-05 23:45:55,063] multiqc                                            [DEBUG  ]  File ignored by ccs/v4 because it exceeded search pattern filesize limit: ERR015954_cutadapt_bowtie2_plus_strand.tdf
[2021-11-05 23:45:55,064] multiqc                                            [DEBUG  ]  File ignored by hicexplorer because it exceeded search pattern filesize limit: ERR015954_cutadapt_bowtie2_plus_strand.tdf
[2021-11-05 23:45:55,065] multiqc                                            [DEBUG  ]  File ignored by nanostat because it exceeded search pattern filesize limit: ERR015954_cutadapt_bowtie2_plus_strand.tdf
[2021-11-05 23:45:55,065] multiqc                                            [DEBUG  ]  File ignored by lima/summary because it exceeded search pattern filesize limit: ERR015954_cutadapt_bowtie2_plus_strand.tdf
[2021-11-05 23:45:55,067] multiqc                                            [DEBUG  ]  File ignored by vep/vep_html because it exceeded search pattern filesize limit: ERR015954_cutadapt_bowtie2_plus_strand.tdf
[2021-11-05 23:45:55,067] multiqc                                            [DEBUG  ]  File ignored by vep/vep_txt because it exceeded search pattern filesize limit: ERR015954_cutadapt_bowtie2_plus_strand.tdf
[2021-11-05 23:45:55,067] multiqc                                            [DEBUG  ]  File ignored by longranger/invocation because it exceeded search pattern filesize limit: ERR015954_cutadapt_bowtie2_plus_strand.tdf
[2021-11-05 23:45:55,067] multiqc                                            [DEBUG  ]  File ignored by rockhopper because it exceeded search pattern filesize limit: ERR015954_cutadapt_bowtie2_plus_strand.tdf
[2021-11-05 23:45:55,067] multiqc                                            [DEBUG  ]  File ignored by rseqc/bam_stat because it exceeded search pattern filesize limit: ERR015954_cutadapt_bowtie2_plus_strand.tdf
[2021-11-05 23:45:55,067] multiqc                                            [DEBUG  ]  File ignored by rseqc/junction_annotation because it exceeded search pattern filesize limit: ERR015954_cutadapt_bowtie2_plus_strand.tdf
[2021-11-05 23:45:55,067] multiqc                                            [DEBUG  ]  File ignored by rseqc/read_distribution because it exceeded search pattern filesize limit: ERR015954_cutadapt_bowtie2_plus_strand.tdf
[2021-11-05 23:45:55,067] multiqc                                            [DEBUG  ]  File ignored by rseqc/infer_experiment because it exceeded search pattern filesize limit: ERR015954_cutadapt_bowtie2_plus_strand.tdf
[2021-11-05 23:45:55,067] multiqc                                            [DEBUG  ]  File ignored by snpeff because it exceeded search pattern filesize limit: ERR015954_cutadapt_bowtie2_plus_strand.tdf
[2021-11-05 23:45:55,068] multiqc                                            [DEBUG  ]  File ignored by stacks/sumstats because it exceeded search pattern filesize limit: ERR015954_cutadapt_bowtie2_plus_strand.tdf
[2021-11-05 23:45:55,075] multiqc                                            [DEBUG  ]  File ignored by ccs/v4 because it exceeded search pattern filesize limit: ERR015954.fastq.gz_trimming_report.txt
[2021-11-05 23:45:55,077] multiqc                                            [DEBUG  ]  File ignored by lima/summary because it exceeded search pattern filesize limit: ERR015954.fastq.gz_trimming_report.txt
[2021-11-05 23:45:55,079] multiqc                                            [DEBUG  ]  File ignored by longranger/invocation because it exceeded search pattern filesize limit: ERR015954.fastq.gz_trimming_report.txt
[2021-11-05 23:45:55,109] multiqc                                            [DEBUG  ]  Ignoring file as matched an ignore pattern: ERR015954.fastq.gz
[2021-11-05 23:45:55,175] multiqc                                            [DEBUG  ]  File ignored by ccs/v4 because it exceeded search pattern filesize limit: ERR015954_cutadapt.log
[2021-11-05 23:45:55,176] multiqc                                            [DEBUG  ]  File ignored by hicexplorer because it exceeded search pattern filesize limit: ERR015954_cutadapt.log
[2021-11-05 23:45:55,176] multiqc                                            [DEBUG  ]  File ignored by nanostat because it exceeded search pattern filesize limit: ERR015954_cutadapt.log
[2021-11-05 23:45:55,176] multiqc                                            [DEBUG  ]  File ignored by lima/summary because it exceeded search pattern filesize limit: ERR015954_cutadapt.log
[2021-11-05 23:45:55,179] multiqc                                            [DEBUG  ]  File ignored by longranger/invocation because it exceeded search pattern filesize limit: ERR015954_cutadapt.log
[2021-11-05 23:45:55,242] multiqc                                            [DEBUG  ]  Ignoring file as matched an ignore pattern: ERR015954_cutadapt.fastq.gz
[2021-11-05 23:45:55,243] multiqc                                            [DEBUG  ]  Ignoring file as matched an ignore pattern: ERR015954_cutadapt_bowtie2.bam.bai
[2021-11-05 23:45:55,243] multiqc                                            [DEBUG  ]  Ignoring file as matched an ignore pattern: ERR015954_cutadapt_bowtie2.bam
[2021-11-05 23:45:55,243] multiqc                                            [DEBUG  ]  Ignoring file as matched an ignore pattern: ERR015954_cutadapt_empty2.fastq.gz
[2021-11-05 23:45:55,247] multiqc                                            [DEBUG  ]  File ignored by ccs/v4 because it exceeded search pattern filesize limit: ERR015954_cutadapt_bowtie2_minus_strand.tdf
[2021-11-05 23:45:55,249] multiqc                                            [DEBUG  ]  File ignored by hicexplorer because it exceeded search pattern filesize limit: ERR015954_cutadapt_bowtie2_minus_strand.tdf
[2021-11-05 23:45:55,249] multiqc                                            [DEBUG  ]  File ignored by nanostat because it exceeded search pattern filesize limit: ERR015954_cutadapt_bowtie2_minus_strand.tdf
[2021-11-05 23:45:55,249] multiqc                                            [DEBUG  ]  File ignored by lima/summary because it exceeded search pattern filesize limit: ERR015954_cutadapt_bowtie2_minus_strand.tdf
[2021-11-05 23:45:55,255] multiqc                                            [DEBUG  ]  File ignored by vep/vep_html because it exceeded search pattern filesize limit: ERR015954_cutadapt_bowtie2_minus_strand.tdf
[2021-11-05 23:45:55,255] multiqc                                            [DEBUG  ]  File ignored by vep/vep_txt because it exceeded search pattern filesize limit: ERR015954_cutadapt_bowtie2_minus_strand.tdf
[2021-11-05 23:45:55,255] multiqc                                            [DEBUG  ]  File ignored by longranger/invocation because it exceeded search pattern filesize limit: ERR015954_cutadapt_bowtie2_minus_strand.tdf
[2021-11-05 23:45:55,255] multiqc                                            [DEBUG  ]  File ignored by rockhopper because it exceeded search pattern filesize limit: ERR015954_cutadapt_bowtie2_minus_strand.tdf
[2021-11-05 23:45:55,255] multiqc                                            [DEBUG  ]  File ignored by rseqc/bam_stat because it exceeded search pattern filesize limit: ERR015954_cutadapt_bowtie2_minus_strand.tdf
[2021-11-05 23:45:55,255] multiqc                                            [DEBUG  ]  File ignored by rseqc/junction_annotation because it exceeded search pattern filesize limit: ERR015954_cutadapt_bowtie2_minus_strand.tdf
[2021-11-05 23:45:55,256] multiqc                                            [DEBUG  ]  File ignored by rseqc/read_distribution because it exceeded search pattern filesize limit: ERR015954_cutadapt_bowtie2_minus_strand.tdf
[2021-11-05 23:45:55,256] multiqc                                            [DEBUG  ]  File ignored by rseqc/infer_experiment because it exceeded search pattern filesize limit: ERR015954_cutadapt_bowtie2_minus_strand.tdf
[2021-11-05 23:45:55,256] multiqc                                            [DEBUG  ]  File ignored by snpeff because it exceeded search pattern filesize limit: ERR015954_cutadapt_bowtie2_minus_strand.tdf
[2021-11-05 23:45:55,256] multiqc                                            [DEBUG  ]  File ignored by stacks/sumstats because it exceeded search pattern filesize limit: ERR015954_cutadapt_bowtie2_minus_strand.tdf
[2021-11-05 23:45:55,259] multiqc                                            [DEBUG  ]  Ignoring file as matched an ignore pattern: ERR015954_cutadapt_empty1.fastq.gz
[2021-11-05 23:45:55,326] multiqc                                            [DEBUG  ]  File ignored by ccs/v4 because it exceeded search pattern filesize limit: ERR015954_cutadapt_bowtie2_fastqc.html
[2021-11-05 23:45:55,328] multiqc                                            [DEBUG  ]  File ignored by hicexplorer because it exceeded search pattern filesize limit: ERR015954_cutadapt_bowtie2_fastqc.html
[2021-11-05 23:45:55,328] multiqc                                            [DEBUG  ]  File ignored by nanostat because it exceeded search pattern filesize limit: ERR015954_cutadapt_bowtie2_fastqc.html
[2021-11-05 23:45:55,328] multiqc                                            [DEBUG  ]  File ignored by lima/summary because it exceeded search pattern filesize limit: ERR015954_cutadapt_bowtie2_fastqc.html
[2021-11-05 23:45:55,331] multiqc                                            [DEBUG  ]  File ignored by vep/vep_txt because it exceeded search pattern filesize limit: ERR015954_cutadapt_bowtie2_fastqc.html
[2021-11-05 23:45:55,331] multiqc                                            [DEBUG  ]  File ignored by longranger/invocation because it exceeded search pattern filesize limit: ERR015954_cutadapt_bowtie2_fastqc.html
[2021-11-05 23:45:55,331] multiqc                                            [DEBUG  ]  File ignored by rockhopper because it exceeded search pattern filesize limit: ERR015954_cutadapt_bowtie2_fastqc.html
[2021-11-05 23:45:55,331] multiqc                                            [DEBUG  ]  File ignored by rseqc/bam_stat because it exceeded search pattern filesize limit: ERR015954_cutadapt_bowtie2_fastqc.html
[2021-11-05 23:45:55,331] multiqc                                            [DEBUG  ]  File ignored by rseqc/junction_annotation because it exceeded search pattern filesize limit: ERR015954_cutadapt_bowtie2_fastqc.html
[2021-11-05 23:45:55,332] multiqc                                            [DEBUG  ]  File ignored by rseqc/read_distribution because it exceeded search pattern filesize limit: ERR015954_cutadapt_bowtie2_fastqc.html
[2021-11-05 23:45:55,332] multiqc                                            [DEBUG  ]  File ignored by rseqc/infer_experiment because it exceeded search pattern filesize limit: ERR015954_cutadapt_bowtie2_fastqc.html
[2021-11-05 23:45:55,481] multiqc                                            [DEBUG  ]  File ignored by ccs/v4 because it exceeded search pattern filesize limit: ERR015954_cutadapt_bowtie2_fastqc.log
[2021-11-05 23:45:55,483] multiqc                                            [DEBUG  ]  File ignored by lima/summary because it exceeded search pattern filesize limit: ERR015954_cutadapt_bowtie2_fastqc.log
[2021-11-05 23:45:55,530] multiqc                                            [DEBUG  ]  File ignored by ccs/v4 because it exceeded search pattern filesize limit: ERR015954_fastqc.html
[2021-11-05 23:45:55,532] multiqc                                            [DEBUG  ]  File ignored by hicexplorer because it exceeded search pattern filesize limit: ERR015954_fastqc.html
[2021-11-05 23:45:55,532] multiqc                                            [DEBUG  ]  File ignored by nanostat because it exceeded search pattern filesize limit: ERR015954_fastqc.html
[2021-11-05 23:45:55,532] multiqc                                            [DEBUG  ]  File ignored by lima/summary because it exceeded search pattern filesize limit: ERR015954_fastqc.html
[2021-11-05 23:45:55,535] multiqc                                            [DEBUG  ]  File ignored by vep/vep_txt because it exceeded search pattern filesize limit: ERR015954_fastqc.html
[2021-11-05 23:45:55,536] multiqc                                            [DEBUG  ]  File ignored by longranger/invocation because it exceeded search pattern filesize limit: ERR015954_fastqc.html
[2021-11-05 23:45:55,536] multiqc                                            [DEBUG  ]  File ignored by rockhopper because it exceeded search pattern filesize limit: ERR015954_fastqc.html
[2021-11-05 23:45:55,536] multiqc                                            [DEBUG  ]  File ignored by rseqc/bam_stat because it exceeded search pattern filesize limit: ERR015954_fastqc.html
[2021-11-05 23:45:55,536] multiqc                                            [DEBUG  ]  File ignored by rseqc/junction_annotation because it exceeded search pattern filesize limit: ERR015954_fastqc.html
[2021-11-05 23:45:55,536] multiqc                                            [DEBUG  ]  File ignored by rseqc/read_distribution because it exceeded search pattern filesize limit: ERR015954_fastqc.html
[2021-11-05 23:45:55,536] multiqc                                            [DEBUG  ]  File ignored by rseqc/infer_experiment because it exceeded search pattern filesize limit: ERR015954_fastqc.html
[2021-11-05 23:45:55,713] multiqc                                            [DEBUG  ]  File ignored by ccs/v4 because it exceeded search pattern filesize limit: ERR015954_cutadapt_fastqc.html
[2021-11-05 23:45:55,714] multiqc                                            [DEBUG  ]  File ignored by hicexplorer because it exceeded search pattern filesize limit: ERR015954_cutadapt_fastqc.html
[2021-11-05 23:45:55,715] multiqc                                            [DEBUG  ]  File ignored by nanostat because it exceeded search pattern filesize limit: ERR015954_cutadapt_fastqc.html
[2021-11-05 23:45:55,715] multiqc                                            [DEBUG  ]  File ignored by lima/summary because it exceeded search pattern filesize limit: ERR015954_cutadapt_fastqc.html
[2021-11-05 23:45:55,718] multiqc                                            [DEBUG  ]  File ignored by vep/vep_txt because it exceeded search pattern filesize limit: ERR015954_cutadapt_fastqc.html
[2021-11-05 23:45:55,718] multiqc                                            [DEBUG  ]  File ignored by longranger/invocation because it exceeded search pattern filesize limit: ERR015954_cutadapt_fastqc.html
[2021-11-05 23:45:55,718] multiqc                                            [DEBUG  ]  File ignored by rockhopper because it exceeded search pattern filesize limit: ERR015954_cutadapt_fastqc.html
[2021-11-05 23:45:55,718] multiqc                                            [DEBUG  ]  File ignored by rseqc/bam_stat because it exceeded search pattern filesize limit: ERR015954_cutadapt_fastqc.html
[2021-11-05 23:45:55,718] multiqc                                            [DEBUG  ]  File ignored by rseqc/junction_annotation because it exceeded search pattern filesize limit: ERR015954_cutadapt_fastqc.html
[2021-11-05 23:45:55,718] multiqc                                            [DEBUG  ]  File ignored by rseqc/read_distribution because it exceeded search pattern filesize limit: ERR015954_cutadapt_fastqc.html
[2021-11-05 23:45:55,718] multiqc                                            [DEBUG  ]  File ignored by rseqc/infer_experiment because it exceeded search pattern filesize limit: ERR015954_cutadapt_fastqc.html
[2021-11-05 23:45:55,862] multiqc                                            [DEBUG  ]  File ignored by ccs/v4 because it exceeded search pattern filesize limit: ERR015954_cutadapt_fastqc.log
[2021-11-05 23:45:55,864] multiqc                                            [DEBUG  ]  File ignored by lima/summary because it exceeded search pattern filesize limit: ERR015954_cutadapt_fastqc.log
[2021-11-05 23:45:55,890] multiqc                                            [DEBUG  ]  File ignored by ccs/v4 because it exceeded search pattern filesize limit: ERR015952_cutadapt.log
[2021-11-05 23:45:55,892] multiqc                                            [DEBUG  ]  File ignored by hicexplorer because it exceeded search pattern filesize limit: ERR015952_cutadapt.log
[2021-11-05 23:45:55,892] multiqc                                            [DEBUG  ]  File ignored by nanostat because it exceeded search pattern filesize limit: ERR015952_cutadapt.log
[2021-11-05 23:45:55,892] multiqc                                            [DEBUG  ]  File ignored by lima/summary because it exceeded search pattern filesize limit: ERR015952_cutadapt.log
[2021-11-05 23:45:55,894] multiqc                                            [DEBUG  ]  File ignored by longranger/invocation because it exceeded search pattern filesize limit: ERR015952_cutadapt.log
[2021-11-05 23:45:55,902] multiqc                                            [DEBUG  ]  Ignoring file as matched an ignore pattern: ERR015952_cutadapt.fastq.gz
[2021-11-05 23:45:55,918] multiqc                                            [DEBUG  ]  File ignored by ccs/v4 because it exceeded search pattern filesize limit: ERR015952_cutadapt_bowtie2_bedgraph_to_tdf.log
[2021-11-05 23:45:55,920] multiqc                                            [DEBUG  ]  File ignored by lima/summary because it exceeded search pattern filesize limit: ERR015952_cutadapt_bowtie2_bedgraph_to_tdf.log
[2021-11-05 23:45:55,931] multiqc                                            [DEBUG  ]  File ignored by ccs/v4 because it exceeded search pattern filesize limit: ERR015952_cutadapt_bowtie2_minus_strand_bedgraph_to_tdf.log
[2021-11-05 23:45:55,933] multiqc                                            [DEBUG  ]  File ignored by lima/summary because it exceeded search pattern filesize limit: ERR015952_cutadapt_bowtie2_minus_strand_bedgraph_to_tdf.log
[2021-11-05 23:45:55,975] multiqc                                            [DEBUG  ]  Ignoring file as matched an ignore pattern: ERR015952_cutadapt_empty2.fastq.gz
[2021-11-05 23:45:55,986] multiqc                                            [DEBUG  ]  Ignoring file as matched an ignore pattern: ERR015952.fastq.gz
[2021-11-05 23:45:55,995] multiqc                                            [DEBUG  ]  File ignored by ccs/v4 because it exceeded search pattern filesize limit: ERR015952_cutadapt_bowtie2_plus_strand_bedgraph_to_tdf.log
[2021-11-05 23:45:55,996] multiqc                                            [DEBUG  ]  File ignored by lima/summary because it exceeded search pattern filesize limit: ERR015952_cutadapt_bowtie2_plus_strand_bedgraph_to_tdf.log
[2021-11-05 23:45:56,015] multiqc                                            [DEBUG  ]  Ignoring file as matched an ignore pattern: ERR015952_cutadapt_empty1.fastq.gz
[2021-11-05 23:45:56,015] multiqc                                            [DEBUG  ]  Ignoring file as matched an ignore pattern: ERR015952_cutadapt_bowtie2.bam
[2021-11-05 23:45:56,015] multiqc                                            [DEBUG  ]  Ignoring file as matched an ignore pattern: ERR015952_cutadapt_bowtie2.bam.bai
[2021-11-05 23:45:56,020] multiqc                                            [DEBUG  ]  File ignored by ccs/v4 because it exceeded search pattern filesize limit: ERR015952.fastq.gz_trimming_report.txt
[2021-11-05 23:45:56,021] multiqc                                            [DEBUG  ]  File ignored by lima/summary because it exceeded search pattern filesize limit: ERR015952.fastq.gz_trimming_report.txt
[2021-11-05 23:45:56,024] multiqc                                            [DEBUG  ]  File ignored by longranger/invocation because it exceeded search pattern filesize limit: ERR015952.fastq.gz_trimming_report.txt
[2021-11-05 23:45:56,165] multiqc                                            [DEBUG  ]  File ignored by ccs/v4 because it exceeded search pattern filesize limit: ERR015952_cutadapt_fastqc.html
[2021-11-05 23:45:56,166] multiqc                                            [DEBUG  ]  File ignored by hicexplorer because it exceeded search pattern filesize limit: ERR015952_cutadapt_fastqc.html
[2021-11-05 23:45:56,166] multiqc                                            [DEBUG  ]  File ignored by nanostat because it exceeded search pattern filesize limit: ERR015952_cutadapt_fastqc.html
[2021-11-05 23:45:56,166] multiqc                                            [DEBUG  ]  File ignored by lima/summary because it exceeded search pattern filesize limit: ERR015952_cutadapt_fastqc.html
[2021-11-05 23:45:56,169] multiqc                                            [DEBUG  ]  File ignored by vep/vep_txt because it exceeded search pattern filesize limit: ERR015952_cutadapt_fastqc.html
[2021-11-05 23:45:56,170] multiqc                                            [DEBUG  ]  File ignored by longranger/invocation because it exceeded search pattern filesize limit: ERR015952_cutadapt_fastqc.html
[2021-11-05 23:45:56,170] multiqc                                            [DEBUG  ]  File ignored by rockhopper because it exceeded search pattern filesize limit: ERR015952_cutadapt_fastqc.html
[2021-11-05 23:45:56,170] multiqc                                            [DEBUG  ]  File ignored by rseqc/bam_stat because it exceeded search pattern filesize limit: ERR015952_cutadapt_fastqc.html
[2021-11-05 23:45:56,170] multiqc                                            [DEBUG  ]  File ignored by rseqc/junction_annotation because it exceeded search pattern filesize limit: ERR015952_cutadapt_fastqc.html
[2021-11-05 23:45:56,170] multiqc                                            [DEBUG  ]  File ignored by rseqc/read_distribution because it exceeded search pattern filesize limit: ERR015952_cutadapt_fastqc.html
[2021-11-05 23:45:56,170] multiqc                                            [DEBUG  ]  File ignored by rseqc/infer_experiment because it exceeded search pattern filesize limit: ERR015952_cutadapt_fastqc.html
[2021-11-05 23:45:56,300] multiqc                                            [DEBUG  ]  File ignored by ccs/v4 because it exceeded search pattern filesize limit: ERR015952_cutadapt_fastqc.log
[2021-11-05 23:45:56,301] multiqc                                            [DEBUG  ]  File ignored by lima/summary because it exceeded search pattern filesize limit: ERR015952_cutadapt_fastqc.log
[2021-11-05 23:45:56,318] multiqc                                            [DEBUG  ]  File ignored by ccs/v4 because it exceeded search pattern filesize limit: ERR015952_cutadapt_bowtie2_fastqc.html
[2021-11-05 23:45:56,320] multiqc                                            [DEBUG  ]  File ignored by hicexplorer because it exceeded search pattern filesize limit: ERR015952_cutadapt_bowtie2_fastqc.html
[2021-11-05 23:45:56,320] multiqc                                            [DEBUG  ]  File ignored by nanostat because it exceeded search pattern filesize limit: ERR015952_cutadapt_bowtie2_fastqc.html
[2021-11-05 23:45:56,320] multiqc                                            [DEBUG  ]  File ignored by lima/summary because it exceeded search pattern filesize limit: ERR015952_cutadapt_bowtie2_fastqc.html
[2021-11-05 23:45:56,323] multiqc                                            [DEBUG  ]  File ignored by vep/vep_txt because it exceeded search pattern filesize limit: ERR015952_cutadapt_bowtie2_fastqc.html
[2021-11-05 23:45:56,323] multiqc                                            [DEBUG  ]  File ignored by longranger/invocation because it exceeded search pattern filesize limit: ERR015952_cutadapt_bowtie2_fastqc.html
[2021-11-05 23:45:56,324] multiqc                                            [DEBUG  ]  File ignored by rockhopper because it exceeded search pattern filesize limit: ERR015952_cutadapt_bowtie2_fastqc.html
[2021-11-05 23:45:56,324] multiqc                                            [DEBUG  ]  File ignored by rseqc/bam_stat because it exceeded search pattern filesize limit: ERR015952_cutadapt_bowtie2_fastqc.html
[2021-11-05 23:45:56,324] multiqc                                            [DEBUG  ]  File ignored by rseqc/junction_annotation because it exceeded search pattern filesize limit: ERR015952_cutadapt_bowtie2_fastqc.html
[2021-11-05 23:45:56,324] multiqc                                            [DEBUG  ]  File ignored by rseqc/read_distribution because it exceeded search pattern filesize limit: ERR015952_cutadapt_bowtie2_fastqc.html
[2021-11-05 23:45:56,324] multiqc                                            [DEBUG  ]  File ignored by rseqc/infer_experiment because it exceeded search pattern filesize limit: ERR015952_cutadapt_bowtie2_fastqc.html
[2021-11-05 23:45:56,446] multiqc                                            [DEBUG  ]  File ignored by ccs/v4 because it exceeded search pattern filesize limit: ERR015952_cutadapt_bowtie2_fastqc.log
[2021-11-05 23:45:56,447] multiqc                                            [DEBUG  ]  File ignored by lima/summary because it exceeded search pattern filesize limit: ERR015952_cutadapt_bowtie2_fastqc.log
[2021-11-05 23:45:56,488] multiqc                                            [DEBUG  ]  File ignored by ccs/v4 because it exceeded search pattern filesize limit: ERR015952_fastqc.html
[2021-11-05 23:45:56,489] multiqc                                            [DEBUG  ]  File ignored by hicexplorer because it exceeded search pattern filesize limit: ERR015952_fastqc.html
[2021-11-05 23:45:56,489] multiqc                                            [DEBUG  ]  File ignored by nanostat because it exceeded search pattern filesize limit: ERR015952_fastqc.html
[2021-11-05 23:45:56,489] multiqc                                            [DEBUG  ]  File ignored by lima/summary because it exceeded search pattern filesize limit: ERR015952_fastqc.html
[2021-11-05 23:45:56,493] multiqc                                            [DEBUG  ]  File ignored by vep/vep_txt because it exceeded search pattern filesize limit: ERR015952_fastqc.html
[2021-11-05 23:45:56,493] multiqc                                            [DEBUG  ]  File ignored by longranger/invocation because it exceeded search pattern filesize limit: ERR015952_fastqc.html
[2021-11-05 23:45:56,493] multiqc                                            [DEBUG  ]  File ignored by rockhopper because it exceeded search pattern filesize limit: ERR015952_fastqc.html
[2021-11-05 23:45:56,493] multiqc                                            [DEBUG  ]  File ignored by rseqc/bam_stat because it exceeded search pattern filesize limit: ERR015952_fastqc.html
[2021-11-05 23:45:56,493] multiqc                                            [DEBUG  ]  File ignored by rseqc/junction_annotation because it exceeded search pattern filesize limit: ERR015952_fastqc.html
[2021-11-05 23:45:56,493] multiqc                                            [DEBUG  ]  File ignored by rseqc/read_distribution because it exceeded search pattern filesize limit: ERR015952_fastqc.html
[2021-11-05 23:45:56,493] multiqc                                            [DEBUG  ]  File ignored by rseqc/infer_experiment because it exceeded search pattern filesize limit: ERR015952_fastqc.html
[2021-11-05 23:45:56,640] multiqc                                            [DEBUG  ]  File ignored by ccs/v4 because it exceeded search pattern filesize limit: DS00043_matrix.tab
[2021-11-05 23:45:56,642] multiqc                                            [DEBUG  ]  File ignored by lima/summary because it exceeded search pattern filesize limit: DS00043_matrix.tab
[2021-11-05 23:45:56,644] multiqc                                            [DEBUG  ]  File ignored by longranger/invocation because it exceeded search pattern filesize limit: DS00043_matrix.tab
[2021-11-05 23:45:56,655] multiqc                                            [DEBUG  ]  File ignored by ccs/v4 because it exceeded search pattern filesize limit: DS00043_peaks.ft
[2021-11-05 23:45:56,656] multiqc                                            [DEBUG  ]  File ignored by hicexplorer because it exceeded search pattern filesize limit: DS00043_peaks.ft
[2021-11-05 23:45:56,657] multiqc                                            [DEBUG  ]  File ignored by nanostat because it exceeded search pattern filesize limit: DS00043_peaks.ft
[2021-11-05 23:45:56,657] multiqc                                            [DEBUG  ]  File ignored by lima/summary because it exceeded search pattern filesize limit: DS00043_peaks.ft
[2021-11-05 23:45:56,659] multiqc                                            [DEBUG  ]  File ignored by longranger/invocation because it exceeded search pattern filesize limit: DS00043_peaks.ft
[2021-11-05 23:45:56,702] multiqc                                            [DEBUG  ]  File ignored by ccs/v4 because it exceeded search pattern filesize limit: DS00043_sites.fasta
[2021-11-05 23:45:56,703] multiqc                                            [DEBUG  ]  File ignored by hicexplorer because it exceeded search pattern filesize limit: DS00043_sites.fasta
[2021-11-05 23:45:56,704] multiqc                                            [DEBUG  ]  File ignored by nanostat because it exceeded search pattern filesize limit: DS00043_sites.fasta
[2021-11-05 23:45:56,704] multiqc                                            [DEBUG  ]  File ignored by lima/summary because it exceeded search pattern filesize limit: DS00043_sites.fasta
[2021-11-05 23:45:56,706] multiqc                                            [DEBUG  ]  File ignored by longranger/invocation because it exceeded search pattern filesize limit: DS00043_sites.fasta
[2021-11-05 23:45:56,766] multiqc                                            [DEBUG  ]  File ignored by ccs/v4 because it exceeded search pattern filesize limit: DS00043_peaks.fasta
[2021-11-05 23:45:56,768] multiqc                                            [DEBUG  ]  File ignored by hicexplorer because it exceeded search pattern filesize limit: DS00043_peaks.fasta
[2021-11-05 23:45:56,768] multiqc                                            [DEBUG  ]  File ignored by nanostat because it exceeded search pattern filesize limit: DS00043_peaks.fasta
[2021-11-05 23:45:56,768] multiqc                                            [DEBUG  ]  File ignored by lima/summary because it exceeded search pattern filesize limit: DS00043_peaks.fasta
[2021-11-05 23:45:56,771] multiqc                                            [DEBUG  ]  File ignored by vep/vep_txt because it exceeded search pattern filesize limit: DS00043_peaks.fasta
[2021-11-05 23:45:56,771] multiqc                                            [DEBUG  ]  File ignored by longranger/invocation because it exceeded search pattern filesize limit: DS00043_peaks.fasta
[2021-11-05 23:45:56,833] multiqc                                            [DEBUG  ]  Ignoring file as matched an ignore pattern: DS00043_sites.bed
[2021-11-05 23:45:56,837] multiqc                                            [DEBUG  ]  Ignoring file as matched an ignore pattern: DS00043_peaks.bed
[2021-11-05 23:45:56,837] multiqc                                            [DEBUG  ]  Ignoring file as matched an ignore pattern: DS00043_summits.bed
[2021-11-05 23:45:56,842] multiqc                                            [DEBUG  ]  File ignored by ccs/v4 because it exceeded search pattern filesize limit: DS00043_peaks.narrowPeak
[2021-11-05 23:45:56,843] multiqc                                            [DEBUG  ]  File ignored by hicexplorer because it exceeded search pattern filesize limit: DS00043_peaks.narrowPeak
[2021-11-05 23:45:56,844] multiqc                                            [DEBUG  ]  File ignored by nanostat because it exceeded search pattern filesize limit: DS00043_peaks.narrowPeak
[2021-11-05 23:45:56,844] multiqc                                            [DEBUG  ]  File ignored by lima/summary because it exceeded search pattern filesize limit: DS00043_peaks.narrowPeak
[2021-11-05 23:45:56,846] multiqc                                            [DEBUG  ]  File ignored by longranger/invocation because it exceeded search pattern filesize limit: DS00043_peaks.narrowPeak
[2021-11-05 23:45:57,298] multiqc.plots.bargraph                             [DEBUG  ]  Using matplotlib version 3.4.3
[2021-11-05 23:45:57,299] multiqc.plots.linegraph                            [DEBUG  ]  Using matplotlib version 3.4.3
[2021-11-05 23:45:57,300] multiqc                                            [DEBUG  ]  No samples found: custom_content
[2021-11-05 23:45:57,306] multiqc                                            [DEBUG  ]  No samples found: ccs
[2021-11-05 23:45:57,313] multiqc                                            [DEBUG  ]  No samples found: ngsderive
[2021-11-05 23:45:57,319] multiqc                                            [DEBUG  ]  No samples found: purple
[2021-11-05 23:45:57,325] multiqc                                            [DEBUG  ]  No samples found: conpair
[2021-11-05 23:45:57,331] multiqc                                            [DEBUG  ]  No samples found: lima
[2021-11-05 23:45:57,338] multiqc                                            [DEBUG  ]  No samples found: peddy
[2021-11-05 23:45:57,344] multiqc                                            [DEBUG  ]  No samples found: somalier
[2021-11-05 23:45:57,350] multiqc                                            [DEBUG  ]  No samples found: methylQA
[2021-11-05 23:45:57,358] multiqc.modules.mosdepth.mosdepth                  [DEBUG  ]  include_contigs: []
[2021-11-05 23:45:57,358] multiqc.modules.mosdepth.mosdepth                  [DEBUG  ]  exclude_contigs: []
[2021-11-05 23:45:57,358] multiqc                                            [DEBUG  ]  No samples found: mosdepth
[2021-11-05 23:45:57,364] multiqc                                            [DEBUG  ]  No samples found: phantompeakqualtools
[2021-11-05 23:45:57,370] multiqc                                            [DEBUG  ]  No samples found: qualimap
[2021-11-05 23:45:57,376] multiqc                                            [DEBUG  ]  No samples found: preseq
[2021-11-05 23:45:57,383] multiqc                                            [DEBUG  ]  No samples found: quast
[2021-11-05 23:45:57,389] multiqc                                            [DEBUG  ]  No samples found: qorts
[2021-11-05 23:45:57,395] multiqc                                            [DEBUG  ]  No samples found: rna_seqc
[2021-11-05 23:45:57,401] multiqc                                            [DEBUG  ]  No samples found: rockhopper
[2021-11-05 23:45:57,407] multiqc                                            [DEBUG  ]  No samples found: rsem
[2021-11-05 23:45:57,416] multiqc                                            [DEBUG  ]  No samples found: rseqc
[2021-11-05 23:45:57,422] multiqc                                            [DEBUG  ]  No samples found: busco
[2021-11-05 23:45:57,428] multiqc                                            [DEBUG  ]  No samples found: bustools
[2021-11-05 23:45:57,435] multiqc                                            [DEBUG  ]  No samples found: goleft_indexcov
[2021-11-05 23:45:57,441] multiqc                                            [DEBUG  ]  No samples found: gffcompare
[2021-11-05 23:45:57,447] multiqc                                            [DEBUG  ]  No samples found: disambiguate
[2021-11-05 23:45:57,453] multiqc                                            [DEBUG  ]  No samples found: supernova
[2021-11-05 23:45:57,462] multiqc                                            [DEBUG  ]  No samples found: deeptools
[2021-11-05 23:45:57,468] multiqc                                            [DEBUG  ]  No samples found: sargasso
[2021-11-05 23:45:57,474] multiqc                                            [DEBUG  ]  No samples found: verifybamid
[2021-11-05 23:45:57,481] multiqc                                            [DEBUG  ]  No samples found: mirtrace
[2021-11-05 23:45:57,487] multiqc                                            [DEBUG  ]  No samples found: happy
[2021-11-05 23:45:57,493] multiqc                                            [DEBUG  ]  No samples found: mirtop
[2021-11-05 23:45:57,499] multiqc                                            [DEBUG  ]  No samples found: sambamba
[2021-11-05 23:45:57,506] multiqc                                            [DEBUG  ]  No samples found: homer
[2021-11-05 23:45:57,512] multiqc                                            [DEBUG  ]  No samples found: hops
[2021-11-05 23:45:57,523] multiqc.modules.macs2.macs2                        [INFO   ]  Found 1 logs
[2021-11-05 23:45:57,534] multiqc                                            [DEBUG  ]  No samples found: theta2
[2021-11-05 23:45:57,541] multiqc                                            [DEBUG  ]  No samples found: snpeff
[2021-11-05 23:45:57,548] multiqc                                            [DEBUG  ]  No samples found: gatk
[2021-11-05 23:45:57,554] multiqc                                            [DEBUG  ]  No samples found: htseq
[2021-11-05 23:45:57,560] multiqc                                            [DEBUG  ]  No samples found: bcftools
[2021-11-05 23:45:57,566] multiqc                                            [DEBUG  ]  No samples found: featureCounts
[2021-11-05 23:45:57,574] multiqc                                            [DEBUG  ]  No samples found: fgbio
[2021-11-05 23:45:57,584] multiqc                                            [DEBUG  ]  No samples found: dragen
[2021-11-05 23:45:57,590] multiqc                                            [DEBUG  ]  No samples found: dedup
[2021-11-05 23:45:57,596] multiqc                                            [DEBUG  ]  No samples found: damageprofiler
[2021-11-05 23:45:57,609] multiqc                                            [DEBUG  ]  No samples found: biobambam2
[2021-11-05 23:45:57,615] multiqc                                            [DEBUG  ]  No samples found: jcvi
[2021-11-05 23:45:57,622] multiqc                                            [DEBUG  ]  No samples found: mtnucratio
[2021-11-05 23:45:57,627] multiqc                                            [DEBUG  ]  No samples found: picard
[2021-11-05 23:45:57,633] multiqc                                            [DEBUG  ]  No samples found: vep
[2021-11-05 23:45:57,640] multiqc                                            [DEBUG  ]  No samples found: sentieon
[2021-11-05 23:45:57,646] multiqc                                            [DEBUG  ]  No samples found: prokka
[2021-11-05 23:45:57,656] multiqc                                            [DEBUG  ]  No samples found: qc3C
[2021-11-05 23:45:57,662] multiqc                                            [DEBUG  ]  No samples found: nanostat
[2021-11-05 23:45:57,668] multiqc                                            [DEBUG  ]  No samples found: samblaster
[2021-11-05 23:45:57,688] multiqc.modules.samtools.samtools                  [INFO   ]  Found 2 flagstat reports
[2021-11-05 23:45:57,695] multiqc                                            [DEBUG  ]  No samples found: sexdeterrmine
[2021-11-05 23:45:57,701] multiqc                                            [DEBUG  ]  No samples found: eigenstratdatabasetools
[2021-11-05 23:45:57,707] multiqc                                            [DEBUG  ]  No samples found: bamtools
[2021-11-05 23:45:57,713] multiqc                                            [DEBUG  ]  No samples found: jellyfish
[2021-11-05 23:45:57,721] multiqc                                            [DEBUG  ]  No samples found: vcftools
[2021-11-05 23:45:57,727] multiqc                                            [DEBUG  ]  No samples found: longranger
[2021-11-05 23:45:57,733] multiqc                                            [DEBUG  ]  No samples found: stacks
[2021-11-05 23:45:57,739] multiqc                                            [DEBUG  ]  No samples found: varscan2
[2021-11-05 23:45:57,745] multiqc                                            [DEBUG  ]  No samples found: snippy
[2021-11-05 23:45:57,754] multiqc                                            [DEBUG  ]  No samples found: bbmap
[2021-11-05 23:45:57,761] multiqc                                            [DEBUG  ]  No samples found: bismark
[2021-11-05 23:45:57,768] multiqc                                            [DEBUG  ]  No samples found: biscuit
[2021-11-05 23:45:57,774] multiqc                                            [DEBUG  ]  No samples found: hicexplorer
[2021-11-05 23:45:57,780] multiqc                                            [DEBUG  ]  No samples found: hicup
[2021-11-05 23:45:57,786] multiqc                                            [DEBUG  ]  No samples found: hicpro
[2021-11-05 23:45:57,792] multiqc                                            [DEBUG  ]  No samples found: salmon
[2021-11-05 23:45:57,799] multiqc                                            [DEBUG  ]  No samples found: kallisto
[2021-11-05 23:45:57,805] multiqc                                            [DEBUG  ]  No samples found: slamdunk
[2021-11-05 23:45:57,811] multiqc                                            [DEBUG  ]  No samples found: star
[2021-11-05 23:45:57,817] multiqc                                            [DEBUG  ]  No samples found: hisat2
[2021-11-05 23:45:57,824] multiqc                                            [DEBUG  ]  No samples found: tophat
[2021-11-05 23:45:57,832] multiqc.modules.bowtie2.bowtie2                    [INFO   ]  Found 2 reports
[2021-11-05 23:45:57,841] multiqc                                            [DEBUG  ]  No samples found: bowtie1
[2021-11-05 23:45:57,848] multiqc                                            [DEBUG  ]  No samples found: snpsplit
[2021-11-05 23:45:57,854] multiqc                                            [DEBUG  ]  No samples found: odgi
[2021-11-05 23:45:57,860] multiqc                                            [DEBUG  ]  No samples found: pangolin
[2021-11-05 23:45:57,866] multiqc                                            [DEBUG  ]  No samples found: kat
[2021-11-05 23:45:57,872] multiqc                                            [DEBUG  ]  No samples found: leehom
[2021-11-05 23:45:57,878] multiqc                                            [DEBUG  ]  No samples found: adapterRemoval
[2021-11-05 23:45:57,884] multiqc                                            [DEBUG  ]  No samples found: clipandmerge
[2021-11-05 23:45:57,898] multiqc.modules.cutadapt.cutadapt                  [DEBUG  ]  Duplicate sample name found! Overwriting: ERR015954
[2021-11-05 23:45:57,903] multiqc.modules.cutadapt.cutadapt                  [DEBUG  ]  Duplicate sample name found! Overwriting: ERR015952
[2021-11-05 23:45:57,905] multiqc.modules.cutadapt.cutadapt                  [INFO   ]  Found 2 reports
[2021-11-05 23:45:57,921] multiqc                                            [DEBUG  ]  No samples found: flexbar
[2021-11-05 23:45:57,927] multiqc                                            [DEBUG  ]  No samples found: kaiju
[2021-11-05 23:45:57,933] multiqc                                            [DEBUG  ]  No samples found: kraken
[2021-11-05 23:45:57,939] multiqc                                            [DEBUG  ]  No samples found: malt
[2021-11-05 23:45:57,945] multiqc                                            [DEBUG  ]  No samples found: trimmomatic
[2021-11-05 23:45:57,951] multiqc                                            [DEBUG  ]  No samples found: sickle
[2021-11-05 23:45:57,957] multiqc                                            [DEBUG  ]  No samples found: skewer
[2021-11-05 23:45:57,964] multiqc                                            [DEBUG  ]  No samples found: sortmerna
[2021-11-05 23:45:57,971] multiqc                                            [DEBUG  ]  No samples found: biobloomtools
[2021-11-05 23:45:57,977] multiqc                                            [DEBUG  ]  No samples found: fastq_screen
[2021-11-05 23:45:57,983] multiqc                                            [DEBUG  ]  No samples found: afterqc
[2021-11-05 23:45:57,989] multiqc                                            [DEBUG  ]  No samples found: fastp
[2021-11-05 23:45:58,096] multiqc.modules.fastqc.fastqc                      [INFO   ]  Found 6 reports
[2021-11-05 23:45:58,171] multiqc                                            [DEBUG  ]  No samples found: pychopper
[2021-11-05 23:45:58,177] multiqc                                            [DEBUG  ]  No samples found: pycoqc
[2021-11-05 23:45:58,183] multiqc                                            [DEBUG  ]  No samples found: minionqc
[2021-11-05 23:45:58,189] multiqc                                            [DEBUG  ]  No samples found: multivcfanalyzer
[2021-11-05 23:45:58,195] multiqc                                            [DEBUG  ]  No samples found: clusterflow
[2021-11-05 23:45:58,202] multiqc                                            [DEBUG  ]  No samples found: bcl2fastq
[2021-11-05 23:45:58,208] multiqc                                            [DEBUG  ]  No samples found: bclconvert
[2021-11-05 23:45:58,214] multiqc                                            [DEBUG  ]  No samples found: interop
[2021-11-05 23:45:58,221] multiqc                                            [DEBUG  ]  No samples found: ivar
[2021-11-05 23:45:58,227] multiqc                                            [DEBUG  ]  No samples found: flash
[2021-11-05 23:45:58,233] multiqc                                            [DEBUG  ]  No samples found: seqyclean
[2021-11-05 23:45:58,239] multiqc                                            [DEBUG  ]  No samples found: optitype
[2021-11-05 23:45:58,261] multiqc                                            [INFO   ]  Compressing plot data
[2021-11-05 23:45:58,467] multiqc                                            [INFO   ]  Report      : ChIP-seq_collection/E-MTAB-332/datasets/DS00043/multiQC/multiqc_report.html
[2021-11-05 23:45:58,467] multiqc                                            [INFO   ]  Data        : ChIP-seq_collection/E-MTAB-332/datasets/DS00043/multiQC/multiqc_data
[2021-11-05 23:45:58,467] multiqc                                            [DEBUG  ]  Moving data file from '/tmp/tmpjirasnzj/multiqc_data' to 'ChIP-seq_collection/E-MTAB-332/datasets/DS00043/multiQC/multiqc_data'
[2021-11-05 23:45:58,647] multiqc                                            [INFO   ]  MultiQC complete
