[2021-11-07 04:49:14,562] multiqc                                            [DEBUG  ]  This is MultiQC v1.11
[2021-11-07 04:49:14,563] multiqc                                            [DEBUG  ]  No MultiQC config found: /home/rioualen/miniconda3/envs/snakemake/lib/python3.9/site-packages/multiqc_config.yaml
[2021-11-07 04:49:14,563] multiqc                                            [DEBUG  ]  No MultiQC config found: /home/rioualen/.multiqc_config.yaml
[2021-11-07 04:49:14,563] multiqc                                            [DEBUG  ]  No MultiQC config found: multiqc_config.yaml
[2021-11-07 04:49:14,563] multiqc                                            [DEBUG  ]  Command used: /home/rioualen/miniconda3/envs/snakemake/bin/multiqc ChIP-seq_collection/E-MTAB-332/samples/ERR015958 ChIP-seq_collection/E-MTAB-332/samples/ERR015952 ChIP-seq_collection/E-MTAB-332/datasets/DS00039 -o ChIP-seq_collection/E-MTAB-332/datasets/DS00039/multiQC
[2021-11-07 04:49:14,756] multiqc                                            [DEBUG  ]  Latest MultiQC version is v1.11
[2021-11-07 04:49:14,756] multiqc                                            [DEBUG  ]  Command     : /home/rioualen/miniconda3/envs/snakemake/bin/multiqc ChIP-seq_collection/E-MTAB-332/samples/ERR015958 ChIP-seq_collection/E-MTAB-332/samples/ERR015952 ChIP-seq_collection/E-MTAB-332/datasets/DS00039 -o ChIP-seq_collection/E-MTAB-332/datasets/DS00039/multiQC
[2021-11-07 04:49:14,756] multiqc                                            [DEBUG  ]  Working dir : /workspace/rioualen/HT_collections
[2021-11-07 04:49:14,756] multiqc                                            [DEBUG  ]  Template    : default
[2021-11-07 04:49:14,756] multiqc                                            [DEBUG  ]  Running Python 3.9.7 | packaged by conda-forge | (default, Sep 29 2021, 19:20:46)  [GCC 9.4.0]
[2021-11-07 04:49:14,757] multiqc                                            [DEBUG  ]  Analysing modules: custom_content, ccs, ngsderive, purple, conpair, lima, peddy, somalier, methylQA, mosdepth, phantompeakqualtools, qualimap, preseq, quast, qorts, rna_seqc, rockhopper, rsem, rseqc, busco, bustools, goleft_indexcov, gffcompare, disambiguate, supernova, deeptools, sargasso, verifybamid, mirtrace, happy, mirtop, sambamba, homer, hops, macs2, theta2, snpeff, gatk, htseq, bcftools, featureCounts, fgbio, dragen, dedup, damageprofiler, biobambam2, jcvi, mtnucratio, picard, vep, sentieon, prokka, qc3C, nanostat, samblaster, samtools, sexdeterrmine, eigenstratdatabasetools, bamtools, jellyfish, vcftools, longranger, stacks, varscan2, snippy, bbmap, bismark, biscuit, hicexplorer, hicup, hicpro, salmon, kallisto, slamdunk, star, hisat2, tophat, bowtie2, bowtie1, snpsplit, odgi, pangolin, kat, leehom, adapterRemoval, clipandmerge, cutadapt, flexbar, kaiju, kraken, malt, trimmomatic, sickle, skewer, sortmerna, biobloomtools, fastq_screen, afterqc, fastp, fastqc, pychopper, pycoqc, minionqc, multivcfanalyzer, clusterflow, bcl2fastq, bclconvert, interop, ivar, flash, seqyclean, optitype
[2021-11-07 04:49:14,757] multiqc                                            [DEBUG  ]  Using temporary directory for creating report: /tmp/tmpnb9r7djx
[2021-11-07 04:49:14,899] multiqc                                            [INFO   ]  Search path : /workspace/rioualen/HT_collections/ChIP-seq_collection/E-MTAB-332/samples/ERR015958
[2021-11-07 04:49:14,899] multiqc                                            [INFO   ]  Search path : /workspace/rioualen/HT_collections/ChIP-seq_collection/E-MTAB-332/samples/ERR015952
[2021-11-07 04:49:14,899] multiqc                                            [INFO   ]  Search path : /workspace/rioualen/HT_collections/ChIP-seq_collection/E-MTAB-332/datasets/DS00039
[2021-11-07 04:49:14,924] multiqc                                            [DEBUG  ]  Ignoring file as matched an ignore pattern: ERR015958_cutadapt_bowtie2.bam
[2021-11-07 04:49:14,924] multiqc                                            [DEBUG  ]  Ignoring file as matched an ignore pattern: ERR015958_cutadapt_empty1.fastq.gz
[2021-11-07 04:49:14,961] multiqc                                            [DEBUG  ]  File ignored by ccs/v4 because it exceeded search pattern filesize limit: ERR015958_cutadapt_bowtie2_minus_strand.tdf
[2021-11-07 04:49:14,963] multiqc                                            [DEBUG  ]  File ignored by hicexplorer because it exceeded search pattern filesize limit: ERR015958_cutadapt_bowtie2_minus_strand.tdf
[2021-11-07 04:49:14,964] multiqc                                            [DEBUG  ]  File ignored by nanostat because it exceeded search pattern filesize limit: ERR015958_cutadapt_bowtie2_minus_strand.tdf
[2021-11-07 04:49:14,964] multiqc                                            [DEBUG  ]  File ignored by lima/summary because it exceeded search pattern filesize limit: ERR015958_cutadapt_bowtie2_minus_strand.tdf
[2021-11-07 04:49:14,968] multiqc                                            [DEBUG  ]  File ignored by vep/vep_html because it exceeded search pattern filesize limit: ERR015958_cutadapt_bowtie2_minus_strand.tdf
[2021-11-07 04:49:14,968] multiqc                                            [DEBUG  ]  File ignored by vep/vep_txt because it exceeded search pattern filesize limit: ERR015958_cutadapt_bowtie2_minus_strand.tdf
[2021-11-07 04:49:14,968] multiqc                                            [DEBUG  ]  File ignored by longranger/invocation because it exceeded search pattern filesize limit: ERR015958_cutadapt_bowtie2_minus_strand.tdf
[2021-11-07 04:49:14,968] multiqc                                            [DEBUG  ]  File ignored by rockhopper because it exceeded search pattern filesize limit: ERR015958_cutadapt_bowtie2_minus_strand.tdf
[2021-11-07 04:49:14,968] multiqc                                            [DEBUG  ]  File ignored by rseqc/bam_stat because it exceeded search pattern filesize limit: ERR015958_cutadapt_bowtie2_minus_strand.tdf
[2021-11-07 04:49:14,968] multiqc                                            [DEBUG  ]  File ignored by rseqc/junction_annotation because it exceeded search pattern filesize limit: ERR015958_cutadapt_bowtie2_minus_strand.tdf
[2021-11-07 04:49:14,968] multiqc                                            [DEBUG  ]  File ignored by rseqc/read_distribution because it exceeded search pattern filesize limit: ERR015958_cutadapt_bowtie2_minus_strand.tdf
[2021-11-07 04:49:14,968] multiqc                                            [DEBUG  ]  File ignored by rseqc/infer_experiment because it exceeded search pattern filesize limit: ERR015958_cutadapt_bowtie2_minus_strand.tdf
[2021-11-07 04:49:14,968] multiqc                                            [DEBUG  ]  File ignored by snpeff because it exceeded search pattern filesize limit: ERR015958_cutadapt_bowtie2_minus_strand.tdf
[2021-11-07 04:49:14,969] multiqc                                            [DEBUG  ]  File ignored by stacks/sumstats because it exceeded search pattern filesize limit: ERR015958_cutadapt_bowtie2_minus_strand.tdf
[2021-11-07 04:49:14,980] multiqc                                            [DEBUG  ]  File ignored by ccs/v4 because it exceeded search pattern filesize limit: ERR015958_cutadapt.log
[2021-11-07 04:49:14,981] multiqc                                            [DEBUG  ]  File ignored by hicexplorer because it exceeded search pattern filesize limit: ERR015958_cutadapt.log
[2021-11-07 04:49:14,981] multiqc                                            [DEBUG  ]  File ignored by nanostat because it exceeded search pattern filesize limit: ERR015958_cutadapt.log
[2021-11-07 04:49:14,981] multiqc                                            [DEBUG  ]  File ignored by lima/summary because it exceeded search pattern filesize limit: ERR015958_cutadapt.log
[2021-11-07 04:49:14,984] multiqc                                            [DEBUG  ]  File ignored by longranger/invocation because it exceeded search pattern filesize limit: ERR015958_cutadapt.log
[2021-11-07 04:49:14,996] multiqc                                            [DEBUG  ]  File ignored by ccs/v4 because it exceeded search pattern filesize limit: ERR015958_cutadapt_bowtie2_plus_strand.tdf
[2021-11-07 04:49:14,998] multiqc                                            [DEBUG  ]  File ignored by hicexplorer because it exceeded search pattern filesize limit: ERR015958_cutadapt_bowtie2_plus_strand.tdf
[2021-11-07 04:49:14,998] multiqc                                            [DEBUG  ]  File ignored by nanostat because it exceeded search pattern filesize limit: ERR015958_cutadapt_bowtie2_plus_strand.tdf
[2021-11-07 04:49:14,998] multiqc                                            [DEBUG  ]  File ignored by lima/summary because it exceeded search pattern filesize limit: ERR015958_cutadapt_bowtie2_plus_strand.tdf
[2021-11-07 04:49:15,000] multiqc                                            [DEBUG  ]  File ignored by vep/vep_html because it exceeded search pattern filesize limit: ERR015958_cutadapt_bowtie2_plus_strand.tdf
[2021-11-07 04:49:15,000] multiqc                                            [DEBUG  ]  File ignored by vep/vep_txt because it exceeded search pattern filesize limit: ERR015958_cutadapt_bowtie2_plus_strand.tdf
[2021-11-07 04:49:15,000] multiqc                                            [DEBUG  ]  File ignored by longranger/invocation because it exceeded search pattern filesize limit: ERR015958_cutadapt_bowtie2_plus_strand.tdf
[2021-11-07 04:49:15,000] multiqc                                            [DEBUG  ]  File ignored by rockhopper because it exceeded search pattern filesize limit: ERR015958_cutadapt_bowtie2_plus_strand.tdf
[2021-11-07 04:49:15,000] multiqc                                            [DEBUG  ]  File ignored by rseqc/bam_stat because it exceeded search pattern filesize limit: ERR015958_cutadapt_bowtie2_plus_strand.tdf
[2021-11-07 04:49:15,000] multiqc                                            [DEBUG  ]  File ignored by rseqc/junction_annotation because it exceeded search pattern filesize limit: ERR015958_cutadapt_bowtie2_plus_strand.tdf
[2021-11-07 04:49:15,000] multiqc                                            [DEBUG  ]  File ignored by rseqc/read_distribution because it exceeded search pattern filesize limit: ERR015958_cutadapt_bowtie2_plus_strand.tdf
[2021-11-07 04:49:15,001] multiqc                                            [DEBUG  ]  File ignored by rseqc/infer_experiment because it exceeded search pattern filesize limit: ERR015958_cutadapt_bowtie2_plus_strand.tdf
[2021-11-07 04:49:15,001] multiqc                                            [DEBUG  ]  File ignored by snpeff because it exceeded search pattern filesize limit: ERR015958_cutadapt_bowtie2_plus_strand.tdf
[2021-11-07 04:49:15,001] multiqc                                            [DEBUG  ]  File ignored by stacks/sumstats because it exceeded search pattern filesize limit: ERR015958_cutadapt_bowtie2_plus_strand.tdf
[2021-11-07 04:49:15,019] multiqc                                            [DEBUG  ]  Ignoring file as matched an ignore pattern: ERR015958_cutadapt_bowtie2.bam.bai
[2021-11-07 04:49:15,042] multiqc                                            [DEBUG  ]  Ignoring file as matched an ignore pattern: ERR015958_cutadapt.fastq.gz
[2021-11-07 04:49:15,053] multiqc                                            [DEBUG  ]  Ignoring file as matched an ignore pattern: ERR015958_cutadapt_empty2.fastq.gz
[2021-11-07 04:49:15,164] multiqc                                            [DEBUG  ]  File ignored by ccs/v4 because it exceeded search pattern filesize limit: ERR015958.fastq.gz_trimming_report.txt
[2021-11-07 04:49:15,166] multiqc                                            [DEBUG  ]  File ignored by lima/summary because it exceeded search pattern filesize limit: ERR015958.fastq.gz_trimming_report.txt
[2021-11-07 04:49:15,168] multiqc                                            [DEBUG  ]  File ignored by longranger/invocation because it exceeded search pattern filesize limit: ERR015958.fastq.gz_trimming_report.txt
[2021-11-07 04:49:15,179] multiqc                                            [DEBUG  ]  File ignored by ccs/v4 because it exceeded search pattern filesize limit: ERR015958_cutadapt_bowtie2_minus_strand_bedgraph_to_tdf.log
[2021-11-07 04:49:15,180] multiqc                                            [DEBUG  ]  File ignored by lima/summary because it exceeded search pattern filesize limit: ERR015958_cutadapt_bowtie2_minus_strand_bedgraph_to_tdf.log
[2021-11-07 04:49:15,198] multiqc                                            [DEBUG  ]  Ignoring file as matched an ignore pattern: ERR015958.fastq.gz
[2021-11-07 04:49:15,213] multiqc                                            [DEBUG  ]  File ignored by ccs/v4 because it exceeded search pattern filesize limit: ERR015958_cutadapt_bowtie2_bedgraph_to_tdf.log
[2021-11-07 04:49:15,215] multiqc                                            [DEBUG  ]  File ignored by lima/summary because it exceeded search pattern filesize limit: ERR015958_cutadapt_bowtie2_bedgraph_to_tdf.log
[2021-11-07 04:49:15,265] multiqc                                            [DEBUG  ]  File ignored by ccs/v4 because it exceeded search pattern filesize limit: ERR015958_cutadapt_bowtie2_plus_strand_bedgraph_to_tdf.log
[2021-11-07 04:49:15,266] multiqc                                            [DEBUG  ]  File ignored by lima/summary because it exceeded search pattern filesize limit: ERR015958_cutadapt_bowtie2_plus_strand_bedgraph_to_tdf.log
[2021-11-07 04:49:15,293] multiqc                                            [DEBUG  ]  File ignored by ccs/v4 because it exceeded search pattern filesize limit: ERR015958_cutadapt_fastqc.html
[2021-11-07 04:49:15,295] multiqc                                            [DEBUG  ]  File ignored by hicexplorer because it exceeded search pattern filesize limit: ERR015958_cutadapt_fastqc.html
[2021-11-07 04:49:15,295] multiqc                                            [DEBUG  ]  File ignored by nanostat because it exceeded search pattern filesize limit: ERR015958_cutadapt_fastqc.html
[2021-11-07 04:49:15,295] multiqc                                            [DEBUG  ]  File ignored by lima/summary because it exceeded search pattern filesize limit: ERR015958_cutadapt_fastqc.html
[2021-11-07 04:49:15,298] multiqc                                            [DEBUG  ]  File ignored by vep/vep_txt because it exceeded search pattern filesize limit: ERR015958_cutadapt_fastqc.html
[2021-11-07 04:49:15,298] multiqc                                            [DEBUG  ]  File ignored by longranger/invocation because it exceeded search pattern filesize limit: ERR015958_cutadapt_fastqc.html
[2021-11-07 04:49:15,299] multiqc                                            [DEBUG  ]  File ignored by rockhopper because it exceeded search pattern filesize limit: ERR015958_cutadapt_fastqc.html
[2021-11-07 04:49:15,299] multiqc                                            [DEBUG  ]  File ignored by rseqc/bam_stat because it exceeded search pattern filesize limit: ERR015958_cutadapt_fastqc.html
[2021-11-07 04:49:15,299] multiqc                                            [DEBUG  ]  File ignored by rseqc/junction_annotation because it exceeded search pattern filesize limit: ERR015958_cutadapt_fastqc.html
[2021-11-07 04:49:15,299] multiqc                                            [DEBUG  ]  File ignored by rseqc/read_distribution because it exceeded search pattern filesize limit: ERR015958_cutadapt_fastqc.html
[2021-11-07 04:49:15,299] multiqc                                            [DEBUG  ]  File ignored by rseqc/infer_experiment because it exceeded search pattern filesize limit: ERR015958_cutadapt_fastqc.html
[2021-11-07 04:49:15,448] multiqc                                            [DEBUG  ]  File ignored by ccs/v4 because it exceeded search pattern filesize limit: ERR015958_cutadapt_fastqc.log
[2021-11-07 04:49:15,450] multiqc                                            [DEBUG  ]  File ignored by lima/summary because it exceeded search pattern filesize limit: ERR015958_cutadapt_fastqc.log
[2021-11-07 04:49:15,489] multiqc                                            [DEBUG  ]  File ignored by ccs/v4 because it exceeded search pattern filesize limit: ERR015958_fastqc.html
[2021-11-07 04:49:15,491] multiqc                                            [DEBUG  ]  File ignored by hicexplorer because it exceeded search pattern filesize limit: ERR015958_fastqc.html
[2021-11-07 04:49:15,491] multiqc                                            [DEBUG  ]  File ignored by nanostat because it exceeded search pattern filesize limit: ERR015958_fastqc.html
[2021-11-07 04:49:15,491] multiqc                                            [DEBUG  ]  File ignored by lima/summary because it exceeded search pattern filesize limit: ERR015958_fastqc.html
[2021-11-07 04:49:15,494] multiqc                                            [DEBUG  ]  File ignored by vep/vep_txt because it exceeded search pattern filesize limit: ERR015958_fastqc.html
[2021-11-07 04:49:15,494] multiqc                                            [DEBUG  ]  File ignored by longranger/invocation because it exceeded search pattern filesize limit: ERR015958_fastqc.html
[2021-11-07 04:49:15,495] multiqc                                            [DEBUG  ]  File ignored by rockhopper because it exceeded search pattern filesize limit: ERR015958_fastqc.html
[2021-11-07 04:49:15,495] multiqc                                            [DEBUG  ]  File ignored by rseqc/bam_stat because it exceeded search pattern filesize limit: ERR015958_fastqc.html
[2021-11-07 04:49:15,495] multiqc                                            [DEBUG  ]  File ignored by rseqc/junction_annotation because it exceeded search pattern filesize limit: ERR015958_fastqc.html
[2021-11-07 04:49:15,495] multiqc                                            [DEBUG  ]  File ignored by rseqc/read_distribution because it exceeded search pattern filesize limit: ERR015958_fastqc.html
[2021-11-07 04:49:15,495] multiqc                                            [DEBUG  ]  File ignored by rseqc/infer_experiment because it exceeded search pattern filesize limit: ERR015958_fastqc.html
[2021-11-07 04:49:15,648] multiqc                                            [DEBUG  ]  File ignored by ccs/v4 because it exceeded search pattern filesize limit: ERR015958_cutadapt_bowtie2_fastqc.html
[2021-11-07 04:49:15,650] multiqc                                            [DEBUG  ]  File ignored by hicexplorer because it exceeded search pattern filesize limit: ERR015958_cutadapt_bowtie2_fastqc.html
[2021-11-07 04:49:15,650] multiqc                                            [DEBUG  ]  File ignored by nanostat because it exceeded search pattern filesize limit: ERR015958_cutadapt_bowtie2_fastqc.html
[2021-11-07 04:49:15,650] multiqc                                            [DEBUG  ]  File ignored by lima/summary because it exceeded search pattern filesize limit: ERR015958_cutadapt_bowtie2_fastqc.html
[2021-11-07 04:49:15,653] multiqc                                            [DEBUG  ]  File ignored by vep/vep_txt because it exceeded search pattern filesize limit: ERR015958_cutadapt_bowtie2_fastqc.html
[2021-11-07 04:49:15,653] multiqc                                            [DEBUG  ]  File ignored by longranger/invocation because it exceeded search pattern filesize limit: ERR015958_cutadapt_bowtie2_fastqc.html
[2021-11-07 04:49:15,653] multiqc                                            [DEBUG  ]  File ignored by rockhopper because it exceeded search pattern filesize limit: ERR015958_cutadapt_bowtie2_fastqc.html
[2021-11-07 04:49:15,653] multiqc                                            [DEBUG  ]  File ignored by rseqc/bam_stat because it exceeded search pattern filesize limit: ERR015958_cutadapt_bowtie2_fastqc.html
[2021-11-07 04:49:15,653] multiqc                                            [DEBUG  ]  File ignored by rseqc/junction_annotation because it exceeded search pattern filesize limit: ERR015958_cutadapt_bowtie2_fastqc.html
[2021-11-07 04:49:15,654] multiqc                                            [DEBUG  ]  File ignored by rseqc/read_distribution because it exceeded search pattern filesize limit: ERR015958_cutadapt_bowtie2_fastqc.html
[2021-11-07 04:49:15,654] multiqc                                            [DEBUG  ]  File ignored by rseqc/infer_experiment because it exceeded search pattern filesize limit: ERR015958_cutadapt_bowtie2_fastqc.html
[2021-11-07 04:49:15,805] multiqc                                            [DEBUG  ]  File ignored by ccs/v4 because it exceeded search pattern filesize limit: ERR015958_cutadapt_bowtie2_fastqc.log
[2021-11-07 04:49:15,807] multiqc                                            [DEBUG  ]  File ignored by lima/summary because it exceeded search pattern filesize limit: ERR015958_cutadapt_bowtie2_fastqc.log
[2021-11-07 04:49:15,829] multiqc                                            [DEBUG  ]  File ignored by ccs/v4 because it exceeded search pattern filesize limit: ERR015952_cutadapt.log
[2021-11-07 04:49:15,830] multiqc                                            [DEBUG  ]  File ignored by hicexplorer because it exceeded search pattern filesize limit: ERR015952_cutadapt.log
[2021-11-07 04:49:15,830] multiqc                                            [DEBUG  ]  File ignored by nanostat because it exceeded search pattern filesize limit: ERR015952_cutadapt.log
[2021-11-07 04:49:15,830] multiqc                                            [DEBUG  ]  File ignored by lima/summary because it exceeded search pattern filesize limit: ERR015952_cutadapt.log
[2021-11-07 04:49:15,833] multiqc                                            [DEBUG  ]  File ignored by longranger/invocation because it exceeded search pattern filesize limit: ERR015952_cutadapt.log
[2021-11-07 04:49:15,840] multiqc                                            [DEBUG  ]  Ignoring file as matched an ignore pattern: ERR015952_cutadapt.fastq.gz
[2021-11-07 04:49:15,860] multiqc                                            [DEBUG  ]  File ignored by ccs/v4 because it exceeded search pattern filesize limit: ERR015952_cutadapt_bowtie2_bedgraph_to_tdf.log
[2021-11-07 04:49:15,862] multiqc                                            [DEBUG  ]  File ignored by lima/summary because it exceeded search pattern filesize limit: ERR015952_cutadapt_bowtie2_bedgraph_to_tdf.log
[2021-11-07 04:49:15,873] multiqc                                            [DEBUG  ]  File ignored by ccs/v4 because it exceeded search pattern filesize limit: ERR015952_cutadapt_bowtie2_minus_strand_bedgraph_to_tdf.log
[2021-11-07 04:49:15,875] multiqc                                            [DEBUG  ]  File ignored by lima/summary because it exceeded search pattern filesize limit: ERR015952_cutadapt_bowtie2_minus_strand_bedgraph_to_tdf.log
[2021-11-07 04:49:15,916] multiqc                                            [DEBUG  ]  Ignoring file as matched an ignore pattern: ERR015952_cutadapt_empty2.fastq.gz
[2021-11-07 04:49:15,928] multiqc                                            [DEBUG  ]  Ignoring file as matched an ignore pattern: ERR015952.fastq.gz
[2021-11-07 04:49:15,933] multiqc                                            [DEBUG  ]  File ignored by ccs/v4 because it exceeded search pattern filesize limit: ERR015952_cutadapt_bowtie2_plus_strand_bedgraph_to_tdf.log
[2021-11-07 04:49:15,934] multiqc                                            [DEBUG  ]  File ignored by lima/summary because it exceeded search pattern filesize limit: ERR015952_cutadapt_bowtie2_plus_strand_bedgraph_to_tdf.log
[2021-11-07 04:49:15,953] multiqc                                            [DEBUG  ]  Ignoring file as matched an ignore pattern: ERR015952_cutadapt_empty1.fastq.gz
[2021-11-07 04:49:15,953] multiqc                                            [DEBUG  ]  Ignoring file as matched an ignore pattern: ERR015952_cutadapt_bowtie2.bam
[2021-11-07 04:49:15,953] multiqc                                            [DEBUG  ]  Ignoring file as matched an ignore pattern: ERR015952_cutadapt_bowtie2.bam.bai
[2021-11-07 04:49:15,957] multiqc                                            [DEBUG  ]  File ignored by ccs/v4 because it exceeded search pattern filesize limit: ERR015952.fastq.gz_trimming_report.txt
[2021-11-07 04:49:15,959] multiqc                                            [DEBUG  ]  File ignored by lima/summary because it exceeded search pattern filesize limit: ERR015952.fastq.gz_trimming_report.txt
[2021-11-07 04:49:15,965] multiqc                                            [DEBUG  ]  File ignored by longranger/invocation because it exceeded search pattern filesize limit: ERR015952.fastq.gz_trimming_report.txt
[2021-11-07 04:49:16,105] multiqc                                            [DEBUG  ]  File ignored by ccs/v4 because it exceeded search pattern filesize limit: ERR015952_cutadapt_fastqc.html
[2021-11-07 04:49:16,106] multiqc                                            [DEBUG  ]  File ignored by hicexplorer because it exceeded search pattern filesize limit: ERR015952_cutadapt_fastqc.html
[2021-11-07 04:49:16,106] multiqc                                            [DEBUG  ]  File ignored by nanostat because it exceeded search pattern filesize limit: ERR015952_cutadapt_fastqc.html
[2021-11-07 04:49:16,106] multiqc                                            [DEBUG  ]  File ignored by lima/summary because it exceeded search pattern filesize limit: ERR015952_cutadapt_fastqc.html
[2021-11-07 04:49:16,110] multiqc                                            [DEBUG  ]  File ignored by vep/vep_txt because it exceeded search pattern filesize limit: ERR015952_cutadapt_fastqc.html
[2021-11-07 04:49:16,110] multiqc                                            [DEBUG  ]  File ignored by longranger/invocation because it exceeded search pattern filesize limit: ERR015952_cutadapt_fastqc.html
[2021-11-07 04:49:16,110] multiqc                                            [DEBUG  ]  File ignored by rockhopper because it exceeded search pattern filesize limit: ERR015952_cutadapt_fastqc.html
[2021-11-07 04:49:16,110] multiqc                                            [DEBUG  ]  File ignored by rseqc/bam_stat because it exceeded search pattern filesize limit: ERR015952_cutadapt_fastqc.html
[2021-11-07 04:49:16,110] multiqc                                            [DEBUG  ]  File ignored by rseqc/junction_annotation because it exceeded search pattern filesize limit: ERR015952_cutadapt_fastqc.html
[2021-11-07 04:49:16,110] multiqc                                            [DEBUG  ]  File ignored by rseqc/read_distribution because it exceeded search pattern filesize limit: ERR015952_cutadapt_fastqc.html
[2021-11-07 04:49:16,110] multiqc                                            [DEBUG  ]  File ignored by rseqc/infer_experiment because it exceeded search pattern filesize limit: ERR015952_cutadapt_fastqc.html
[2021-11-07 04:49:16,240] multiqc                                            [DEBUG  ]  File ignored by ccs/v4 because it exceeded search pattern filesize limit: ERR015952_cutadapt_fastqc.log
[2021-11-07 04:49:16,241] multiqc                                            [DEBUG  ]  File ignored by lima/summary because it exceeded search pattern filesize limit: ERR015952_cutadapt_fastqc.log
[2021-11-07 04:49:16,254] multiqc                                            [DEBUG  ]  File ignored by ccs/v4 because it exceeded search pattern filesize limit: ERR015952_cutadapt_bowtie2_fastqc.html
[2021-11-07 04:49:16,256] multiqc                                            [DEBUG  ]  File ignored by hicexplorer because it exceeded search pattern filesize limit: ERR015952_cutadapt_bowtie2_fastqc.html
[2021-11-07 04:49:16,256] multiqc                                            [DEBUG  ]  File ignored by nanostat because it exceeded search pattern filesize limit: ERR015952_cutadapt_bowtie2_fastqc.html
[2021-11-07 04:49:16,256] multiqc                                            [DEBUG  ]  File ignored by lima/summary because it exceeded search pattern filesize limit: ERR015952_cutadapt_bowtie2_fastqc.html
[2021-11-07 04:49:16,259] multiqc                                            [DEBUG  ]  File ignored by vep/vep_txt because it exceeded search pattern filesize limit: ERR015952_cutadapt_bowtie2_fastqc.html
[2021-11-07 04:49:16,259] multiqc                                            [DEBUG  ]  File ignored by longranger/invocation because it exceeded search pattern filesize limit: ERR015952_cutadapt_bowtie2_fastqc.html
[2021-11-07 04:49:16,260] multiqc                                            [DEBUG  ]  File ignored by rockhopper because it exceeded search pattern filesize limit: ERR015952_cutadapt_bowtie2_fastqc.html
[2021-11-07 04:49:16,260] multiqc                                            [DEBUG  ]  File ignored by rseqc/bam_stat because it exceeded search pattern filesize limit: ERR015952_cutadapt_bowtie2_fastqc.html
[2021-11-07 04:49:16,260] multiqc                                            [DEBUG  ]  File ignored by rseqc/junction_annotation because it exceeded search pattern filesize limit: ERR015952_cutadapt_bowtie2_fastqc.html
[2021-11-07 04:49:16,260] multiqc                                            [DEBUG  ]  File ignored by rseqc/read_distribution because it exceeded search pattern filesize limit: ERR015952_cutadapt_bowtie2_fastqc.html
[2021-11-07 04:49:16,260] multiqc                                            [DEBUG  ]  File ignored by rseqc/infer_experiment because it exceeded search pattern filesize limit: ERR015952_cutadapt_bowtie2_fastqc.html
[2021-11-07 04:49:16,383] multiqc                                            [DEBUG  ]  File ignored by ccs/v4 because it exceeded search pattern filesize limit: ERR015952_cutadapt_bowtie2_fastqc.log
[2021-11-07 04:49:16,388] multiqc                                            [DEBUG  ]  File ignored by lima/summary because it exceeded search pattern filesize limit: ERR015952_cutadapt_bowtie2_fastqc.log
[2021-11-07 04:49:16,428] multiqc                                            [DEBUG  ]  File ignored by ccs/v4 because it exceeded search pattern filesize limit: ERR015952_fastqc.html
[2021-11-07 04:49:16,429] multiqc                                            [DEBUG  ]  File ignored by hicexplorer because it exceeded search pattern filesize limit: ERR015952_fastqc.html
[2021-11-07 04:49:16,429] multiqc                                            [DEBUG  ]  File ignored by nanostat because it exceeded search pattern filesize limit: ERR015952_fastqc.html
[2021-11-07 04:49:16,430] multiqc                                            [DEBUG  ]  File ignored by lima/summary because it exceeded search pattern filesize limit: ERR015952_fastqc.html
[2021-11-07 04:49:16,433] multiqc                                            [DEBUG  ]  File ignored by vep/vep_txt because it exceeded search pattern filesize limit: ERR015952_fastqc.html
[2021-11-07 04:49:16,433] multiqc                                            [DEBUG  ]  File ignored by longranger/invocation because it exceeded search pattern filesize limit: ERR015952_fastqc.html
[2021-11-07 04:49:16,433] multiqc                                            [DEBUG  ]  File ignored by rockhopper because it exceeded search pattern filesize limit: ERR015952_fastqc.html
[2021-11-07 04:49:16,433] multiqc                                            [DEBUG  ]  File ignored by rseqc/bam_stat because it exceeded search pattern filesize limit: ERR015952_fastqc.html
[2021-11-07 04:49:16,433] multiqc                                            [DEBUG  ]  File ignored by rseqc/junction_annotation because it exceeded search pattern filesize limit: ERR015952_fastqc.html
[2021-11-07 04:49:16,433] multiqc                                            [DEBUG  ]  File ignored by rseqc/read_distribution because it exceeded search pattern filesize limit: ERR015952_fastqc.html
[2021-11-07 04:49:16,433] multiqc                                            [DEBUG  ]  File ignored by rseqc/infer_experiment because it exceeded search pattern filesize limit: ERR015952_fastqc.html
[2021-11-07 04:49:16,577] multiqc                                            [DEBUG  ]  File ignored by ccs/v4 because it exceeded search pattern filesize limit: DS00039_peaks.fasta
[2021-11-07 04:49:16,578] multiqc                                            [DEBUG  ]  File ignored by hicexplorer because it exceeded search pattern filesize limit: DS00039_peaks.fasta
[2021-11-07 04:49:16,578] multiqc                                            [DEBUG  ]  File ignored by nanostat because it exceeded search pattern filesize limit: DS00039_peaks.fasta
[2021-11-07 04:49:16,579] multiqc                                            [DEBUG  ]  File ignored by lima/summary because it exceeded search pattern filesize limit: DS00039_peaks.fasta
[2021-11-07 04:49:16,581] multiqc                                            [DEBUG  ]  File ignored by vep/vep_txt because it exceeded search pattern filesize limit: DS00039_peaks.fasta
[2021-11-07 04:49:16,581] multiqc                                            [DEBUG  ]  File ignored by longranger/invocation because it exceeded search pattern filesize limit: DS00039_peaks.fasta
[2021-11-07 04:49:16,582] multiqc                                            [DEBUG  ]  File ignored by rockhopper because it exceeded search pattern filesize limit: DS00039_peaks.fasta
[2021-11-07 04:49:16,582] multiqc                                            [DEBUG  ]  File ignored by rseqc/bam_stat because it exceeded search pattern filesize limit: DS00039_peaks.fasta
[2021-11-07 04:49:16,582] multiqc                                            [DEBUG  ]  File ignored by rseqc/junction_annotation because it exceeded search pattern filesize limit: DS00039_peaks.fasta
[2021-11-07 04:49:16,582] multiqc                                            [DEBUG  ]  File ignored by rseqc/read_distribution because it exceeded search pattern filesize limit: DS00039_peaks.fasta
[2021-11-07 04:49:16,582] multiqc                                            [DEBUG  ]  File ignored by rseqc/infer_experiment because it exceeded search pattern filesize limit: DS00039_peaks.fasta
[2021-11-07 04:49:16,693] multiqc                                            [DEBUG  ]  File ignored by ccs/v4 because it exceeded search pattern filesize limit: DS00039_matrix.tab
[2021-11-07 04:49:16,695] multiqc                                            [DEBUG  ]  File ignored by lima/summary because it exceeded search pattern filesize limit: DS00039_matrix.tab
[2021-11-07 04:49:16,697] multiqc                                            [DEBUG  ]  File ignored by longranger/invocation because it exceeded search pattern filesize limit: DS00039_matrix.tab
[2021-11-07 04:49:16,707] multiqc                                            [DEBUG  ]  Ignoring file as matched an ignore pattern: DS00039_peaks.bed
[2021-11-07 04:49:16,711] multiqc                                            [DEBUG  ]  File ignored by ccs/v4 because it exceeded search pattern filesize limit: DS00039_sites.fasta
[2021-11-07 04:49:16,713] multiqc                                            [DEBUG  ]  File ignored by hicexplorer because it exceeded search pattern filesize limit: DS00039_sites.fasta
[2021-11-07 04:49:16,713] multiqc                                            [DEBUG  ]  File ignored by nanostat because it exceeded search pattern filesize limit: DS00039_sites.fasta
[2021-11-07 04:49:16,713] multiqc                                            [DEBUG  ]  File ignored by lima/summary because it exceeded search pattern filesize limit: DS00039_sites.fasta
[2021-11-07 04:49:16,715] multiqc                                            [DEBUG  ]  File ignored by longranger/invocation because it exceeded search pattern filesize limit: DS00039_sites.fasta
[2021-11-07 04:49:16,733] multiqc                                            [DEBUG  ]  File ignored by ccs/v4 because it exceeded search pattern filesize limit: DS00039_peaks.ft
[2021-11-07 04:49:16,734] multiqc                                            [DEBUG  ]  File ignored by hicexplorer because it exceeded search pattern filesize limit: DS00039_peaks.ft
[2021-11-07 04:49:16,735] multiqc                                            [DEBUG  ]  File ignored by nanostat because it exceeded search pattern filesize limit: DS00039_peaks.ft
[2021-11-07 04:49:16,735] multiqc                                            [DEBUG  ]  File ignored by lima/summary because it exceeded search pattern filesize limit: DS00039_peaks.ft
[2021-11-07 04:49:16,737] multiqc                                            [DEBUG  ]  File ignored by longranger/invocation because it exceeded search pattern filesize limit: DS00039_peaks.ft
[2021-11-07 04:49:16,754] multiqc                                            [DEBUG  ]  Ignoring file as matched an ignore pattern: DS00039_sites.bed
[2021-11-07 04:49:16,759] multiqc                                            [DEBUG  ]  File ignored by ccs/v4 because it exceeded search pattern filesize limit: DS00039_peaks.narrowPeak
[2021-11-07 04:49:16,760] multiqc                                            [DEBUG  ]  File ignored by hicexplorer because it exceeded search pattern filesize limit: DS00039_peaks.narrowPeak
[2021-11-07 04:49:16,760] multiqc                                            [DEBUG  ]  File ignored by nanostat because it exceeded search pattern filesize limit: DS00039_peaks.narrowPeak
[2021-11-07 04:49:16,760] multiqc                                            [DEBUG  ]  File ignored by lima/summary because it exceeded search pattern filesize limit: DS00039_peaks.narrowPeak
[2021-11-07 04:49:16,763] multiqc                                            [DEBUG  ]  File ignored by longranger/invocation because it exceeded search pattern filesize limit: DS00039_peaks.narrowPeak
[2021-11-07 04:49:16,788] multiqc                                            [DEBUG  ]  Ignoring file as matched an ignore pattern: DS00039_summits.bed
[2021-11-07 04:49:17,227] multiqc.plots.bargraph                             [DEBUG  ]  Using matplotlib version 3.4.3
[2021-11-07 04:49:17,228] multiqc.plots.linegraph                            [DEBUG  ]  Using matplotlib version 3.4.3
[2021-11-07 04:49:17,229] multiqc                                            [DEBUG  ]  No samples found: custom_content
[2021-11-07 04:49:17,235] multiqc                                            [DEBUG  ]  No samples found: ccs
[2021-11-07 04:49:17,242] multiqc                                            [DEBUG  ]  No samples found: ngsderive
[2021-11-07 04:49:17,248] multiqc                                            [DEBUG  ]  No samples found: purple
[2021-11-07 04:49:17,254] multiqc                                            [DEBUG  ]  No samples found: conpair
[2021-11-07 04:49:17,261] multiqc                                            [DEBUG  ]  No samples found: lima
[2021-11-07 04:49:17,267] multiqc                                            [DEBUG  ]  No samples found: peddy
[2021-11-07 04:49:17,274] multiqc                                            [DEBUG  ]  No samples found: somalier
[2021-11-07 04:49:17,280] multiqc                                            [DEBUG  ]  No samples found: methylQA
[2021-11-07 04:49:17,287] multiqc.modules.mosdepth.mosdepth                  [DEBUG  ]  include_contigs: []
[2021-11-07 04:49:17,287] multiqc.modules.mosdepth.mosdepth                  [DEBUG  ]  exclude_contigs: []
[2021-11-07 04:49:17,287] multiqc                                            [DEBUG  ]  No samples found: mosdepth
[2021-11-07 04:49:17,294] multiqc                                            [DEBUG  ]  No samples found: phantompeakqualtools
[2021-11-07 04:49:17,300] multiqc                                            [DEBUG  ]  No samples found: qualimap
[2021-11-07 04:49:17,306] multiqc                                            [DEBUG  ]  No samples found: preseq
[2021-11-07 04:49:17,312] multiqc                                            [DEBUG  ]  No samples found: quast
[2021-11-07 04:49:17,319] multiqc                                            [DEBUG  ]  No samples found: qorts
[2021-11-07 04:49:17,325] multiqc                                            [DEBUG  ]  No samples found: rna_seqc
[2021-11-07 04:49:17,331] multiqc                                            [DEBUG  ]  No samples found: rockhopper
[2021-11-07 04:49:17,338] multiqc                                            [DEBUG  ]  No samples found: rsem
[2021-11-07 04:49:17,346] multiqc                                            [DEBUG  ]  No samples found: rseqc
[2021-11-07 04:49:17,353] multiqc                                            [DEBUG  ]  No samples found: busco
[2021-11-07 04:49:17,359] multiqc                                            [DEBUG  ]  No samples found: bustools
[2021-11-07 04:49:17,365] multiqc                                            [DEBUG  ]  No samples found: goleft_indexcov
[2021-11-07 04:49:17,371] multiqc                                            [DEBUG  ]  No samples found: gffcompare
[2021-11-07 04:49:17,377] multiqc                                            [DEBUG  ]  No samples found: disambiguate
[2021-11-07 04:49:17,384] multiqc                                            [DEBUG  ]  No samples found: supernova
[2021-11-07 04:49:17,393] multiqc                                            [DEBUG  ]  No samples found: deeptools
[2021-11-07 04:49:17,399] multiqc                                            [DEBUG  ]  No samples found: sargasso
[2021-11-07 04:49:17,405] multiqc                                            [DEBUG  ]  No samples found: verifybamid
[2021-11-07 04:49:17,412] multiqc                                            [DEBUG  ]  No samples found: mirtrace
[2021-11-07 04:49:17,418] multiqc                                            [DEBUG  ]  No samples found: happy
[2021-11-07 04:49:17,424] multiqc                                            [DEBUG  ]  No samples found: mirtop
[2021-11-07 04:49:17,430] multiqc                                            [DEBUG  ]  No samples found: sambamba
[2021-11-07 04:49:17,437] multiqc                                            [DEBUG  ]  No samples found: homer
[2021-11-07 04:49:17,444] multiqc                                            [DEBUG  ]  No samples found: hops
[2021-11-07 04:49:17,454] multiqc.modules.macs2.macs2                        [INFO   ]  Found 1 logs
[2021-11-07 04:49:17,461] multiqc                                            [DEBUG  ]  No samples found: theta2
[2021-11-07 04:49:17,467] multiqc                                            [DEBUG  ]  No samples found: snpeff
[2021-11-07 04:49:17,474] multiqc                                            [DEBUG  ]  No samples found: gatk
[2021-11-07 04:49:17,480] multiqc                                            [DEBUG  ]  No samples found: htseq
[2021-11-07 04:49:17,487] multiqc                                            [DEBUG  ]  No samples found: bcftools
[2021-11-07 04:49:17,493] multiqc                                            [DEBUG  ]  No samples found: featureCounts
[2021-11-07 04:49:17,501] multiqc                                            [DEBUG  ]  No samples found: fgbio
[2021-11-07 04:49:17,511] multiqc                                            [DEBUG  ]  No samples found: dragen
[2021-11-07 04:49:17,517] multiqc                                            [DEBUG  ]  No samples found: dedup
[2021-11-07 04:49:17,523] multiqc                                            [DEBUG  ]  No samples found: damageprofiler
[2021-11-07 04:49:17,536] multiqc                                            [DEBUG  ]  No samples found: biobambam2
[2021-11-07 04:49:17,543] multiqc                                            [DEBUG  ]  No samples found: jcvi
[2021-11-07 04:49:17,549] multiqc                                            [DEBUG  ]  No samples found: mtnucratio
[2021-11-07 04:49:17,555] multiqc                                            [DEBUG  ]  No samples found: picard
[2021-11-07 04:49:17,561] multiqc                                            [DEBUG  ]  No samples found: vep
[2021-11-07 04:49:17,568] multiqc                                            [DEBUG  ]  No samples found: sentieon
[2021-11-07 04:49:17,574] multiqc                                            [DEBUG  ]  No samples found: prokka
[2021-11-07 04:49:17,581] multiqc                                            [DEBUG  ]  No samples found: qc3C
[2021-11-07 04:49:17,587] multiqc                                            [DEBUG  ]  No samples found: nanostat
[2021-11-07 04:49:17,593] multiqc                                            [DEBUG  ]  No samples found: samblaster
[2021-11-07 04:49:17,620] multiqc.modules.samtools.samtools                  [INFO   ]  Found 2 flagstat reports
[2021-11-07 04:49:17,630] multiqc                                            [DEBUG  ]  No samples found: sexdeterrmine
[2021-11-07 04:49:17,637] multiqc                                            [DEBUG  ]  No samples found: eigenstratdatabasetools
[2021-11-07 04:49:17,643] multiqc                                            [DEBUG  ]  No samples found: bamtools
[2021-11-07 04:49:17,650] multiqc                                            [DEBUG  ]  No samples found: jellyfish
[2021-11-07 04:49:17,657] multiqc                                            [DEBUG  ]  No samples found: vcftools
[2021-11-07 04:49:17,663] multiqc                                            [DEBUG  ]  No samples found: longranger
[2021-11-07 04:49:17,670] multiqc                                            [DEBUG  ]  No samples found: stacks
[2021-11-07 04:49:17,676] multiqc                                            [DEBUG  ]  No samples found: varscan2
[2021-11-07 04:49:17,682] multiqc                                            [DEBUG  ]  No samples found: snippy
[2021-11-07 04:49:17,692] multiqc                                            [DEBUG  ]  No samples found: bbmap
[2021-11-07 04:49:17,698] multiqc                                            [DEBUG  ]  No samples found: bismark
[2021-11-07 04:49:17,705] multiqc                                            [DEBUG  ]  No samples found: biscuit
[2021-11-07 04:49:17,711] multiqc                                            [DEBUG  ]  No samples found: hicexplorer
[2021-11-07 04:49:17,718] multiqc                                            [DEBUG  ]  No samples found: hicup
[2021-11-07 04:49:17,724] multiqc                                            [DEBUG  ]  No samples found: hicpro
[2021-11-07 04:49:17,730] multiqc                                            [DEBUG  ]  No samples found: salmon
[2021-11-07 04:49:17,736] multiqc                                            [DEBUG  ]  No samples found: kallisto
[2021-11-07 04:49:17,743] multiqc                                            [DEBUG  ]  No samples found: slamdunk
[2021-11-07 04:49:17,749] multiqc                                            [DEBUG  ]  No samples found: star
[2021-11-07 04:49:17,756] multiqc                                            [DEBUG  ]  No samples found: hisat2
[2021-11-07 04:49:17,762] multiqc                                            [DEBUG  ]  No samples found: tophat
[2021-11-07 04:49:17,771] multiqc.modules.bowtie2.bowtie2                    [INFO   ]  Found 2 reports
[2021-11-07 04:49:17,785] multiqc                                            [DEBUG  ]  No samples found: bowtie1
[2021-11-07 04:49:17,792] multiqc                                            [DEBUG  ]  No samples found: snpsplit
[2021-11-07 04:49:17,798] multiqc                                            [DEBUG  ]  No samples found: odgi
[2021-11-07 04:49:17,804] multiqc                                            [DEBUG  ]  No samples found: pangolin
[2021-11-07 04:49:17,810] multiqc                                            [DEBUG  ]  No samples found: kat
[2021-11-07 04:49:17,816] multiqc                                            [DEBUG  ]  No samples found: leehom
[2021-11-07 04:49:17,823] multiqc                                            [DEBUG  ]  No samples found: adapterRemoval
[2021-11-07 04:49:17,829] multiqc                                            [DEBUG  ]  No samples found: clipandmerge
[2021-11-07 04:49:17,843] multiqc.modules.cutadapt.cutadapt                  [DEBUG  ]  Duplicate sample name found! Overwriting: ERR015958
[2021-11-07 04:49:17,848] multiqc.modules.cutadapt.cutadapt                  [DEBUG  ]  Duplicate sample name found! Overwriting: ERR015952
[2021-11-07 04:49:17,850] multiqc.modules.cutadapt.cutadapt                  [INFO   ]  Found 2 reports
[2021-11-07 04:49:17,865] multiqc                                            [DEBUG  ]  No samples found: flexbar
[2021-11-07 04:49:17,871] multiqc                                            [DEBUG  ]  No samples found: kaiju
[2021-11-07 04:49:17,878] multiqc                                            [DEBUG  ]  No samples found: kraken
[2021-11-07 04:49:17,884] multiqc                                            [DEBUG  ]  No samples found: malt
[2021-11-07 04:49:17,890] multiqc                                            [DEBUG  ]  No samples found: trimmomatic
[2021-11-07 04:49:17,896] multiqc                                            [DEBUG  ]  No samples found: sickle
[2021-11-07 04:49:17,902] multiqc                                            [DEBUG  ]  No samples found: skewer
[2021-11-07 04:49:17,908] multiqc                                            [DEBUG  ]  No samples found: sortmerna
[2021-11-07 04:49:17,916] multiqc                                            [DEBUG  ]  No samples found: biobloomtools
[2021-11-07 04:49:17,923] multiqc                                            [DEBUG  ]  No samples found: fastq_screen
[2021-11-07 04:49:17,929] multiqc                                            [DEBUG  ]  No samples found: afterqc
[2021-11-07 04:49:17,935] multiqc                                            [DEBUG  ]  No samples found: fastp
[2021-11-07 04:49:18,043] multiqc.modules.fastqc.fastqc                      [INFO   ]  Found 6 reports
[2021-11-07 04:49:18,118] multiqc                                            [DEBUG  ]  No samples found: pychopper
[2021-11-07 04:49:18,124] multiqc                                            [DEBUG  ]  No samples found: pycoqc
[2021-11-07 04:49:18,130] multiqc                                            [DEBUG  ]  No samples found: minionqc
[2021-11-07 04:49:18,137] multiqc                                            [DEBUG  ]  No samples found: multivcfanalyzer
[2021-11-07 04:49:18,143] multiqc                                            [DEBUG  ]  No samples found: clusterflow
[2021-11-07 04:49:18,149] multiqc                                            [DEBUG  ]  No samples found: bcl2fastq
[2021-11-07 04:49:18,156] multiqc                                            [DEBUG  ]  No samples found: bclconvert
[2021-11-07 04:49:18,162] multiqc                                            [DEBUG  ]  No samples found: interop
[2021-11-07 04:49:18,168] multiqc                                            [DEBUG  ]  No samples found: ivar
[2021-11-07 04:49:18,175] multiqc                                            [DEBUG  ]  No samples found: flash
[2021-11-07 04:49:18,182] multiqc                                            [DEBUG  ]  No samples found: seqyclean
[2021-11-07 04:49:18,188] multiqc                                            [DEBUG  ]  No samples found: optitype
[2021-11-07 04:49:18,209] multiqc                                            [INFO   ]  Compressing plot data
[2021-11-07 04:49:18,405] multiqc                                            [INFO   ]  Report      : ChIP-seq_collection/E-MTAB-332/datasets/DS00039/multiQC/multiqc_report.html
[2021-11-07 04:49:18,405] multiqc                                            [INFO   ]  Data        : ChIP-seq_collection/E-MTAB-332/datasets/DS00039/multiQC/multiqc_data
[2021-11-07 04:49:18,405] multiqc                                            [DEBUG  ]  Moving data file from '/tmp/tmpnb9r7djx/multiqc_data' to 'ChIP-seq_collection/E-MTAB-332/datasets/DS00039/multiQC/multiqc_data'
[2021-11-07 04:49:18,584] multiqc                                            [INFO   ]  MultiQC complete
