[2021-11-05 23:46:21,774] multiqc                                            [DEBUG  ]  This is MultiQC v1.11
[2021-11-05 23:46:21,775] multiqc                                            [DEBUG  ]  No MultiQC config found: /home/rioualen/miniconda3/envs/snakemake/lib/python3.9/site-packages/multiqc_config.yaml
[2021-11-05 23:46:21,775] multiqc                                            [DEBUG  ]  No MultiQC config found: /home/rioualen/.multiqc_config.yaml
[2021-11-05 23:46:21,775] multiqc                                            [DEBUG  ]  No MultiQC config found: multiqc_config.yaml
[2021-11-05 23:46:21,775] multiqc                                            [DEBUG  ]  Command used: /home/rioualen/miniconda3/envs/snakemake/bin/multiqc ChIP-seq_collection/GSE111874/samples/GSM3043057 ChIP-seq_collection/GSE111874/samples/GSM3043093 ChIP-seq_collection/GSE111874/datasets/DS00069 ChIP-seq_collection/GSE111874/samples/GSM3043058 ChIP-seq_collection/GSE111874/samples/GSM3043094 ChIP-seq_collection/GSE111874/datasets/DS00069 -o ChIP-seq_collection/GSE111874/datasets/DS00069/multiQC
[2021-11-05 23:46:21,969] multiqc                                            [DEBUG  ]  Latest MultiQC version is v1.11
[2021-11-05 23:46:21,969] multiqc                                            [DEBUG  ]  Command     : /home/rioualen/miniconda3/envs/snakemake/bin/multiqc ChIP-seq_collection/GSE111874/samples/GSM3043057 ChIP-seq_collection/GSE111874/samples/GSM3043093 ChIP-seq_collection/GSE111874/datasets/DS00069 ChIP-seq_collection/GSE111874/samples/GSM3043058 ChIP-seq_collection/GSE111874/samples/GSM3043094 ChIP-seq_collection/GSE111874/datasets/DS00069 -o ChIP-seq_collection/GSE111874/datasets/DS00069/multiQC
[2021-11-05 23:46:21,969] multiqc                                            [DEBUG  ]  Working dir : /workspace/rioualen/HT_collections
[2021-11-05 23:46:21,969] multiqc                                            [DEBUG  ]  Template    : default
[2021-11-05 23:46:21,969] multiqc                                            [DEBUG  ]  Running Python 3.9.7 | packaged by conda-forge | (default, Sep 29 2021, 19:20:46)  [GCC 9.4.0]
[2021-11-05 23:46:21,970] multiqc                                            [DEBUG  ]  Analysing modules: custom_content, ccs, ngsderive, purple, conpair, lima, peddy, somalier, methylQA, mosdepth, phantompeakqualtools, qualimap, preseq, quast, qorts, rna_seqc, rockhopper, rsem, rseqc, busco, bustools, goleft_indexcov, gffcompare, disambiguate, supernova, deeptools, sargasso, verifybamid, mirtrace, happy, mirtop, sambamba, homer, hops, macs2, theta2, snpeff, gatk, htseq, bcftools, featureCounts, fgbio, dragen, dedup, damageprofiler, biobambam2, jcvi, mtnucratio, picard, vep, sentieon, prokka, qc3C, nanostat, samblaster, samtools, sexdeterrmine, eigenstratdatabasetools, bamtools, jellyfish, vcftools, longranger, stacks, varscan2, snippy, bbmap, bismark, biscuit, hicexplorer, hicup, hicpro, salmon, kallisto, slamdunk, star, hisat2, tophat, bowtie2, bowtie1, snpsplit, odgi, pangolin, kat, leehom, adapterRemoval, clipandmerge, cutadapt, flexbar, kaiju, kraken, malt, trimmomatic, sickle, skewer, sortmerna, biobloomtools, fastq_screen, afterqc, fastp, fastqc, pychopper, pycoqc, minionqc, multivcfanalyzer, clusterflow, bcl2fastq, bclconvert, interop, ivar, flash, seqyclean, optitype
[2021-11-05 23:46:21,970] multiqc                                            [DEBUG  ]  Using temporary directory for creating report: /tmp/tmpwger6tpk
[2021-11-05 23:46:22,113] multiqc                                            [INFO   ]  Search path : /workspace/rioualen/HT_collections/ChIP-seq_collection/GSE111874/samples/GSM3043057
[2021-11-05 23:46:22,114] multiqc                                            [INFO   ]  Search path : /workspace/rioualen/HT_collections/ChIP-seq_collection/GSE111874/samples/GSM3043093
[2021-11-05 23:46:22,114] multiqc                                            [INFO   ]  Search path : /workspace/rioualen/HT_collections/ChIP-seq_collection/GSE111874/datasets/DS00069
[2021-11-05 23:46:22,114] multiqc                                            [INFO   ]  Search path : /workspace/rioualen/HT_collections/ChIP-seq_collection/GSE111874/samples/GSM3043058
[2021-11-05 23:46:22,114] multiqc                                            [INFO   ]  Search path : /workspace/rioualen/HT_collections/ChIP-seq_collection/GSE111874/samples/GSM3043094
[2021-11-05 23:46:22,114] multiqc                                            [INFO   ]  Search path : /workspace/rioualen/HT_collections/ChIP-seq_collection/GSE111874/datasets/DS00069
[2021-11-05 23:46:22,179] multiqc                                            [DEBUG  ]  File ignored by ccs/v4 because it exceeded search pattern filesize limit: GSM3043057_cutadapt_bowtie2_bedgraph_to_tdf.log
[2021-11-05 23:46:22,181] multiqc                                            [DEBUG  ]  File ignored by lima/summary because it exceeded search pattern filesize limit: GSM3043057_cutadapt_bowtie2_bedgraph_to_tdf.log
[2021-11-05 23:46:22,205] multiqc                                            [DEBUG  ]  Ignoring file as matched an ignore pattern: GSM3043057_cutadapt_bowtie2.bam.bai
[2021-11-05 23:46:22,221] multiqc                                            [DEBUG  ]  File ignored by ccs/v4 because it exceeded search pattern filesize limit: GSM3043057_cutadapt_bowtie2_minus_strand_bedgraph_to_tdf.log
[2021-11-05 23:46:22,223] multiqc                                            [DEBUG  ]  File ignored by lima/summary because it exceeded search pattern filesize limit: GSM3043057_cutadapt_bowtie2_minus_strand_bedgraph_to_tdf.log
[2021-11-05 23:46:22,234] multiqc                                            [DEBUG  ]  Ignoring file as matched an ignore pattern: GSM3043057_cutadapt_bowtie2.bam
[2021-11-05 23:46:22,234] multiqc                                            [DEBUG  ]  Ignoring file as matched an ignore pattern: GSM3043057_cutadapt.fastq.gz
[2021-11-05 23:46:22,346] multiqc                                            [DEBUG  ]  Ignoring file as matched an ignore pattern: GSM3043057_cutadapt_1.fastq.gz
[2021-11-05 23:46:22,392] multiqc                                            [DEBUG  ]  File ignored by ccs/v4 because it exceeded search pattern filesize limit: GSM3043057_1.fastq.gz_trimming_report.txt
[2021-11-05 23:46:22,394] multiqc                                            [DEBUG  ]  File ignored by lima/summary because it exceeded search pattern filesize limit: GSM3043057_1.fastq.gz_trimming_report.txt
[2021-11-05 23:46:22,396] multiqc                                            [DEBUG  ]  File ignored by longranger/invocation because it exceeded search pattern filesize limit: GSM3043057_1.fastq.gz_trimming_report.txt
[2021-11-05 23:46:22,407] multiqc                                            [DEBUG  ]  File ignored by ccs/v4 because it exceeded search pattern filesize limit: GSM3043057_cutadapt_bowtie2_plus_strand_bedgraph_to_tdf.log
[2021-11-05 23:46:22,409] multiqc                                            [DEBUG  ]  File ignored by lima/summary because it exceeded search pattern filesize limit: GSM3043057_cutadapt_bowtie2_plus_strand_bedgraph_to_tdf.log
[2021-11-05 23:46:22,469] multiqc                                            [DEBUG  ]  File ignored by ccs/v4 because it exceeded search pattern filesize limit: GSM3043057_2.fastq.gz_trimming_report.txt
[2021-11-05 23:46:22,471] multiqc                                            [DEBUG  ]  File ignored by lima/summary because it exceeded search pattern filesize limit: GSM3043057_2.fastq.gz_trimming_report.txt
[2021-11-05 23:46:22,473] multiqc                                            [DEBUG  ]  File ignored by longranger/invocation because it exceeded search pattern filesize limit: GSM3043057_2.fastq.gz_trimming_report.txt
[2021-11-05 23:46:22,496] multiqc                                            [DEBUG  ]  File ignored by ccs/v4 because it exceeded search pattern filesize limit: GSM3043057_cutadapt.log
[2021-11-05 23:46:22,497] multiqc                                            [DEBUG  ]  File ignored by hicexplorer because it exceeded search pattern filesize limit: GSM3043057_cutadapt.log
[2021-11-05 23:46:22,497] multiqc                                            [DEBUG  ]  File ignored by nanostat because it exceeded search pattern filesize limit: GSM3043057_cutadapt.log
[2021-11-05 23:46:22,497] multiqc                                            [DEBUG  ]  File ignored by lima/summary because it exceeded search pattern filesize limit: GSM3043057_cutadapt.log
[2021-11-05 23:46:22,500] multiqc                                            [DEBUG  ]  File ignored by longranger/invocation because it exceeded search pattern filesize limit: GSM3043057_cutadapt.log
[2021-11-05 23:46:22,511] multiqc                                            [DEBUG  ]  Ignoring file as matched an ignore pattern: GSM3043057_cutadapt_2.fastq.gz
[2021-11-05 23:46:22,556] multiqc                                            [DEBUG  ]  Ignoring file as matched an ignore pattern: GSM3043057_1.fastq.gz
[2021-11-05 23:46:22,556] multiqc                                            [DEBUG  ]  Ignoring file as matched an ignore pattern: GSM3043057_2.fastq.gz
[2021-11-05 23:46:22,946] multiqc                                            [DEBUG  ]  File ignored by ccs/v4 because it exceeded search pattern filesize limit: GSM3043057_2_fastqc.html
[2021-11-05 23:46:22,948] multiqc                                            [DEBUG  ]  File ignored by hicexplorer because it exceeded search pattern filesize limit: GSM3043057_2_fastqc.html
[2021-11-05 23:46:22,948] multiqc                                            [DEBUG  ]  File ignored by nanostat because it exceeded search pattern filesize limit: GSM3043057_2_fastqc.html
[2021-11-05 23:46:22,948] multiqc                                            [DEBUG  ]  File ignored by lima/summary because it exceeded search pattern filesize limit: GSM3043057_2_fastqc.html
[2021-11-05 23:46:22,951] multiqc                                            [DEBUG  ]  File ignored by vep/vep_txt because it exceeded search pattern filesize limit: GSM3043057_2_fastqc.html
[2021-11-05 23:46:22,951] multiqc                                            [DEBUG  ]  File ignored by longranger/invocation because it exceeded search pattern filesize limit: GSM3043057_2_fastqc.html
[2021-11-05 23:46:22,951] multiqc                                            [DEBUG  ]  File ignored by rockhopper because it exceeded search pattern filesize limit: GSM3043057_2_fastqc.html
[2021-11-05 23:46:22,951] multiqc                                            [DEBUG  ]  File ignored by rseqc/bam_stat because it exceeded search pattern filesize limit: GSM3043057_2_fastqc.html
[2021-11-05 23:46:22,952] multiqc                                            [DEBUG  ]  File ignored by rseqc/junction_annotation because it exceeded search pattern filesize limit: GSM3043057_2_fastqc.html
[2021-11-05 23:46:22,952] multiqc                                            [DEBUG  ]  File ignored by rseqc/read_distribution because it exceeded search pattern filesize limit: GSM3043057_2_fastqc.html
[2021-11-05 23:46:22,952] multiqc                                            [DEBUG  ]  File ignored by rseqc/infer_experiment because it exceeded search pattern filesize limit: GSM3043057_2_fastqc.html
[2021-11-05 23:46:23,088] multiqc                                            [DEBUG  ]  File ignored by ccs/v4 because it exceeded search pattern filesize limit: GSM3043057_cutadapt_bowtie2_fastqc.log
[2021-11-05 23:46:23,090] multiqc                                            [DEBUG  ]  File ignored by lima/summary because it exceeded search pattern filesize limit: GSM3043057_cutadapt_bowtie2_fastqc.log
[2021-11-05 23:46:23,160] multiqc                                            [DEBUG  ]  File ignored by ccs/v4 because it exceeded search pattern filesize limit: GSM3043057_cutadapt_bowtie2_fastqc.html
[2021-11-05 23:46:23,162] multiqc                                            [DEBUG  ]  File ignored by hicexplorer because it exceeded search pattern filesize limit: GSM3043057_cutadapt_bowtie2_fastqc.html
[2021-11-05 23:46:23,162] multiqc                                            [DEBUG  ]  File ignored by nanostat because it exceeded search pattern filesize limit: GSM3043057_cutadapt_bowtie2_fastqc.html
[2021-11-05 23:46:23,162] multiqc                                            [DEBUG  ]  File ignored by lima/summary because it exceeded search pattern filesize limit: GSM3043057_cutadapt_bowtie2_fastqc.html
[2021-11-05 23:46:23,165] multiqc                                            [DEBUG  ]  File ignored by vep/vep_txt because it exceeded search pattern filesize limit: GSM3043057_cutadapt_bowtie2_fastqc.html
[2021-11-05 23:46:23,165] multiqc                                            [DEBUG  ]  File ignored by longranger/invocation because it exceeded search pattern filesize limit: GSM3043057_cutadapt_bowtie2_fastqc.html
[2021-11-05 23:46:23,165] multiqc                                            [DEBUG  ]  File ignored by rockhopper because it exceeded search pattern filesize limit: GSM3043057_cutadapt_bowtie2_fastqc.html
[2021-11-05 23:46:23,165] multiqc                                            [DEBUG  ]  File ignored by rseqc/bam_stat because it exceeded search pattern filesize limit: GSM3043057_cutadapt_bowtie2_fastqc.html
[2021-11-05 23:46:23,165] multiqc                                            [DEBUG  ]  File ignored by rseqc/junction_annotation because it exceeded search pattern filesize limit: GSM3043057_cutadapt_bowtie2_fastqc.html
[2021-11-05 23:46:23,166] multiqc                                            [DEBUG  ]  File ignored by rseqc/read_distribution because it exceeded search pattern filesize limit: GSM3043057_cutadapt_bowtie2_fastqc.html
[2021-11-05 23:46:23,166] multiqc                                            [DEBUG  ]  File ignored by rseqc/infer_experiment because it exceeded search pattern filesize limit: GSM3043057_cutadapt_bowtie2_fastqc.html
[2021-11-05 23:46:23,384] multiqc                                            [DEBUG  ]  File ignored by ccs/v4 because it exceeded search pattern filesize limit: GSM3043057_cutadapt_2_fastqc.html
[2021-11-05 23:46:23,386] multiqc                                            [DEBUG  ]  File ignored by hicexplorer because it exceeded search pattern filesize limit: GSM3043057_cutadapt_2_fastqc.html
[2021-11-05 23:46:23,386] multiqc                                            [DEBUG  ]  File ignored by nanostat because it exceeded search pattern filesize limit: GSM3043057_cutadapt_2_fastqc.html
[2021-11-05 23:46:23,386] multiqc                                            [DEBUG  ]  File ignored by lima/summary because it exceeded search pattern filesize limit: GSM3043057_cutadapt_2_fastqc.html
[2021-11-05 23:46:23,390] multiqc                                            [DEBUG  ]  File ignored by vep/vep_txt because it exceeded search pattern filesize limit: GSM3043057_cutadapt_2_fastqc.html
[2021-11-05 23:46:23,390] multiqc                                            [DEBUG  ]  File ignored by longranger/invocation because it exceeded search pattern filesize limit: GSM3043057_cutadapt_2_fastqc.html
[2021-11-05 23:46:23,390] multiqc                                            [DEBUG  ]  File ignored by rockhopper because it exceeded search pattern filesize limit: GSM3043057_cutadapt_2_fastqc.html
[2021-11-05 23:46:23,390] multiqc                                            [DEBUG  ]  File ignored by rseqc/bam_stat because it exceeded search pattern filesize limit: GSM3043057_cutadapt_2_fastqc.html
[2021-11-05 23:46:23,390] multiqc                                            [DEBUG  ]  File ignored by rseqc/junction_annotation because it exceeded search pattern filesize limit: GSM3043057_cutadapt_2_fastqc.html
[2021-11-05 23:46:23,390] multiqc                                            [DEBUG  ]  File ignored by rseqc/read_distribution because it exceeded search pattern filesize limit: GSM3043057_cutadapt_2_fastqc.html
[2021-11-05 23:46:23,390] multiqc                                            [DEBUG  ]  File ignored by rseqc/infer_experiment because it exceeded search pattern filesize limit: GSM3043057_cutadapt_2_fastqc.html
[2021-11-05 23:46:23,530] multiqc                                            [DEBUG  ]  File ignored by ccs/v4 because it exceeded search pattern filesize limit: GSM3043057_cutadapt_2_fastqc.log
[2021-11-05 23:46:23,532] multiqc                                            [DEBUG  ]  File ignored by lima/summary because it exceeded search pattern filesize limit: GSM3043057_cutadapt_2_fastqc.log
[2021-11-05 23:46:23,627] multiqc                                            [DEBUG  ]  File ignored by ccs/v4 because it exceeded search pattern filesize limit: GSM3043057_1_fastqc.html
[2021-11-05 23:46:23,629] multiqc                                            [DEBUG  ]  File ignored by hicexplorer because it exceeded search pattern filesize limit: GSM3043057_1_fastqc.html
[2021-11-05 23:46:23,629] multiqc                                            [DEBUG  ]  File ignored by nanostat because it exceeded search pattern filesize limit: GSM3043057_1_fastqc.html
[2021-11-05 23:46:23,629] multiqc                                            [DEBUG  ]  File ignored by lima/summary because it exceeded search pattern filesize limit: GSM3043057_1_fastqc.html
[2021-11-05 23:46:23,632] multiqc                                            [DEBUG  ]  File ignored by vep/vep_txt because it exceeded search pattern filesize limit: GSM3043057_1_fastqc.html
[2021-11-05 23:46:23,632] multiqc                                            [DEBUG  ]  File ignored by longranger/invocation because it exceeded search pattern filesize limit: GSM3043057_1_fastqc.html
[2021-11-05 23:46:23,633] multiqc                                            [DEBUG  ]  File ignored by rockhopper because it exceeded search pattern filesize limit: GSM3043057_1_fastqc.html
[2021-11-05 23:46:23,633] multiqc                                            [DEBUG  ]  File ignored by rseqc/bam_stat because it exceeded search pattern filesize limit: GSM3043057_1_fastqc.html
[2021-11-05 23:46:23,633] multiqc                                            [DEBUG  ]  File ignored by rseqc/junction_annotation because it exceeded search pattern filesize limit: GSM3043057_1_fastqc.html
[2021-11-05 23:46:23,633] multiqc                                            [DEBUG  ]  File ignored by rseqc/read_distribution because it exceeded search pattern filesize limit: GSM3043057_1_fastqc.html
[2021-11-05 23:46:23,633] multiqc                                            [DEBUG  ]  File ignored by rseqc/infer_experiment because it exceeded search pattern filesize limit: GSM3043057_1_fastqc.html
[2021-11-05 23:46:23,784] multiqc                                            [DEBUG  ]  File ignored by ccs/v4 because it exceeded search pattern filesize limit: GSM3043057_cutadapt_1_fastqc.log
[2021-11-05 23:46:23,785] multiqc                                            [DEBUG  ]  File ignored by lima/summary because it exceeded search pattern filesize limit: GSM3043057_cutadapt_1_fastqc.log
[2021-11-05 23:46:23,823] multiqc                                            [DEBUG  ]  File ignored by ccs/v4 because it exceeded search pattern filesize limit: GSM3043057_cutadapt_1_fastqc.html
[2021-11-05 23:46:23,825] multiqc                                            [DEBUG  ]  File ignored by hicexplorer because it exceeded search pattern filesize limit: GSM3043057_cutadapt_1_fastqc.html
[2021-11-05 23:46:23,825] multiqc                                            [DEBUG  ]  File ignored by nanostat because it exceeded search pattern filesize limit: GSM3043057_cutadapt_1_fastqc.html
[2021-11-05 23:46:23,825] multiqc                                            [DEBUG  ]  File ignored by lima/summary because it exceeded search pattern filesize limit: GSM3043057_cutadapt_1_fastqc.html
[2021-11-05 23:46:23,828] multiqc                                            [DEBUG  ]  File ignored by vep/vep_txt because it exceeded search pattern filesize limit: GSM3043057_cutadapt_1_fastqc.html
[2021-11-05 23:46:23,828] multiqc                                            [DEBUG  ]  File ignored by longranger/invocation because it exceeded search pattern filesize limit: GSM3043057_cutadapt_1_fastqc.html
[2021-11-05 23:46:23,828] multiqc                                            [DEBUG  ]  File ignored by rockhopper because it exceeded search pattern filesize limit: GSM3043057_cutadapt_1_fastqc.html
[2021-11-05 23:46:23,828] multiqc                                            [DEBUG  ]  File ignored by rseqc/bam_stat because it exceeded search pattern filesize limit: GSM3043057_cutadapt_1_fastqc.html
[2021-11-05 23:46:23,828] multiqc                                            [DEBUG  ]  File ignored by rseqc/junction_annotation because it exceeded search pattern filesize limit: GSM3043057_cutadapt_1_fastqc.html
[2021-11-05 23:46:23,828] multiqc                                            [DEBUG  ]  File ignored by rseqc/read_distribution because it exceeded search pattern filesize limit: GSM3043057_cutadapt_1_fastqc.html
[2021-11-05 23:46:23,829] multiqc                                            [DEBUG  ]  File ignored by rseqc/infer_experiment because it exceeded search pattern filesize limit: GSM3043057_cutadapt_1_fastqc.html
[2021-11-05 23:46:24,004] multiqc                                            [DEBUG  ]  File ignored by ccs/v4 because it exceeded search pattern filesize limit: GSM3043093_1.fastq.gz_trimming_report.txt
[2021-11-05 23:46:24,006] multiqc                                            [DEBUG  ]  File ignored by lima/summary because it exceeded search pattern filesize limit: GSM3043093_1.fastq.gz_trimming_report.txt
[2021-11-05 23:46:24,008] multiqc                                            [DEBUG  ]  File ignored by longranger/invocation because it exceeded search pattern filesize limit: GSM3043093_1.fastq.gz_trimming_report.txt
[2021-11-05 23:46:24,089] multiqc                                            [DEBUG  ]  Ignoring file as matched an ignore pattern: GSM3043093_cutadapt_1.fastq.gz
[2021-11-05 23:46:24,119] multiqc                                            [DEBUG  ]  File ignored by ccs/v4 because it exceeded search pattern filesize limit: GSM3043093_2.fastq.gz_trimming_report.txt
[2021-11-05 23:46:24,120] multiqc                                            [DEBUG  ]  File ignored by lima/summary because it exceeded search pattern filesize limit: GSM3043093_2.fastq.gz_trimming_report.txt
[2021-11-05 23:46:24,123] multiqc                                            [DEBUG  ]  File ignored by longranger/invocation because it exceeded search pattern filesize limit: GSM3043093_2.fastq.gz_trimming_report.txt
[2021-11-05 23:46:24,150] multiqc                                            [DEBUG  ]  File ignored by ccs/v4 because it exceeded search pattern filesize limit: GSM3043093_cutadapt_bowtie2_minus_strand_bedgraph_to_tdf.log
[2021-11-05 23:46:24,151] multiqc                                            [DEBUG  ]  File ignored by lima/summary because it exceeded search pattern filesize limit: GSM3043093_cutadapt_bowtie2_minus_strand_bedgraph_to_tdf.log
[2021-11-05 23:46:24,171] multiqc                                            [DEBUG  ]  File ignored by ccs/v4 because it exceeded search pattern filesize limit: GSM3043093_cutadapt.log
[2021-11-05 23:46:24,172] multiqc                                            [DEBUG  ]  File ignored by hicexplorer because it exceeded search pattern filesize limit: GSM3043093_cutadapt.log
[2021-11-05 23:46:24,173] multiqc                                            [DEBUG  ]  File ignored by nanostat because it exceeded search pattern filesize limit: GSM3043093_cutadapt.log
[2021-11-05 23:46:24,173] multiqc                                            [DEBUG  ]  File ignored by lima/summary because it exceeded search pattern filesize limit: GSM3043093_cutadapt.log
[2021-11-05 23:46:24,175] multiqc                                            [DEBUG  ]  File ignored by longranger/invocation because it exceeded search pattern filesize limit: GSM3043093_cutadapt.log
[2021-11-05 23:46:24,186] multiqc                                            [DEBUG  ]  Ignoring file as matched an ignore pattern: GSM3043093_cutadapt_bowtie2.bam
[2021-11-05 23:46:24,190] multiqc                                            [DEBUG  ]  File ignored by ccs/v4 because it exceeded search pattern filesize limit: GSM3043093_cutadapt_bowtie2_bedgraph_to_tdf.log
[2021-11-05 23:46:24,192] multiqc                                            [DEBUG  ]  File ignored by lima/summary because it exceeded search pattern filesize limit: GSM3043093_cutadapt_bowtie2_bedgraph_to_tdf.log
[2021-11-05 23:46:24,240] multiqc                                            [DEBUG  ]  File ignored by ccs/v4 because it exceeded search pattern filesize limit: GSM3043093_cutadapt_bowtie2_plus_strand_bedgraph_to_tdf.log
[2021-11-05 23:46:24,247] multiqc                                            [DEBUG  ]  File ignored by lima/summary because it exceeded search pattern filesize limit: GSM3043093_cutadapt_bowtie2_plus_strand_bedgraph_to_tdf.log
[2021-11-05 23:46:24,295] multiqc                                            [DEBUG  ]  Ignoring file as matched an ignore pattern: GSM3043093_cutadapt_bowtie2.bam.bai
[2021-11-05 23:46:24,310] multiqc                                            [DEBUG  ]  Ignoring file as matched an ignore pattern: GSM3043093_2.fastq.gz
[2021-11-05 23:46:24,310] multiqc                                            [DEBUG  ]  Ignoring file as matched an ignore pattern: GSM3043093_1.fastq.gz
[2021-11-05 23:46:24,333] multiqc                                            [DEBUG  ]  Ignoring file as matched an ignore pattern: GSM3043093_cutadapt_2.fastq.gz
[2021-11-05 23:46:24,333] multiqc                                            [DEBUG  ]  Ignoring file as matched an ignore pattern: GSM3043093_cutadapt.fastq.gz
[2021-11-05 23:46:24,384] multiqc                                            [DEBUG  ]  File ignored by ccs/v4 because it exceeded search pattern filesize limit: GSM3043093_1_fastqc.html
[2021-11-05 23:46:24,385] multiqc                                            [DEBUG  ]  File ignored by hicexplorer because it exceeded search pattern filesize limit: GSM3043093_1_fastqc.html
[2021-11-05 23:46:24,385] multiqc                                            [DEBUG  ]  File ignored by nanostat because it exceeded search pattern filesize limit: GSM3043093_1_fastqc.html
[2021-11-05 23:46:24,385] multiqc                                            [DEBUG  ]  File ignored by lima/summary because it exceeded search pattern filesize limit: GSM3043093_1_fastqc.html
[2021-11-05 23:46:24,389] multiqc                                            [DEBUG  ]  File ignored by vep/vep_txt because it exceeded search pattern filesize limit: GSM3043093_1_fastqc.html
[2021-11-05 23:46:24,389] multiqc                                            [DEBUG  ]  File ignored by longranger/invocation because it exceeded search pattern filesize limit: GSM3043093_1_fastqc.html
[2021-11-05 23:46:24,389] multiqc                                            [DEBUG  ]  File ignored by rockhopper because it exceeded search pattern filesize limit: GSM3043093_1_fastqc.html
[2021-11-05 23:46:24,389] multiqc                                            [DEBUG  ]  File ignored by rseqc/bam_stat because it exceeded search pattern filesize limit: GSM3043093_1_fastqc.html
[2021-11-05 23:46:24,389] multiqc                                            [DEBUG  ]  File ignored by rseqc/junction_annotation because it exceeded search pattern filesize limit: GSM3043093_1_fastqc.html
[2021-11-05 23:46:24,389] multiqc                                            [DEBUG  ]  File ignored by rseqc/read_distribution because it exceeded search pattern filesize limit: GSM3043093_1_fastqc.html
[2021-11-05 23:46:24,389] multiqc                                            [DEBUG  ]  File ignored by rseqc/infer_experiment because it exceeded search pattern filesize limit: GSM3043093_1_fastqc.html
[2021-11-05 23:46:24,597] multiqc                                            [DEBUG  ]  File ignored by ccs/v4 because it exceeded search pattern filesize limit: GSM3043093_2_fastqc.html
[2021-11-05 23:46:24,599] multiqc                                            [DEBUG  ]  File ignored by hicexplorer because it exceeded search pattern filesize limit: GSM3043093_2_fastqc.html
[2021-11-05 23:46:24,599] multiqc                                            [DEBUG  ]  File ignored by nanostat because it exceeded search pattern filesize limit: GSM3043093_2_fastqc.html
[2021-11-05 23:46:24,599] multiqc                                            [DEBUG  ]  File ignored by lima/summary because it exceeded search pattern filesize limit: GSM3043093_2_fastqc.html
[2021-11-05 23:46:24,602] multiqc                                            [DEBUG  ]  File ignored by vep/vep_txt because it exceeded search pattern filesize limit: GSM3043093_2_fastqc.html
[2021-11-05 23:46:24,602] multiqc                                            [DEBUG  ]  File ignored by longranger/invocation because it exceeded search pattern filesize limit: GSM3043093_2_fastqc.html
[2021-11-05 23:46:24,602] multiqc                                            [DEBUG  ]  File ignored by rockhopper because it exceeded search pattern filesize limit: GSM3043093_2_fastqc.html
[2021-11-05 23:46:24,602] multiqc                                            [DEBUG  ]  File ignored by rseqc/bam_stat because it exceeded search pattern filesize limit: GSM3043093_2_fastqc.html
[2021-11-05 23:46:24,602] multiqc                                            [DEBUG  ]  File ignored by rseqc/junction_annotation because it exceeded search pattern filesize limit: GSM3043093_2_fastqc.html
[2021-11-05 23:46:24,602] multiqc                                            [DEBUG  ]  File ignored by rseqc/read_distribution because it exceeded search pattern filesize limit: GSM3043093_2_fastqc.html
[2021-11-05 23:46:24,602] multiqc                                            [DEBUG  ]  File ignored by rseqc/infer_experiment because it exceeded search pattern filesize limit: GSM3043093_2_fastqc.html
[2021-11-05 23:46:24,774] multiqc                                            [DEBUG  ]  File ignored by ccs/v4 because it exceeded search pattern filesize limit: GSM3043093_cutadapt_2_fastqc.html
[2021-11-05 23:46:24,781] multiqc                                            [DEBUG  ]  File ignored by hicexplorer because it exceeded search pattern filesize limit: GSM3043093_cutadapt_2_fastqc.html
[2021-11-05 23:46:24,781] multiqc                                            [DEBUG  ]  File ignored by nanostat because it exceeded search pattern filesize limit: GSM3043093_cutadapt_2_fastqc.html
[2021-11-05 23:46:24,781] multiqc                                            [DEBUG  ]  File ignored by lima/summary because it exceeded search pattern filesize limit: GSM3043093_cutadapt_2_fastqc.html
[2021-11-05 23:46:24,784] multiqc                                            [DEBUG  ]  File ignored by vep/vep_txt because it exceeded search pattern filesize limit: GSM3043093_cutadapt_2_fastqc.html
[2021-11-05 23:46:24,784] multiqc                                            [DEBUG  ]  File ignored by longranger/invocation because it exceeded search pattern filesize limit: GSM3043093_cutadapt_2_fastqc.html
[2021-11-05 23:46:24,784] multiqc                                            [DEBUG  ]  File ignored by rockhopper because it exceeded search pattern filesize limit: GSM3043093_cutadapt_2_fastqc.html
[2021-11-05 23:46:24,784] multiqc                                            [DEBUG  ]  File ignored by rseqc/bam_stat because it exceeded search pattern filesize limit: GSM3043093_cutadapt_2_fastqc.html
[2021-11-05 23:46:24,784] multiqc                                            [DEBUG  ]  File ignored by rseqc/junction_annotation because it exceeded search pattern filesize limit: GSM3043093_cutadapt_2_fastqc.html
[2021-11-05 23:46:24,784] multiqc                                            [DEBUG  ]  File ignored by rseqc/read_distribution because it exceeded search pattern filesize limit: GSM3043093_cutadapt_2_fastqc.html
[2021-11-05 23:46:24,784] multiqc                                            [DEBUG  ]  File ignored by rseqc/infer_experiment because it exceeded search pattern filesize limit: GSM3043093_cutadapt_2_fastqc.html
[2021-11-05 23:46:24,945] multiqc                                            [DEBUG  ]  File ignored by ccs/v4 because it exceeded search pattern filesize limit: GSM3043093_cutadapt_2_fastqc.log
[2021-11-05 23:46:24,947] multiqc                                            [DEBUG  ]  File ignored by lima/summary because it exceeded search pattern filesize limit: GSM3043093_cutadapt_2_fastqc.log
[2021-11-05 23:46:24,958] multiqc                                            [DEBUG  ]  File ignored by ccs/v4 because it exceeded search pattern filesize limit: GSM3043093_cutadapt_1_fastqc.log
[2021-11-05 23:46:24,959] multiqc                                            [DEBUG  ]  File ignored by lima/summary because it exceeded search pattern filesize limit: GSM3043093_cutadapt_1_fastqc.log
[2021-11-05 23:46:24,997] multiqc                                            [DEBUG  ]  File ignored by ccs/v4 because it exceeded search pattern filesize limit: GSM3043093_cutadapt_1_fastqc.html
[2021-11-05 23:46:24,998] multiqc                                            [DEBUG  ]  File ignored by hicexplorer because it exceeded search pattern filesize limit: GSM3043093_cutadapt_1_fastqc.html
[2021-11-05 23:46:24,998] multiqc                                            [DEBUG  ]  File ignored by nanostat because it exceeded search pattern filesize limit: GSM3043093_cutadapt_1_fastqc.html
[2021-11-05 23:46:24,999] multiqc                                            [DEBUG  ]  File ignored by lima/summary because it exceeded search pattern filesize limit: GSM3043093_cutadapt_1_fastqc.html
[2021-11-05 23:46:25,002] multiqc                                            [DEBUG  ]  File ignored by vep/vep_txt because it exceeded search pattern filesize limit: GSM3043093_cutadapt_1_fastqc.html
[2021-11-05 23:46:25,002] multiqc                                            [DEBUG  ]  File ignored by longranger/invocation because it exceeded search pattern filesize limit: GSM3043093_cutadapt_1_fastqc.html
[2021-11-05 23:46:25,002] multiqc                                            [DEBUG  ]  File ignored by rockhopper because it exceeded search pattern filesize limit: GSM3043093_cutadapt_1_fastqc.html
[2021-11-05 23:46:25,002] multiqc                                            [DEBUG  ]  File ignored by rseqc/bam_stat because it exceeded search pattern filesize limit: GSM3043093_cutadapt_1_fastqc.html
[2021-11-05 23:46:25,002] multiqc                                            [DEBUG  ]  File ignored by rseqc/junction_annotation because it exceeded search pattern filesize limit: GSM3043093_cutadapt_1_fastqc.html
[2021-11-05 23:46:25,002] multiqc                                            [DEBUG  ]  File ignored by rseqc/read_distribution because it exceeded search pattern filesize limit: GSM3043093_cutadapt_1_fastqc.html
[2021-11-05 23:46:25,002] multiqc                                            [DEBUG  ]  File ignored by rseqc/infer_experiment because it exceeded search pattern filesize limit: GSM3043093_cutadapt_1_fastqc.html
[2021-11-05 23:46:25,163] multiqc                                            [DEBUG  ]  File ignored by ccs/v4 because it exceeded search pattern filesize limit: GSM3043093_cutadapt_bowtie2_fastqc.log
[2021-11-05 23:46:25,165] multiqc                                            [DEBUG  ]  File ignored by lima/summary because it exceeded search pattern filesize limit: GSM3043093_cutadapt_bowtie2_fastqc.log
[2021-11-05 23:46:25,218] multiqc                                            [DEBUG  ]  File ignored by ccs/v4 because it exceeded search pattern filesize limit: GSM3043093_cutadapt_bowtie2_fastqc.html
[2021-11-05 23:46:25,220] multiqc                                            [DEBUG  ]  File ignored by hicexplorer because it exceeded search pattern filesize limit: GSM3043093_cutadapt_bowtie2_fastqc.html
[2021-11-05 23:46:25,220] multiqc                                            [DEBUG  ]  File ignored by nanostat because it exceeded search pattern filesize limit: GSM3043093_cutadapt_bowtie2_fastqc.html
[2021-11-05 23:46:25,220] multiqc                                            [DEBUG  ]  File ignored by lima/summary because it exceeded search pattern filesize limit: GSM3043093_cutadapt_bowtie2_fastqc.html
[2021-11-05 23:46:25,223] multiqc                                            [DEBUG  ]  File ignored by vep/vep_txt because it exceeded search pattern filesize limit: GSM3043093_cutadapt_bowtie2_fastqc.html
[2021-11-05 23:46:25,223] multiqc                                            [DEBUG  ]  File ignored by longranger/invocation because it exceeded search pattern filesize limit: GSM3043093_cutadapt_bowtie2_fastqc.html
[2021-11-05 23:46:25,223] multiqc                                            [DEBUG  ]  File ignored by rockhopper because it exceeded search pattern filesize limit: GSM3043093_cutadapt_bowtie2_fastqc.html
[2021-11-05 23:46:25,223] multiqc                                            [DEBUG  ]  File ignored by rseqc/bam_stat because it exceeded search pattern filesize limit: GSM3043093_cutadapt_bowtie2_fastqc.html
[2021-11-05 23:46:25,224] multiqc                                            [DEBUG  ]  File ignored by rseqc/junction_annotation because it exceeded search pattern filesize limit: GSM3043093_cutadapt_bowtie2_fastqc.html
[2021-11-05 23:46:25,224] multiqc                                            [DEBUG  ]  File ignored by rseqc/read_distribution because it exceeded search pattern filesize limit: GSM3043093_cutadapt_bowtie2_fastqc.html
[2021-11-05 23:46:25,224] multiqc                                            [DEBUG  ]  File ignored by rseqc/infer_experiment because it exceeded search pattern filesize limit: GSM3043093_cutadapt_bowtie2_fastqc.html
[2021-11-05 23:46:25,374] multiqc                                            [DEBUG  ]  File ignored by ccs/v4 because it exceeded search pattern filesize limit: DS00069_matrix.tab
[2021-11-05 23:46:25,376] multiqc                                            [DEBUG  ]  File ignored by lima/summary because it exceeded search pattern filesize limit: DS00069_matrix.tab
[2021-11-05 23:46:25,379] multiqc                                            [DEBUG  ]  File ignored by longranger/invocation because it exceeded search pattern filesize limit: DS00069_matrix.tab
[2021-11-05 23:46:25,389] multiqc                                            [DEBUG  ]  File ignored by ccs/v4 because it exceeded search pattern filesize limit: DS00069_peaks.ft
[2021-11-05 23:46:25,391] multiqc                                            [DEBUG  ]  File ignored by lima/summary because it exceeded search pattern filesize limit: DS00069_peaks.ft
[2021-11-05 23:46:25,393] multiqc                                            [DEBUG  ]  File ignored by longranger/invocation because it exceeded search pattern filesize limit: DS00069_peaks.ft
[2021-11-05 23:46:25,408] multiqc                                            [DEBUG  ]  Ignoring file as matched an ignore pattern: DS00069_sites.bed
[2021-11-05 23:46:25,412] multiqc                                            [DEBUG  ]  File ignored by ccs/v4 because it exceeded search pattern filesize limit: DS00069_peaks.fasta
[2021-11-05 23:46:25,414] multiqc                                            [DEBUG  ]  File ignored by hicexplorer because it exceeded search pattern filesize limit: DS00069_peaks.fasta
[2021-11-05 23:46:25,414] multiqc                                            [DEBUG  ]  File ignored by nanostat because it exceeded search pattern filesize limit: DS00069_peaks.fasta
[2021-11-05 23:46:25,414] multiqc                                            [DEBUG  ]  File ignored by lima/summary because it exceeded search pattern filesize limit: DS00069_peaks.fasta
[2021-11-05 23:46:25,416] multiqc                                            [DEBUG  ]  File ignored by longranger/invocation because it exceeded search pattern filesize limit: DS00069_peaks.fasta
[2021-11-05 23:46:25,439] multiqc                                            [DEBUG  ]  Ignoring file as matched an ignore pattern: DS00069_peaks.bed
[2021-11-05 23:46:25,445] multiqc                                            [DEBUG  ]  File ignored by ccs/v4 because it exceeded search pattern filesize limit: DS00069_peaks.narrowPeak
[2021-11-05 23:46:25,446] multiqc                                            [DEBUG  ]  File ignored by lima/summary because it exceeded search pattern filesize limit: DS00069_peaks.narrowPeak
[2021-11-05 23:46:25,453] multiqc                                            [DEBUG  ]  Ignoring file as matched an ignore pattern: DS00069_summits.bed
[2021-11-05 23:46:25,458] multiqc                                            [DEBUG  ]  File ignored by ccs/v4 because it exceeded search pattern filesize limit: GSM3043058_cutadapt_bowtie2_bedgraph_to_tdf.log
[2021-11-05 23:46:25,459] multiqc                                            [DEBUG  ]  File ignored by lima/summary because it exceeded search pattern filesize limit: GSM3043058_cutadapt_bowtie2_bedgraph_to_tdf.log
[2021-11-05 23:46:25,466] multiqc                                            [DEBUG  ]  Ignoring file as matched an ignore pattern: GSM3043058_1.fastq.gz
[2021-11-05 23:46:25,484] multiqc                                            [DEBUG  ]  Ignoring file as matched an ignore pattern: GSM3043058_cutadapt_bowtie2.bam.bai
[2021-11-05 23:46:25,522] multiqc                                            [DEBUG  ]  File ignored by ccs/v4 because it exceeded search pattern filesize limit: GSM3043058_cutadapt.log
[2021-11-05 23:46:25,523] multiqc                                            [DEBUG  ]  File ignored by hicexplorer because it exceeded search pattern filesize limit: GSM3043058_cutadapt.log
[2021-11-05 23:46:25,523] multiqc                                            [DEBUG  ]  File ignored by nanostat because it exceeded search pattern filesize limit: GSM3043058_cutadapt.log
[2021-11-05 23:46:25,523] multiqc                                            [DEBUG  ]  File ignored by lima/summary because it exceeded search pattern filesize limit: GSM3043058_cutadapt.log
[2021-11-05 23:46:25,531] multiqc                                            [DEBUG  ]  File ignored by longranger/invocation because it exceeded search pattern filesize limit: GSM3043058_cutadapt.log
[2021-11-05 23:46:25,542] multiqc                                            [DEBUG  ]  Ignoring file as matched an ignore pattern: GSM3043058_cutadapt_bowtie2.bam
[2021-11-05 23:46:25,575] multiqc                                            [DEBUG  ]  File ignored by ccs/v4 because it exceeded search pattern filesize limit: GSM3043058_1.fastq.gz_trimming_report.txt
[2021-11-05 23:46:25,577] multiqc                                            [DEBUG  ]  File ignored by lima/summary because it exceeded search pattern filesize limit: GSM3043058_1.fastq.gz_trimming_report.txt
[2021-11-05 23:46:25,579] multiqc                                            [DEBUG  ]  File ignored by longranger/invocation because it exceeded search pattern filesize limit: GSM3043058_1.fastq.gz_trimming_report.txt
[2021-11-05 23:46:25,617] multiqc                                            [DEBUG  ]  File ignored by ccs/v4 because it exceeded search pattern filesize limit: GSM3043058_2.fastq.gz_trimming_report.txt
[2021-11-05 23:46:25,619] multiqc                                            [DEBUG  ]  File ignored by lima/summary because it exceeded search pattern filesize limit: GSM3043058_2.fastq.gz_trimming_report.txt
[2021-11-05 23:46:25,621] multiqc                                            [DEBUG  ]  File ignored by longranger/invocation because it exceeded search pattern filesize limit: GSM3043058_2.fastq.gz_trimming_report.txt
[2021-11-05 23:46:25,655] multiqc                                            [DEBUG  ]  Ignoring file as matched an ignore pattern: GSM3043058_cutadapt_2.fastq.gz
[2021-11-05 23:46:25,680] multiqc                                            [DEBUG  ]  File ignored by ccs/v4 because it exceeded search pattern filesize limit: GSM3043058_cutadapt_bowtie2_minus_strand_bedgraph_to_tdf.log
[2021-11-05 23:46:25,681] multiqc                                            [DEBUG  ]  File ignored by lima/summary because it exceeded search pattern filesize limit: GSM3043058_cutadapt_bowtie2_minus_strand_bedgraph_to_tdf.log
[2021-11-05 23:46:25,731] multiqc                                            [DEBUG  ]  Ignoring file as matched an ignore pattern: GSM3043058_cutadapt_1.fastq.gz
[2021-11-05 23:46:25,768] multiqc                                            [DEBUG  ]  Ignoring file as matched an ignore pattern: GSM3043058_2.fastq.gz
[2021-11-05 23:46:25,780] multiqc                                            [DEBUG  ]  Ignoring file as matched an ignore pattern: GSM3043058_cutadapt.fastq.gz
[2021-11-05 23:46:25,807] multiqc                                            [DEBUG  ]  File ignored by ccs/v4 because it exceeded search pattern filesize limit: GSM3043058_cutadapt_bowtie2_plus_strand_bedgraph_to_tdf.log
[2021-11-05 23:46:25,809] multiqc                                            [DEBUG  ]  File ignored by lima/summary because it exceeded search pattern filesize limit: GSM3043058_cutadapt_bowtie2_plus_strand_bedgraph_to_tdf.log
[2021-11-05 23:46:25,857] multiqc                                            [DEBUG  ]  File ignored by ccs/v4 because it exceeded search pattern filesize limit: GSM3043058_2_fastqc.html
[2021-11-05 23:46:25,859] multiqc                                            [DEBUG  ]  File ignored by hicexplorer because it exceeded search pattern filesize limit: GSM3043058_2_fastqc.html
[2021-11-05 23:46:25,859] multiqc                                            [DEBUG  ]  File ignored by nanostat because it exceeded search pattern filesize limit: GSM3043058_2_fastqc.html
[2021-11-05 23:46:25,859] multiqc                                            [DEBUG  ]  File ignored by lima/summary because it exceeded search pattern filesize limit: GSM3043058_2_fastqc.html
[2021-11-05 23:46:25,862] multiqc                                            [DEBUG  ]  File ignored by vep/vep_txt because it exceeded search pattern filesize limit: GSM3043058_2_fastqc.html
[2021-11-05 23:46:25,862] multiqc                                            [DEBUG  ]  File ignored by longranger/invocation because it exceeded search pattern filesize limit: GSM3043058_2_fastqc.html
[2021-11-05 23:46:25,862] multiqc                                            [DEBUG  ]  File ignored by rockhopper because it exceeded search pattern filesize limit: GSM3043058_2_fastqc.html
[2021-11-05 23:46:25,862] multiqc                                            [DEBUG  ]  File ignored by rseqc/bam_stat because it exceeded search pattern filesize limit: GSM3043058_2_fastqc.html
[2021-11-05 23:46:25,862] multiqc                                            [DEBUG  ]  File ignored by rseqc/junction_annotation because it exceeded search pattern filesize limit: GSM3043058_2_fastqc.html
[2021-11-05 23:46:25,863] multiqc                                            [DEBUG  ]  File ignored by rseqc/read_distribution because it exceeded search pattern filesize limit: GSM3043058_2_fastqc.html
[2021-11-05 23:46:25,863] multiqc                                            [DEBUG  ]  File ignored by rseqc/infer_experiment because it exceeded search pattern filesize limit: GSM3043058_2_fastqc.html
[2021-11-05 23:46:26,043] multiqc                                            [DEBUG  ]  File ignored by ccs/v4 because it exceeded search pattern filesize limit: GSM3043058_cutadapt_2_fastqc.log
[2021-11-05 23:46:26,044] multiqc                                            [DEBUG  ]  File ignored by lima/summary because it exceeded search pattern filesize limit: GSM3043058_cutadapt_2_fastqc.log
[2021-11-05 23:46:26,082] multiqc                                            [DEBUG  ]  File ignored by ccs/v4 because it exceeded search pattern filesize limit: GSM3043058_cutadapt_2_fastqc.html
[2021-11-05 23:46:26,083] multiqc                                            [DEBUG  ]  File ignored by hicexplorer because it exceeded search pattern filesize limit: GSM3043058_cutadapt_2_fastqc.html
[2021-11-05 23:46:26,083] multiqc                                            [DEBUG  ]  File ignored by nanostat because it exceeded search pattern filesize limit: GSM3043058_cutadapt_2_fastqc.html
[2021-11-05 23:46:26,084] multiqc                                            [DEBUG  ]  File ignored by lima/summary because it exceeded search pattern filesize limit: GSM3043058_cutadapt_2_fastqc.html
[2021-11-05 23:46:26,087] multiqc                                            [DEBUG  ]  File ignored by vep/vep_txt because it exceeded search pattern filesize limit: GSM3043058_cutadapt_2_fastqc.html
[2021-11-05 23:46:26,087] multiqc                                            [DEBUG  ]  File ignored by longranger/invocation because it exceeded search pattern filesize limit: GSM3043058_cutadapt_2_fastqc.html
[2021-11-05 23:46:26,087] multiqc                                            [DEBUG  ]  File ignored by rockhopper because it exceeded search pattern filesize limit: GSM3043058_cutadapt_2_fastqc.html
[2021-11-05 23:46:26,087] multiqc                                            [DEBUG  ]  File ignored by rseqc/bam_stat because it exceeded search pattern filesize limit: GSM3043058_cutadapt_2_fastqc.html
[2021-11-05 23:46:26,087] multiqc                                            [DEBUG  ]  File ignored by rseqc/junction_annotation because it exceeded search pattern filesize limit: GSM3043058_cutadapt_2_fastqc.html
[2021-11-05 23:46:26,087] multiqc                                            [DEBUG  ]  File ignored by rseqc/read_distribution because it exceeded search pattern filesize limit: GSM3043058_cutadapt_2_fastqc.html
[2021-11-05 23:46:26,087] multiqc                                            [DEBUG  ]  File ignored by rseqc/infer_experiment because it exceeded search pattern filesize limit: GSM3043058_cutadapt_2_fastqc.html
[2021-11-05 23:46:26,250] multiqc                                            [DEBUG  ]  File ignored by ccs/v4 because it exceeded search pattern filesize limit: GSM3043058_cutadapt_bowtie2_fastqc.html
[2021-11-05 23:46:26,252] multiqc                                            [DEBUG  ]  File ignored by hicexplorer because it exceeded search pattern filesize limit: GSM3043058_cutadapt_bowtie2_fastqc.html
[2021-11-05 23:46:26,252] multiqc                                            [DEBUG  ]  File ignored by nanostat because it exceeded search pattern filesize limit: GSM3043058_cutadapt_bowtie2_fastqc.html
[2021-11-05 23:46:26,252] multiqc                                            [DEBUG  ]  File ignored by lima/summary because it exceeded search pattern filesize limit: GSM3043058_cutadapt_bowtie2_fastqc.html
[2021-11-05 23:46:26,255] multiqc                                            [DEBUG  ]  File ignored by vep/vep_txt because it exceeded search pattern filesize limit: GSM3043058_cutadapt_bowtie2_fastqc.html
[2021-11-05 23:46:26,255] multiqc                                            [DEBUG  ]  File ignored by longranger/invocation because it exceeded search pattern filesize limit: GSM3043058_cutadapt_bowtie2_fastqc.html
[2021-11-05 23:46:26,255] multiqc                                            [DEBUG  ]  File ignored by rockhopper because it exceeded search pattern filesize limit: GSM3043058_cutadapt_bowtie2_fastqc.html
[2021-11-05 23:46:26,255] multiqc                                            [DEBUG  ]  File ignored by rseqc/bam_stat because it exceeded search pattern filesize limit: GSM3043058_cutadapt_bowtie2_fastqc.html
[2021-11-05 23:46:26,256] multiqc                                            [DEBUG  ]  File ignored by rseqc/junction_annotation because it exceeded search pattern filesize limit: GSM3043058_cutadapt_bowtie2_fastqc.html
[2021-11-05 23:46:26,256] multiqc                                            [DEBUG  ]  File ignored by rseqc/read_distribution because it exceeded search pattern filesize limit: GSM3043058_cutadapt_bowtie2_fastqc.html
[2021-11-05 23:46:26,256] multiqc                                            [DEBUG  ]  File ignored by rseqc/infer_experiment because it exceeded search pattern filesize limit: GSM3043058_cutadapt_bowtie2_fastqc.html
[2021-11-05 23:46:26,416] multiqc                                            [DEBUG  ]  File ignored by ccs/v4 because it exceeded search pattern filesize limit: GSM3043058_cutadapt_bowtie2_fastqc.log
[2021-11-05 23:46:26,417] multiqc                                            [DEBUG  ]  File ignored by lima/summary because it exceeded search pattern filesize limit: GSM3043058_cutadapt_bowtie2_fastqc.log
[2021-11-05 23:46:26,428] multiqc                                            [DEBUG  ]  File ignored by ccs/v4 because it exceeded search pattern filesize limit: GSM3043058_cutadapt_1_fastqc.log
[2021-11-05 23:46:26,430] multiqc                                            [DEBUG  ]  File ignored by lima/summary because it exceeded search pattern filesize limit: GSM3043058_cutadapt_1_fastqc.log
[2021-11-05 23:46:26,463] multiqc                                            [DEBUG  ]  File ignored by ccs/v4 because it exceeded search pattern filesize limit: GSM3043058_cutadapt_1_fastqc.html
[2021-11-05 23:46:26,464] multiqc                                            [DEBUG  ]  File ignored by hicexplorer because it exceeded search pattern filesize limit: GSM3043058_cutadapt_1_fastqc.html
[2021-11-05 23:46:26,464] multiqc                                            [DEBUG  ]  File ignored by nanostat because it exceeded search pattern filesize limit: GSM3043058_cutadapt_1_fastqc.html
[2021-11-05 23:46:26,465] multiqc                                            [DEBUG  ]  File ignored by lima/summary because it exceeded search pattern filesize limit: GSM3043058_cutadapt_1_fastqc.html
[2021-11-05 23:46:26,468] multiqc                                            [DEBUG  ]  File ignored by vep/vep_txt because it exceeded search pattern filesize limit: GSM3043058_cutadapt_1_fastqc.html
[2021-11-05 23:46:26,468] multiqc                                            [DEBUG  ]  File ignored by longranger/invocation because it exceeded search pattern filesize limit: GSM3043058_cutadapt_1_fastqc.html
[2021-11-05 23:46:26,468] multiqc                                            [DEBUG  ]  File ignored by rockhopper because it exceeded search pattern filesize limit: GSM3043058_cutadapt_1_fastqc.html
[2021-11-05 23:46:26,468] multiqc                                            [DEBUG  ]  File ignored by rseqc/bam_stat because it exceeded search pattern filesize limit: GSM3043058_cutadapt_1_fastqc.html
[2021-11-05 23:46:26,468] multiqc                                            [DEBUG  ]  File ignored by rseqc/junction_annotation because it exceeded search pattern filesize limit: GSM3043058_cutadapt_1_fastqc.html
[2021-11-05 23:46:26,468] multiqc                                            [DEBUG  ]  File ignored by rseqc/read_distribution because it exceeded search pattern filesize limit: GSM3043058_cutadapt_1_fastqc.html
[2021-11-05 23:46:26,468] multiqc                                            [DEBUG  ]  File ignored by rseqc/infer_experiment because it exceeded search pattern filesize limit: GSM3043058_cutadapt_1_fastqc.html
[2021-11-05 23:46:26,629] multiqc                                            [DEBUG  ]  File ignored by ccs/v4 because it exceeded search pattern filesize limit: GSM3043058_1_fastqc.html
[2021-11-05 23:46:26,631] multiqc                                            [DEBUG  ]  File ignored by hicexplorer because it exceeded search pattern filesize limit: GSM3043058_1_fastqc.html
[2021-11-05 23:46:26,631] multiqc                                            [DEBUG  ]  File ignored by nanostat because it exceeded search pattern filesize limit: GSM3043058_1_fastqc.html
[2021-11-05 23:46:26,631] multiqc                                            [DEBUG  ]  File ignored by lima/summary because it exceeded search pattern filesize limit: GSM3043058_1_fastqc.html
[2021-11-05 23:46:26,634] multiqc                                            [DEBUG  ]  File ignored by vep/vep_txt because it exceeded search pattern filesize limit: GSM3043058_1_fastqc.html
[2021-11-05 23:46:26,634] multiqc                                            [DEBUG  ]  File ignored by longranger/invocation because it exceeded search pattern filesize limit: GSM3043058_1_fastqc.html
[2021-11-05 23:46:26,634] multiqc                                            [DEBUG  ]  File ignored by rockhopper because it exceeded search pattern filesize limit: GSM3043058_1_fastqc.html
[2021-11-05 23:46:26,634] multiqc                                            [DEBUG  ]  File ignored by rseqc/bam_stat because it exceeded search pattern filesize limit: GSM3043058_1_fastqc.html
[2021-11-05 23:46:26,634] multiqc                                            [DEBUG  ]  File ignored by rseqc/junction_annotation because it exceeded search pattern filesize limit: GSM3043058_1_fastqc.html
[2021-11-05 23:46:26,634] multiqc                                            [DEBUG  ]  File ignored by rseqc/read_distribution because it exceeded search pattern filesize limit: GSM3043058_1_fastqc.html
[2021-11-05 23:46:26,635] multiqc                                            [DEBUG  ]  File ignored by rseqc/infer_experiment because it exceeded search pattern filesize limit: GSM3043058_1_fastqc.html
[2021-11-05 23:46:26,791] multiqc                                            [DEBUG  ]  File ignored by ccs/v4 because it exceeded search pattern filesize limit: GSM3043094_cutadapt_bowtie2_plus_strand_bedgraph_to_tdf.log
[2021-11-05 23:46:26,792] multiqc                                            [DEBUG  ]  File ignored by lima/summary because it exceeded search pattern filesize limit: GSM3043094_cutadapt_bowtie2_plus_strand_bedgraph_to_tdf.log
[2021-11-05 23:46:26,828] multiqc                                            [DEBUG  ]  File ignored by ccs/v4 because it exceeded search pattern filesize limit: GSM3043094_1.fastq.gz_trimming_report.txt
[2021-11-05 23:46:26,830] multiqc                                            [DEBUG  ]  File ignored by lima/summary because it exceeded search pattern filesize limit: GSM3043094_1.fastq.gz_trimming_report.txt
[2021-11-05 23:46:26,832] multiqc                                            [DEBUG  ]  File ignored by longranger/invocation because it exceeded search pattern filesize limit: GSM3043094_1.fastq.gz_trimming_report.txt
[2021-11-05 23:46:26,843] multiqc                                            [DEBUG  ]  File ignored by ccs/v4 because it exceeded search pattern filesize limit: GSM3043094_2.fastq.gz_trimming_report.txt
[2021-11-05 23:46:26,844] multiqc                                            [DEBUG  ]  File ignored by lima/summary because it exceeded search pattern filesize limit: GSM3043094_2.fastq.gz_trimming_report.txt
[2021-11-05 23:46:26,847] multiqc                                            [DEBUG  ]  File ignored by longranger/invocation because it exceeded search pattern filesize limit: GSM3043094_2.fastq.gz_trimming_report.txt
[2021-11-05 23:46:26,853] multiqc                                            [DEBUG  ]  Ignoring file as matched an ignore pattern: GSM3043094_cutadapt_bowtie2.bam.bai
[2021-11-05 23:46:26,878] multiqc                                            [DEBUG  ]  File ignored by ccs/v4 because it exceeded search pattern filesize limit: GSM3043094_cutadapt.log
[2021-11-05 23:46:26,879] multiqc                                            [DEBUG  ]  File ignored by hicexplorer because it exceeded search pattern filesize limit: GSM3043094_cutadapt.log
[2021-11-05 23:46:26,879] multiqc                                            [DEBUG  ]  File ignored by nanostat because it exceeded search pattern filesize limit: GSM3043094_cutadapt.log
[2021-11-05 23:46:26,879] multiqc                                            [DEBUG  ]  File ignored by lima/summary because it exceeded search pattern filesize limit: GSM3043094_cutadapt.log
[2021-11-05 23:46:26,882] multiqc                                            [DEBUG  ]  File ignored by longranger/invocation because it exceeded search pattern filesize limit: GSM3043094_cutadapt.log
[2021-11-05 23:46:26,892] multiqc                                            [DEBUG  ]  Ignoring file as matched an ignore pattern: GSM3043094_cutadapt_2.fastq.gz
[2021-11-05 23:46:26,956] multiqc                                            [DEBUG  ]  File ignored by ccs/v4 because it exceeded search pattern filesize limit: GSM3043094_cutadapt_bowtie2_minus_strand_bedgraph_to_tdf.log
[2021-11-05 23:46:26,958] multiqc                                            [DEBUG  ]  File ignored by lima/summary because it exceeded search pattern filesize limit: GSM3043094_cutadapt_bowtie2_minus_strand_bedgraph_to_tdf.log
[2021-11-05 23:46:27,001] multiqc                                            [DEBUG  ]  File ignored by ccs/v4 because it exceeded search pattern filesize limit: GSM3043094_cutadapt_bowtie2_bedgraph_to_tdf.log
[2021-11-05 23:46:27,003] multiqc                                            [DEBUG  ]  File ignored by lima/summary because it exceeded search pattern filesize limit: GSM3043094_cutadapt_bowtie2_bedgraph_to_tdf.log
[2021-11-05 23:46:27,085] multiqc                                            [DEBUG  ]  Ignoring file as matched an ignore pattern: GSM3043094_cutadapt.fastq.gz
[2021-11-05 23:46:27,110] multiqc                                            [DEBUG  ]  Ignoring file as matched an ignore pattern: GSM3043094_cutadapt_bowtie2.bam
[2021-11-05 23:46:27,110] multiqc                                            [DEBUG  ]  Ignoring file as matched an ignore pattern: GSM3043094_2.fastq.gz
[2021-11-05 23:46:27,110] multiqc                                            [DEBUG  ]  Ignoring file as matched an ignore pattern: GSM3043094_1.fastq.gz
[2021-11-05 23:46:27,110] multiqc                                            [DEBUG  ]  Ignoring file as matched an ignore pattern: GSM3043094_cutadapt_1.fastq.gz
[2021-11-05 23:46:27,249] multiqc                                            [DEBUG  ]  File ignored by ccs/v4 because it exceeded search pattern filesize limit: GSM3043094_cutadapt_2_fastqc.html
[2021-11-05 23:46:27,251] multiqc                                            [DEBUG  ]  File ignored by hicexplorer because it exceeded search pattern filesize limit: GSM3043094_cutadapt_2_fastqc.html
[2021-11-05 23:46:27,251] multiqc                                            [DEBUG  ]  File ignored by nanostat because it exceeded search pattern filesize limit: GSM3043094_cutadapt_2_fastqc.html
[2021-11-05 23:46:27,251] multiqc                                            [DEBUG  ]  File ignored by lima/summary because it exceeded search pattern filesize limit: GSM3043094_cutadapt_2_fastqc.html
[2021-11-05 23:46:27,254] multiqc                                            [DEBUG  ]  File ignored by vep/vep_txt because it exceeded search pattern filesize limit: GSM3043094_cutadapt_2_fastqc.html
[2021-11-05 23:46:27,254] multiqc                                            [DEBUG  ]  File ignored by longranger/invocation because it exceeded search pattern filesize limit: GSM3043094_cutadapt_2_fastqc.html
[2021-11-05 23:46:27,254] multiqc                                            [DEBUG  ]  File ignored by rockhopper because it exceeded search pattern filesize limit: GSM3043094_cutadapt_2_fastqc.html
[2021-11-05 23:46:27,254] multiqc                                            [DEBUG  ]  File ignored by rseqc/bam_stat because it exceeded search pattern filesize limit: GSM3043094_cutadapt_2_fastqc.html
[2021-11-05 23:46:27,255] multiqc                                            [DEBUG  ]  File ignored by rseqc/junction_annotation because it exceeded search pattern filesize limit: GSM3043094_cutadapt_2_fastqc.html
[2021-11-05 23:46:27,255] multiqc                                            [DEBUG  ]  File ignored by rseqc/read_distribution because it exceeded search pattern filesize limit: GSM3043094_cutadapt_2_fastqc.html
[2021-11-05 23:46:27,255] multiqc                                            [DEBUG  ]  File ignored by rseqc/infer_experiment because it exceeded search pattern filesize limit: GSM3043094_cutadapt_2_fastqc.html
[2021-11-05 23:46:27,409] multiqc                                            [DEBUG  ]  File ignored by ccs/v4 because it exceeded search pattern filesize limit: GSM3043094_cutadapt_2_fastqc.log
[2021-11-05 23:46:27,411] multiqc                                            [DEBUG  ]  File ignored by lima/summary because it exceeded search pattern filesize limit: GSM3043094_cutadapt_2_fastqc.log
[2021-11-05 23:46:27,443] multiqc                                            [DEBUG  ]  File ignored by ccs/v4 because it exceeded search pattern filesize limit: GSM3043094_1_fastqc.html
[2021-11-05 23:46:27,445] multiqc                                            [DEBUG  ]  File ignored by hicexplorer because it exceeded search pattern filesize limit: GSM3043094_1_fastqc.html
[2021-11-05 23:46:27,445] multiqc                                            [DEBUG  ]  File ignored by nanostat because it exceeded search pattern filesize limit: GSM3043094_1_fastqc.html
[2021-11-05 23:46:27,445] multiqc                                            [DEBUG  ]  File ignored by lima/summary because it exceeded search pattern filesize limit: GSM3043094_1_fastqc.html
[2021-11-05 23:46:27,448] multiqc                                            [DEBUG  ]  File ignored by vep/vep_txt because it exceeded search pattern filesize limit: GSM3043094_1_fastqc.html
[2021-11-05 23:46:27,448] multiqc                                            [DEBUG  ]  File ignored by longranger/invocation because it exceeded search pattern filesize limit: GSM3043094_1_fastqc.html
[2021-11-05 23:46:27,449] multiqc                                            [DEBUG  ]  File ignored by rockhopper because it exceeded search pattern filesize limit: GSM3043094_1_fastqc.html
[2021-11-05 23:46:27,449] multiqc                                            [DEBUG  ]  File ignored by rseqc/bam_stat because it exceeded search pattern filesize limit: GSM3043094_1_fastqc.html
[2021-11-05 23:46:27,449] multiqc                                            [DEBUG  ]  File ignored by rseqc/junction_annotation because it exceeded search pattern filesize limit: GSM3043094_1_fastqc.html
[2021-11-05 23:46:27,449] multiqc                                            [DEBUG  ]  File ignored by rseqc/read_distribution because it exceeded search pattern filesize limit: GSM3043094_1_fastqc.html
[2021-11-05 23:46:27,449] multiqc                                            [DEBUG  ]  File ignored by rseqc/infer_experiment because it exceeded search pattern filesize limit: GSM3043094_1_fastqc.html
[2021-11-05 23:46:27,607] multiqc                                            [DEBUG  ]  File ignored by ccs/v4 because it exceeded search pattern filesize limit: GSM3043094_cutadapt_1_fastqc.html
[2021-11-05 23:46:27,608] multiqc                                            [DEBUG  ]  File ignored by hicexplorer because it exceeded search pattern filesize limit: GSM3043094_cutadapt_1_fastqc.html
[2021-11-05 23:46:27,609] multiqc                                            [DEBUG  ]  File ignored by nanostat because it exceeded search pattern filesize limit: GSM3043094_cutadapt_1_fastqc.html
[2021-11-05 23:46:27,609] multiqc                                            [DEBUG  ]  File ignored by lima/summary because it exceeded search pattern filesize limit: GSM3043094_cutadapt_1_fastqc.html
[2021-11-05 23:46:27,612] multiqc                                            [DEBUG  ]  File ignored by vep/vep_txt because it exceeded search pattern filesize limit: GSM3043094_cutadapt_1_fastqc.html
[2021-11-05 23:46:27,612] multiqc                                            [DEBUG  ]  File ignored by longranger/invocation because it exceeded search pattern filesize limit: GSM3043094_cutadapt_1_fastqc.html
[2021-11-05 23:46:27,612] multiqc                                            [DEBUG  ]  File ignored by rockhopper because it exceeded search pattern filesize limit: GSM3043094_cutadapt_1_fastqc.html
[2021-11-05 23:46:27,612] multiqc                                            [DEBUG  ]  File ignored by rseqc/bam_stat because it exceeded search pattern filesize limit: GSM3043094_cutadapt_1_fastqc.html
[2021-11-05 23:46:27,612] multiqc                                            [DEBUG  ]  File ignored by rseqc/junction_annotation because it exceeded search pattern filesize limit: GSM3043094_cutadapt_1_fastqc.html
[2021-11-05 23:46:27,612] multiqc                                            [DEBUG  ]  File ignored by rseqc/read_distribution because it exceeded search pattern filesize limit: GSM3043094_cutadapt_1_fastqc.html
[2021-11-05 23:46:27,612] multiqc                                            [DEBUG  ]  File ignored by rseqc/infer_experiment because it exceeded search pattern filesize limit: GSM3043094_cutadapt_1_fastqc.html
[2021-11-05 23:46:27,753] multiqc                                            [DEBUG  ]  File ignored by ccs/v4 because it exceeded search pattern filesize limit: GSM3043094_cutadapt_1_fastqc.log
[2021-11-05 23:46:27,755] multiqc                                            [DEBUG  ]  File ignored by lima/summary because it exceeded search pattern filesize limit: GSM3043094_cutadapt_1_fastqc.log
[2021-11-05 23:46:27,835] multiqc                                            [DEBUG  ]  File ignored by ccs/v4 because it exceeded search pattern filesize limit: GSM3043094_2_fastqc.html
[2021-11-05 23:46:27,836] multiqc                                            [DEBUG  ]  File ignored by hicexplorer because it exceeded search pattern filesize limit: GSM3043094_2_fastqc.html
[2021-11-05 23:46:27,837] multiqc                                            [DEBUG  ]  File ignored by nanostat because it exceeded search pattern filesize limit: GSM3043094_2_fastqc.html
[2021-11-05 23:46:27,837] multiqc                                            [DEBUG  ]  File ignored by lima/summary because it exceeded search pattern filesize limit: GSM3043094_2_fastqc.html
[2021-11-05 23:46:27,840] multiqc                                            [DEBUG  ]  File ignored by vep/vep_txt because it exceeded search pattern filesize limit: GSM3043094_2_fastqc.html
[2021-11-05 23:46:27,840] multiqc                                            [DEBUG  ]  File ignored by longranger/invocation because it exceeded search pattern filesize limit: GSM3043094_2_fastqc.html
[2021-11-05 23:46:27,840] multiqc                                            [DEBUG  ]  File ignored by rockhopper because it exceeded search pattern filesize limit: GSM3043094_2_fastqc.html
[2021-11-05 23:46:27,840] multiqc                                            [DEBUG  ]  File ignored by rseqc/bam_stat because it exceeded search pattern filesize limit: GSM3043094_2_fastqc.html
[2021-11-05 23:46:27,840] multiqc                                            [DEBUG  ]  File ignored by rseqc/junction_annotation because it exceeded search pattern filesize limit: GSM3043094_2_fastqc.html
[2021-11-05 23:46:27,840] multiqc                                            [DEBUG  ]  File ignored by rseqc/read_distribution because it exceeded search pattern filesize limit: GSM3043094_2_fastqc.html
[2021-11-05 23:46:27,840] multiqc                                            [DEBUG  ]  File ignored by rseqc/infer_experiment because it exceeded search pattern filesize limit: GSM3043094_2_fastqc.html
[2021-11-05 23:46:27,986] multiqc                                            [DEBUG  ]  File ignored by ccs/v4 because it exceeded search pattern filesize limit: GSM3043094_cutadapt_bowtie2_fastqc.log
[2021-11-05 23:46:27,988] multiqc                                            [DEBUG  ]  File ignored by lima/summary because it exceeded search pattern filesize limit: GSM3043094_cutadapt_bowtie2_fastqc.log
[2021-11-05 23:46:28,285] multiqc                                            [DEBUG  ]  File ignored by ccs/v4 because it exceeded search pattern filesize limit: GSM3043094_cutadapt_bowtie2_fastqc.html
[2021-11-05 23:46:28,287] multiqc                                            [DEBUG  ]  File ignored by hicexplorer because it exceeded search pattern filesize limit: GSM3043094_cutadapt_bowtie2_fastqc.html
[2021-11-05 23:46:28,287] multiqc                                            [DEBUG  ]  File ignored by nanostat because it exceeded search pattern filesize limit: GSM3043094_cutadapt_bowtie2_fastqc.html
[2021-11-05 23:46:28,287] multiqc                                            [DEBUG  ]  File ignored by lima/summary because it exceeded search pattern filesize limit: GSM3043094_cutadapt_bowtie2_fastqc.html
[2021-11-05 23:46:28,290] multiqc                                            [DEBUG  ]  File ignored by vep/vep_txt because it exceeded search pattern filesize limit: GSM3043094_cutadapt_bowtie2_fastqc.html
[2021-11-05 23:46:28,290] multiqc                                            [DEBUG  ]  File ignored by longranger/invocation because it exceeded search pattern filesize limit: GSM3043094_cutadapt_bowtie2_fastqc.html
[2021-11-05 23:46:28,290] multiqc                                            [DEBUG  ]  File ignored by rockhopper because it exceeded search pattern filesize limit: GSM3043094_cutadapt_bowtie2_fastqc.html
[2021-11-05 23:46:28,290] multiqc                                            [DEBUG  ]  File ignored by rseqc/bam_stat because it exceeded search pattern filesize limit: GSM3043094_cutadapt_bowtie2_fastqc.html
[2021-11-05 23:46:28,290] multiqc                                            [DEBUG  ]  File ignored by rseqc/junction_annotation because it exceeded search pattern filesize limit: GSM3043094_cutadapt_bowtie2_fastqc.html
[2021-11-05 23:46:28,290] multiqc                                            [DEBUG  ]  File ignored by rseqc/read_distribution because it exceeded search pattern filesize limit: GSM3043094_cutadapt_bowtie2_fastqc.html
[2021-11-05 23:46:28,290] multiqc                                            [DEBUG  ]  File ignored by rseqc/infer_experiment because it exceeded search pattern filesize limit: GSM3043094_cutadapt_bowtie2_fastqc.html
[2021-11-05 23:46:28,419] multiqc                                            [DEBUG  ]  File ignored by ccs/v4 because it exceeded search pattern filesize limit: DS00069_matrix.tab
[2021-11-05 23:46:28,421] multiqc                                            [DEBUG  ]  File ignored by lima/summary because it exceeded search pattern filesize limit: DS00069_matrix.tab
[2021-11-05 23:46:28,423] multiqc                                            [DEBUG  ]  File ignored by longranger/invocation because it exceeded search pattern filesize limit: DS00069_matrix.tab
[2021-11-05 23:46:28,434] multiqc                                            [DEBUG  ]  File ignored by ccs/v4 because it exceeded search pattern filesize limit: DS00069_peaks.ft
[2021-11-05 23:46:28,435] multiqc                                            [DEBUG  ]  File ignored by lima/summary because it exceeded search pattern filesize limit: DS00069_peaks.ft
[2021-11-05 23:46:28,437] multiqc                                            [DEBUG  ]  File ignored by longranger/invocation because it exceeded search pattern filesize limit: DS00069_peaks.ft
[2021-11-05 23:46:28,453] multiqc                                            [DEBUG  ]  Ignoring file as matched an ignore pattern: DS00069_sites.bed
[2021-11-05 23:46:28,457] multiqc                                            [DEBUG  ]  File ignored by ccs/v4 because it exceeded search pattern filesize limit: DS00069_peaks.fasta
[2021-11-05 23:46:28,458] multiqc                                            [DEBUG  ]  File ignored by hicexplorer because it exceeded search pattern filesize limit: DS00069_peaks.fasta
[2021-11-05 23:46:28,458] multiqc                                            [DEBUG  ]  File ignored by nanostat because it exceeded search pattern filesize limit: DS00069_peaks.fasta
[2021-11-05 23:46:28,459] multiqc                                            [DEBUG  ]  File ignored by lima/summary because it exceeded search pattern filesize limit: DS00069_peaks.fasta
[2021-11-05 23:46:28,461] multiqc                                            [DEBUG  ]  File ignored by longranger/invocation because it exceeded search pattern filesize limit: DS00069_peaks.fasta
[2021-11-05 23:46:28,478] multiqc                                            [DEBUG  ]  Ignoring file as matched an ignore pattern: DS00069_peaks.bed
[2021-11-05 23:46:28,484] multiqc                                            [DEBUG  ]  File ignored by ccs/v4 because it exceeded search pattern filesize limit: DS00069_peaks.narrowPeak
[2021-11-05 23:46:28,486] multiqc                                            [DEBUG  ]  File ignored by lima/summary because it exceeded search pattern filesize limit: DS00069_peaks.narrowPeak
[2021-11-05 23:46:28,496] multiqc                                            [DEBUG  ]  Ignoring file as matched an ignore pattern: DS00069_summits.bed
[2021-11-05 23:46:28,942] multiqc.plots.bargraph                             [DEBUG  ]  Using matplotlib version 3.4.3
[2021-11-05 23:46:28,943] multiqc.plots.linegraph                            [DEBUG  ]  Using matplotlib version 3.4.3
[2021-11-05 23:46:28,944] multiqc                                            [DEBUG  ]  No samples found: custom_content
[2021-11-05 23:46:28,950] multiqc                                            [DEBUG  ]  No samples found: ccs
[2021-11-05 23:46:28,957] multiqc                                            [DEBUG  ]  No samples found: ngsderive
[2021-11-05 23:46:28,963] multiqc                                            [DEBUG  ]  No samples found: purple
[2021-11-05 23:46:28,969] multiqc                                            [DEBUG  ]  No samples found: conpair
[2021-11-05 23:46:28,976] multiqc                                            [DEBUG  ]  No samples found: lima
[2021-11-05 23:46:28,982] multiqc                                            [DEBUG  ]  No samples found: peddy
[2021-11-05 23:46:28,988] multiqc                                            [DEBUG  ]  No samples found: somalier
[2021-11-05 23:46:28,995] multiqc                                            [DEBUG  ]  No samples found: methylQA
[2021-11-05 23:46:29,002] multiqc.modules.mosdepth.mosdepth                  [DEBUG  ]  include_contigs: []
[2021-11-05 23:46:29,002] multiqc.modules.mosdepth.mosdepth                  [DEBUG  ]  exclude_contigs: []
[2021-11-05 23:46:29,002] multiqc                                            [DEBUG  ]  No samples found: mosdepth
[2021-11-05 23:46:29,008] multiqc                                            [DEBUG  ]  No samples found: phantompeakqualtools
[2021-11-05 23:46:29,014] multiqc                                            [DEBUG  ]  No samples found: qualimap
[2021-11-05 23:46:29,021] multiqc                                            [DEBUG  ]  No samples found: preseq
[2021-11-05 23:46:29,027] multiqc                                            [DEBUG  ]  No samples found: quast
[2021-11-05 23:46:29,033] multiqc                                            [DEBUG  ]  No samples found: qorts
[2021-11-05 23:46:29,040] multiqc                                            [DEBUG  ]  No samples found: rna_seqc
[2021-11-05 23:46:29,046] multiqc                                            [DEBUG  ]  No samples found: rockhopper
[2021-11-05 23:46:29,052] multiqc                                            [DEBUG  ]  No samples found: rsem
[2021-11-05 23:46:29,061] multiqc                                            [DEBUG  ]  No samples found: rseqc
[2021-11-05 23:46:29,067] multiqc                                            [DEBUG  ]  No samples found: busco
[2021-11-05 23:46:29,073] multiqc                                            [DEBUG  ]  No samples found: bustools
[2021-11-05 23:46:29,079] multiqc                                            [DEBUG  ]  No samples found: goleft_indexcov
[2021-11-05 23:46:29,085] multiqc                                            [DEBUG  ]  No samples found: gffcompare
[2021-11-05 23:46:29,092] multiqc                                            [DEBUG  ]  No samples found: disambiguate
[2021-11-05 23:46:29,098] multiqc                                            [DEBUG  ]  No samples found: supernova
[2021-11-05 23:46:29,107] multiqc                                            [DEBUG  ]  No samples found: deeptools
[2021-11-05 23:46:29,113] multiqc                                            [DEBUG  ]  No samples found: sargasso
[2021-11-05 23:46:29,119] multiqc                                            [DEBUG  ]  No samples found: verifybamid
[2021-11-05 23:46:29,125] multiqc                                            [DEBUG  ]  No samples found: mirtrace
[2021-11-05 23:46:29,131] multiqc                                            [DEBUG  ]  No samples found: happy
[2021-11-05 23:46:29,138] multiqc                                            [DEBUG  ]  No samples found: mirtop
[2021-11-05 23:46:29,144] multiqc                                            [DEBUG  ]  No samples found: sambamba
[2021-11-05 23:46:29,151] multiqc                                            [DEBUG  ]  No samples found: homer
[2021-11-05 23:46:29,157] multiqc                                            [DEBUG  ]  No samples found: hops
[2021-11-05 23:46:29,168] multiqc.modules.macs2.macs2                        [DEBUG  ]  Duplicate sample name found! Overwriting: DS00069
[2021-11-05 23:46:29,168] multiqc.modules.macs2.macs2                        [INFO   ]  Found 1 logs
[2021-11-05 23:46:29,180] multiqc                                            [DEBUG  ]  No samples found: theta2
[2021-11-05 23:46:29,186] multiqc                                            [DEBUG  ]  No samples found: snpeff
[2021-11-05 23:46:29,193] multiqc                                            [DEBUG  ]  No samples found: gatk
[2021-11-05 23:46:29,199] multiqc                                            [DEBUG  ]  No samples found: htseq
[2021-11-05 23:46:29,206] multiqc                                            [DEBUG  ]  No samples found: bcftools
[2021-11-05 23:46:29,212] multiqc                                            [DEBUG  ]  No samples found: featureCounts
[2021-11-05 23:46:29,219] multiqc                                            [DEBUG  ]  No samples found: fgbio
[2021-11-05 23:46:29,229] multiqc                                            [DEBUG  ]  No samples found: dragen
[2021-11-05 23:46:29,236] multiqc                                            [DEBUG  ]  No samples found: dedup
[2021-11-05 23:46:29,242] multiqc                                            [DEBUG  ]  No samples found: damageprofiler
[2021-11-05 23:46:29,255] multiqc                                            [DEBUG  ]  No samples found: biobambam2
[2021-11-05 23:46:29,261] multiqc                                            [DEBUG  ]  No samples found: jcvi
[2021-11-05 23:46:29,267] multiqc                                            [DEBUG  ]  No samples found: mtnucratio
[2021-11-05 23:46:29,273] multiqc                                            [DEBUG  ]  No samples found: picard
[2021-11-05 23:46:29,279] multiqc                                            [DEBUG  ]  No samples found: vep
[2021-11-05 23:46:29,286] multiqc                                            [DEBUG  ]  No samples found: sentieon
[2021-11-05 23:46:29,292] multiqc                                            [DEBUG  ]  No samples found: prokka
[2021-11-05 23:46:29,298] multiqc                                            [DEBUG  ]  No samples found: qc3C
[2021-11-05 23:46:29,304] multiqc                                            [DEBUG  ]  No samples found: nanostat
[2021-11-05 23:46:29,311] multiqc                                            [DEBUG  ]  No samples found: samblaster
[2021-11-05 23:46:29,330] multiqc.modules.samtools.samtools                  [INFO   ]  Found 4 flagstat reports
[2021-11-05 23:46:29,337] multiqc                                            [DEBUG  ]  No samples found: sexdeterrmine
[2021-11-05 23:46:29,343] multiqc                                            [DEBUG  ]  No samples found: eigenstratdatabasetools
[2021-11-05 23:46:29,349] multiqc                                            [DEBUG  ]  No samples found: bamtools
[2021-11-05 23:46:29,355] multiqc                                            [DEBUG  ]  No samples found: jellyfish
[2021-11-05 23:46:29,362] multiqc                                            [DEBUG  ]  No samples found: vcftools
[2021-11-05 23:46:29,368] multiqc                                            [DEBUG  ]  No samples found: longranger
[2021-11-05 23:46:29,375] multiqc                                            [DEBUG  ]  No samples found: stacks
[2021-11-05 23:46:29,381] multiqc                                            [DEBUG  ]  No samples found: varscan2
[2021-11-05 23:46:29,387] multiqc                                            [DEBUG  ]  No samples found: snippy
[2021-11-05 23:46:29,396] multiqc                                            [DEBUG  ]  No samples found: bbmap
[2021-11-05 23:46:29,402] multiqc                                            [DEBUG  ]  No samples found: bismark
[2021-11-05 23:46:29,409] multiqc                                            [DEBUG  ]  No samples found: biscuit
[2021-11-05 23:46:29,415] multiqc                                            [DEBUG  ]  No samples found: hicexplorer
[2021-11-05 23:46:29,421] multiqc                                            [DEBUG  ]  No samples found: hicup
[2021-11-05 23:46:29,428] multiqc                                            [DEBUG  ]  No samples found: hicpro
[2021-11-05 23:46:29,434] multiqc                                            [DEBUG  ]  No samples found: salmon
[2021-11-05 23:46:29,440] multiqc                                            [DEBUG  ]  No samples found: kallisto
[2021-11-05 23:46:29,446] multiqc                                            [DEBUG  ]  No samples found: slamdunk
[2021-11-05 23:46:29,453] multiqc                                            [DEBUG  ]  No samples found: star
[2021-11-05 23:46:29,459] multiqc                                            [DEBUG  ]  No samples found: hisat2
[2021-11-05 23:46:29,465] multiqc                                            [DEBUG  ]  No samples found: tophat
[2021-11-05 23:46:29,477] multiqc.modules.bowtie2.bowtie2                    [INFO   ]  Found 4 reports
[2021-11-05 23:46:29,487] multiqc                                            [DEBUG  ]  No samples found: bowtie1
[2021-11-05 23:46:29,493] multiqc                                            [DEBUG  ]  No samples found: snpsplit
[2021-11-05 23:46:29,499] multiqc                                            [DEBUG  ]  No samples found: odgi
[2021-11-05 23:46:29,505] multiqc                                            [DEBUG  ]  No samples found: pangolin
[2021-11-05 23:46:29,511] multiqc                                            [DEBUG  ]  No samples found: kat
[2021-11-05 23:46:29,517] multiqc                                            [DEBUG  ]  No samples found: leehom
[2021-11-05 23:46:29,524] multiqc                                            [DEBUG  ]  No samples found: adapterRemoval
[2021-11-05 23:46:29,530] multiqc                                            [DEBUG  ]  No samples found: clipandmerge
[2021-11-05 23:46:29,546] multiqc.modules.cutadapt.cutadapt                  [DEBUG  ]  Duplicate sample name found! Overwriting: GSM3043057_1
[2021-11-05 23:46:29,549] multiqc.modules.cutadapt.cutadapt                  [DEBUG  ]  Duplicate sample name found! Overwriting: GSM3043057_2
[2021-11-05 23:46:29,557] multiqc.modules.cutadapt.cutadapt                  [DEBUG  ]  Duplicate sample name found! Overwriting: GSM3043093_1
[2021-11-05 23:46:29,561] multiqc.modules.cutadapt.cutadapt                  [DEBUG  ]  Duplicate sample name found! Overwriting: GSM3043093_2
[2021-11-05 23:46:29,571] multiqc.modules.cutadapt.cutadapt                  [DEBUG  ]  Duplicate sample name found! Overwriting: GSM3043058_1
[2021-11-05 23:46:29,573] multiqc.modules.cutadapt.cutadapt                  [DEBUG  ]  Duplicate sample name found! Overwriting: GSM3043058_2
[2021-11-05 23:46:29,581] multiqc.modules.cutadapt.cutadapt                  [DEBUG  ]  Duplicate sample name found! Overwriting: GSM3043094_1
[2021-11-05 23:46:29,584] multiqc.modules.cutadapt.cutadapt                  [DEBUG  ]  Duplicate sample name found! Overwriting: GSM3043094_2
[2021-11-05 23:46:29,587] multiqc.modules.cutadapt.cutadapt                  [INFO   ]  Found 8 reports
[2021-11-05 23:46:29,607] multiqc                                            [DEBUG  ]  No samples found: flexbar
[2021-11-05 23:46:29,613] multiqc                                            [DEBUG  ]  No samples found: kaiju
[2021-11-05 23:46:29,620] multiqc                                            [DEBUG  ]  No samples found: kraken
[2021-11-05 23:46:29,626] multiqc                                            [DEBUG  ]  No samples found: malt
[2021-11-05 23:46:29,632] multiqc                                            [DEBUG  ]  No samples found: trimmomatic
[2021-11-05 23:46:29,638] multiqc                                            [DEBUG  ]  No samples found: sickle
[2021-11-05 23:46:29,644] multiqc                                            [DEBUG  ]  No samples found: skewer
[2021-11-05 23:46:29,650] multiqc                                            [DEBUG  ]  No samples found: sortmerna
[2021-11-05 23:46:29,656] multiqc                                            [DEBUG  ]  No samples found: biobloomtools
[2021-11-05 23:46:29,663] multiqc                                            [DEBUG  ]  No samples found: fastq_screen
[2021-11-05 23:46:29,669] multiqc                                            [DEBUG  ]  No samples found: afterqc
[2021-11-05 23:46:29,675] multiqc                                            [DEBUG  ]  No samples found: fastp
[2021-11-05 23:46:29,745] multiqc.modules.fastqc.fastqc                      [INFO   ]  Found 20 reports
[2021-11-05 23:46:29,912] multiqc                                            [DEBUG  ]  No samples found: pychopper
[2021-11-05 23:46:29,919] multiqc                                            [DEBUG  ]  No samples found: pycoqc
[2021-11-05 23:46:29,925] multiqc                                            [DEBUG  ]  No samples found: minionqc
[2021-11-05 23:46:29,931] multiqc                                            [DEBUG  ]  No samples found: multivcfanalyzer
[2021-11-05 23:46:29,937] multiqc                                            [DEBUG  ]  No samples found: clusterflow
[2021-11-05 23:46:29,944] multiqc                                            [DEBUG  ]  No samples found: bcl2fastq
[2021-11-05 23:46:29,950] multiqc                                            [DEBUG  ]  No samples found: bclconvert
[2021-11-05 23:46:29,957] multiqc                                            [DEBUG  ]  No samples found: interop
[2021-11-05 23:46:29,963] multiqc                                            [DEBUG  ]  No samples found: ivar
[2021-11-05 23:46:29,969] multiqc                                            [DEBUG  ]  No samples found: flash
[2021-11-05 23:46:29,975] multiqc                                            [DEBUG  ]  No samples found: seqyclean
[2021-11-05 23:46:29,981] multiqc                                            [DEBUG  ]  No samples found: optitype
[2021-11-05 23:46:30,038] multiqc                                            [INFO   ]  Compressing plot data
[2021-11-05 23:46:30,587] multiqc                                            [INFO   ]  Report      : ChIP-seq_collection/GSE111874/datasets/DS00069/multiQC/multiqc_report.html
[2021-11-05 23:46:30,587] multiqc                                            [INFO   ]  Data        : ChIP-seq_collection/GSE111874/datasets/DS00069/multiQC/multiqc_data
[2021-11-05 23:46:30,587] multiqc                                            [DEBUG  ]  Moving data file from '/tmp/tmpwger6tpk/multiqc_data' to 'ChIP-seq_collection/GSE111874/datasets/DS00069/multiQC/multiqc_data'
[2021-11-05 23:46:30,769] multiqc                                            [INFO   ]  MultiQC complete
