[2021-11-05 23:46:16,026] multiqc                                            [DEBUG  ]  This is MultiQC v1.11
[2021-11-05 23:46:16,026] multiqc                                            [DEBUG  ]  No MultiQC config found: /home/rioualen/miniconda3/envs/snakemake/lib/python3.9/site-packages/multiqc_config.yaml
[2021-11-05 23:46:16,027] multiqc                                            [DEBUG  ]  No MultiQC config found: /home/rioualen/.multiqc_config.yaml
[2021-11-05 23:46:16,027] multiqc                                            [DEBUG  ]  No MultiQC config found: multiqc_config.yaml
[2021-11-05 23:46:16,027] multiqc                                            [DEBUG  ]  Command used: /home/rioualen/miniconda3/envs/snakemake/bin/multiqc ChIP-seq_collection/E-MTAB-2211/samples/ERR411988 ChIP-seq_collection/E-MTAB-2211/samples/ERR411992 ChIP-seq_collection/E-MTAB-2211/datasets/DS00051 -o ChIP-seq_collection/E-MTAB-2211/datasets/DS00051/multiQC
[2021-11-05 23:46:16,218] multiqc                                            [DEBUG  ]  Latest MultiQC version is v1.11
[2021-11-05 23:46:16,218] multiqc                                            [DEBUG  ]  Command     : /home/rioualen/miniconda3/envs/snakemake/bin/multiqc ChIP-seq_collection/E-MTAB-2211/samples/ERR411988 ChIP-seq_collection/E-MTAB-2211/samples/ERR411992 ChIP-seq_collection/E-MTAB-2211/datasets/DS00051 -o ChIP-seq_collection/E-MTAB-2211/datasets/DS00051/multiQC
[2021-11-05 23:46:16,218] multiqc                                            [DEBUG  ]  Working dir : /workspace/rioualen/HT_collections
[2021-11-05 23:46:16,218] multiqc                                            [DEBUG  ]  Template    : default
[2021-11-05 23:46:16,218] multiqc                                            [DEBUG  ]  Running Python 3.9.7 | packaged by conda-forge | (default, Sep 29 2021, 19:20:46)  [GCC 9.4.0]
[2021-11-05 23:46:16,219] multiqc                                            [DEBUG  ]  Analysing modules: custom_content, ccs, ngsderive, purple, conpair, lima, peddy, somalier, methylQA, mosdepth, phantompeakqualtools, qualimap, preseq, quast, qorts, rna_seqc, rockhopper, rsem, rseqc, busco, bustools, goleft_indexcov, gffcompare, disambiguate, supernova, deeptools, sargasso, verifybamid, mirtrace, happy, mirtop, sambamba, homer, hops, macs2, theta2, snpeff, gatk, htseq, bcftools, featureCounts, fgbio, dragen, dedup, damageprofiler, biobambam2, jcvi, mtnucratio, picard, vep, sentieon, prokka, qc3C, nanostat, samblaster, samtools, sexdeterrmine, eigenstratdatabasetools, bamtools, jellyfish, vcftools, longranger, stacks, varscan2, snippy, bbmap, bismark, biscuit, hicexplorer, hicup, hicpro, salmon, kallisto, slamdunk, star, hisat2, tophat, bowtie2, bowtie1, snpsplit, odgi, pangolin, kat, leehom, adapterRemoval, clipandmerge, cutadapt, flexbar, kaiju, kraken, malt, trimmomatic, sickle, skewer, sortmerna, biobloomtools, fastq_screen, afterqc, fastp, fastqc, pychopper, pycoqc, minionqc, multivcfanalyzer, clusterflow, bcl2fastq, bclconvert, interop, ivar, flash, seqyclean, optitype
[2021-11-05 23:46:16,219] multiqc                                            [DEBUG  ]  Using temporary directory for creating report: /tmp/tmplgckuk33
[2021-11-05 23:46:16,361] multiqc                                            [INFO   ]  Search path : /workspace/rioualen/HT_collections/ChIP-seq_collection/E-MTAB-2211/samples/ERR411988
[2021-11-05 23:46:16,361] multiqc                                            [INFO   ]  Search path : /workspace/rioualen/HT_collections/ChIP-seq_collection/E-MTAB-2211/samples/ERR411992
[2021-11-05 23:46:16,361] multiqc                                            [INFO   ]  Search path : /workspace/rioualen/HT_collections/ChIP-seq_collection/E-MTAB-2211/datasets/DS00051
[2021-11-05 23:46:16,387] multiqc                                            [DEBUG  ]  Ignoring file as matched an ignore pattern: ERR411988.fastq.gz
[2021-11-05 23:46:16,424] multiqc                                            [DEBUG  ]  File ignored by ccs/v4 because it exceeded search pattern filesize limit: ERR411988_cutadapt.log
[2021-11-05 23:46:16,426] multiqc                                            [DEBUG  ]  File ignored by hicexplorer because it exceeded search pattern filesize limit: ERR411988_cutadapt.log
[2021-11-05 23:46:16,426] multiqc                                            [DEBUG  ]  File ignored by nanostat because it exceeded search pattern filesize limit: ERR411988_cutadapt.log
[2021-11-05 23:46:16,426] multiqc                                            [DEBUG  ]  File ignored by lima/summary because it exceeded search pattern filesize limit: ERR411988_cutadapt.log
[2021-11-05 23:46:16,430] multiqc                                            [DEBUG  ]  File ignored by longranger/invocation because it exceeded search pattern filesize limit: ERR411988_cutadapt.log
[2021-11-05 23:46:16,487] multiqc                                            [DEBUG  ]  File ignored by ccs/v4 because it exceeded search pattern filesize limit: ERR411988.fastq.gz_trimming_report.txt
[2021-11-05 23:46:16,489] multiqc                                            [DEBUG  ]  File ignored by lima/summary because it exceeded search pattern filesize limit: ERR411988.fastq.gz_trimming_report.txt
[2021-11-05 23:46:16,491] multiqc                                            [DEBUG  ]  File ignored by longranger/invocation because it exceeded search pattern filesize limit: ERR411988.fastq.gz_trimming_report.txt
[2021-11-05 23:46:16,514] multiqc                                            [DEBUG  ]  File ignored by ccs/v4 because it exceeded search pattern filesize limit: ERR411988_cutadapt_bowtie2_plus_strand.tdf
[2021-11-05 23:46:16,515] multiqc                                            [DEBUG  ]  File ignored by hicexplorer because it exceeded search pattern filesize limit: ERR411988_cutadapt_bowtie2_plus_strand.tdf
[2021-11-05 23:46:16,516] multiqc                                            [DEBUG  ]  File ignored by nanostat because it exceeded search pattern filesize limit: ERR411988_cutadapt_bowtie2_plus_strand.tdf
[2021-11-05 23:46:16,516] multiqc                                            [DEBUG  ]  File ignored by lima/summary because it exceeded search pattern filesize limit: ERR411988_cutadapt_bowtie2_plus_strand.tdf
[2021-11-05 23:46:16,518] multiqc                                            [DEBUG  ]  File ignored by vep/vep_html because it exceeded search pattern filesize limit: ERR411988_cutadapt_bowtie2_plus_strand.tdf
[2021-11-05 23:46:16,518] multiqc                                            [DEBUG  ]  File ignored by vep/vep_txt because it exceeded search pattern filesize limit: ERR411988_cutadapt_bowtie2_plus_strand.tdf
[2021-11-05 23:46:16,518] multiqc                                            [DEBUG  ]  File ignored by longranger/invocation because it exceeded search pattern filesize limit: ERR411988_cutadapt_bowtie2_plus_strand.tdf
[2021-11-05 23:46:16,518] multiqc                                            [DEBUG  ]  File ignored by rockhopper because it exceeded search pattern filesize limit: ERR411988_cutadapt_bowtie2_plus_strand.tdf
[2021-11-05 23:46:16,518] multiqc                                            [DEBUG  ]  File ignored by rseqc/bam_stat because it exceeded search pattern filesize limit: ERR411988_cutadapt_bowtie2_plus_strand.tdf
[2021-11-05 23:46:16,518] multiqc                                            [DEBUG  ]  File ignored by rseqc/junction_annotation because it exceeded search pattern filesize limit: ERR411988_cutadapt_bowtie2_plus_strand.tdf
[2021-11-05 23:46:16,518] multiqc                                            [DEBUG  ]  File ignored by rseqc/read_distribution because it exceeded search pattern filesize limit: ERR411988_cutadapt_bowtie2_plus_strand.tdf
[2021-11-05 23:46:16,518] multiqc                                            [DEBUG  ]  File ignored by rseqc/infer_experiment because it exceeded search pattern filesize limit: ERR411988_cutadapt_bowtie2_plus_strand.tdf
[2021-11-05 23:46:16,518] multiqc                                            [DEBUG  ]  File ignored by stacks/sumstats because it exceeded search pattern filesize limit: ERR411988_cutadapt_bowtie2_plus_strand.tdf
[2021-11-05 23:46:16,549] multiqc                                            [DEBUG  ]  File ignored by ccs/v4 because it exceeded search pattern filesize limit: ERR411988_cutadapt_bowtie2_bedgraph_to_tdf.log
[2021-11-05 23:46:16,551] multiqc                                            [DEBUG  ]  File ignored by lima/summary because it exceeded search pattern filesize limit: ERR411988_cutadapt_bowtie2_bedgraph_to_tdf.log
[2021-11-05 23:46:16,562] multiqc                                            [DEBUG  ]  File ignored by ccs/v4 because it exceeded search pattern filesize limit: ERR411988_cutadapt_bowtie2_minus_strand_bedgraph_to_tdf.log
[2021-11-05 23:46:16,564] multiqc                                            [DEBUG  ]  File ignored by lima/summary because it exceeded search pattern filesize limit: ERR411988_cutadapt_bowtie2_minus_strand_bedgraph_to_tdf.log
[2021-11-05 23:46:16,622] multiqc                                            [DEBUG  ]  Ignoring file as matched an ignore pattern: ERR411988_cutadapt_bowtie2.bam.bai
[2021-11-05 23:46:16,637] multiqc                                            [DEBUG  ]  File ignored by ccs/v4 because it exceeded search pattern filesize limit: ERR411988_cutadapt_bowtie2.tdf
[2021-11-05 23:46:16,638] multiqc                                            [DEBUG  ]  File ignored by hicexplorer because it exceeded search pattern filesize limit: ERR411988_cutadapt_bowtie2.tdf
[2021-11-05 23:46:16,638] multiqc                                            [DEBUG  ]  File ignored by nanostat because it exceeded search pattern filesize limit: ERR411988_cutadapt_bowtie2.tdf
[2021-11-05 23:46:16,639] multiqc                                            [DEBUG  ]  File ignored by lima/summary because it exceeded search pattern filesize limit: ERR411988_cutadapt_bowtie2.tdf
[2021-11-05 23:46:16,641] multiqc                                            [DEBUG  ]  File ignored by vep/vep_html because it exceeded search pattern filesize limit: ERR411988_cutadapt_bowtie2.tdf
[2021-11-05 23:46:16,641] multiqc                                            [DEBUG  ]  File ignored by vep/vep_txt because it exceeded search pattern filesize limit: ERR411988_cutadapt_bowtie2.tdf
[2021-11-05 23:46:16,641] multiqc                                            [DEBUG  ]  File ignored by longranger/invocation because it exceeded search pattern filesize limit: ERR411988_cutadapt_bowtie2.tdf
[2021-11-05 23:46:16,641] multiqc                                            [DEBUG  ]  File ignored by rockhopper because it exceeded search pattern filesize limit: ERR411988_cutadapt_bowtie2.tdf
[2021-11-05 23:46:16,641] multiqc                                            [DEBUG  ]  File ignored by rseqc/bam_stat because it exceeded search pattern filesize limit: ERR411988_cutadapt_bowtie2.tdf
[2021-11-05 23:46:16,641] multiqc                                            [DEBUG  ]  File ignored by rseqc/junction_annotation because it exceeded search pattern filesize limit: ERR411988_cutadapt_bowtie2.tdf
[2021-11-05 23:46:16,641] multiqc                                            [DEBUG  ]  File ignored by rseqc/read_distribution because it exceeded search pattern filesize limit: ERR411988_cutadapt_bowtie2.tdf
[2021-11-05 23:46:16,641] multiqc                                            [DEBUG  ]  File ignored by rseqc/infer_experiment because it exceeded search pattern filesize limit: ERR411988_cutadapt_bowtie2.tdf
[2021-11-05 23:46:16,641] multiqc                                            [DEBUG  ]  File ignored by snpeff because it exceeded search pattern filesize limit: ERR411988_cutadapt_bowtie2.tdf
[2021-11-05 23:46:16,641] multiqc                                            [DEBUG  ]  File ignored by stacks/sumstats because it exceeded search pattern filesize limit: ERR411988_cutadapt_bowtie2.tdf
[2021-11-05 23:46:16,649] multiqc                                            [DEBUG  ]  File ignored by ccs/v4 because it exceeded search pattern filesize limit: ERR411988_cutadapt_bowtie2_plus_strand_bedgraph_to_tdf.log
[2021-11-05 23:46:16,650] multiqc                                            [DEBUG  ]  File ignored by lima/summary because it exceeded search pattern filesize limit: ERR411988_cutadapt_bowtie2_plus_strand_bedgraph_to_tdf.log
[2021-11-05 23:46:16,658] multiqc                                            [DEBUG  ]  Ignoring file as matched an ignore pattern: ERR411988_cutadapt_bowtie2.bam
[2021-11-05 23:46:16,720] multiqc                                            [DEBUG  ]  Ignoring file as matched an ignore pattern: ERR411988_cutadapt_empty1.fastq.gz
[2021-11-05 23:46:16,748] multiqc                                            [DEBUG  ]  File ignored by ccs/v4 because it exceeded search pattern filesize limit: ERR411988_cutadapt_bowtie2_minus_strand.tdf
[2021-11-05 23:46:16,749] multiqc                                            [DEBUG  ]  File ignored by hicexplorer because it exceeded search pattern filesize limit: ERR411988_cutadapt_bowtie2_minus_strand.tdf
[2021-11-05 23:46:16,749] multiqc                                            [DEBUG  ]  File ignored by nanostat because it exceeded search pattern filesize limit: ERR411988_cutadapt_bowtie2_minus_strand.tdf
[2021-11-05 23:46:16,749] multiqc                                            [DEBUG  ]  File ignored by lima/summary because it exceeded search pattern filesize limit: ERR411988_cutadapt_bowtie2_minus_strand.tdf
[2021-11-05 23:46:16,751] multiqc                                            [DEBUG  ]  File ignored by vep/vep_html because it exceeded search pattern filesize limit: ERR411988_cutadapt_bowtie2_minus_strand.tdf
[2021-11-05 23:46:16,751] multiqc                                            [DEBUG  ]  File ignored by vep/vep_txt because it exceeded search pattern filesize limit: ERR411988_cutadapt_bowtie2_minus_strand.tdf
[2021-11-05 23:46:16,751] multiqc                                            [DEBUG  ]  File ignored by longranger/invocation because it exceeded search pattern filesize limit: ERR411988_cutadapt_bowtie2_minus_strand.tdf
[2021-11-05 23:46:16,752] multiqc                                            [DEBUG  ]  File ignored by rockhopper because it exceeded search pattern filesize limit: ERR411988_cutadapt_bowtie2_minus_strand.tdf
[2021-11-05 23:46:16,752] multiqc                                            [DEBUG  ]  File ignored by rseqc/bam_stat because it exceeded search pattern filesize limit: ERR411988_cutadapt_bowtie2_minus_strand.tdf
[2021-11-05 23:46:16,752] multiqc                                            [DEBUG  ]  File ignored by rseqc/junction_annotation because it exceeded search pattern filesize limit: ERR411988_cutadapt_bowtie2_minus_strand.tdf
[2021-11-05 23:46:16,752] multiqc                                            [DEBUG  ]  File ignored by rseqc/read_distribution because it exceeded search pattern filesize limit: ERR411988_cutadapt_bowtie2_minus_strand.tdf
[2021-11-05 23:46:16,752] multiqc                                            [DEBUG  ]  File ignored by rseqc/infer_experiment because it exceeded search pattern filesize limit: ERR411988_cutadapt_bowtie2_minus_strand.tdf
[2021-11-05 23:46:16,752] multiqc                                            [DEBUG  ]  File ignored by stacks/sumstats because it exceeded search pattern filesize limit: ERR411988_cutadapt_bowtie2_minus_strand.tdf
[2021-11-05 23:46:16,755] multiqc                                            [DEBUG  ]  Ignoring file as matched an ignore pattern: ERR411988_cutadapt_empty2.fastq.gz
[2021-11-05 23:46:16,756] multiqc                                            [DEBUG  ]  Ignoring file as matched an ignore pattern: ERR411988_cutadapt.fastq.gz
[2021-11-05 23:46:16,764] multiqc                                            [DEBUG  ]  File ignored by ccs/v4 because it exceeded search pattern filesize limit: ERR411988_cutadapt_fastqc.html
[2021-11-05 23:46:16,766] multiqc                                            [DEBUG  ]  File ignored by hicexplorer because it exceeded search pattern filesize limit: ERR411988_cutadapt_fastqc.html
[2021-11-05 23:46:16,766] multiqc                                            [DEBUG  ]  File ignored by nanostat because it exceeded search pattern filesize limit: ERR411988_cutadapt_fastqc.html
[2021-11-05 23:46:16,766] multiqc                                            [DEBUG  ]  File ignored by lima/summary because it exceeded search pattern filesize limit: ERR411988_cutadapt_fastqc.html
[2021-11-05 23:46:16,769] multiqc                                            [DEBUG  ]  File ignored by vep/vep_txt because it exceeded search pattern filesize limit: ERR411988_cutadapt_fastqc.html
[2021-11-05 23:46:16,770] multiqc                                            [DEBUG  ]  File ignored by longranger/invocation because it exceeded search pattern filesize limit: ERR411988_cutadapt_fastqc.html
[2021-11-05 23:46:16,770] multiqc                                            [DEBUG  ]  File ignored by rockhopper because it exceeded search pattern filesize limit: ERR411988_cutadapt_fastqc.html
[2021-11-05 23:46:16,770] multiqc                                            [DEBUG  ]  File ignored by rseqc/bam_stat because it exceeded search pattern filesize limit: ERR411988_cutadapt_fastqc.html
[2021-11-05 23:46:16,770] multiqc                                            [DEBUG  ]  File ignored by rseqc/junction_annotation because it exceeded search pattern filesize limit: ERR411988_cutadapt_fastqc.html
[2021-11-05 23:46:16,770] multiqc                                            [DEBUG  ]  File ignored by rseqc/read_distribution because it exceeded search pattern filesize limit: ERR411988_cutadapt_fastqc.html
[2021-11-05 23:46:16,770] multiqc                                            [DEBUG  ]  File ignored by rseqc/infer_experiment because it exceeded search pattern filesize limit: ERR411988_cutadapt_fastqc.html
[2021-11-05 23:46:16,936] multiqc                                            [DEBUG  ]  File ignored by ccs/v4 because it exceeded search pattern filesize limit: ERR411988_cutadapt_fastqc.log
[2021-11-05 23:46:16,938] multiqc                                            [DEBUG  ]  File ignored by lima/summary because it exceeded search pattern filesize limit: ERR411988_cutadapt_fastqc.log
[2021-11-05 23:46:16,989] multiqc                                            [DEBUG  ]  File ignored by ccs/v4 because it exceeded search pattern filesize limit: ERR411988_fastqc.html
[2021-11-05 23:46:16,991] multiqc                                            [DEBUG  ]  File ignored by hicexplorer because it exceeded search pattern filesize limit: ERR411988_fastqc.html
[2021-11-05 23:46:16,991] multiqc                                            [DEBUG  ]  File ignored by nanostat because it exceeded search pattern filesize limit: ERR411988_fastqc.html
[2021-11-05 23:46:16,991] multiqc                                            [DEBUG  ]  File ignored by lima/summary because it exceeded search pattern filesize limit: ERR411988_fastqc.html
[2021-11-05 23:46:16,994] multiqc                                            [DEBUG  ]  File ignored by vep/vep_txt because it exceeded search pattern filesize limit: ERR411988_fastqc.html
[2021-11-05 23:46:16,994] multiqc                                            [DEBUG  ]  File ignored by longranger/invocation because it exceeded search pattern filesize limit: ERR411988_fastqc.html
[2021-11-05 23:46:16,994] multiqc                                            [DEBUG  ]  File ignored by rockhopper because it exceeded search pattern filesize limit: ERR411988_fastqc.html
[2021-11-05 23:46:16,994] multiqc                                            [DEBUG  ]  File ignored by rseqc/bam_stat because it exceeded search pattern filesize limit: ERR411988_fastqc.html
[2021-11-05 23:46:16,994] multiqc                                            [DEBUG  ]  File ignored by rseqc/junction_annotation because it exceeded search pattern filesize limit: ERR411988_fastqc.html
[2021-11-05 23:46:16,994] multiqc                                            [DEBUG  ]  File ignored by rseqc/read_distribution because it exceeded search pattern filesize limit: ERR411988_fastqc.html
[2021-11-05 23:46:16,995] multiqc                                            [DEBUG  ]  File ignored by rseqc/infer_experiment because it exceeded search pattern filesize limit: ERR411988_fastqc.html
[2021-11-05 23:46:17,157] multiqc                                            [DEBUG  ]  File ignored by ccs/v4 because it exceeded search pattern filesize limit: ERR411988_cutadapt_bowtie2_fastqc.html
[2021-11-05 23:46:17,158] multiqc                                            [DEBUG  ]  File ignored by hicexplorer because it exceeded search pattern filesize limit: ERR411988_cutadapt_bowtie2_fastqc.html
[2021-11-05 23:46:17,159] multiqc                                            [DEBUG  ]  File ignored by nanostat because it exceeded search pattern filesize limit: ERR411988_cutadapt_bowtie2_fastqc.html
[2021-11-05 23:46:17,159] multiqc                                            [DEBUG  ]  File ignored by lima/summary because it exceeded search pattern filesize limit: ERR411988_cutadapt_bowtie2_fastqc.html
[2021-11-05 23:46:17,162] multiqc                                            [DEBUG  ]  File ignored by vep/vep_txt because it exceeded search pattern filesize limit: ERR411988_cutadapt_bowtie2_fastqc.html
[2021-11-05 23:46:17,162] multiqc                                            [DEBUG  ]  File ignored by longranger/invocation because it exceeded search pattern filesize limit: ERR411988_cutadapt_bowtie2_fastqc.html
[2021-11-05 23:46:17,162] multiqc                                            [DEBUG  ]  File ignored by rockhopper because it exceeded search pattern filesize limit: ERR411988_cutadapt_bowtie2_fastqc.html
[2021-11-05 23:46:17,162] multiqc                                            [DEBUG  ]  File ignored by rseqc/bam_stat because it exceeded search pattern filesize limit: ERR411988_cutadapt_bowtie2_fastqc.html
[2021-11-05 23:46:17,162] multiqc                                            [DEBUG  ]  File ignored by rseqc/junction_annotation because it exceeded search pattern filesize limit: ERR411988_cutadapt_bowtie2_fastqc.html
[2021-11-05 23:46:17,162] multiqc                                            [DEBUG  ]  File ignored by rseqc/read_distribution because it exceeded search pattern filesize limit: ERR411988_cutadapt_bowtie2_fastqc.html
[2021-11-05 23:46:17,162] multiqc                                            [DEBUG  ]  File ignored by rseqc/infer_experiment because it exceeded search pattern filesize limit: ERR411988_cutadapt_bowtie2_fastqc.html
[2021-11-05 23:46:17,315] multiqc                                            [DEBUG  ]  File ignored by ccs/v4 because it exceeded search pattern filesize limit: ERR411988_cutadapt_bowtie2_fastqc.log
[2021-11-05 23:46:17,317] multiqc                                            [DEBUG  ]  File ignored by lima/summary because it exceeded search pattern filesize limit: ERR411988_cutadapt_bowtie2_fastqc.log
[2021-11-05 23:46:17,339] multiqc                                            [DEBUG  ]  Ignoring file as matched an ignore pattern: ERR411992_cutadapt_empty2.fastq.gz
[2021-11-05 23:46:17,382] multiqc                                            [DEBUG  ]  Ignoring file as matched an ignore pattern: ERR411992_cutadapt_bowtie2.bam.bai
[2021-11-05 23:46:17,409] multiqc                                            [DEBUG  ]  File ignored by ccs/v4 because it exceeded search pattern filesize limit: ERR411992.fastq.gz_trimming_report.txt
[2021-11-05 23:46:17,410] multiqc                                            [DEBUG  ]  File ignored by hicexplorer because it exceeded search pattern filesize limit: ERR411992.fastq.gz_trimming_report.txt
[2021-11-05 23:46:17,411] multiqc                                            [DEBUG  ]  File ignored by nanostat because it exceeded search pattern filesize limit: ERR411992.fastq.gz_trimming_report.txt
[2021-11-05 23:46:17,411] multiqc                                            [DEBUG  ]  File ignored by lima/summary because it exceeded search pattern filesize limit: ERR411992.fastq.gz_trimming_report.txt
[2021-11-05 23:46:17,413] multiqc                                            [DEBUG  ]  File ignored by longranger/invocation because it exceeded search pattern filesize limit: ERR411992.fastq.gz_trimming_report.txt
[2021-11-05 23:46:17,441] multiqc                                            [DEBUG  ]  File ignored by ccs/v4 because it exceeded search pattern filesize limit: ERR411992_cutadapt_bowtie2_minus_strand.tdf
[2021-11-05 23:46:17,442] multiqc                                            [DEBUG  ]  File ignored by hicexplorer because it exceeded search pattern filesize limit: ERR411992_cutadapt_bowtie2_minus_strand.tdf
[2021-11-05 23:46:17,442] multiqc                                            [DEBUG  ]  File ignored by nanostat because it exceeded search pattern filesize limit: ERR411992_cutadapt_bowtie2_minus_strand.tdf
[2021-11-05 23:46:17,442] multiqc                                            [DEBUG  ]  File ignored by lima/summary because it exceeded search pattern filesize limit: ERR411992_cutadapt_bowtie2_minus_strand.tdf
[2021-11-05 23:46:17,444] multiqc                                            [DEBUG  ]  File ignored by vep/vep_html because it exceeded search pattern filesize limit: ERR411992_cutadapt_bowtie2_minus_strand.tdf
[2021-11-05 23:46:17,444] multiqc                                            [DEBUG  ]  File ignored by vep/vep_txt because it exceeded search pattern filesize limit: ERR411992_cutadapt_bowtie2_minus_strand.tdf
[2021-11-05 23:46:17,445] multiqc                                            [DEBUG  ]  File ignored by longranger/invocation because it exceeded search pattern filesize limit: ERR411992_cutadapt_bowtie2_minus_strand.tdf
[2021-11-05 23:46:17,445] multiqc                                            [DEBUG  ]  File ignored by rockhopper because it exceeded search pattern filesize limit: ERR411992_cutadapt_bowtie2_minus_strand.tdf
[2021-11-05 23:46:17,445] multiqc                                            [DEBUG  ]  File ignored by rseqc/bam_stat because it exceeded search pattern filesize limit: ERR411992_cutadapt_bowtie2_minus_strand.tdf
[2021-11-05 23:46:17,445] multiqc                                            [DEBUG  ]  File ignored by rseqc/junction_annotation because it exceeded search pattern filesize limit: ERR411992_cutadapt_bowtie2_minus_strand.tdf
[2021-11-05 23:46:17,445] multiqc                                            [DEBUG  ]  File ignored by rseqc/read_distribution because it exceeded search pattern filesize limit: ERR411992_cutadapt_bowtie2_minus_strand.tdf
[2021-11-05 23:46:17,445] multiqc                                            [DEBUG  ]  File ignored by rseqc/infer_experiment because it exceeded search pattern filesize limit: ERR411992_cutadapt_bowtie2_minus_strand.tdf
[2021-11-05 23:46:17,445] multiqc                                            [DEBUG  ]  File ignored by snpeff because it exceeded search pattern filesize limit: ERR411992_cutadapt_bowtie2_minus_strand.tdf
[2021-11-05 23:46:17,445] multiqc                                            [DEBUG  ]  File ignored by stacks/sumstats because it exceeded search pattern filesize limit: ERR411992_cutadapt_bowtie2_minus_strand.tdf
[2021-11-05 23:46:17,471] multiqc                                            [DEBUG  ]  Ignoring file as matched an ignore pattern: ERR411992_cutadapt_empty1.fastq.gz
[2021-11-05 23:46:17,486] multiqc                                            [DEBUG  ]  File ignored by ccs/v4 because it exceeded search pattern filesize limit: ERR411992_cutadapt_bowtie2_plus_strand.tdf
[2021-11-05 23:46:17,487] multiqc                                            [DEBUG  ]  File ignored by hicexplorer because it exceeded search pattern filesize limit: ERR411992_cutadapt_bowtie2_plus_strand.tdf
[2021-11-05 23:46:17,488] multiqc                                            [DEBUG  ]  File ignored by nanostat because it exceeded search pattern filesize limit: ERR411992_cutadapt_bowtie2_plus_strand.tdf
[2021-11-05 23:46:17,488] multiqc                                            [DEBUG  ]  File ignored by lima/summary because it exceeded search pattern filesize limit: ERR411992_cutadapt_bowtie2_plus_strand.tdf
[2021-11-05 23:46:17,490] multiqc                                            [DEBUG  ]  File ignored by vep/vep_html because it exceeded search pattern filesize limit: ERR411992_cutadapt_bowtie2_plus_strand.tdf
[2021-11-05 23:46:17,490] multiqc                                            [DEBUG  ]  File ignored by vep/vep_txt because it exceeded search pattern filesize limit: ERR411992_cutadapt_bowtie2_plus_strand.tdf
[2021-11-05 23:46:17,490] multiqc                                            [DEBUG  ]  File ignored by longranger/invocation because it exceeded search pattern filesize limit: ERR411992_cutadapt_bowtie2_plus_strand.tdf
[2021-11-05 23:46:17,490] multiqc                                            [DEBUG  ]  File ignored by rockhopper because it exceeded search pattern filesize limit: ERR411992_cutadapt_bowtie2_plus_strand.tdf
[2021-11-05 23:46:17,490] multiqc                                            [DEBUG  ]  File ignored by rseqc/bam_stat because it exceeded search pattern filesize limit: ERR411992_cutadapt_bowtie2_plus_strand.tdf
[2021-11-05 23:46:17,490] multiqc                                            [DEBUG  ]  File ignored by rseqc/junction_annotation because it exceeded search pattern filesize limit: ERR411992_cutadapt_bowtie2_plus_strand.tdf
[2021-11-05 23:46:17,490] multiqc                                            [DEBUG  ]  File ignored by rseqc/read_distribution because it exceeded search pattern filesize limit: ERR411992_cutadapt_bowtie2_plus_strand.tdf
[2021-11-05 23:46:17,490] multiqc                                            [DEBUG  ]  File ignored by rseqc/infer_experiment because it exceeded search pattern filesize limit: ERR411992_cutadapt_bowtie2_plus_strand.tdf
[2021-11-05 23:46:17,490] multiqc                                            [DEBUG  ]  File ignored by snpeff because it exceeded search pattern filesize limit: ERR411992_cutadapt_bowtie2_plus_strand.tdf
[2021-11-05 23:46:17,491] multiqc                                            [DEBUG  ]  File ignored by stacks/sumstats because it exceeded search pattern filesize limit: ERR411992_cutadapt_bowtie2_plus_strand.tdf
[2021-11-05 23:46:17,548] multiqc                                            [DEBUG  ]  File ignored by ccs/v4 because it exceeded search pattern filesize limit: ERR411992_cutadapt_bowtie2_plus_strand_bedgraph_to_tdf.log
[2021-11-05 23:46:17,549] multiqc                                            [DEBUG  ]  File ignored by lima/summary because it exceeded search pattern filesize limit: ERR411992_cutadapt_bowtie2_plus_strand_bedgraph_to_tdf.log
[2021-11-05 23:46:17,567] multiqc                                            [DEBUG  ]  Ignoring file as matched an ignore pattern: ERR411992_cutadapt.fastq.gz
[2021-11-05 23:46:17,582] multiqc                                            [DEBUG  ]  File ignored by ccs/v4 because it exceeded search pattern filesize limit: ERR411992_cutadapt.log
[2021-11-05 23:46:17,583] multiqc                                            [DEBUG  ]  File ignored by hicexplorer because it exceeded search pattern filesize limit: ERR411992_cutadapt.log
[2021-11-05 23:46:17,583] multiqc                                            [DEBUG  ]  File ignored by nanostat because it exceeded search pattern filesize limit: ERR411992_cutadapt.log
[2021-11-05 23:46:17,583] multiqc                                            [DEBUG  ]  File ignored by lima/summary because it exceeded search pattern filesize limit: ERR411992_cutadapt.log
[2021-11-05 23:46:17,586] multiqc                                            [DEBUG  ]  File ignored by longranger/invocation because it exceeded search pattern filesize limit: ERR411992_cutadapt.log
[2021-11-05 23:46:17,606] multiqc                                            [DEBUG  ]  Ignoring file as matched an ignore pattern: ERR411992.fastq.gz
[2021-11-05 23:46:17,610] multiqc                                            [DEBUG  ]  File ignored by ccs/v4 because it exceeded search pattern filesize limit: ERR411992_cutadapt_bowtie2_minus_strand_bedgraph_to_tdf.log
[2021-11-05 23:46:17,612] multiqc                                            [DEBUG  ]  File ignored by lima/summary because it exceeded search pattern filesize limit: ERR411992_cutadapt_bowtie2_minus_strand_bedgraph_to_tdf.log
[2021-11-05 23:46:17,623] multiqc                                            [DEBUG  ]  File ignored by ccs/v4 because it exceeded search pattern filesize limit: ERR411992_cutadapt_bowtie2_bedgraph_to_tdf.log
[2021-11-05 23:46:17,625] multiqc                                            [DEBUG  ]  File ignored by lima/summary because it exceeded search pattern filesize limit: ERR411992_cutadapt_bowtie2_bedgraph_to_tdf.log
[2021-11-05 23:46:17,643] multiqc                                            [DEBUG  ]  Ignoring file as matched an ignore pattern: ERR411992_cutadapt_bowtie2.bam
[2021-11-05 23:46:17,678] multiqc                                            [DEBUG  ]  File ignored by ccs/v4 because it exceeded search pattern filesize limit: ERR411992_fastqc.html
[2021-11-05 23:46:17,679] multiqc                                            [DEBUG  ]  File ignored by hicexplorer because it exceeded search pattern filesize limit: ERR411992_fastqc.html
[2021-11-05 23:46:17,680] multiqc                                            [DEBUG  ]  File ignored by nanostat because it exceeded search pattern filesize limit: ERR411992_fastqc.html
[2021-11-05 23:46:17,680] multiqc                                            [DEBUG  ]  File ignored by lima/summary because it exceeded search pattern filesize limit: ERR411992_fastqc.html
[2021-11-05 23:46:17,683] multiqc                                            [DEBUG  ]  File ignored by vep/vep_txt because it exceeded search pattern filesize limit: ERR411992_fastqc.html
[2021-11-05 23:46:17,683] multiqc                                            [DEBUG  ]  File ignored by longranger/invocation because it exceeded search pattern filesize limit: ERR411992_fastqc.html
[2021-11-05 23:46:17,683] multiqc                                            [DEBUG  ]  File ignored by rockhopper because it exceeded search pattern filesize limit: ERR411992_fastqc.html
[2021-11-05 23:46:17,683] multiqc                                            [DEBUG  ]  File ignored by rseqc/bam_stat because it exceeded search pattern filesize limit: ERR411992_fastqc.html
[2021-11-05 23:46:17,683] multiqc                                            [DEBUG  ]  File ignored by rseqc/junction_annotation because it exceeded search pattern filesize limit: ERR411992_fastqc.html
[2021-11-05 23:46:17,683] multiqc                                            [DEBUG  ]  File ignored by rseqc/read_distribution because it exceeded search pattern filesize limit: ERR411992_fastqc.html
[2021-11-05 23:46:17,683] multiqc                                            [DEBUG  ]  File ignored by rseqc/infer_experiment because it exceeded search pattern filesize limit: ERR411992_fastqc.html
[2021-11-05 23:46:17,841] multiqc                                            [DEBUG  ]  File ignored by ccs/v4 because it exceeded search pattern filesize limit: ERR411992_cutadapt_fastqc.html
[2021-11-05 23:46:17,842] multiqc                                            [DEBUG  ]  File ignored by hicexplorer because it exceeded search pattern filesize limit: ERR411992_cutadapt_fastqc.html
[2021-11-05 23:46:17,843] multiqc                                            [DEBUG  ]  File ignored by nanostat because it exceeded search pattern filesize limit: ERR411992_cutadapt_fastqc.html
[2021-11-05 23:46:17,843] multiqc                                            [DEBUG  ]  File ignored by lima/summary because it exceeded search pattern filesize limit: ERR411992_cutadapt_fastqc.html
[2021-11-05 23:46:17,846] multiqc                                            [DEBUG  ]  File ignored by vep/vep_txt because it exceeded search pattern filesize limit: ERR411992_cutadapt_fastqc.html
[2021-11-05 23:46:17,846] multiqc                                            [DEBUG  ]  File ignored by longranger/invocation because it exceeded search pattern filesize limit: ERR411992_cutadapt_fastqc.html
[2021-11-05 23:46:17,846] multiqc                                            [DEBUG  ]  File ignored by rockhopper because it exceeded search pattern filesize limit: ERR411992_cutadapt_fastqc.html
[2021-11-05 23:46:17,846] multiqc                                            [DEBUG  ]  File ignored by rseqc/bam_stat because it exceeded search pattern filesize limit: ERR411992_cutadapt_fastqc.html
[2021-11-05 23:46:17,846] multiqc                                            [DEBUG  ]  File ignored by rseqc/junction_annotation because it exceeded search pattern filesize limit: ERR411992_cutadapt_fastqc.html
[2021-11-05 23:46:17,846] multiqc                                            [DEBUG  ]  File ignored by rseqc/read_distribution because it exceeded search pattern filesize limit: ERR411992_cutadapt_fastqc.html
[2021-11-05 23:46:17,846] multiqc                                            [DEBUG  ]  File ignored by rseqc/infer_experiment because it exceeded search pattern filesize limit: ERR411992_cutadapt_fastqc.html
[2021-11-05 23:46:18,013] multiqc                                            [DEBUG  ]  File ignored by ccs/v4 because it exceeded search pattern filesize limit: ERR411992_cutadapt_fastqc.log
[2021-11-05 23:46:18,015] multiqc                                            [DEBUG  ]  File ignored by lima/summary because it exceeded search pattern filesize limit: ERR411992_cutadapt_fastqc.log
[2021-11-05 23:46:18,053] multiqc                                            [DEBUG  ]  File ignored by ccs/v4 because it exceeded search pattern filesize limit: ERR411992_cutadapt_bowtie2_fastqc.html
[2021-11-05 23:46:18,054] multiqc                                            [DEBUG  ]  File ignored by hicexplorer because it exceeded search pattern filesize limit: ERR411992_cutadapt_bowtie2_fastqc.html
[2021-11-05 23:46:18,054] multiqc                                            [DEBUG  ]  File ignored by nanostat because it exceeded search pattern filesize limit: ERR411992_cutadapt_bowtie2_fastqc.html
[2021-11-05 23:46:18,054] multiqc                                            [DEBUG  ]  File ignored by lima/summary because it exceeded search pattern filesize limit: ERR411992_cutadapt_bowtie2_fastqc.html
[2021-11-05 23:46:18,057] multiqc                                            [DEBUG  ]  File ignored by vep/vep_txt because it exceeded search pattern filesize limit: ERR411992_cutadapt_bowtie2_fastqc.html
[2021-11-05 23:46:18,058] multiqc                                            [DEBUG  ]  File ignored by longranger/invocation because it exceeded search pattern filesize limit: ERR411992_cutadapt_bowtie2_fastqc.html
[2021-11-05 23:46:18,058] multiqc                                            [DEBUG  ]  File ignored by rockhopper because it exceeded search pattern filesize limit: ERR411992_cutadapt_bowtie2_fastqc.html
[2021-11-05 23:46:18,058] multiqc                                            [DEBUG  ]  File ignored by rseqc/bam_stat because it exceeded search pattern filesize limit: ERR411992_cutadapt_bowtie2_fastqc.html
[2021-11-05 23:46:18,058] multiqc                                            [DEBUG  ]  File ignored by rseqc/junction_annotation because it exceeded search pattern filesize limit: ERR411992_cutadapt_bowtie2_fastqc.html
[2021-11-05 23:46:18,058] multiqc                                            [DEBUG  ]  File ignored by rseqc/read_distribution because it exceeded search pattern filesize limit: ERR411992_cutadapt_bowtie2_fastqc.html
[2021-11-05 23:46:18,058] multiqc                                            [DEBUG  ]  File ignored by rseqc/infer_experiment because it exceeded search pattern filesize limit: ERR411992_cutadapt_bowtie2_fastqc.html
[2021-11-05 23:46:18,221] multiqc                                            [DEBUG  ]  File ignored by ccs/v4 because it exceeded search pattern filesize limit: ERR411992_cutadapt_bowtie2_fastqc.log
[2021-11-05 23:46:18,222] multiqc                                            [DEBUG  ]  File ignored by lima/summary because it exceeded search pattern filesize limit: ERR411992_cutadapt_bowtie2_fastqc.log
[2021-11-05 23:46:18,235] multiqc                                            [DEBUG  ]  File ignored by ccs/v4 because it exceeded search pattern filesize limit: DS00051_peaks.fasta
[2021-11-05 23:46:18,236] multiqc                                            [DEBUG  ]  File ignored by hicexplorer because it exceeded search pattern filesize limit: DS00051_peaks.fasta
[2021-11-05 23:46:18,236] multiqc                                            [DEBUG  ]  File ignored by nanostat because it exceeded search pattern filesize limit: DS00051_peaks.fasta
[2021-11-05 23:46:18,236] multiqc                                            [DEBUG  ]  File ignored by lima/summary because it exceeded search pattern filesize limit: DS00051_peaks.fasta
[2021-11-05 23:46:18,239] multiqc                                            [DEBUG  ]  File ignored by vep/vep_txt because it exceeded search pattern filesize limit: DS00051_peaks.fasta
[2021-11-05 23:46:18,239] multiqc                                            [DEBUG  ]  File ignored by longranger/invocation because it exceeded search pattern filesize limit: DS00051_peaks.fasta
[2021-11-05 23:46:18,301] multiqc                                            [DEBUG  ]  File ignored by ccs/v4 because it exceeded search pattern filesize limit: DS00051_peaks.ft
[2021-11-05 23:46:18,302] multiqc                                            [DEBUG  ]  File ignored by hicexplorer because it exceeded search pattern filesize limit: DS00051_peaks.ft
[2021-11-05 23:46:18,303] multiqc                                            [DEBUG  ]  File ignored by nanostat because it exceeded search pattern filesize limit: DS00051_peaks.ft
[2021-11-05 23:46:18,303] multiqc                                            [DEBUG  ]  File ignored by lima/summary because it exceeded search pattern filesize limit: DS00051_peaks.ft
[2021-11-05 23:46:18,305] multiqc                                            [DEBUG  ]  File ignored by longranger/invocation because it exceeded search pattern filesize limit: DS00051_peaks.ft
[2021-11-05 23:46:18,312] multiqc                                            [DEBUG  ]  Ignoring file as matched an ignore pattern: DS00051_peaks.bed
[2021-11-05 23:46:18,321] multiqc                                            [DEBUG  ]  File ignored by ccs/v4 because it exceeded search pattern filesize limit: DS00051_sites.fasta
[2021-11-05 23:46:18,322] multiqc                                            [DEBUG  ]  File ignored by lima/summary because it exceeded search pattern filesize limit: DS00051_sites.fasta
[2021-11-05 23:46:18,338] multiqc                                            [DEBUG  ]  File ignored by ccs/v4 because it exceeded search pattern filesize limit: DS00051_matrix.tab
[2021-11-05 23:46:18,340] multiqc                                            [DEBUG  ]  File ignored by lima/summary because it exceeded search pattern filesize limit: DS00051_matrix.tab
[2021-11-05 23:46:18,342] multiqc                                            [DEBUG  ]  File ignored by longranger/invocation because it exceeded search pattern filesize limit: DS00051_matrix.tab
[2021-11-05 23:46:18,348] multiqc                                            [DEBUG  ]  Ignoring file as matched an ignore pattern: DS00051_sites.bed
[2021-11-05 23:46:18,353] multiqc                                            [DEBUG  ]  File ignored by ccs/v4 because it exceeded search pattern filesize limit: DS00051_peaks.narrowPeak
[2021-11-05 23:46:18,354] multiqc                                            [DEBUG  ]  File ignored by hicexplorer because it exceeded search pattern filesize limit: DS00051_peaks.narrowPeak
[2021-11-05 23:46:18,354] multiqc                                            [DEBUG  ]  File ignored by nanostat because it exceeded search pattern filesize limit: DS00051_peaks.narrowPeak
[2021-11-05 23:46:18,354] multiqc                                            [DEBUG  ]  File ignored by lima/summary because it exceeded search pattern filesize limit: DS00051_peaks.narrowPeak
[2021-11-05 23:46:18,357] multiqc                                            [DEBUG  ]  File ignored by longranger/invocation because it exceeded search pattern filesize limit: DS00051_peaks.narrowPeak
[2021-11-05 23:46:18,372] multiqc                                            [DEBUG  ]  Ignoring file as matched an ignore pattern: DS00051_summits.bed
[2021-11-05 23:46:18,823] multiqc.plots.bargraph                             [DEBUG  ]  Using matplotlib version 3.4.3
[2021-11-05 23:46:18,824] multiqc.plots.linegraph                            [DEBUG  ]  Using matplotlib version 3.4.3
[2021-11-05 23:46:18,825] multiqc                                            [DEBUG  ]  No samples found: custom_content
[2021-11-05 23:46:18,832] multiqc                                            [DEBUG  ]  No samples found: ccs
[2021-11-05 23:46:18,838] multiqc                                            [DEBUG  ]  No samples found: ngsderive
[2021-11-05 23:46:18,845] multiqc                                            [DEBUG  ]  No samples found: purple
[2021-11-05 23:46:18,851] multiqc                                            [DEBUG  ]  No samples found: conpair
[2021-11-05 23:46:18,858] multiqc                                            [DEBUG  ]  No samples found: lima
[2021-11-05 23:46:18,864] multiqc                                            [DEBUG  ]  No samples found: peddy
[2021-11-05 23:46:18,871] multiqc                                            [DEBUG  ]  No samples found: somalier
[2021-11-05 23:46:18,877] multiqc                                            [DEBUG  ]  No samples found: methylQA
[2021-11-05 23:46:18,884] multiqc.modules.mosdepth.mosdepth                  [DEBUG  ]  include_contigs: []
[2021-11-05 23:46:18,884] multiqc.modules.mosdepth.mosdepth                  [DEBUG  ]  exclude_contigs: []
[2021-11-05 23:46:18,884] multiqc                                            [DEBUG  ]  No samples found: mosdepth
[2021-11-05 23:46:18,891] multiqc                                            [DEBUG  ]  No samples found: phantompeakqualtools
[2021-11-05 23:46:18,897] multiqc                                            [DEBUG  ]  No samples found: qualimap
[2021-11-05 23:46:18,904] multiqc                                            [DEBUG  ]  No samples found: preseq
[2021-11-05 23:46:18,910] multiqc                                            [DEBUG  ]  No samples found: quast
[2021-11-05 23:46:18,916] multiqc                                            [DEBUG  ]  No samples found: qorts
[2021-11-05 23:46:18,923] multiqc                                            [DEBUG  ]  No samples found: rna_seqc
[2021-11-05 23:46:18,929] multiqc                                            [DEBUG  ]  No samples found: rockhopper
[2021-11-05 23:46:18,935] multiqc                                            [DEBUG  ]  No samples found: rsem
[2021-11-05 23:46:18,944] multiqc                                            [DEBUG  ]  No samples found: rseqc
[2021-11-05 23:46:18,950] multiqc                                            [DEBUG  ]  No samples found: busco
[2021-11-05 23:46:18,957] multiqc                                            [DEBUG  ]  No samples found: bustools
[2021-11-05 23:46:18,963] multiqc                                            [DEBUG  ]  No samples found: goleft_indexcov
[2021-11-05 23:46:18,969] multiqc                                            [DEBUG  ]  No samples found: gffcompare
[2021-11-05 23:46:18,975] multiqc                                            [DEBUG  ]  No samples found: disambiguate
[2021-11-05 23:46:18,982] multiqc                                            [DEBUG  ]  No samples found: supernova
[2021-11-05 23:46:18,991] multiqc                                            [DEBUG  ]  No samples found: deeptools
[2021-11-05 23:46:18,997] multiqc                                            [DEBUG  ]  No samples found: sargasso
[2021-11-05 23:46:19,003] multiqc                                            [DEBUG  ]  No samples found: verifybamid
[2021-11-05 23:46:19,010] multiqc                                            [DEBUG  ]  No samples found: mirtrace
[2021-11-05 23:46:19,016] multiqc                                            [DEBUG  ]  No samples found: happy
[2021-11-05 23:46:19,022] multiqc                                            [DEBUG  ]  No samples found: mirtop
[2021-11-05 23:46:19,029] multiqc                                            [DEBUG  ]  No samples found: sambamba
[2021-11-05 23:46:19,035] multiqc                                            [DEBUG  ]  No samples found: homer
[2021-11-05 23:46:19,042] multiqc                                            [DEBUG  ]  No samples found: hops
[2021-11-05 23:46:19,052] multiqc.modules.macs2.macs2                        [INFO   ]  Found 1 logs
[2021-11-05 23:46:19,065] multiqc                                            [DEBUG  ]  No samples found: theta2
[2021-11-05 23:46:19,071] multiqc                                            [DEBUG  ]  No samples found: snpeff
[2021-11-05 23:46:19,078] multiqc                                            [DEBUG  ]  No samples found: gatk
[2021-11-05 23:46:19,091] multiqc                                            [DEBUG  ]  No samples found: htseq
[2021-11-05 23:46:19,099] multiqc                                            [DEBUG  ]  No samples found: bcftools
[2021-11-05 23:46:19,105] multiqc                                            [DEBUG  ]  No samples found: featureCounts
[2021-11-05 23:46:19,114] multiqc                                            [DEBUG  ]  No samples found: fgbio
[2021-11-05 23:46:19,125] multiqc                                            [DEBUG  ]  No samples found: dragen
[2021-11-05 23:46:19,131] multiqc                                            [DEBUG  ]  No samples found: dedup
[2021-11-05 23:46:19,138] multiqc                                            [DEBUG  ]  No samples found: damageprofiler
[2021-11-05 23:46:19,151] multiqc                                            [DEBUG  ]  No samples found: biobambam2
[2021-11-05 23:46:19,158] multiqc                                            [DEBUG  ]  No samples found: jcvi
[2021-11-05 23:46:19,164] multiqc                                            [DEBUG  ]  No samples found: mtnucratio
[2021-11-05 23:46:19,170] multiqc                                            [DEBUG  ]  No samples found: picard
[2021-11-05 23:46:19,177] multiqc                                            [DEBUG  ]  No samples found: vep
[2021-11-05 23:46:19,184] multiqc                                            [DEBUG  ]  No samples found: sentieon
[2021-11-05 23:46:19,190] multiqc                                            [DEBUG  ]  No samples found: prokka
[2021-11-05 23:46:19,197] multiqc                                            [DEBUG  ]  No samples found: qc3C
[2021-11-05 23:46:19,203] multiqc                                            [DEBUG  ]  No samples found: nanostat
[2021-11-05 23:46:19,209] multiqc                                            [DEBUG  ]  No samples found: samblaster
[2021-11-05 23:46:19,230] multiqc.modules.samtools.samtools                  [INFO   ]  Found 2 flagstat reports
[2021-11-05 23:46:19,237] multiqc                                            [DEBUG  ]  No samples found: sexdeterrmine
[2021-11-05 23:46:19,243] multiqc                                            [DEBUG  ]  No samples found: eigenstratdatabasetools
[2021-11-05 23:46:19,250] multiqc                                            [DEBUG  ]  No samples found: bamtools
[2021-11-05 23:46:19,256] multiqc                                            [DEBUG  ]  No samples found: jellyfish
[2021-11-05 23:46:19,264] multiqc                                            [DEBUG  ]  No samples found: vcftools
[2021-11-05 23:46:19,270] multiqc                                            [DEBUG  ]  No samples found: longranger
[2021-11-05 23:46:19,276] multiqc                                            [DEBUG  ]  No samples found: stacks
[2021-11-05 23:46:19,283] multiqc                                            [DEBUG  ]  No samples found: varscan2
[2021-11-05 23:46:19,289] multiqc                                            [DEBUG  ]  No samples found: snippy
[2021-11-05 23:46:19,298] multiqc                                            [DEBUG  ]  No samples found: bbmap
[2021-11-05 23:46:19,305] multiqc                                            [DEBUG  ]  No samples found: bismark
[2021-11-05 23:46:19,311] multiqc                                            [DEBUG  ]  No samples found: biscuit
[2021-11-05 23:46:19,318] multiqc                                            [DEBUG  ]  No samples found: hicexplorer
[2021-11-05 23:46:19,324] multiqc                                            [DEBUG  ]  No samples found: hicup
[2021-11-05 23:46:19,331] multiqc                                            [DEBUG  ]  No samples found: hicpro
[2021-11-05 23:46:19,337] multiqc                                            [DEBUG  ]  No samples found: salmon
[2021-11-05 23:46:19,343] multiqc                                            [DEBUG  ]  No samples found: kallisto
[2021-11-05 23:46:19,349] multiqc                                            [DEBUG  ]  No samples found: slamdunk
[2021-11-05 23:46:19,356] multiqc                                            [DEBUG  ]  No samples found: star
[2021-11-05 23:46:19,362] multiqc                                            [DEBUG  ]  No samples found: hisat2
[2021-11-05 23:46:19,368] multiqc                                            [DEBUG  ]  No samples found: tophat
[2021-11-05 23:46:19,377] multiqc.modules.bowtie2.bowtie2                    [INFO   ]  Found 2 reports
[2021-11-05 23:46:19,386] multiqc                                            [DEBUG  ]  No samples found: bowtie1
[2021-11-05 23:46:19,393] multiqc                                            [DEBUG  ]  No samples found: snpsplit
[2021-11-05 23:46:19,399] multiqc                                            [DEBUG  ]  No samples found: odgi
[2021-11-05 23:46:19,405] multiqc                                            [DEBUG  ]  No samples found: pangolin
[2021-11-05 23:46:19,411] multiqc                                            [DEBUG  ]  No samples found: kat
[2021-11-05 23:46:19,417] multiqc                                            [DEBUG  ]  No samples found: leehom
[2021-11-05 23:46:19,424] multiqc                                            [DEBUG  ]  No samples found: adapterRemoval
[2021-11-05 23:46:19,430] multiqc                                            [DEBUG  ]  No samples found: clipandmerge
[2021-11-05 23:46:19,444] multiqc.modules.cutadapt.cutadapt                  [DEBUG  ]  Duplicate sample name found! Overwriting: ERR411988
[2021-11-05 23:46:19,450] multiqc.modules.cutadapt.cutadapt                  [DEBUG  ]  Duplicate sample name found! Overwriting: ERR411992
[2021-11-05 23:46:19,453] multiqc.modules.cutadapt.cutadapt                  [INFO   ]  Found 2 reports
[2021-11-05 23:46:19,468] multiqc                                            [DEBUG  ]  No samples found: flexbar
[2021-11-05 23:46:19,475] multiqc                                            [DEBUG  ]  No samples found: kaiju
[2021-11-05 23:46:19,481] multiqc                                            [DEBUG  ]  No samples found: kraken
[2021-11-05 23:46:19,487] multiqc                                            [DEBUG  ]  No samples found: malt
[2021-11-05 23:46:19,494] multiqc                                            [DEBUG  ]  No samples found: trimmomatic
[2021-11-05 23:46:19,501] multiqc                                            [DEBUG  ]  No samples found: sickle
[2021-11-05 23:46:19,507] multiqc                                            [DEBUG  ]  No samples found: skewer
[2021-11-05 23:46:19,513] multiqc                                            [DEBUG  ]  No samples found: sortmerna
[2021-11-05 23:46:19,519] multiqc                                            [DEBUG  ]  No samples found: biobloomtools
[2021-11-05 23:46:19,525] multiqc                                            [DEBUG  ]  No samples found: fastq_screen
[2021-11-05 23:46:19,532] multiqc                                            [DEBUG  ]  No samples found: afterqc
[2021-11-05 23:46:19,538] multiqc                                            [DEBUG  ]  No samples found: fastp
[2021-11-05 23:46:19,633] multiqc.modules.fastqc.fastqc                      [INFO   ]  Found 6 reports
[2021-11-05 23:46:19,788] multiqc                                            [DEBUG  ]  No samples found: pychopper
[2021-11-05 23:46:19,794] multiqc                                            [DEBUG  ]  No samples found: pycoqc
[2021-11-05 23:46:19,800] multiqc                                            [DEBUG  ]  No samples found: minionqc
[2021-11-05 23:46:19,807] multiqc                                            [DEBUG  ]  No samples found: multivcfanalyzer
[2021-11-05 23:46:19,813] multiqc                                            [DEBUG  ]  No samples found: clusterflow
[2021-11-05 23:46:19,819] multiqc                                            [DEBUG  ]  No samples found: bcl2fastq
[2021-11-05 23:46:19,826] multiqc                                            [DEBUG  ]  No samples found: bclconvert
[2021-11-05 23:46:19,832] multiqc                                            [DEBUG  ]  No samples found: interop
[2021-11-05 23:46:19,838] multiqc                                            [DEBUG  ]  No samples found: ivar
[2021-11-05 23:46:19,845] multiqc                                            [DEBUG  ]  No samples found: flash
[2021-11-05 23:46:19,851] multiqc                                            [DEBUG  ]  No samples found: seqyclean
[2021-11-05 23:46:19,857] multiqc                                            [DEBUG  ]  No samples found: optitype
[2021-11-05 23:46:19,879] multiqc                                            [INFO   ]  Compressing plot data
[2021-11-05 23:46:20,104] multiqc                                            [INFO   ]  Report      : ChIP-seq_collection/E-MTAB-2211/datasets/DS00051/multiQC/multiqc_report.html
[2021-11-05 23:46:20,104] multiqc                                            [INFO   ]  Data        : ChIP-seq_collection/E-MTAB-2211/datasets/DS00051/multiQC/multiqc_data
[2021-11-05 23:46:20,104] multiqc                                            [DEBUG  ]  Moving data file from '/tmp/tmplgckuk33/multiqc_data' to 'ChIP-seq_collection/E-MTAB-2211/datasets/DS00051/multiQC/multiqc_data'
[2021-11-05 23:46:20,284] multiqc                                            [INFO   ]  MultiQC complete
