[2021-11-06 06:05:45,896] multiqc                                            [DEBUG  ]  This is MultiQC v1.11
[2021-11-06 06:05:45,896] multiqc                                            [DEBUG  ]  No MultiQC config found: /home/rioualen/miniconda3/envs/snakemake/lib/python3.9/site-packages/multiqc_config.yaml
[2021-11-06 06:05:45,896] multiqc                                            [DEBUG  ]  No MultiQC config found: /home/rioualen/.multiqc_config.yaml
[2021-11-06 06:05:45,897] multiqc                                            [DEBUG  ]  No MultiQC config found: multiqc_config.yaml
[2021-11-06 06:05:45,897] multiqc                                            [DEBUG  ]  Command used: /home/rioualen/miniconda3/envs/snakemake/bin/multiqc ChIP-seq_collection/GSE111874/samples/GSM3043065 ChIP-seq_collection/GSE111874/samples/GSM3043101 ChIP-seq_collection/GSE111874/datasets/DS00073 ChIP-seq_collection/GSE111874/samples/GSM3043066 ChIP-seq_collection/GSE111874/samples/GSM3043102 ChIP-seq_collection/GSE111874/datasets/DS00073 -o ChIP-seq_collection/GSE111874/datasets/DS00073/multiQC
[2021-11-06 06:05:46,090] multiqc                                            [DEBUG  ]  Latest MultiQC version is v1.11
[2021-11-06 06:05:46,090] multiqc                                            [DEBUG  ]  Command     : /home/rioualen/miniconda3/envs/snakemake/bin/multiqc ChIP-seq_collection/GSE111874/samples/GSM3043065 ChIP-seq_collection/GSE111874/samples/GSM3043101 ChIP-seq_collection/GSE111874/datasets/DS00073 ChIP-seq_collection/GSE111874/samples/GSM3043066 ChIP-seq_collection/GSE111874/samples/GSM3043102 ChIP-seq_collection/GSE111874/datasets/DS00073 -o ChIP-seq_collection/GSE111874/datasets/DS00073/multiQC
[2021-11-06 06:05:46,090] multiqc                                            [DEBUG  ]  Working dir : /workspace/rioualen/HT_collections
[2021-11-06 06:05:46,090] multiqc                                            [DEBUG  ]  Template    : default
[2021-11-06 06:05:46,091] multiqc                                            [DEBUG  ]  Running Python 3.9.7 | packaged by conda-forge | (default, Sep 29 2021, 19:20:46)  [GCC 9.4.0]
[2021-11-06 06:05:46,091] multiqc                                            [DEBUG  ]  Analysing modules: custom_content, ccs, ngsderive, purple, conpair, lima, peddy, somalier, methylQA, mosdepth, phantompeakqualtools, qualimap, preseq, quast, qorts, rna_seqc, rockhopper, rsem, rseqc, busco, bustools, goleft_indexcov, gffcompare, disambiguate, supernova, deeptools, sargasso, verifybamid, mirtrace, happy, mirtop, sambamba, homer, hops, macs2, theta2, snpeff, gatk, htseq, bcftools, featureCounts, fgbio, dragen, dedup, damageprofiler, biobambam2, jcvi, mtnucratio, picard, vep, sentieon, prokka, qc3C, nanostat, samblaster, samtools, sexdeterrmine, eigenstratdatabasetools, bamtools, jellyfish, vcftools, longranger, stacks, varscan2, snippy, bbmap, bismark, biscuit, hicexplorer, hicup, hicpro, salmon, kallisto, slamdunk, star, hisat2, tophat, bowtie2, bowtie1, snpsplit, odgi, pangolin, kat, leehom, adapterRemoval, clipandmerge, cutadapt, flexbar, kaiju, kraken, malt, trimmomatic, sickle, skewer, sortmerna, biobloomtools, fastq_screen, afterqc, fastp, fastqc, pychopper, pycoqc, minionqc, multivcfanalyzer, clusterflow, bcl2fastq, bclconvert, interop, ivar, flash, seqyclean, optitype
[2021-11-06 06:05:46,092] multiqc                                            [DEBUG  ]  Using temporary directory for creating report: /tmp/tmpmn7p6ahn
[2021-11-06 06:05:46,239] multiqc                                            [INFO   ]  Search path : /workspace/rioualen/HT_collections/ChIP-seq_collection/GSE111874/samples/GSM3043065
[2021-11-06 06:05:46,239] multiqc                                            [INFO   ]  Search path : /workspace/rioualen/HT_collections/ChIP-seq_collection/GSE111874/samples/GSM3043101
[2021-11-06 06:05:46,239] multiqc                                            [INFO   ]  Search path : /workspace/rioualen/HT_collections/ChIP-seq_collection/GSE111874/datasets/DS00073
[2021-11-06 06:05:46,239] multiqc                                            [INFO   ]  Search path : /workspace/rioualen/HT_collections/ChIP-seq_collection/GSE111874/samples/GSM3043066
[2021-11-06 06:05:46,240] multiqc                                            [INFO   ]  Search path : /workspace/rioualen/HT_collections/ChIP-seq_collection/GSE111874/samples/GSM3043102
[2021-11-06 06:05:46,240] multiqc                                            [INFO   ]  Search path : /workspace/rioualen/HT_collections/ChIP-seq_collection/GSE111874/datasets/DS00073
[2021-11-06 06:05:46,304] multiqc                                            [DEBUG  ]  File ignored by ccs/v4 because it exceeded search pattern filesize limit: GSM3043065_cutadapt_bowtie2_plus_strand_bedgraph_to_tdf.log
[2021-11-06 06:05:46,306] multiqc                                            [DEBUG  ]  File ignored by lima/summary because it exceeded search pattern filesize limit: GSM3043065_cutadapt_bowtie2_plus_strand_bedgraph_to_tdf.log
[2021-11-06 06:05:46,320] multiqc                                            [DEBUG  ]  Ignoring file as matched an ignore pattern: GSM3043065_1.fastq.gz
[2021-11-06 06:05:46,320] multiqc                                            [DEBUG  ]  Ignoring file as matched an ignore pattern: GSM3043065_cutadapt_bowtie2.bam.bai
[2021-11-06 06:05:46,350] multiqc                                            [DEBUG  ]  Ignoring file as matched an ignore pattern: GSM3043065_cutadapt_1.fastq.gz
[2021-11-06 06:05:46,365] multiqc                                            [DEBUG  ]  Ignoring file as matched an ignore pattern: GSM3043065_2.fastq.gz
[2021-11-06 06:05:46,388] multiqc                                            [DEBUG  ]  Ignoring file as matched an ignore pattern: GSM3043065_cutadapt_2.fastq.gz
[2021-11-06 06:05:46,504] multiqc                                            [DEBUG  ]  Ignoring file as matched an ignore pattern: GSM3043065_cutadapt.fastq.gz
[2021-11-06 06:05:46,647] multiqc                                            [DEBUG  ]  File ignored by ccs/v4 because it exceeded search pattern filesize limit: GSM3043065_1.fastq.gz_trimming_report.txt
[2021-11-06 06:05:46,649] multiqc                                            [DEBUG  ]  File ignored by lima/summary because it exceeded search pattern filesize limit: GSM3043065_1.fastq.gz_trimming_report.txt
[2021-11-06 06:05:46,651] multiqc                                            [DEBUG  ]  File ignored by longranger/invocation because it exceeded search pattern filesize limit: GSM3043065_1.fastq.gz_trimming_report.txt
[2021-11-06 06:05:46,662] multiqc                                            [DEBUG  ]  File ignored by ccs/v4 because it exceeded search pattern filesize limit: GSM3043065_cutadapt_bowtie2_bedgraph_to_tdf.log
[2021-11-06 06:05:46,664] multiqc                                            [DEBUG  ]  File ignored by lima/summary because it exceeded search pattern filesize limit: GSM3043065_cutadapt_bowtie2_bedgraph_to_tdf.log
[2021-11-06 06:05:46,679] multiqc                                            [DEBUG  ]  File ignored by ccs/v4 because it exceeded search pattern filesize limit: GSM3043065_cutadapt_bowtie2_minus_strand_bedgraph_to_tdf.log
[2021-11-06 06:05:46,680] multiqc                                            [DEBUG  ]  File ignored by lima/summary because it exceeded search pattern filesize limit: GSM3043065_cutadapt_bowtie2_minus_strand_bedgraph_to_tdf.log
[2021-11-06 06:05:46,698] multiqc                                            [DEBUG  ]  Ignoring file as matched an ignore pattern: GSM3043065_cutadapt_bowtie2.bam
[2021-11-06 06:05:46,714] multiqc                                            [DEBUG  ]  File ignored by ccs/v4 because it exceeded search pattern filesize limit: GSM3043065_cutadapt.log
[2021-11-06 06:05:46,715] multiqc                                            [DEBUG  ]  File ignored by hicexplorer because it exceeded search pattern filesize limit: GSM3043065_cutadapt.log
[2021-11-06 06:05:46,716] multiqc                                            [DEBUG  ]  File ignored by nanostat because it exceeded search pattern filesize limit: GSM3043065_cutadapt.log
[2021-11-06 06:05:46,716] multiqc                                            [DEBUG  ]  File ignored by lima/summary because it exceeded search pattern filesize limit: GSM3043065_cutadapt.log
[2021-11-06 06:05:46,718] multiqc                                            [DEBUG  ]  File ignored by longranger/invocation because it exceeded search pattern filesize limit: GSM3043065_cutadapt.log
[2021-11-06 06:05:46,745] multiqc                                            [DEBUG  ]  File ignored by ccs/v4 because it exceeded search pattern filesize limit: GSM3043065_2.fastq.gz_trimming_report.txt
[2021-11-06 06:05:46,747] multiqc                                            [DEBUG  ]  File ignored by lima/summary because it exceeded search pattern filesize limit: GSM3043065_2.fastq.gz_trimming_report.txt
[2021-11-06 06:05:46,749] multiqc                                            [DEBUG  ]  File ignored by longranger/invocation because it exceeded search pattern filesize limit: GSM3043065_2.fastq.gz_trimming_report.txt
[2021-11-06 06:05:46,865] multiqc                                            [DEBUG  ]  File ignored by ccs/v4 because it exceeded search pattern filesize limit: GSM3043065_2_fastqc.html
[2021-11-06 06:05:46,866] multiqc                                            [DEBUG  ]  File ignored by hicexplorer because it exceeded search pattern filesize limit: GSM3043065_2_fastqc.html
[2021-11-06 06:05:46,867] multiqc                                            [DEBUG  ]  File ignored by nanostat because it exceeded search pattern filesize limit: GSM3043065_2_fastqc.html
[2021-11-06 06:05:46,867] multiqc                                            [DEBUG  ]  File ignored by lima/summary because it exceeded search pattern filesize limit: GSM3043065_2_fastqc.html
[2021-11-06 06:05:46,870] multiqc                                            [DEBUG  ]  File ignored by vep/vep_txt because it exceeded search pattern filesize limit: GSM3043065_2_fastqc.html
[2021-11-06 06:05:46,870] multiqc                                            [DEBUG  ]  File ignored by longranger/invocation because it exceeded search pattern filesize limit: GSM3043065_2_fastqc.html
[2021-11-06 06:05:46,870] multiqc                                            [DEBUG  ]  File ignored by rockhopper because it exceeded search pattern filesize limit: GSM3043065_2_fastqc.html
[2021-11-06 06:05:46,870] multiqc                                            [DEBUG  ]  File ignored by rseqc/bam_stat because it exceeded search pattern filesize limit: GSM3043065_2_fastqc.html
[2021-11-06 06:05:46,870] multiqc                                            [DEBUG  ]  File ignored by rseqc/junction_annotation because it exceeded search pattern filesize limit: GSM3043065_2_fastqc.html
[2021-11-06 06:05:46,870] multiqc                                            [DEBUG  ]  File ignored by rseqc/read_distribution because it exceeded search pattern filesize limit: GSM3043065_2_fastqc.html
[2021-11-06 06:05:46,870] multiqc                                            [DEBUG  ]  File ignored by rseqc/infer_experiment because it exceeded search pattern filesize limit: GSM3043065_2_fastqc.html
[2021-11-06 06:05:47,076] multiqc                                            [DEBUG  ]  File ignored by ccs/v4 because it exceeded search pattern filesize limit: GSM3043065_1_fastqc.html
[2021-11-06 06:05:47,077] multiqc                                            [DEBUG  ]  File ignored by hicexplorer because it exceeded search pattern filesize limit: GSM3043065_1_fastqc.html
[2021-11-06 06:05:47,078] multiqc                                            [DEBUG  ]  File ignored by nanostat because it exceeded search pattern filesize limit: GSM3043065_1_fastqc.html
[2021-11-06 06:05:47,078] multiqc                                            [DEBUG  ]  File ignored by lima/summary because it exceeded search pattern filesize limit: GSM3043065_1_fastqc.html
[2021-11-06 06:05:47,081] multiqc                                            [DEBUG  ]  File ignored by vep/vep_txt because it exceeded search pattern filesize limit: GSM3043065_1_fastqc.html
[2021-11-06 06:05:47,081] multiqc                                            [DEBUG  ]  File ignored by longranger/invocation because it exceeded search pattern filesize limit: GSM3043065_1_fastqc.html
[2021-11-06 06:05:47,081] multiqc                                            [DEBUG  ]  File ignored by rockhopper because it exceeded search pattern filesize limit: GSM3043065_1_fastqc.html
[2021-11-06 06:05:47,081] multiqc                                            [DEBUG  ]  File ignored by rseqc/bam_stat because it exceeded search pattern filesize limit: GSM3043065_1_fastqc.html
[2021-11-06 06:05:47,081] multiqc                                            [DEBUG  ]  File ignored by rseqc/junction_annotation because it exceeded search pattern filesize limit: GSM3043065_1_fastqc.html
[2021-11-06 06:05:47,081] multiqc                                            [DEBUG  ]  File ignored by rseqc/read_distribution because it exceeded search pattern filesize limit: GSM3043065_1_fastqc.html
[2021-11-06 06:05:47,081] multiqc                                            [DEBUG  ]  File ignored by rseqc/infer_experiment because it exceeded search pattern filesize limit: GSM3043065_1_fastqc.html
[2021-11-06 06:05:47,262] multiqc                                            [DEBUG  ]  File ignored by ccs/v4 because it exceeded search pattern filesize limit: GSM3043065_cutadapt_2_fastqc.log
[2021-11-06 06:05:47,263] multiqc                                            [DEBUG  ]  File ignored by lima/summary because it exceeded search pattern filesize limit: GSM3043065_cutadapt_2_fastqc.log
[2021-11-06 06:05:47,291] multiqc                                            [DEBUG  ]  File ignored by ccs/v4 because it exceeded search pattern filesize limit: GSM3043065_cutadapt_2_fastqc.html
[2021-11-06 06:05:47,293] multiqc                                            [DEBUG  ]  File ignored by hicexplorer because it exceeded search pattern filesize limit: GSM3043065_cutadapt_2_fastqc.html
[2021-11-06 06:05:47,293] multiqc                                            [DEBUG  ]  File ignored by nanostat because it exceeded search pattern filesize limit: GSM3043065_cutadapt_2_fastqc.html
[2021-11-06 06:05:47,293] multiqc                                            [DEBUG  ]  File ignored by lima/summary because it exceeded search pattern filesize limit: GSM3043065_cutadapt_2_fastqc.html
[2021-11-06 06:05:47,296] multiqc                                            [DEBUG  ]  File ignored by vep/vep_txt because it exceeded search pattern filesize limit: GSM3043065_cutadapt_2_fastqc.html
[2021-11-06 06:05:47,297] multiqc                                            [DEBUG  ]  File ignored by longranger/invocation because it exceeded search pattern filesize limit: GSM3043065_cutadapt_2_fastqc.html
[2021-11-06 06:05:47,297] multiqc                                            [DEBUG  ]  File ignored by rockhopper because it exceeded search pattern filesize limit: GSM3043065_cutadapt_2_fastqc.html
[2021-11-06 06:05:47,297] multiqc                                            [DEBUG  ]  File ignored by rseqc/bam_stat because it exceeded search pattern filesize limit: GSM3043065_cutadapt_2_fastqc.html
[2021-11-06 06:05:47,297] multiqc                                            [DEBUG  ]  File ignored by rseqc/junction_annotation because it exceeded search pattern filesize limit: GSM3043065_cutadapt_2_fastqc.html
[2021-11-06 06:05:47,297] multiqc                                            [DEBUG  ]  File ignored by rseqc/read_distribution because it exceeded search pattern filesize limit: GSM3043065_cutadapt_2_fastqc.html
[2021-11-06 06:05:47,297] multiqc                                            [DEBUG  ]  File ignored by rseqc/infer_experiment because it exceeded search pattern filesize limit: GSM3043065_cutadapt_2_fastqc.html
[2021-11-06 06:05:47,414] multiqc                                            [DEBUG  ]  File ignored by ccs/v4 because it exceeded search pattern filesize limit: GSM3043065_cutadapt_bowtie2_fastqc.log
[2021-11-06 06:05:47,416] multiqc                                            [DEBUG  ]  File ignored by lima/summary because it exceeded search pattern filesize limit: GSM3043065_cutadapt_bowtie2_fastqc.log
[2021-11-06 06:05:47,487] multiqc                                            [DEBUG  ]  File ignored by ccs/v4 because it exceeded search pattern filesize limit: GSM3043065_cutadapt_bowtie2_fastqc.html
[2021-11-06 06:05:47,488] multiqc                                            [DEBUG  ]  File ignored by hicexplorer because it exceeded search pattern filesize limit: GSM3043065_cutadapt_bowtie2_fastqc.html
[2021-11-06 06:05:47,488] multiqc                                            [DEBUG  ]  File ignored by nanostat because it exceeded search pattern filesize limit: GSM3043065_cutadapt_bowtie2_fastqc.html
[2021-11-06 06:05:47,489] multiqc                                            [DEBUG  ]  File ignored by lima/summary because it exceeded search pattern filesize limit: GSM3043065_cutadapt_bowtie2_fastqc.html
[2021-11-06 06:05:47,492] multiqc                                            [DEBUG  ]  File ignored by vep/vep_txt because it exceeded search pattern filesize limit: GSM3043065_cutadapt_bowtie2_fastqc.html
[2021-11-06 06:05:47,492] multiqc                                            [DEBUG  ]  File ignored by longranger/invocation because it exceeded search pattern filesize limit: GSM3043065_cutadapt_bowtie2_fastqc.html
[2021-11-06 06:05:47,492] multiqc                                            [DEBUG  ]  File ignored by rockhopper because it exceeded search pattern filesize limit: GSM3043065_cutadapt_bowtie2_fastqc.html
[2021-11-06 06:05:47,492] multiqc                                            [DEBUG  ]  File ignored by rseqc/bam_stat because it exceeded search pattern filesize limit: GSM3043065_cutadapt_bowtie2_fastqc.html
[2021-11-06 06:05:47,492] multiqc                                            [DEBUG  ]  File ignored by rseqc/junction_annotation because it exceeded search pattern filesize limit: GSM3043065_cutadapt_bowtie2_fastqc.html
[2021-11-06 06:05:47,492] multiqc                                            [DEBUG  ]  File ignored by rseqc/read_distribution because it exceeded search pattern filesize limit: GSM3043065_cutadapt_bowtie2_fastqc.html
[2021-11-06 06:05:47,492] multiqc                                            [DEBUG  ]  File ignored by rseqc/infer_experiment because it exceeded search pattern filesize limit: GSM3043065_cutadapt_bowtie2_fastqc.html
[2021-11-06 06:05:47,617] multiqc                                            [DEBUG  ]  File ignored by ccs/v4 because it exceeded search pattern filesize limit: GSM3043065_cutadapt_1_fastqc.log
[2021-11-06 06:05:47,619] multiqc                                            [DEBUG  ]  File ignored by lima/summary because it exceeded search pattern filesize limit: GSM3043065_cutadapt_1_fastqc.log
[2021-11-06 06:05:47,685] multiqc                                            [DEBUG  ]  File ignored by ccs/v4 because it exceeded search pattern filesize limit: GSM3043065_cutadapt_1_fastqc.html
[2021-11-06 06:05:47,687] multiqc                                            [DEBUG  ]  File ignored by hicexplorer because it exceeded search pattern filesize limit: GSM3043065_cutadapt_1_fastqc.html
[2021-11-06 06:05:47,687] multiqc                                            [DEBUG  ]  File ignored by nanostat because it exceeded search pattern filesize limit: GSM3043065_cutadapt_1_fastqc.html
[2021-11-06 06:05:47,687] multiqc                                            [DEBUG  ]  File ignored by lima/summary because it exceeded search pattern filesize limit: GSM3043065_cutadapt_1_fastqc.html
[2021-11-06 06:05:47,690] multiqc                                            [DEBUG  ]  File ignored by vep/vep_txt because it exceeded search pattern filesize limit: GSM3043065_cutadapt_1_fastqc.html
[2021-11-06 06:05:47,690] multiqc                                            [DEBUG  ]  File ignored by longranger/invocation because it exceeded search pattern filesize limit: GSM3043065_cutadapt_1_fastqc.html
[2021-11-06 06:05:47,691] multiqc                                            [DEBUG  ]  File ignored by rockhopper because it exceeded search pattern filesize limit: GSM3043065_cutadapt_1_fastqc.html
[2021-11-06 06:05:47,691] multiqc                                            [DEBUG  ]  File ignored by rseqc/bam_stat because it exceeded search pattern filesize limit: GSM3043065_cutadapt_1_fastqc.html
[2021-11-06 06:05:47,691] multiqc                                            [DEBUG  ]  File ignored by rseqc/junction_annotation because it exceeded search pattern filesize limit: GSM3043065_cutadapt_1_fastqc.html
[2021-11-06 06:05:47,691] multiqc                                            [DEBUG  ]  File ignored by rseqc/read_distribution because it exceeded search pattern filesize limit: GSM3043065_cutadapt_1_fastqc.html
[2021-11-06 06:05:47,691] multiqc                                            [DEBUG  ]  File ignored by rseqc/infer_experiment because it exceeded search pattern filesize limit: GSM3043065_cutadapt_1_fastqc.html
[2021-11-06 06:05:47,852] multiqc                                            [DEBUG  ]  Ignoring file as matched an ignore pattern: GSM3043101_1.fastq.gz
[2021-11-06 06:05:47,878] multiqc                                            [DEBUG  ]  File ignored by ccs/v4 because it exceeded search pattern filesize limit: GSM3043101_cutadapt_bowtie2_minus_strand_bedgraph_to_tdf.log
[2021-11-06 06:05:47,880] multiqc                                            [DEBUG  ]  File ignored by lima/summary because it exceeded search pattern filesize limit: GSM3043101_cutadapt_bowtie2_minus_strand_bedgraph_to_tdf.log
[2021-11-06 06:05:47,891] multiqc                                            [DEBUG  ]  File ignored by ccs/v4 because it exceeded search pattern filesize limit: GSM3043101_1.fastq.gz_trimming_report.txt
[2021-11-06 06:05:47,893] multiqc                                            [DEBUG  ]  File ignored by lima/summary because it exceeded search pattern filesize limit: GSM3043101_1.fastq.gz_trimming_report.txt
[2021-11-06 06:05:47,895] multiqc                                            [DEBUG  ]  File ignored by longranger/invocation because it exceeded search pattern filesize limit: GSM3043101_1.fastq.gz_trimming_report.txt
[2021-11-06 06:05:47,976] multiqc                                            [DEBUG  ]  Ignoring file as matched an ignore pattern: GSM3043101_cutadapt_bowtie2.bam
[2021-11-06 06:05:47,976] multiqc                                            [DEBUG  ]  Ignoring file as matched an ignore pattern: GSM3043101_cutadapt_1.fastq.gz
[2021-11-06 06:05:48,004] multiqc                                            [DEBUG  ]  File ignored by ccs/v4 because it exceeded search pattern filesize limit: GSM3043101_cutadapt_bowtie2_plus_strand_bedgraph_to_tdf.log
[2021-11-06 06:05:48,005] multiqc                                            [DEBUG  ]  File ignored by lima/summary because it exceeded search pattern filesize limit: GSM3043101_cutadapt_bowtie2_plus_strand_bedgraph_to_tdf.log
[2021-11-06 06:05:48,012] multiqc                                            [DEBUG  ]  Ignoring file as matched an ignore pattern: GSM3043101_cutadapt_bowtie2.bam.bai
[2021-11-06 06:05:48,121] multiqc                                            [DEBUG  ]  File ignored by ccs/v4 because it exceeded search pattern filesize limit: GSM3043101_cutadapt.log
[2021-11-06 06:05:48,122] multiqc                                            [DEBUG  ]  File ignored by hicexplorer because it exceeded search pattern filesize limit: GSM3043101_cutadapt.log
[2021-11-06 06:05:48,122] multiqc                                            [DEBUG  ]  File ignored by nanostat because it exceeded search pattern filesize limit: GSM3043101_cutadapt.log
[2021-11-06 06:05:48,122] multiqc                                            [DEBUG  ]  File ignored by lima/summary because it exceeded search pattern filesize limit: GSM3043101_cutadapt.log
[2021-11-06 06:05:48,125] multiqc                                            [DEBUG  ]  File ignored by longranger/invocation because it exceeded search pattern filesize limit: GSM3043101_cutadapt.log
[2021-11-06 06:05:48,140] multiqc                                            [DEBUG  ]  File ignored by ccs/v4 because it exceeded search pattern filesize limit: GSM3043101_2.fastq.gz_trimming_report.txt
[2021-11-06 06:05:48,142] multiqc                                            [DEBUG  ]  File ignored by lima/summary because it exceeded search pattern filesize limit: GSM3043101_2.fastq.gz_trimming_report.txt
[2021-11-06 06:05:48,148] multiqc                                            [DEBUG  ]  File ignored by longranger/invocation because it exceeded search pattern filesize limit: GSM3043101_2.fastq.gz_trimming_report.txt
[2021-11-06 06:05:48,159] multiqc                                            [DEBUG  ]  File ignored by ccs/v4 because it exceeded search pattern filesize limit: GSM3043101_cutadapt_bowtie2_bedgraph_to_tdf.log
[2021-11-06 06:05:48,160] multiqc                                            [DEBUG  ]  File ignored by lima/summary because it exceeded search pattern filesize limit: GSM3043101_cutadapt_bowtie2_bedgraph_to_tdf.log
[2021-11-06 06:05:48,202] multiqc                                            [DEBUG  ]  Ignoring file as matched an ignore pattern: GSM3043101_cutadapt.fastq.gz
[2021-11-06 06:05:48,269] multiqc                                            [DEBUG  ]  Ignoring file as matched an ignore pattern: GSM3043101_2.fastq.gz
[2021-11-06 06:05:48,269] multiqc                                            [DEBUG  ]  Ignoring file as matched an ignore pattern: GSM3043101_cutadapt_2.fastq.gz
[2021-11-06 06:05:48,318] multiqc                                            [DEBUG  ]  File ignored by ccs/v4 because it exceeded search pattern filesize limit: GSM3043101_cutadapt_1_fastqc.html
[2021-11-06 06:05:48,320] multiqc                                            [DEBUG  ]  File ignored by hicexplorer because it exceeded search pattern filesize limit: GSM3043101_cutadapt_1_fastqc.html
[2021-11-06 06:05:48,320] multiqc                                            [DEBUG  ]  File ignored by nanostat because it exceeded search pattern filesize limit: GSM3043101_cutadapt_1_fastqc.html
[2021-11-06 06:05:48,320] multiqc                                            [DEBUG  ]  File ignored by lima/summary because it exceeded search pattern filesize limit: GSM3043101_cutadapt_1_fastqc.html
[2021-11-06 06:05:48,323] multiqc                                            [DEBUG  ]  File ignored by vep/vep_txt because it exceeded search pattern filesize limit: GSM3043101_cutadapt_1_fastqc.html
[2021-11-06 06:05:48,323] multiqc                                            [DEBUG  ]  File ignored by longranger/invocation because it exceeded search pattern filesize limit: GSM3043101_cutadapt_1_fastqc.html
[2021-11-06 06:05:48,323] multiqc                                            [DEBUG  ]  File ignored by rockhopper because it exceeded search pattern filesize limit: GSM3043101_cutadapt_1_fastqc.html
[2021-11-06 06:05:48,324] multiqc                                            [DEBUG  ]  File ignored by rseqc/bam_stat because it exceeded search pattern filesize limit: GSM3043101_cutadapt_1_fastqc.html
[2021-11-06 06:05:48,324] multiqc                                            [DEBUG  ]  File ignored by rseqc/junction_annotation because it exceeded search pattern filesize limit: GSM3043101_cutadapt_1_fastqc.html
[2021-11-06 06:05:48,324] multiqc                                            [DEBUG  ]  File ignored by rseqc/read_distribution because it exceeded search pattern filesize limit: GSM3043101_cutadapt_1_fastqc.html
[2021-11-06 06:05:48,324] multiqc                                            [DEBUG  ]  File ignored by rseqc/infer_experiment because it exceeded search pattern filesize limit: GSM3043101_cutadapt_1_fastqc.html
[2021-11-06 06:05:48,487] multiqc                                            [DEBUG  ]  File ignored by ccs/v4 because it exceeded search pattern filesize limit: GSM3043101_cutadapt_1_fastqc.log
[2021-11-06 06:05:48,488] multiqc                                            [DEBUG  ]  File ignored by lima/summary because it exceeded search pattern filesize limit: GSM3043101_cutadapt_1_fastqc.log
[2021-11-06 06:05:48,569] multiqc                                            [DEBUG  ]  File ignored by ccs/v4 because it exceeded search pattern filesize limit: GSM3043101_2_fastqc.html
[2021-11-06 06:05:48,571] multiqc                                            [DEBUG  ]  File ignored by hicexplorer because it exceeded search pattern filesize limit: GSM3043101_2_fastqc.html
[2021-11-06 06:05:48,571] multiqc                                            [DEBUG  ]  File ignored by nanostat because it exceeded search pattern filesize limit: GSM3043101_2_fastqc.html
[2021-11-06 06:05:48,571] multiqc                                            [DEBUG  ]  File ignored by lima/summary because it exceeded search pattern filesize limit: GSM3043101_2_fastqc.html
[2021-11-06 06:05:48,574] multiqc                                            [DEBUG  ]  File ignored by vep/vep_txt because it exceeded search pattern filesize limit: GSM3043101_2_fastqc.html
[2021-11-06 06:05:48,574] multiqc                                            [DEBUG  ]  File ignored by longranger/invocation because it exceeded search pattern filesize limit: GSM3043101_2_fastqc.html
[2021-11-06 06:05:48,574] multiqc                                            [DEBUG  ]  File ignored by rockhopper because it exceeded search pattern filesize limit: GSM3043101_2_fastqc.html
[2021-11-06 06:05:48,574] multiqc                                            [DEBUG  ]  File ignored by rseqc/bam_stat because it exceeded search pattern filesize limit: GSM3043101_2_fastqc.html
[2021-11-06 06:05:48,574] multiqc                                            [DEBUG  ]  File ignored by rseqc/junction_annotation because it exceeded search pattern filesize limit: GSM3043101_2_fastqc.html
[2021-11-06 06:05:48,575] multiqc                                            [DEBUG  ]  File ignored by rseqc/read_distribution because it exceeded search pattern filesize limit: GSM3043101_2_fastqc.html
[2021-11-06 06:05:48,575] multiqc                                            [DEBUG  ]  File ignored by rseqc/infer_experiment because it exceeded search pattern filesize limit: GSM3043101_2_fastqc.html
[2021-11-06 06:05:48,797] multiqc                                            [DEBUG  ]  File ignored by ccs/v4 because it exceeded search pattern filesize limit: GSM3043101_cutadapt_2_fastqc.html
[2021-11-06 06:05:48,799] multiqc                                            [DEBUG  ]  File ignored by hicexplorer because it exceeded search pattern filesize limit: GSM3043101_cutadapt_2_fastqc.html
[2021-11-06 06:05:48,799] multiqc                                            [DEBUG  ]  File ignored by nanostat because it exceeded search pattern filesize limit: GSM3043101_cutadapt_2_fastqc.html
[2021-11-06 06:05:48,799] multiqc                                            [DEBUG  ]  File ignored by lima/summary because it exceeded search pattern filesize limit: GSM3043101_cutadapt_2_fastqc.html
[2021-11-06 06:05:48,802] multiqc                                            [DEBUG  ]  File ignored by vep/vep_txt because it exceeded search pattern filesize limit: GSM3043101_cutadapt_2_fastqc.html
[2021-11-06 06:05:48,802] multiqc                                            [DEBUG  ]  File ignored by longranger/invocation because it exceeded search pattern filesize limit: GSM3043101_cutadapt_2_fastqc.html
[2021-11-06 06:05:48,802] multiqc                                            [DEBUG  ]  File ignored by rockhopper because it exceeded search pattern filesize limit: GSM3043101_cutadapt_2_fastqc.html
[2021-11-06 06:05:48,802] multiqc                                            [DEBUG  ]  File ignored by rseqc/bam_stat because it exceeded search pattern filesize limit: GSM3043101_cutadapt_2_fastqc.html
[2021-11-06 06:05:48,802] multiqc                                            [DEBUG  ]  File ignored by rseqc/junction_annotation because it exceeded search pattern filesize limit: GSM3043101_cutadapt_2_fastqc.html
[2021-11-06 06:05:48,802] multiqc                                            [DEBUG  ]  File ignored by rseqc/read_distribution because it exceeded search pattern filesize limit: GSM3043101_cutadapt_2_fastqc.html
[2021-11-06 06:05:48,802] multiqc                                            [DEBUG  ]  File ignored by rseqc/infer_experiment because it exceeded search pattern filesize limit: GSM3043101_cutadapt_2_fastqc.html
[2021-11-06 06:05:48,932] multiqc                                            [DEBUG  ]  File ignored by ccs/v4 because it exceeded search pattern filesize limit: GSM3043101_cutadapt_2_fastqc.log
[2021-11-06 06:05:48,933] multiqc                                            [DEBUG  ]  File ignored by lima/summary because it exceeded search pattern filesize limit: GSM3043101_cutadapt_2_fastqc.log
[2021-11-06 06:05:48,990] multiqc                                            [DEBUG  ]  File ignored by ccs/v4 because it exceeded search pattern filesize limit: GSM3043101_1_fastqc.html
[2021-11-06 06:05:48,992] multiqc                                            [DEBUG  ]  File ignored by hicexplorer because it exceeded search pattern filesize limit: GSM3043101_1_fastqc.html
[2021-11-06 06:05:48,992] multiqc                                            [DEBUG  ]  File ignored by nanostat because it exceeded search pattern filesize limit: GSM3043101_1_fastqc.html
[2021-11-06 06:05:48,992] multiqc                                            [DEBUG  ]  File ignored by lima/summary because it exceeded search pattern filesize limit: GSM3043101_1_fastqc.html
[2021-11-06 06:05:48,995] multiqc                                            [DEBUG  ]  File ignored by vep/vep_txt because it exceeded search pattern filesize limit: GSM3043101_1_fastqc.html
[2021-11-06 06:05:48,995] multiqc                                            [DEBUG  ]  File ignored by longranger/invocation because it exceeded search pattern filesize limit: GSM3043101_1_fastqc.html
[2021-11-06 06:05:48,996] multiqc                                            [DEBUG  ]  File ignored by rockhopper because it exceeded search pattern filesize limit: GSM3043101_1_fastqc.html
[2021-11-06 06:05:48,996] multiqc                                            [DEBUG  ]  File ignored by rseqc/bam_stat because it exceeded search pattern filesize limit: GSM3043101_1_fastqc.html
[2021-11-06 06:05:48,996] multiqc                                            [DEBUG  ]  File ignored by rseqc/junction_annotation because it exceeded search pattern filesize limit: GSM3043101_1_fastqc.html
[2021-11-06 06:05:48,996] multiqc                                            [DEBUG  ]  File ignored by rseqc/read_distribution because it exceeded search pattern filesize limit: GSM3043101_1_fastqc.html
[2021-11-06 06:05:48,996] multiqc                                            [DEBUG  ]  File ignored by rseqc/infer_experiment because it exceeded search pattern filesize limit: GSM3043101_1_fastqc.html
[2021-11-06 06:05:49,209] multiqc                                            [DEBUG  ]  File ignored by ccs/v4 because it exceeded search pattern filesize limit: GSM3043101_cutadapt_bowtie2_fastqc.html
[2021-11-06 06:05:49,211] multiqc                                            [DEBUG  ]  File ignored by hicexplorer because it exceeded search pattern filesize limit: GSM3043101_cutadapt_bowtie2_fastqc.html
[2021-11-06 06:05:49,211] multiqc                                            [DEBUG  ]  File ignored by nanostat because it exceeded search pattern filesize limit: GSM3043101_cutadapt_bowtie2_fastqc.html
[2021-11-06 06:05:49,211] multiqc                                            [DEBUG  ]  File ignored by lima/summary because it exceeded search pattern filesize limit: GSM3043101_cutadapt_bowtie2_fastqc.html
[2021-11-06 06:05:49,214] multiqc                                            [DEBUG  ]  File ignored by vep/vep_txt because it exceeded search pattern filesize limit: GSM3043101_cutadapt_bowtie2_fastqc.html
[2021-11-06 06:05:49,214] multiqc                                            [DEBUG  ]  File ignored by longranger/invocation because it exceeded search pattern filesize limit: GSM3043101_cutadapt_bowtie2_fastqc.html
[2021-11-06 06:05:49,214] multiqc                                            [DEBUG  ]  File ignored by rockhopper because it exceeded search pattern filesize limit: GSM3043101_cutadapt_bowtie2_fastqc.html
[2021-11-06 06:05:49,214] multiqc                                            [DEBUG  ]  File ignored by rseqc/bam_stat because it exceeded search pattern filesize limit: GSM3043101_cutadapt_bowtie2_fastqc.html
[2021-11-06 06:05:49,215] multiqc                                            [DEBUG  ]  File ignored by rseqc/junction_annotation because it exceeded search pattern filesize limit: GSM3043101_cutadapt_bowtie2_fastqc.html
[2021-11-06 06:05:49,215] multiqc                                            [DEBUG  ]  File ignored by rseqc/read_distribution because it exceeded search pattern filesize limit: GSM3043101_cutadapt_bowtie2_fastqc.html
[2021-11-06 06:05:49,215] multiqc                                            [DEBUG  ]  File ignored by rseqc/infer_experiment because it exceeded search pattern filesize limit: GSM3043101_cutadapt_bowtie2_fastqc.html
[2021-11-06 06:05:49,366] multiqc                                            [DEBUG  ]  File ignored by ccs/v4 because it exceeded search pattern filesize limit: GSM3043101_cutadapt_bowtie2_fastqc.log
[2021-11-06 06:05:49,368] multiqc                                            [DEBUG  ]  File ignored by lima/summary because it exceeded search pattern filesize limit: GSM3043101_cutadapt_bowtie2_fastqc.log
[2021-11-06 06:05:49,379] multiqc                                            [DEBUG  ]  File ignored by ccs/v4 because it exceeded search pattern filesize limit: DS00073_peaks.fasta
[2021-11-06 06:05:49,381] multiqc                                            [DEBUG  ]  File ignored by hicexplorer because it exceeded search pattern filesize limit: DS00073_peaks.fasta
[2021-11-06 06:05:49,381] multiqc                                            [DEBUG  ]  File ignored by nanostat because it exceeded search pattern filesize limit: DS00073_peaks.fasta
[2021-11-06 06:05:49,381] multiqc                                            [DEBUG  ]  File ignored by lima/summary because it exceeded search pattern filesize limit: DS00073_peaks.fasta
[2021-11-06 06:05:49,384] multiqc                                            [DEBUG  ]  File ignored by vep/vep_txt because it exceeded search pattern filesize limit: DS00073_peaks.fasta
[2021-11-06 06:05:49,384] multiqc                                            [DEBUG  ]  File ignored by longranger/invocation because it exceeded search pattern filesize limit: DS00073_peaks.fasta
[2021-11-06 06:05:49,463] multiqc                                            [DEBUG  ]  Ignoring file as matched an ignore pattern: DS00073_sites.bed
[2021-11-06 06:05:49,467] multiqc                                            [DEBUG  ]  File ignored by ccs/v4 because it exceeded search pattern filesize limit: DS00073_peaks.ft
[2021-11-06 06:05:49,469] multiqc                                            [DEBUG  ]  File ignored by lima/summary because it exceeded search pattern filesize limit: DS00073_peaks.ft
[2021-11-06 06:05:49,471] multiqc                                            [DEBUG  ]  File ignored by longranger/invocation because it exceeded search pattern filesize limit: DS00073_peaks.ft
[2021-11-06 06:05:49,486] multiqc                                            [DEBUG  ]  File ignored by ccs/v4 because it exceeded search pattern filesize limit: DS00073_matrix.tab
[2021-11-06 06:05:49,487] multiqc                                            [DEBUG  ]  File ignored by lima/summary because it exceeded search pattern filesize limit: DS00073_matrix.tab
[2021-11-06 06:05:49,490] multiqc                                            [DEBUG  ]  File ignored by longranger/invocation because it exceeded search pattern filesize limit: DS00073_matrix.tab
[2021-11-06 06:05:49,496] multiqc                                            [DEBUG  ]  Ignoring file as matched an ignore pattern: DS00073_peaks.bed
[2021-11-06 06:05:49,513] multiqc                                            [DEBUG  ]  File ignored by ccs/v4 because it exceeded search pattern filesize limit: DS00073_peaks.narrowPeak
[2021-11-06 06:05:49,514] multiqc                                            [DEBUG  ]  File ignored by hicexplorer because it exceeded search pattern filesize limit: DS00073_peaks.narrowPeak
[2021-11-06 06:05:49,514] multiqc                                            [DEBUG  ]  File ignored by nanostat because it exceeded search pattern filesize limit: DS00073_peaks.narrowPeak
[2021-11-06 06:05:49,514] multiqc                                            [DEBUG  ]  File ignored by lima/summary because it exceeded search pattern filesize limit: DS00073_peaks.narrowPeak
[2021-11-06 06:05:49,517] multiqc                                            [DEBUG  ]  File ignored by longranger/invocation because it exceeded search pattern filesize limit: DS00073_peaks.narrowPeak
[2021-11-06 06:05:49,544] multiqc                                            [DEBUG  ]  Ignoring file as matched an ignore pattern: DS00073_summits.bed
[2021-11-06 06:05:49,563] multiqc                                            [DEBUG  ]  File ignored by ccs/v4 because it exceeded search pattern filesize limit: GSM3043066_2.fastq.gz_trimming_report.txt
[2021-11-06 06:05:49,564] multiqc                                            [DEBUG  ]  File ignored by lima/summary because it exceeded search pattern filesize limit: GSM3043066_2.fastq.gz_trimming_report.txt
[2021-11-06 06:05:49,567] multiqc                                            [DEBUG  ]  File ignored by longranger/invocation because it exceeded search pattern filesize limit: GSM3043066_2.fastq.gz_trimming_report.txt
[2021-11-06 06:05:49,573] multiqc                                            [DEBUG  ]  Ignoring file as matched an ignore pattern: GSM3043066_cutadapt.fastq.gz
[2021-11-06 06:05:49,573] multiqc                                            [DEBUG  ]  Ignoring file as matched an ignore pattern: GSM3043066_1.fastq.gz
[2021-11-06 06:05:49,604] multiqc                                            [DEBUG  ]  Ignoring file as matched an ignore pattern: GSM3043066_cutadapt_bowtie2.bam
[2021-11-06 06:05:49,615] multiqc                                            [DEBUG  ]  Ignoring file as matched an ignore pattern: GSM3043066_2.fastq.gz
[2021-11-06 06:05:49,666] multiqc                                            [DEBUG  ]  Ignoring file as matched an ignore pattern: GSM3043066_cutadapt_bowtie2.bam.bai
[2021-11-06 06:05:49,682] multiqc                                            [DEBUG  ]  File ignored by ccs/v4 because it exceeded search pattern filesize limit: GSM3043066_1.fastq.gz_trimming_report.txt
[2021-11-06 06:05:49,683] multiqc                                            [DEBUG  ]  File ignored by lima/summary because it exceeded search pattern filesize limit: GSM3043066_1.fastq.gz_trimming_report.txt
[2021-11-06 06:05:49,686] multiqc                                            [DEBUG  ]  File ignored by longranger/invocation because it exceeded search pattern filesize limit: GSM3043066_1.fastq.gz_trimming_report.txt
[2021-11-06 06:05:49,735] multiqc                                            [DEBUG  ]  File ignored by ccs/v4 because it exceeded search pattern filesize limit: GSM3043066_cutadapt_bowtie2_bedgraph_to_tdf.log
[2021-11-06 06:05:49,736] multiqc                                            [DEBUG  ]  File ignored by lima/summary because it exceeded search pattern filesize limit: GSM3043066_cutadapt_bowtie2_bedgraph_to_tdf.log
[2021-11-06 06:05:49,822] multiqc                                            [DEBUG  ]  File ignored by ccs/v4 because it exceeded search pattern filesize limit: GSM3043066_cutadapt.log
[2021-11-06 06:05:49,823] multiqc                                            [DEBUG  ]  File ignored by hicexplorer because it exceeded search pattern filesize limit: GSM3043066_cutadapt.log
[2021-11-06 06:05:49,823] multiqc                                            [DEBUG  ]  File ignored by nanostat because it exceeded search pattern filesize limit: GSM3043066_cutadapt.log
[2021-11-06 06:05:49,823] multiqc                                            [DEBUG  ]  File ignored by lima/summary because it exceeded search pattern filesize limit: GSM3043066_cutadapt.log
[2021-11-06 06:05:49,826] multiqc                                            [DEBUG  ]  File ignored by longranger/invocation because it exceeded search pattern filesize limit: GSM3043066_cutadapt.log
[2021-11-06 06:05:49,885] multiqc                                            [DEBUG  ]  Ignoring file as matched an ignore pattern: GSM3043066_cutadapt_2.fastq.gz
[2021-11-06 06:05:49,931] multiqc                                            [DEBUG  ]  File ignored by ccs/v4 because it exceeded search pattern filesize limit: GSM3043066_cutadapt_bowtie2_minus_strand_bedgraph_to_tdf.log
[2021-11-06 06:05:49,932] multiqc                                            [DEBUG  ]  File ignored by lima/summary because it exceeded search pattern filesize limit: GSM3043066_cutadapt_bowtie2_minus_strand_bedgraph_to_tdf.log
[2021-11-06 06:05:49,947] multiqc                                            [DEBUG  ]  File ignored by ccs/v4 because it exceeded search pattern filesize limit: GSM3043066_cutadapt_bowtie2_plus_strand_bedgraph_to_tdf.log
[2021-11-06 06:05:49,949] multiqc                                            [DEBUG  ]  File ignored by lima/summary because it exceeded search pattern filesize limit: GSM3043066_cutadapt_bowtie2_plus_strand_bedgraph_to_tdf.log
[2021-11-06 06:05:49,989] multiqc                                            [DEBUG  ]  Ignoring file as matched an ignore pattern: GSM3043066_cutadapt_1.fastq.gz
[2021-11-06 06:05:50,065] multiqc                                            [DEBUG  ]  File ignored by ccs/v4 because it exceeded search pattern filesize limit: GSM3043066_2_fastqc.html
[2021-11-06 06:05:50,067] multiqc                                            [DEBUG  ]  File ignored by hicexplorer because it exceeded search pattern filesize limit: GSM3043066_2_fastqc.html
[2021-11-06 06:05:50,067] multiqc                                            [DEBUG  ]  File ignored by nanostat because it exceeded search pattern filesize limit: GSM3043066_2_fastqc.html
[2021-11-06 06:05:50,067] multiqc                                            [DEBUG  ]  File ignored by lima/summary because it exceeded search pattern filesize limit: GSM3043066_2_fastqc.html
[2021-11-06 06:05:50,070] multiqc                                            [DEBUG  ]  File ignored by vep/vep_txt because it exceeded search pattern filesize limit: GSM3043066_2_fastqc.html
[2021-11-06 06:05:50,070] multiqc                                            [DEBUG  ]  File ignored by longranger/invocation because it exceeded search pattern filesize limit: GSM3043066_2_fastqc.html
[2021-11-06 06:05:50,070] multiqc                                            [DEBUG  ]  File ignored by rockhopper because it exceeded search pattern filesize limit: GSM3043066_2_fastqc.html
[2021-11-06 06:05:50,070] multiqc                                            [DEBUG  ]  File ignored by rseqc/bam_stat because it exceeded search pattern filesize limit: GSM3043066_2_fastqc.html
[2021-11-06 06:05:50,070] multiqc                                            [DEBUG  ]  File ignored by rseqc/junction_annotation because it exceeded search pattern filesize limit: GSM3043066_2_fastqc.html
[2021-11-06 06:05:50,070] multiqc                                            [DEBUG  ]  File ignored by rseqc/read_distribution because it exceeded search pattern filesize limit: GSM3043066_2_fastqc.html
[2021-11-06 06:05:50,070] multiqc                                            [DEBUG  ]  File ignored by rseqc/infer_experiment because it exceeded search pattern filesize limit: GSM3043066_2_fastqc.html
[2021-11-06 06:05:50,333] multiqc                                            [DEBUG  ]  File ignored by ccs/v4 because it exceeded search pattern filesize limit: GSM3043066_1_fastqc.html
[2021-11-06 06:05:50,334] multiqc                                            [DEBUG  ]  File ignored by hicexplorer because it exceeded search pattern filesize limit: GSM3043066_1_fastqc.html
[2021-11-06 06:05:50,335] multiqc                                            [DEBUG  ]  File ignored by nanostat because it exceeded search pattern filesize limit: GSM3043066_1_fastqc.html
[2021-11-06 06:05:50,335] multiqc                                            [DEBUG  ]  File ignored by lima/summary because it exceeded search pattern filesize limit: GSM3043066_1_fastqc.html
[2021-11-06 06:05:50,338] multiqc                                            [DEBUG  ]  File ignored by vep/vep_txt because it exceeded search pattern filesize limit: GSM3043066_1_fastqc.html
[2021-11-06 06:05:50,338] multiqc                                            [DEBUG  ]  File ignored by longranger/invocation because it exceeded search pattern filesize limit: GSM3043066_1_fastqc.html
[2021-11-06 06:05:50,338] multiqc                                            [DEBUG  ]  File ignored by rockhopper because it exceeded search pattern filesize limit: GSM3043066_1_fastqc.html
[2021-11-06 06:05:50,338] multiqc                                            [DEBUG  ]  File ignored by rseqc/bam_stat because it exceeded search pattern filesize limit: GSM3043066_1_fastqc.html
[2021-11-06 06:05:50,338] multiqc                                            [DEBUG  ]  File ignored by rseqc/junction_annotation because it exceeded search pattern filesize limit: GSM3043066_1_fastqc.html
[2021-11-06 06:05:50,338] multiqc                                            [DEBUG  ]  File ignored by rseqc/read_distribution because it exceeded search pattern filesize limit: GSM3043066_1_fastqc.html
[2021-11-06 06:05:50,338] multiqc                                            [DEBUG  ]  File ignored by rseqc/infer_experiment because it exceeded search pattern filesize limit: GSM3043066_1_fastqc.html
[2021-11-06 06:05:50,512] multiqc                                            [DEBUG  ]  File ignored by ccs/v4 because it exceeded search pattern filesize limit: GSM3043066_cutadapt_1_fastqc.log
[2021-11-06 06:05:50,513] multiqc                                            [DEBUG  ]  File ignored by lima/summary because it exceeded search pattern filesize limit: GSM3043066_cutadapt_1_fastqc.log
[2021-11-06 06:05:50,594] multiqc                                            [DEBUG  ]  File ignored by ccs/v4 because it exceeded search pattern filesize limit: GSM3043066_cutadapt_1_fastqc.html
[2021-11-06 06:05:50,596] multiqc                                            [DEBUG  ]  File ignored by hicexplorer because it exceeded search pattern filesize limit: GSM3043066_cutadapt_1_fastqc.html
[2021-11-06 06:05:50,596] multiqc                                            [DEBUG  ]  File ignored by nanostat because it exceeded search pattern filesize limit: GSM3043066_cutadapt_1_fastqc.html
[2021-11-06 06:05:50,596] multiqc                                            [DEBUG  ]  File ignored by lima/summary because it exceeded search pattern filesize limit: GSM3043066_cutadapt_1_fastqc.html
[2021-11-06 06:05:50,599] multiqc                                            [DEBUG  ]  File ignored by vep/vep_txt because it exceeded search pattern filesize limit: GSM3043066_cutadapt_1_fastqc.html
[2021-11-06 06:05:50,599] multiqc                                            [DEBUG  ]  File ignored by longranger/invocation because it exceeded search pattern filesize limit: GSM3043066_cutadapt_1_fastqc.html
[2021-11-06 06:05:50,600] multiqc                                            [DEBUG  ]  File ignored by rockhopper because it exceeded search pattern filesize limit: GSM3043066_cutadapt_1_fastqc.html
[2021-11-06 06:05:50,600] multiqc                                            [DEBUG  ]  File ignored by rseqc/bam_stat because it exceeded search pattern filesize limit: GSM3043066_cutadapt_1_fastqc.html
[2021-11-06 06:05:50,600] multiqc                                            [DEBUG  ]  File ignored by rseqc/junction_annotation because it exceeded search pattern filesize limit: GSM3043066_cutadapt_1_fastqc.html
[2021-11-06 06:05:50,600] multiqc                                            [DEBUG  ]  File ignored by rseqc/read_distribution because it exceeded search pattern filesize limit: GSM3043066_cutadapt_1_fastqc.html
[2021-11-06 06:05:50,600] multiqc                                            [DEBUG  ]  File ignored by rseqc/infer_experiment because it exceeded search pattern filesize limit: GSM3043066_cutadapt_1_fastqc.html
[2021-11-06 06:05:50,737] multiqc                                            [DEBUG  ]  File ignored by ccs/v4 because it exceeded search pattern filesize limit: GSM3043066_cutadapt_2_fastqc.log
[2021-11-06 06:05:50,738] multiqc                                            [DEBUG  ]  File ignored by lima/summary because it exceeded search pattern filesize limit: GSM3043066_cutadapt_2_fastqc.log
[2021-11-06 06:05:50,764] multiqc                                            [DEBUG  ]  File ignored by ccs/v4 because it exceeded search pattern filesize limit: GSM3043066_cutadapt_2_fastqc.html
[2021-11-06 06:05:50,765] multiqc                                            [DEBUG  ]  File ignored by hicexplorer because it exceeded search pattern filesize limit: GSM3043066_cutadapt_2_fastqc.html
[2021-11-06 06:05:50,765] multiqc                                            [DEBUG  ]  File ignored by nanostat because it exceeded search pattern filesize limit: GSM3043066_cutadapt_2_fastqc.html
[2021-11-06 06:05:50,765] multiqc                                            [DEBUG  ]  File ignored by lima/summary because it exceeded search pattern filesize limit: GSM3043066_cutadapt_2_fastqc.html
[2021-11-06 06:05:50,768] multiqc                                            [DEBUG  ]  File ignored by vep/vep_txt because it exceeded search pattern filesize limit: GSM3043066_cutadapt_2_fastqc.html
[2021-11-06 06:05:50,769] multiqc                                            [DEBUG  ]  File ignored by longranger/invocation because it exceeded search pattern filesize limit: GSM3043066_cutadapt_2_fastqc.html
[2021-11-06 06:05:50,769] multiqc                                            [DEBUG  ]  File ignored by rockhopper because it exceeded search pattern filesize limit: GSM3043066_cutadapt_2_fastqc.html
[2021-11-06 06:05:50,769] multiqc                                            [DEBUG  ]  File ignored by rseqc/bam_stat because it exceeded search pattern filesize limit: GSM3043066_cutadapt_2_fastqc.html
[2021-11-06 06:05:50,769] multiqc                                            [DEBUG  ]  File ignored by rseqc/junction_annotation because it exceeded search pattern filesize limit: GSM3043066_cutadapt_2_fastqc.html
[2021-11-06 06:05:50,769] multiqc                                            [DEBUG  ]  File ignored by rseqc/read_distribution because it exceeded search pattern filesize limit: GSM3043066_cutadapt_2_fastqc.html
[2021-11-06 06:05:50,769] multiqc                                            [DEBUG  ]  File ignored by rseqc/infer_experiment because it exceeded search pattern filesize limit: GSM3043066_cutadapt_2_fastqc.html
[2021-11-06 06:05:50,910] multiqc                                            [DEBUG  ]  File ignored by ccs/v4 because it exceeded search pattern filesize limit: GSM3043066_cutadapt_bowtie2_fastqc.log
[2021-11-06 06:05:50,912] multiqc                                            [DEBUG  ]  File ignored by lima/summary because it exceeded search pattern filesize limit: GSM3043066_cutadapt_bowtie2_fastqc.log
[2021-11-06 06:05:51,041] multiqc                                            [DEBUG  ]  File ignored by ccs/v4 because it exceeded search pattern filesize limit: GSM3043066_cutadapt_bowtie2_fastqc.html
[2021-11-06 06:05:51,042] multiqc                                            [DEBUG  ]  File ignored by hicexplorer because it exceeded search pattern filesize limit: GSM3043066_cutadapt_bowtie2_fastqc.html
[2021-11-06 06:05:51,043] multiqc                                            [DEBUG  ]  File ignored by nanostat because it exceeded search pattern filesize limit: GSM3043066_cutadapt_bowtie2_fastqc.html
[2021-11-06 06:05:51,043] multiqc                                            [DEBUG  ]  File ignored by lima/summary because it exceeded search pattern filesize limit: GSM3043066_cutadapt_bowtie2_fastqc.html
[2021-11-06 06:05:51,046] multiqc                                            [DEBUG  ]  File ignored by vep/vep_txt because it exceeded search pattern filesize limit: GSM3043066_cutadapt_bowtie2_fastqc.html
[2021-11-06 06:05:51,046] multiqc                                            [DEBUG  ]  File ignored by longranger/invocation because it exceeded search pattern filesize limit: GSM3043066_cutadapt_bowtie2_fastqc.html
[2021-11-06 06:05:51,046] multiqc                                            [DEBUG  ]  File ignored by rockhopper because it exceeded search pattern filesize limit: GSM3043066_cutadapt_bowtie2_fastqc.html
[2021-11-06 06:05:51,046] multiqc                                            [DEBUG  ]  File ignored by rseqc/bam_stat because it exceeded search pattern filesize limit: GSM3043066_cutadapt_bowtie2_fastqc.html
[2021-11-06 06:05:51,046] multiqc                                            [DEBUG  ]  File ignored by rseqc/junction_annotation because it exceeded search pattern filesize limit: GSM3043066_cutadapt_bowtie2_fastqc.html
[2021-11-06 06:05:51,046] multiqc                                            [DEBUG  ]  File ignored by rseqc/read_distribution because it exceeded search pattern filesize limit: GSM3043066_cutadapt_bowtie2_fastqc.html
[2021-11-06 06:05:51,046] multiqc                                            [DEBUG  ]  File ignored by rseqc/infer_experiment because it exceeded search pattern filesize limit: GSM3043066_cutadapt_bowtie2_fastqc.html
[2021-11-06 06:05:51,185] multiqc                                            [DEBUG  ]  File ignored by ccs/v4 because it exceeded search pattern filesize limit: GSM3043102_cutadapt.log
[2021-11-06 06:05:51,186] multiqc                                            [DEBUG  ]  File ignored by hicexplorer because it exceeded search pattern filesize limit: GSM3043102_cutadapt.log
[2021-11-06 06:05:51,186] multiqc                                            [DEBUG  ]  File ignored by nanostat because it exceeded search pattern filesize limit: GSM3043102_cutadapt.log
[2021-11-06 06:05:51,187] multiqc                                            [DEBUG  ]  File ignored by lima/summary because it exceeded search pattern filesize limit: GSM3043102_cutadapt.log
[2021-11-06 06:05:51,189] multiqc                                            [DEBUG  ]  File ignored by longranger/invocation because it exceeded search pattern filesize limit: GSM3043102_cutadapt.log
[2021-11-06 06:05:51,208] multiqc                                            [DEBUG  ]  File ignored by ccs/v4 because it exceeded search pattern filesize limit: GSM3043102_1.fastq.gz_trimming_report.txt
[2021-11-06 06:05:51,209] multiqc                                            [DEBUG  ]  File ignored by lima/summary because it exceeded search pattern filesize limit: GSM3043102_1.fastq.gz_trimming_report.txt
[2021-11-06 06:05:51,212] multiqc                                            [DEBUG  ]  File ignored by longranger/invocation because it exceeded search pattern filesize limit: GSM3043102_1.fastq.gz_trimming_report.txt
[2021-11-06 06:05:51,404] multiqc                                            [DEBUG  ]  Ignoring file as matched an ignore pattern: GSM3043102_cutadapt_bowtie2.bam
[2021-11-06 06:05:51,447] multiqc                                            [DEBUG  ]  Ignoring file as matched an ignore pattern: GSM3043102_cutadapt_2.fastq.gz
[2021-11-06 06:05:51,469] multiqc                                            [DEBUG  ]  Ignoring file as matched an ignore pattern: GSM3043102_cutadapt.fastq.gz
[2021-11-06 06:05:51,501] multiqc                                            [DEBUG  ]  File ignored by ccs/v4 because it exceeded search pattern filesize limit: GSM3043102_cutadapt_bowtie2_bedgraph_to_tdf.log
[2021-11-06 06:05:51,502] multiqc                                            [DEBUG  ]  File ignored by lima/summary because it exceeded search pattern filesize limit: GSM3043102_cutadapt_bowtie2_bedgraph_to_tdf.log
[2021-11-06 06:05:51,509] multiqc                                            [DEBUG  ]  Ignoring file as matched an ignore pattern: GSM3043102_1.fastq.gz
[2021-11-06 06:05:51,514] multiqc                                            [DEBUG  ]  File ignored by ccs/v4 because it exceeded search pattern filesize limit: GSM3043102_2.fastq.gz_trimming_report.txt
[2021-11-06 06:05:51,515] multiqc                                            [DEBUG  ]  File ignored by lima/summary because it exceeded search pattern filesize limit: GSM3043102_2.fastq.gz_trimming_report.txt
[2021-11-06 06:05:51,521] multiqc                                            [DEBUG  ]  File ignored by longranger/invocation because it exceeded search pattern filesize limit: GSM3043102_2.fastq.gz_trimming_report.txt
[2021-11-06 06:05:51,549] multiqc                                            [DEBUG  ]  Ignoring file as matched an ignore pattern: GSM3043102_cutadapt_bowtie2.bam.bai
[2021-11-06 06:05:51,553] multiqc                                            [DEBUG  ]  File ignored by ccs/v4 because it exceeded search pattern filesize limit: GSM3043102_cutadapt_bowtie2_minus_strand_bedgraph_to_tdf.log
[2021-11-06 06:05:51,555] multiqc                                            [DEBUG  ]  File ignored by lima/summary because it exceeded search pattern filesize limit: GSM3043102_cutadapt_bowtie2_minus_strand_bedgraph_to_tdf.log
[2021-11-06 06:05:51,562] multiqc                                            [DEBUG  ]  Ignoring file as matched an ignore pattern: GSM3043102_cutadapt_1.fastq.gz
[2021-11-06 06:05:51,587] multiqc                                            [DEBUG  ]  File ignored by ccs/v4 because it exceeded search pattern filesize limit: GSM3043102_cutadapt_bowtie2_plus_strand_bedgraph_to_tdf.log
[2021-11-06 06:05:51,588] multiqc                                            [DEBUG  ]  File ignored by lima/summary because it exceeded search pattern filesize limit: GSM3043102_cutadapt_bowtie2_plus_strand_bedgraph_to_tdf.log
[2021-11-06 06:05:51,595] multiqc                                            [DEBUG  ]  Ignoring file as matched an ignore pattern: GSM3043102_2.fastq.gz
[2021-11-06 06:05:51,599] multiqc                                            [DEBUG  ]  File ignored by ccs/v4 because it exceeded search pattern filesize limit: GSM3043102_cutadapt_1_fastqc.log
[2021-11-06 06:05:51,601] multiqc                                            [DEBUG  ]  File ignored by lima/summary because it exceeded search pattern filesize limit: GSM3043102_cutadapt_1_fastqc.log
[2021-11-06 06:05:51,674] multiqc                                            [DEBUG  ]  File ignored by ccs/v4 because it exceeded search pattern filesize limit: GSM3043102_cutadapt_1_fastqc.html
[2021-11-06 06:05:51,676] multiqc                                            [DEBUG  ]  File ignored by hicexplorer because it exceeded search pattern filesize limit: GSM3043102_cutadapt_1_fastqc.html
[2021-11-06 06:05:51,676] multiqc                                            [DEBUG  ]  File ignored by nanostat because it exceeded search pattern filesize limit: GSM3043102_cutadapt_1_fastqc.html
[2021-11-06 06:05:51,676] multiqc                                            [DEBUG  ]  File ignored by lima/summary because it exceeded search pattern filesize limit: GSM3043102_cutadapt_1_fastqc.html
[2021-11-06 06:05:51,679] multiqc                                            [DEBUG  ]  File ignored by vep/vep_txt because it exceeded search pattern filesize limit: GSM3043102_cutadapt_1_fastqc.html
[2021-11-06 06:05:51,679] multiqc                                            [DEBUG  ]  File ignored by longranger/invocation because it exceeded search pattern filesize limit: GSM3043102_cutadapt_1_fastqc.html
[2021-11-06 06:05:51,679] multiqc                                            [DEBUG  ]  File ignored by rockhopper because it exceeded search pattern filesize limit: GSM3043102_cutadapt_1_fastqc.html
[2021-11-06 06:05:51,679] multiqc                                            [DEBUG  ]  File ignored by rseqc/bam_stat because it exceeded search pattern filesize limit: GSM3043102_cutadapt_1_fastqc.html
[2021-11-06 06:05:51,679] multiqc                                            [DEBUG  ]  File ignored by rseqc/junction_annotation because it exceeded search pattern filesize limit: GSM3043102_cutadapt_1_fastqc.html
[2021-11-06 06:05:51,679] multiqc                                            [DEBUG  ]  File ignored by rseqc/read_distribution because it exceeded search pattern filesize limit: GSM3043102_cutadapt_1_fastqc.html
[2021-11-06 06:05:51,680] multiqc                                            [DEBUG  ]  File ignored by rseqc/infer_experiment because it exceeded search pattern filesize limit: GSM3043102_cutadapt_1_fastqc.html
[2021-11-06 06:05:51,859] multiqc                                            [DEBUG  ]  File ignored by ccs/v4 because it exceeded search pattern filesize limit: GSM3043102_cutadapt_2_fastqc.log
[2021-11-06 06:05:51,860] multiqc                                            [DEBUG  ]  File ignored by lima/summary because it exceeded search pattern filesize limit: GSM3043102_cutadapt_2_fastqc.log
[2021-11-06 06:05:51,874] multiqc                                            [DEBUG  ]  File ignored by ccs/v4 because it exceeded search pattern filesize limit: GSM3043102_cutadapt_2_fastqc.html
[2021-11-06 06:05:51,876] multiqc                                            [DEBUG  ]  File ignored by hicexplorer because it exceeded search pattern filesize limit: GSM3043102_cutadapt_2_fastqc.html
[2021-11-06 06:05:51,876] multiqc                                            [DEBUG  ]  File ignored by nanostat because it exceeded search pattern filesize limit: GSM3043102_cutadapt_2_fastqc.html
[2021-11-06 06:05:51,876] multiqc                                            [DEBUG  ]  File ignored by lima/summary because it exceeded search pattern filesize limit: GSM3043102_cutadapt_2_fastqc.html
[2021-11-06 06:05:51,879] multiqc                                            [DEBUG  ]  File ignored by vep/vep_txt because it exceeded search pattern filesize limit: GSM3043102_cutadapt_2_fastqc.html
[2021-11-06 06:05:51,879] multiqc                                            [DEBUG  ]  File ignored by longranger/invocation because it exceeded search pattern filesize limit: GSM3043102_cutadapt_2_fastqc.html
[2021-11-06 06:05:51,879] multiqc                                            [DEBUG  ]  File ignored by rockhopper because it exceeded search pattern filesize limit: GSM3043102_cutadapt_2_fastqc.html
[2021-11-06 06:05:51,879] multiqc                                            [DEBUG  ]  File ignored by rseqc/bam_stat because it exceeded search pattern filesize limit: GSM3043102_cutadapt_2_fastqc.html
[2021-11-06 06:05:51,879] multiqc                                            [DEBUG  ]  File ignored by rseqc/junction_annotation because it exceeded search pattern filesize limit: GSM3043102_cutadapt_2_fastqc.html
[2021-11-06 06:05:51,879] multiqc                                            [DEBUG  ]  File ignored by rseqc/read_distribution because it exceeded search pattern filesize limit: GSM3043102_cutadapt_2_fastqc.html
[2021-11-06 06:05:51,879] multiqc                                            [DEBUG  ]  File ignored by rseqc/infer_experiment because it exceeded search pattern filesize limit: GSM3043102_cutadapt_2_fastqc.html
[2021-11-06 06:05:52,068] multiqc                                            [DEBUG  ]  File ignored by ccs/v4 because it exceeded search pattern filesize limit: GSM3043102_cutadapt_bowtie2_fastqc.html
[2021-11-06 06:05:52,070] multiqc                                            [DEBUG  ]  File ignored by hicexplorer because it exceeded search pattern filesize limit: GSM3043102_cutadapt_bowtie2_fastqc.html
[2021-11-06 06:05:52,070] multiqc                                            [DEBUG  ]  File ignored by nanostat because it exceeded search pattern filesize limit: GSM3043102_cutadapt_bowtie2_fastqc.html
[2021-11-06 06:05:52,070] multiqc                                            [DEBUG  ]  File ignored by lima/summary because it exceeded search pattern filesize limit: GSM3043102_cutadapt_bowtie2_fastqc.html
[2021-11-06 06:05:52,073] multiqc                                            [DEBUG  ]  File ignored by vep/vep_txt because it exceeded search pattern filesize limit: GSM3043102_cutadapt_bowtie2_fastqc.html
[2021-11-06 06:05:52,073] multiqc                                            [DEBUG  ]  File ignored by longranger/invocation because it exceeded search pattern filesize limit: GSM3043102_cutadapt_bowtie2_fastqc.html
[2021-11-06 06:05:52,073] multiqc                                            [DEBUG  ]  File ignored by rockhopper because it exceeded search pattern filesize limit: GSM3043102_cutadapt_bowtie2_fastqc.html
[2021-11-06 06:05:52,074] multiqc                                            [DEBUG  ]  File ignored by rseqc/bam_stat because it exceeded search pattern filesize limit: GSM3043102_cutadapt_bowtie2_fastqc.html
[2021-11-06 06:05:52,074] multiqc                                            [DEBUG  ]  File ignored by rseqc/junction_annotation because it exceeded search pattern filesize limit: GSM3043102_cutadapt_bowtie2_fastqc.html
[2021-11-06 06:05:52,074] multiqc                                            [DEBUG  ]  File ignored by rseqc/read_distribution because it exceeded search pattern filesize limit: GSM3043102_cutadapt_bowtie2_fastqc.html
[2021-11-06 06:05:52,074] multiqc                                            [DEBUG  ]  File ignored by rseqc/infer_experiment because it exceeded search pattern filesize limit: GSM3043102_cutadapt_bowtie2_fastqc.html
[2021-11-06 06:05:52,186] multiqc                                            [DEBUG  ]  File ignored by ccs/v4 because it exceeded search pattern filesize limit: GSM3043102_cutadapt_bowtie2_fastqc.log
[2021-11-06 06:05:52,188] multiqc                                            [DEBUG  ]  File ignored by lima/summary because it exceeded search pattern filesize limit: GSM3043102_cutadapt_bowtie2_fastqc.log
[2021-11-06 06:05:52,306] multiqc                                            [DEBUG  ]  File ignored by ccs/v4 because it exceeded search pattern filesize limit: GSM3043102_2_fastqc.html
[2021-11-06 06:05:52,307] multiqc                                            [DEBUG  ]  File ignored by hicexplorer because it exceeded search pattern filesize limit: GSM3043102_2_fastqc.html
[2021-11-06 06:05:52,308] multiqc                                            [DEBUG  ]  File ignored by nanostat because it exceeded search pattern filesize limit: GSM3043102_2_fastqc.html
[2021-11-06 06:05:52,308] multiqc                                            [DEBUG  ]  File ignored by lima/summary because it exceeded search pattern filesize limit: GSM3043102_2_fastqc.html
[2021-11-06 06:05:52,311] multiqc                                            [DEBUG  ]  File ignored by vep/vep_txt because it exceeded search pattern filesize limit: GSM3043102_2_fastqc.html
[2021-11-06 06:05:52,311] multiqc                                            [DEBUG  ]  File ignored by longranger/invocation because it exceeded search pattern filesize limit: GSM3043102_2_fastqc.html
[2021-11-06 06:05:52,311] multiqc                                            [DEBUG  ]  File ignored by rockhopper because it exceeded search pattern filesize limit: GSM3043102_2_fastqc.html
[2021-11-06 06:05:52,311] multiqc                                            [DEBUG  ]  File ignored by rseqc/bam_stat because it exceeded search pattern filesize limit: GSM3043102_2_fastqc.html
[2021-11-06 06:05:52,311] multiqc                                            [DEBUG  ]  File ignored by rseqc/junction_annotation because it exceeded search pattern filesize limit: GSM3043102_2_fastqc.html
[2021-11-06 06:05:52,311] multiqc                                            [DEBUG  ]  File ignored by rseqc/read_distribution because it exceeded search pattern filesize limit: GSM3043102_2_fastqc.html
[2021-11-06 06:05:52,311] multiqc                                            [DEBUG  ]  File ignored by rseqc/infer_experiment because it exceeded search pattern filesize limit: GSM3043102_2_fastqc.html
[2021-11-06 06:05:52,515] multiqc                                            [DEBUG  ]  File ignored by ccs/v4 because it exceeded search pattern filesize limit: GSM3043102_1_fastqc.html
[2021-11-06 06:05:52,517] multiqc                                            [DEBUG  ]  File ignored by hicexplorer because it exceeded search pattern filesize limit: GSM3043102_1_fastqc.html
[2021-11-06 06:05:52,517] multiqc                                            [DEBUG  ]  File ignored by nanostat because it exceeded search pattern filesize limit: GSM3043102_1_fastqc.html
[2021-11-06 06:05:52,517] multiqc                                            [DEBUG  ]  File ignored by lima/summary because it exceeded search pattern filesize limit: GSM3043102_1_fastqc.html
[2021-11-06 06:05:52,520] multiqc                                            [DEBUG  ]  File ignored by vep/vep_txt because it exceeded search pattern filesize limit: GSM3043102_1_fastqc.html
[2021-11-06 06:05:52,520] multiqc                                            [DEBUG  ]  File ignored by longranger/invocation because it exceeded search pattern filesize limit: GSM3043102_1_fastqc.html
[2021-11-06 06:05:52,520] multiqc                                            [DEBUG  ]  File ignored by rockhopper because it exceeded search pattern filesize limit: GSM3043102_1_fastqc.html
[2021-11-06 06:05:52,520] multiqc                                            [DEBUG  ]  File ignored by rseqc/bam_stat because it exceeded search pattern filesize limit: GSM3043102_1_fastqc.html
[2021-11-06 06:05:52,520] multiqc                                            [DEBUG  ]  File ignored by rseqc/junction_annotation because it exceeded search pattern filesize limit: GSM3043102_1_fastqc.html
[2021-11-06 06:05:52,520] multiqc                                            [DEBUG  ]  File ignored by rseqc/read_distribution because it exceeded search pattern filesize limit: GSM3043102_1_fastqc.html
[2021-11-06 06:05:52,521] multiqc                                            [DEBUG  ]  File ignored by rseqc/infer_experiment because it exceeded search pattern filesize limit: GSM3043102_1_fastqc.html
[2021-11-06 06:05:52,701] multiqc                                            [DEBUG  ]  File ignored by ccs/v4 because it exceeded search pattern filesize limit: DS00073_peaks.fasta
[2021-11-06 06:05:52,702] multiqc                                            [DEBUG  ]  File ignored by hicexplorer because it exceeded search pattern filesize limit: DS00073_peaks.fasta
[2021-11-06 06:05:52,702] multiqc                                            [DEBUG  ]  File ignored by nanostat because it exceeded search pattern filesize limit: DS00073_peaks.fasta
[2021-11-06 06:05:52,702] multiqc                                            [DEBUG  ]  File ignored by lima/summary because it exceeded search pattern filesize limit: DS00073_peaks.fasta
[2021-11-06 06:05:52,705] multiqc                                            [DEBUG  ]  File ignored by vep/vep_txt because it exceeded search pattern filesize limit: DS00073_peaks.fasta
[2021-11-06 06:05:52,705] multiqc                                            [DEBUG  ]  File ignored by longranger/invocation because it exceeded search pattern filesize limit: DS00073_peaks.fasta
[2021-11-06 06:05:52,779] multiqc                                            [DEBUG  ]  Ignoring file as matched an ignore pattern: DS00073_sites.bed
[2021-11-06 06:05:52,787] multiqc                                            [DEBUG  ]  File ignored by ccs/v4 because it exceeded search pattern filesize limit: DS00073_peaks.ft
[2021-11-06 06:05:52,789] multiqc                                            [DEBUG  ]  File ignored by lima/summary because it exceeded search pattern filesize limit: DS00073_peaks.ft
[2021-11-06 06:05:52,791] multiqc                                            [DEBUG  ]  File ignored by longranger/invocation because it exceeded search pattern filesize limit: DS00073_peaks.ft
[2021-11-06 06:05:52,806] multiqc                                            [DEBUG  ]  File ignored by ccs/v4 because it exceeded search pattern filesize limit: DS00073_matrix.tab
[2021-11-06 06:05:52,807] multiqc                                            [DEBUG  ]  File ignored by lima/summary because it exceeded search pattern filesize limit: DS00073_matrix.tab
[2021-11-06 06:05:52,810] multiqc                                            [DEBUG  ]  File ignored by longranger/invocation because it exceeded search pattern filesize limit: DS00073_matrix.tab
[2021-11-06 06:05:52,816] multiqc                                            [DEBUG  ]  Ignoring file as matched an ignore pattern: DS00073_peaks.bed
[2021-11-06 06:05:52,833] multiqc                                            [DEBUG  ]  File ignored by ccs/v4 because it exceeded search pattern filesize limit: DS00073_peaks.narrowPeak
[2021-11-06 06:05:52,834] multiqc                                            [DEBUG  ]  File ignored by hicexplorer because it exceeded search pattern filesize limit: DS00073_peaks.narrowPeak
[2021-11-06 06:05:52,834] multiqc                                            [DEBUG  ]  File ignored by nanostat because it exceeded search pattern filesize limit: DS00073_peaks.narrowPeak
[2021-11-06 06:05:52,834] multiqc                                            [DEBUG  ]  File ignored by lima/summary because it exceeded search pattern filesize limit: DS00073_peaks.narrowPeak
[2021-11-06 06:05:52,837] multiqc                                            [DEBUG  ]  File ignored by longranger/invocation because it exceeded search pattern filesize limit: DS00073_peaks.narrowPeak
[2021-11-06 06:05:52,861] multiqc                                            [DEBUG  ]  Ignoring file as matched an ignore pattern: DS00073_summits.bed
[2021-11-06 06:05:53,307] multiqc.plots.bargraph                             [DEBUG  ]  Using matplotlib version 3.4.3
[2021-11-06 06:05:53,308] multiqc.plots.linegraph                            [DEBUG  ]  Using matplotlib version 3.4.3
[2021-11-06 06:05:53,309] multiqc                                            [DEBUG  ]  No samples found: custom_content
[2021-11-06 06:05:53,316] multiqc                                            [DEBUG  ]  No samples found: ccs
[2021-11-06 06:05:53,322] multiqc                                            [DEBUG  ]  No samples found: ngsderive
[2021-11-06 06:05:53,328] multiqc                                            [DEBUG  ]  No samples found: purple
[2021-11-06 06:05:53,335] multiqc                                            [DEBUG  ]  No samples found: conpair
[2021-11-06 06:05:53,341] multiqc                                            [DEBUG  ]  No samples found: lima
[2021-11-06 06:05:53,348] multiqc                                            [DEBUG  ]  No samples found: peddy
[2021-11-06 06:05:53,354] multiqc                                            [DEBUG  ]  No samples found: somalier
[2021-11-06 06:05:53,360] multiqc                                            [DEBUG  ]  No samples found: methylQA
[2021-11-06 06:05:53,368] multiqc.modules.mosdepth.mosdepth                  [DEBUG  ]  include_contigs: []
[2021-11-06 06:05:53,368] multiqc.modules.mosdepth.mosdepth                  [DEBUG  ]  exclude_contigs: []
[2021-11-06 06:05:53,368] multiqc                                            [DEBUG  ]  No samples found: mosdepth
[2021-11-06 06:05:53,374] multiqc                                            [DEBUG  ]  No samples found: phantompeakqualtools
[2021-11-06 06:05:53,380] multiqc                                            [DEBUG  ]  No samples found: qualimap
[2021-11-06 06:05:53,387] multiqc                                            [DEBUG  ]  No samples found: preseq
[2021-11-06 06:05:53,393] multiqc                                            [DEBUG  ]  No samples found: quast
[2021-11-06 06:05:53,400] multiqc                                            [DEBUG  ]  No samples found: qorts
[2021-11-06 06:05:53,406] multiqc                                            [DEBUG  ]  No samples found: rna_seqc
[2021-11-06 06:05:53,412] multiqc                                            [DEBUG  ]  No samples found: rockhopper
[2021-11-06 06:05:53,418] multiqc                                            [DEBUG  ]  No samples found: rsem
[2021-11-06 06:05:53,427] multiqc                                            [DEBUG  ]  No samples found: rseqc
[2021-11-06 06:05:53,433] multiqc                                            [DEBUG  ]  No samples found: busco
[2021-11-06 06:05:53,440] multiqc                                            [DEBUG  ]  No samples found: bustools
[2021-11-06 06:05:53,446] multiqc                                            [DEBUG  ]  No samples found: goleft_indexcov
[2021-11-06 06:05:53,452] multiqc                                            [DEBUG  ]  No samples found: gffcompare
[2021-11-06 06:05:53,458] multiqc                                            [DEBUG  ]  No samples found: disambiguate
[2021-11-06 06:05:53,465] multiqc                                            [DEBUG  ]  No samples found: supernova
[2021-11-06 06:05:53,473] multiqc                                            [DEBUG  ]  No samples found: deeptools
[2021-11-06 06:05:53,480] multiqc                                            [DEBUG  ]  No samples found: sargasso
[2021-11-06 06:05:53,486] multiqc                                            [DEBUG  ]  No samples found: verifybamid
[2021-11-06 06:05:53,492] multiqc                                            [DEBUG  ]  No samples found: mirtrace
[2021-11-06 06:05:53,499] multiqc                                            [DEBUG  ]  No samples found: happy
[2021-11-06 06:05:53,505] multiqc                                            [DEBUG  ]  No samples found: mirtop
[2021-11-06 06:05:53,511] multiqc                                            [DEBUG  ]  No samples found: sambamba
[2021-11-06 06:05:53,518] multiqc                                            [DEBUG  ]  No samples found: homer
[2021-11-06 06:05:53,524] multiqc                                            [DEBUG  ]  No samples found: hops
[2021-11-06 06:05:53,536] multiqc.modules.macs2.macs2                        [DEBUG  ]  Duplicate sample name found! Overwriting: DS00073
[2021-11-06 06:05:53,536] multiqc.modules.macs2.macs2                        [INFO   ]  Found 1 logs
[2021-11-06 06:05:53,543] multiqc                                            [DEBUG  ]  No samples found: theta2
[2021-11-06 06:05:53,549] multiqc                                            [DEBUG  ]  No samples found: snpeff
[2021-11-06 06:05:53,556] multiqc                                            [DEBUG  ]  No samples found: gatk
[2021-11-06 06:05:53,562] multiqc                                            [DEBUG  ]  No samples found: htseq
[2021-11-06 06:05:53,569] multiqc                                            [DEBUG  ]  No samples found: bcftools
[2021-11-06 06:05:53,575] multiqc                                            [DEBUG  ]  No samples found: featureCounts
[2021-11-06 06:05:53,583] multiqc                                            [DEBUG  ]  No samples found: fgbio
[2021-11-06 06:05:53,593] multiqc                                            [DEBUG  ]  No samples found: dragen
[2021-11-06 06:05:53,599] multiqc                                            [DEBUG  ]  No samples found: dedup
[2021-11-06 06:05:53,605] multiqc                                            [DEBUG  ]  No samples found: damageprofiler
[2021-11-06 06:05:53,618] multiqc                                            [DEBUG  ]  No samples found: biobambam2
[2021-11-06 06:05:53,625] multiqc                                            [DEBUG  ]  No samples found: jcvi
[2021-11-06 06:05:53,631] multiqc                                            [DEBUG  ]  No samples found: mtnucratio
[2021-11-06 06:05:53,638] multiqc                                            [DEBUG  ]  No samples found: picard
[2021-11-06 06:05:53,645] multiqc                                            [DEBUG  ]  No samples found: vep
[2021-11-06 06:05:53,652] multiqc                                            [DEBUG  ]  No samples found: sentieon
[2021-11-06 06:05:53,658] multiqc                                            [DEBUG  ]  No samples found: prokka
[2021-11-06 06:05:53,665] multiqc                                            [DEBUG  ]  No samples found: qc3C
[2021-11-06 06:05:53,671] multiqc                                            [DEBUG  ]  No samples found: nanostat
[2021-11-06 06:05:53,677] multiqc                                            [DEBUG  ]  No samples found: samblaster
[2021-11-06 06:05:53,698] multiqc.modules.samtools.samtools                  [INFO   ]  Found 4 flagstat reports
[2021-11-06 06:05:53,704] multiqc                                            [DEBUG  ]  No samples found: sexdeterrmine
[2021-11-06 06:05:53,710] multiqc                                            [DEBUG  ]  No samples found: eigenstratdatabasetools
[2021-11-06 06:05:53,717] multiqc                                            [DEBUG  ]  No samples found: bamtools
[2021-11-06 06:05:53,723] multiqc                                            [DEBUG  ]  No samples found: jellyfish
[2021-11-06 06:05:53,730] multiqc                                            [DEBUG  ]  No samples found: vcftools
[2021-11-06 06:05:53,736] multiqc                                            [DEBUG  ]  No samples found: longranger
[2021-11-06 06:05:53,743] multiqc                                            [DEBUG  ]  No samples found: stacks
[2021-11-06 06:05:53,749] multiqc                                            [DEBUG  ]  No samples found: varscan2
[2021-11-06 06:05:53,755] multiqc                                            [DEBUG  ]  No samples found: snippy
[2021-11-06 06:05:53,764] multiqc                                            [DEBUG  ]  No samples found: bbmap
[2021-11-06 06:05:53,771] multiqc                                            [DEBUG  ]  No samples found: bismark
[2021-11-06 06:05:53,777] multiqc                                            [DEBUG  ]  No samples found: biscuit
[2021-11-06 06:05:53,784] multiqc                                            [DEBUG  ]  No samples found: hicexplorer
[2021-11-06 06:05:53,790] multiqc                                            [DEBUG  ]  No samples found: hicup
[2021-11-06 06:05:53,796] multiqc                                            [DEBUG  ]  No samples found: hicpro
[2021-11-06 06:05:53,803] multiqc                                            [DEBUG  ]  No samples found: salmon
[2021-11-06 06:05:53,809] multiqc                                            [DEBUG  ]  No samples found: kallisto
[2021-11-06 06:05:53,815] multiqc                                            [DEBUG  ]  No samples found: slamdunk
[2021-11-06 06:05:53,822] multiqc                                            [DEBUG  ]  No samples found: star
[2021-11-06 06:05:53,828] multiqc                                            [DEBUG  ]  No samples found: hisat2
[2021-11-06 06:05:53,834] multiqc                                            [DEBUG  ]  No samples found: tophat
[2021-11-06 06:05:53,846] multiqc.modules.bowtie2.bowtie2                    [INFO   ]  Found 4 reports
[2021-11-06 06:05:53,862] multiqc                                            [DEBUG  ]  No samples found: bowtie1
[2021-11-06 06:05:53,868] multiqc                                            [DEBUG  ]  No samples found: snpsplit
[2021-11-06 06:05:53,875] multiqc                                            [DEBUG  ]  No samples found: odgi
[2021-11-06 06:05:53,881] multiqc                                            [DEBUG  ]  No samples found: pangolin
[2021-11-06 06:05:53,887] multiqc                                            [DEBUG  ]  No samples found: kat
[2021-11-06 06:05:53,893] multiqc                                            [DEBUG  ]  No samples found: leehom
[2021-11-06 06:05:53,900] multiqc                                            [DEBUG  ]  No samples found: adapterRemoval
[2021-11-06 06:05:53,906] multiqc                                            [DEBUG  ]  No samples found: clipandmerge
[2021-11-06 06:05:53,919] multiqc.modules.cutadapt.cutadapt                  [DEBUG  ]  Duplicate sample name found! Overwriting: GSM3043065_1
[2021-11-06 06:05:53,926] multiqc.modules.cutadapt.cutadapt                  [DEBUG  ]  Duplicate sample name found! Overwriting: GSM3043065_2
[2021-11-06 06:05:53,931] multiqc.modules.cutadapt.cutadapt                  [DEBUG  ]  Duplicate sample name found! Overwriting: GSM3043101_1
[2021-11-06 06:05:53,938] multiqc.modules.cutadapt.cutadapt                  [DEBUG  ]  Duplicate sample name found! Overwriting: GSM3043101_2
[2021-11-06 06:05:53,946] multiqc.modules.cutadapt.cutadapt                  [DEBUG  ]  Duplicate sample name found! Overwriting: GSM3043066_1
[2021-11-06 06:05:53,949] multiqc.modules.cutadapt.cutadapt                  [DEBUG  ]  Duplicate sample name found! Overwriting: GSM3043066_2
[2021-11-06 06:05:53,959] multiqc.modules.cutadapt.cutadapt                  [DEBUG  ]  Duplicate sample name found! Overwriting: GSM3043102_1
[2021-11-06 06:05:53,962] multiqc.modules.cutadapt.cutadapt                  [DEBUG  ]  Duplicate sample name found! Overwriting: GSM3043102_2
[2021-11-06 06:05:53,964] multiqc.modules.cutadapt.cutadapt                  [INFO   ]  Found 8 reports
[2021-11-06 06:05:53,982] multiqc                                            [DEBUG  ]  No samples found: flexbar
[2021-11-06 06:05:53,988] multiqc                                            [DEBUG  ]  No samples found: kaiju
[2021-11-06 06:05:53,995] multiqc                                            [DEBUG  ]  No samples found: kraken
[2021-11-06 06:05:54,001] multiqc                                            [DEBUG  ]  No samples found: malt
[2021-11-06 06:05:54,007] multiqc                                            [DEBUG  ]  No samples found: trimmomatic
[2021-11-06 06:05:54,013] multiqc                                            [DEBUG  ]  No samples found: sickle
[2021-11-06 06:05:54,020] multiqc                                            [DEBUG  ]  No samples found: skewer
[2021-11-06 06:05:54,026] multiqc                                            [DEBUG  ]  No samples found: sortmerna
[2021-11-06 06:05:54,032] multiqc                                            [DEBUG  ]  No samples found: biobloomtools
[2021-11-06 06:05:54,038] multiqc                                            [DEBUG  ]  No samples found: fastq_screen
[2021-11-06 06:05:54,044] multiqc                                            [DEBUG  ]  No samples found: afterqc
[2021-11-06 06:05:54,051] multiqc                                            [DEBUG  ]  No samples found: fastp
[2021-11-06 06:05:54,241] multiqc.modules.fastqc.fastqc                      [INFO   ]  Found 20 reports
[2021-11-06 06:05:54,409] multiqc                                            [DEBUG  ]  No samples found: pychopper
[2021-11-06 06:05:54,415] multiqc                                            [DEBUG  ]  No samples found: pycoqc
[2021-11-06 06:05:54,421] multiqc                                            [DEBUG  ]  No samples found: minionqc
[2021-11-06 06:05:54,428] multiqc                                            [DEBUG  ]  No samples found: multivcfanalyzer
[2021-11-06 06:05:54,434] multiqc                                            [DEBUG  ]  No samples found: clusterflow
[2021-11-06 06:05:54,440] multiqc                                            [DEBUG  ]  No samples found: bcl2fastq
[2021-11-06 06:05:54,447] multiqc                                            [DEBUG  ]  No samples found: bclconvert
[2021-11-06 06:05:54,453] multiqc                                            [DEBUG  ]  No samples found: interop
[2021-11-06 06:05:54,459] multiqc                                            [DEBUG  ]  No samples found: ivar
[2021-11-06 06:05:54,466] multiqc                                            [DEBUG  ]  No samples found: flash
[2021-11-06 06:05:54,472] multiqc                                            [DEBUG  ]  No samples found: seqyclean
[2021-11-06 06:05:54,478] multiqc                                            [DEBUG  ]  No samples found: optitype
[2021-11-06 06:05:54,533] multiqc                                            [INFO   ]  Compressing plot data
[2021-11-06 06:05:55,185] multiqc                                            [INFO   ]  Report      : ChIP-seq_collection/GSE111874/datasets/DS00073/multiQC/multiqc_report.html
[2021-11-06 06:05:55,186] multiqc                                            [INFO   ]  Data        : ChIP-seq_collection/GSE111874/datasets/DS00073/multiQC/multiqc_data
[2021-11-06 06:05:55,186] multiqc                                            [DEBUG  ]  Moving data file from '/tmp/tmpmn7p6ahn/multiqc_data' to 'ChIP-seq_collection/GSE111874/datasets/DS00073/multiQC/multiqc_data'
[2021-11-06 06:05:55,456] multiqc                                            [INFO   ]  MultiQC complete
