[2021-11-06 06:03:29,272] multiqc                                            [DEBUG  ]  This is MultiQC v1.11
[2021-11-06 06:03:29,272] multiqc                                            [DEBUG  ]  No MultiQC config found: /home/rioualen/miniconda3/envs/snakemake/lib/python3.9/site-packages/multiqc_config.yaml
[2021-11-06 06:03:29,272] multiqc                                            [DEBUG  ]  No MultiQC config found: /home/rioualen/.multiqc_config.yaml
[2021-11-06 06:03:29,272] multiqc                                            [DEBUG  ]  No MultiQC config found: multiqc_config.yaml
[2021-11-06 06:03:29,273] multiqc                                            [DEBUG  ]  Command used: /home/rioualen/miniconda3/envs/snakemake/bin/multiqc ChIP-seq_collection/GSE111874/samples/GSM3043061 ChIP-seq_collection/GSE111874/samples/GSM3043097 ChIP-seq_collection/GSE111874/datasets/DS00071 ChIP-seq_collection/GSE111874/samples/GSM3043062 ChIP-seq_collection/GSE111874/samples/GSM3043098 ChIP-seq_collection/GSE111874/datasets/DS00071 -o ChIP-seq_collection/GSE111874/datasets/DS00071/multiQC
[2021-11-06 06:03:29,476] multiqc                                            [DEBUG  ]  Latest MultiQC version is v1.11
[2021-11-06 06:03:29,477] multiqc                                            [DEBUG  ]  Command     : /home/rioualen/miniconda3/envs/snakemake/bin/multiqc ChIP-seq_collection/GSE111874/samples/GSM3043061 ChIP-seq_collection/GSE111874/samples/GSM3043097 ChIP-seq_collection/GSE111874/datasets/DS00071 ChIP-seq_collection/GSE111874/samples/GSM3043062 ChIP-seq_collection/GSE111874/samples/GSM3043098 ChIP-seq_collection/GSE111874/datasets/DS00071 -o ChIP-seq_collection/GSE111874/datasets/DS00071/multiQC
[2021-11-06 06:03:29,477] multiqc                                            [DEBUG  ]  Working dir : /workspace/rioualen/HT_collections
[2021-11-06 06:03:29,477] multiqc                                            [DEBUG  ]  Template    : default
[2021-11-06 06:03:29,477] multiqc                                            [DEBUG  ]  Running Python 3.9.7 | packaged by conda-forge | (default, Sep 29 2021, 19:20:46)  [GCC 9.4.0]
[2021-11-06 06:03:29,477] multiqc                                            [DEBUG  ]  Analysing modules: custom_content, ccs, ngsderive, purple, conpair, lima, peddy, somalier, methylQA, mosdepth, phantompeakqualtools, qualimap, preseq, quast, qorts, rna_seqc, rockhopper, rsem, rseqc, busco, bustools, goleft_indexcov, gffcompare, disambiguate, supernova, deeptools, sargasso, verifybamid, mirtrace, happy, mirtop, sambamba, homer, hops, macs2, theta2, snpeff, gatk, htseq, bcftools, featureCounts, fgbio, dragen, dedup, damageprofiler, biobambam2, jcvi, mtnucratio, picard, vep, sentieon, prokka, qc3C, nanostat, samblaster, samtools, sexdeterrmine, eigenstratdatabasetools, bamtools, jellyfish, vcftools, longranger, stacks, varscan2, snippy, bbmap, bismark, biscuit, hicexplorer, hicup, hicpro, salmon, kallisto, slamdunk, star, hisat2, tophat, bowtie2, bowtie1, snpsplit, odgi, pangolin, kat, leehom, adapterRemoval, clipandmerge, cutadapt, flexbar, kaiju, kraken, malt, trimmomatic, sickle, skewer, sortmerna, biobloomtools, fastq_screen, afterqc, fastp, fastqc, pychopper, pycoqc, minionqc, multivcfanalyzer, clusterflow, bcl2fastq, bclconvert, interop, ivar, flash, seqyclean, optitype
[2021-11-06 06:03:29,478] multiqc                                            [DEBUG  ]  Using temporary directory for creating report: /tmp/tmpxmoli2s5
[2021-11-06 06:03:29,621] multiqc                                            [INFO   ]  Search path : /workspace/rioualen/HT_collections/ChIP-seq_collection/GSE111874/samples/GSM3043061
[2021-11-06 06:03:29,621] multiqc                                            [INFO   ]  Search path : /workspace/rioualen/HT_collections/ChIP-seq_collection/GSE111874/samples/GSM3043097
[2021-11-06 06:03:29,621] multiqc                                            [INFO   ]  Search path : /workspace/rioualen/HT_collections/ChIP-seq_collection/GSE111874/datasets/DS00071
[2021-11-06 06:03:29,621] multiqc                                            [INFO   ]  Search path : /workspace/rioualen/HT_collections/ChIP-seq_collection/GSE111874/samples/GSM3043062
[2021-11-06 06:03:29,621] multiqc                                            [INFO   ]  Search path : /workspace/rioualen/HT_collections/ChIP-seq_collection/GSE111874/samples/GSM3043098
[2021-11-06 06:03:29,621] multiqc                                            [INFO   ]  Search path : /workspace/rioualen/HT_collections/ChIP-seq_collection/GSE111874/datasets/DS00071
[2021-11-06 06:03:29,649] multiqc                                            [DEBUG  ]  Ignoring file as matched an ignore pattern: GSM3043061_2.fastq.gz
[2021-11-06 06:03:29,649] multiqc                                            [DEBUG  ]  Ignoring file as matched an ignore pattern: GSM3043061_1.fastq.gz
[2021-11-06 06:03:29,692] multiqc                                            [DEBUG  ]  File ignored by ccs/v4 because it exceeded search pattern filesize limit: GSM3043061_2.fastq.gz_trimming_report.txt
[2021-11-06 06:03:29,695] multiqc                                            [DEBUG  ]  File ignored by lima/summary because it exceeded search pattern filesize limit: GSM3043061_2.fastq.gz_trimming_report.txt
[2021-11-06 06:03:29,699] multiqc                                            [DEBUG  ]  File ignored by longranger/invocation because it exceeded search pattern filesize limit: GSM3043061_2.fastq.gz_trimming_report.txt
[2021-11-06 06:03:29,775] multiqc                                            [DEBUG  ]  File ignored by ccs/v4 because it exceeded search pattern filesize limit: GSM3043061_cutadapt.log
[2021-11-06 06:03:29,777] multiqc                                            [DEBUG  ]  File ignored by hicexplorer because it exceeded search pattern filesize limit: GSM3043061_cutadapt.log
[2021-11-06 06:03:29,777] multiqc                                            [DEBUG  ]  File ignored by nanostat because it exceeded search pattern filesize limit: GSM3043061_cutadapt.log
[2021-11-06 06:03:29,777] multiqc                                            [DEBUG  ]  File ignored by lima/summary because it exceeded search pattern filesize limit: GSM3043061_cutadapt.log
[2021-11-06 06:03:29,779] multiqc                                            [DEBUG  ]  File ignored by longranger/invocation because it exceeded search pattern filesize limit: GSM3043061_cutadapt.log
[2021-11-06 06:03:29,822] multiqc                                            [DEBUG  ]  Ignoring file as matched an ignore pattern: GSM3043061_cutadapt_bowtie2.bam
[2021-11-06 06:03:29,822] multiqc                                            [DEBUG  ]  Ignoring file as matched an ignore pattern: GSM3043061_cutadapt.fastq.gz
[2021-11-06 06:03:29,827] multiqc                                            [DEBUG  ]  File ignored by ccs/v4 because it exceeded search pattern filesize limit: GSM3043061_cutadapt_bowtie2_plus_strand_bedgraph_to_tdf.log
[2021-11-06 06:03:29,828] multiqc                                            [DEBUG  ]  File ignored by lima/summary because it exceeded search pattern filesize limit: GSM3043061_cutadapt_bowtie2_plus_strand_bedgraph_to_tdf.log
[2021-11-06 06:03:29,866] multiqc                                            [DEBUG  ]  Ignoring file as matched an ignore pattern: GSM3043061_cutadapt_2.fastq.gz
[2021-11-06 06:03:29,878] multiqc                                            [DEBUG  ]  Ignoring file as matched an ignore pattern: GSM3043061_cutadapt_1.fastq.gz
[2021-11-06 06:03:29,953] multiqc                                            [DEBUG  ]  File ignored by ccs/v4 because it exceeded search pattern filesize limit: GSM3043061_cutadapt_bowtie2_bedgraph_to_tdf.log
[2021-11-06 06:03:29,955] multiqc                                            [DEBUG  ]  File ignored by lima/summary because it exceeded search pattern filesize limit: GSM3043061_cutadapt_bowtie2_bedgraph_to_tdf.log
[2021-11-06 06:03:30,035] multiqc                                            [DEBUG  ]  File ignored by ccs/v4 because it exceeded search pattern filesize limit: GSM3043061_1.fastq.gz_trimming_report.txt
[2021-11-06 06:03:30,037] multiqc                                            [DEBUG  ]  File ignored by lima/summary because it exceeded search pattern filesize limit: GSM3043061_1.fastq.gz_trimming_report.txt
[2021-11-06 06:03:30,039] multiqc                                            [DEBUG  ]  File ignored by longranger/invocation because it exceeded search pattern filesize limit: GSM3043061_1.fastq.gz_trimming_report.txt
[2021-11-06 06:03:30,050] multiqc                                            [DEBUG  ]  File ignored by ccs/v4 because it exceeded search pattern filesize limit: GSM3043061_cutadapt_bowtie2_minus_strand_bedgraph_to_tdf.log
[2021-11-06 06:03:30,056] multiqc                                            [DEBUG  ]  File ignored by lima/summary because it exceeded search pattern filesize limit: GSM3043061_cutadapt_bowtie2_minus_strand_bedgraph_to_tdf.log
[2021-11-06 06:03:30,136] multiqc                                            [DEBUG  ]  Ignoring file as matched an ignore pattern: GSM3043061_cutadapt_bowtie2.bam.bai
[2021-11-06 06:03:30,267] multiqc                                            [DEBUG  ]  File ignored by ccs/v4 because it exceeded search pattern filesize limit: GSM3043061_cutadapt_bowtie2_fastqc.html
[2021-11-06 06:03:30,269] multiqc                                            [DEBUG  ]  File ignored by hicexplorer because it exceeded search pattern filesize limit: GSM3043061_cutadapt_bowtie2_fastqc.html
[2021-11-06 06:03:30,269] multiqc                                            [DEBUG  ]  File ignored by nanostat because it exceeded search pattern filesize limit: GSM3043061_cutadapt_bowtie2_fastqc.html
[2021-11-06 06:03:30,269] multiqc                                            [DEBUG  ]  File ignored by lima/summary because it exceeded search pattern filesize limit: GSM3043061_cutadapt_bowtie2_fastqc.html
[2021-11-06 06:03:30,272] multiqc                                            [DEBUG  ]  File ignored by vep/vep_txt because it exceeded search pattern filesize limit: GSM3043061_cutadapt_bowtie2_fastqc.html
[2021-11-06 06:03:30,273] multiqc                                            [DEBUG  ]  File ignored by longranger/invocation because it exceeded search pattern filesize limit: GSM3043061_cutadapt_bowtie2_fastqc.html
[2021-11-06 06:03:30,273] multiqc                                            [DEBUG  ]  File ignored by rockhopper because it exceeded search pattern filesize limit: GSM3043061_cutadapt_bowtie2_fastqc.html
[2021-11-06 06:03:30,273] multiqc                                            [DEBUG  ]  File ignored by rseqc/bam_stat because it exceeded search pattern filesize limit: GSM3043061_cutadapt_bowtie2_fastqc.html
[2021-11-06 06:03:30,273] multiqc                                            [DEBUG  ]  File ignored by rseqc/junction_annotation because it exceeded search pattern filesize limit: GSM3043061_cutadapt_bowtie2_fastqc.html
[2021-11-06 06:03:30,273] multiqc                                            [DEBUG  ]  File ignored by rseqc/read_distribution because it exceeded search pattern filesize limit: GSM3043061_cutadapt_bowtie2_fastqc.html
[2021-11-06 06:03:30,273] multiqc                                            [DEBUG  ]  File ignored by rseqc/infer_experiment because it exceeded search pattern filesize limit: GSM3043061_cutadapt_bowtie2_fastqc.html
[2021-11-06 06:03:30,414] multiqc                                            [DEBUG  ]  File ignored by ccs/v4 because it exceeded search pattern filesize limit: GSM3043061_cutadapt_bowtie2_fastqc.log
[2021-11-06 06:03:30,415] multiqc                                            [DEBUG  ]  File ignored by lima/summary because it exceeded search pattern filesize limit: GSM3043061_cutadapt_bowtie2_fastqc.log
[2021-11-06 06:03:30,554] multiqc                                            [DEBUG  ]  File ignored by ccs/v4 because it exceeded search pattern filesize limit: GSM3043061_cutadapt_1_fastqc.html
[2021-11-06 06:03:30,555] multiqc                                            [DEBUG  ]  File ignored by hicexplorer because it exceeded search pattern filesize limit: GSM3043061_cutadapt_1_fastqc.html
[2021-11-06 06:03:30,555] multiqc                                            [DEBUG  ]  File ignored by nanostat because it exceeded search pattern filesize limit: GSM3043061_cutadapt_1_fastqc.html
[2021-11-06 06:03:30,556] multiqc                                            [DEBUG  ]  File ignored by lima/summary because it exceeded search pattern filesize limit: GSM3043061_cutadapt_1_fastqc.html
[2021-11-06 06:03:30,559] multiqc                                            [DEBUG  ]  File ignored by vep/vep_txt because it exceeded search pattern filesize limit: GSM3043061_cutadapt_1_fastqc.html
[2021-11-06 06:03:30,559] multiqc                                            [DEBUG  ]  File ignored by longranger/invocation because it exceeded search pattern filesize limit: GSM3043061_cutadapt_1_fastqc.html
[2021-11-06 06:03:30,559] multiqc                                            [DEBUG  ]  File ignored by rockhopper because it exceeded search pattern filesize limit: GSM3043061_cutadapt_1_fastqc.html
[2021-11-06 06:03:30,559] multiqc                                            [DEBUG  ]  File ignored by rseqc/bam_stat because it exceeded search pattern filesize limit: GSM3043061_cutadapt_1_fastqc.html
[2021-11-06 06:03:30,559] multiqc                                            [DEBUG  ]  File ignored by rseqc/junction_annotation because it exceeded search pattern filesize limit: GSM3043061_cutadapt_1_fastqc.html
[2021-11-06 06:03:30,559] multiqc                                            [DEBUG  ]  File ignored by rseqc/read_distribution because it exceeded search pattern filesize limit: GSM3043061_cutadapt_1_fastqc.html
[2021-11-06 06:03:30,559] multiqc                                            [DEBUG  ]  File ignored by rseqc/infer_experiment because it exceeded search pattern filesize limit: GSM3043061_cutadapt_1_fastqc.html
[2021-11-06 06:03:30,700] multiqc                                            [DEBUG  ]  File ignored by ccs/v4 because it exceeded search pattern filesize limit: GSM3043061_cutadapt_1_fastqc.log
[2021-11-06 06:03:30,701] multiqc                                            [DEBUG  ]  File ignored by lima/summary because it exceeded search pattern filesize limit: GSM3043061_cutadapt_1_fastqc.log
[2021-11-06 06:03:30,775] multiqc                                            [DEBUG  ]  File ignored by ccs/v4 because it exceeded search pattern filesize limit: GSM3043061_2_fastqc.html
[2021-11-06 06:03:30,777] multiqc                                            [DEBUG  ]  File ignored by hicexplorer because it exceeded search pattern filesize limit: GSM3043061_2_fastqc.html
[2021-11-06 06:03:30,777] multiqc                                            [DEBUG  ]  File ignored by nanostat because it exceeded search pattern filesize limit: GSM3043061_2_fastqc.html
[2021-11-06 06:03:30,777] multiqc                                            [DEBUG  ]  File ignored by lima/summary because it exceeded search pattern filesize limit: GSM3043061_2_fastqc.html
[2021-11-06 06:03:30,780] multiqc                                            [DEBUG  ]  File ignored by vep/vep_txt because it exceeded search pattern filesize limit: GSM3043061_2_fastqc.html
[2021-11-06 06:03:30,780] multiqc                                            [DEBUG  ]  File ignored by longranger/invocation because it exceeded search pattern filesize limit: GSM3043061_2_fastqc.html
[2021-11-06 06:03:30,780] multiqc                                            [DEBUG  ]  File ignored by rockhopper because it exceeded search pattern filesize limit: GSM3043061_2_fastqc.html
[2021-11-06 06:03:30,780] multiqc                                            [DEBUG  ]  File ignored by rseqc/bam_stat because it exceeded search pattern filesize limit: GSM3043061_2_fastqc.html
[2021-11-06 06:03:30,780] multiqc                                            [DEBUG  ]  File ignored by rseqc/junction_annotation because it exceeded search pattern filesize limit: GSM3043061_2_fastqc.html
[2021-11-06 06:03:30,780] multiqc                                            [DEBUG  ]  File ignored by rseqc/read_distribution because it exceeded search pattern filesize limit: GSM3043061_2_fastqc.html
[2021-11-06 06:03:30,780] multiqc                                            [DEBUG  ]  File ignored by rseqc/infer_experiment because it exceeded search pattern filesize limit: GSM3043061_2_fastqc.html
[2021-11-06 06:03:31,017] multiqc                                            [DEBUG  ]  File ignored by ccs/v4 because it exceeded search pattern filesize limit: GSM3043061_1_fastqc.html
[2021-11-06 06:03:31,019] multiqc                                            [DEBUG  ]  File ignored by hicexplorer because it exceeded search pattern filesize limit: GSM3043061_1_fastqc.html
[2021-11-06 06:03:31,019] multiqc                                            [DEBUG  ]  File ignored by nanostat because it exceeded search pattern filesize limit: GSM3043061_1_fastqc.html
[2021-11-06 06:03:31,019] multiqc                                            [DEBUG  ]  File ignored by lima/summary because it exceeded search pattern filesize limit: GSM3043061_1_fastqc.html
[2021-11-06 06:03:31,022] multiqc                                            [DEBUG  ]  File ignored by vep/vep_txt because it exceeded search pattern filesize limit: GSM3043061_1_fastqc.html
[2021-11-06 06:03:31,022] multiqc                                            [DEBUG  ]  File ignored by longranger/invocation because it exceeded search pattern filesize limit: GSM3043061_1_fastqc.html
[2021-11-06 06:03:31,022] multiqc                                            [DEBUG  ]  File ignored by rockhopper because it exceeded search pattern filesize limit: GSM3043061_1_fastqc.html
[2021-11-06 06:03:31,022] multiqc                                            [DEBUG  ]  File ignored by rseqc/bam_stat because it exceeded search pattern filesize limit: GSM3043061_1_fastqc.html
[2021-11-06 06:03:31,022] multiqc                                            [DEBUG  ]  File ignored by rseqc/junction_annotation because it exceeded search pattern filesize limit: GSM3043061_1_fastqc.html
[2021-11-06 06:03:31,022] multiqc                                            [DEBUG  ]  File ignored by rseqc/read_distribution because it exceeded search pattern filesize limit: GSM3043061_1_fastqc.html
[2021-11-06 06:03:31,023] multiqc                                            [DEBUG  ]  File ignored by rseqc/infer_experiment because it exceeded search pattern filesize limit: GSM3043061_1_fastqc.html
[2021-11-06 06:03:31,154] multiqc                                            [DEBUG  ]  File ignored by ccs/v4 because it exceeded search pattern filesize limit: GSM3043061_cutadapt_2_fastqc.log
[2021-11-06 06:03:31,155] multiqc                                            [DEBUG  ]  File ignored by lima/summary because it exceeded search pattern filesize limit: GSM3043061_cutadapt_2_fastqc.log
[2021-11-06 06:03:31,252] multiqc                                            [DEBUG  ]  File ignored by ccs/v4 because it exceeded search pattern filesize limit: GSM3043061_cutadapt_2_fastqc.html
[2021-11-06 06:03:31,253] multiqc                                            [DEBUG  ]  File ignored by hicexplorer because it exceeded search pattern filesize limit: GSM3043061_cutadapt_2_fastqc.html
[2021-11-06 06:03:31,254] multiqc                                            [DEBUG  ]  File ignored by nanostat because it exceeded search pattern filesize limit: GSM3043061_cutadapt_2_fastqc.html
[2021-11-06 06:03:31,254] multiqc                                            [DEBUG  ]  File ignored by lima/summary because it exceeded search pattern filesize limit: GSM3043061_cutadapt_2_fastqc.html
[2021-11-06 06:03:31,257] multiqc                                            [DEBUG  ]  File ignored by vep/vep_txt because it exceeded search pattern filesize limit: GSM3043061_cutadapt_2_fastqc.html
[2021-11-06 06:03:31,257] multiqc                                            [DEBUG  ]  File ignored by longranger/invocation because it exceeded search pattern filesize limit: GSM3043061_cutadapt_2_fastqc.html
[2021-11-06 06:03:31,257] multiqc                                            [DEBUG  ]  File ignored by rockhopper because it exceeded search pattern filesize limit: GSM3043061_cutadapt_2_fastqc.html
[2021-11-06 06:03:31,257] multiqc                                            [DEBUG  ]  File ignored by rseqc/bam_stat because it exceeded search pattern filesize limit: GSM3043061_cutadapt_2_fastqc.html
[2021-11-06 06:03:31,257] multiqc                                            [DEBUG  ]  File ignored by rseqc/junction_annotation because it exceeded search pattern filesize limit: GSM3043061_cutadapt_2_fastqc.html
[2021-11-06 06:03:31,257] multiqc                                            [DEBUG  ]  File ignored by rseqc/read_distribution because it exceeded search pattern filesize limit: GSM3043061_cutadapt_2_fastqc.html
[2021-11-06 06:03:31,257] multiqc                                            [DEBUG  ]  File ignored by rseqc/infer_experiment because it exceeded search pattern filesize limit: GSM3043061_cutadapt_2_fastqc.html
[2021-11-06 06:03:31,393] multiqc                                            [DEBUG  ]  Ignoring file as matched an ignore pattern: GSM3043097_cutadapt_1.fastq.gz
[2021-11-06 06:03:31,456] multiqc                                            [DEBUG  ]  File ignored by ccs/v4 because it exceeded search pattern filesize limit: GSM3043097_1.fastq.gz_trimming_report.txt
[2021-11-06 06:03:31,458] multiqc                                            [DEBUG  ]  File ignored by lima/summary because it exceeded search pattern filesize limit: GSM3043097_1.fastq.gz_trimming_report.txt
[2021-11-06 06:03:31,460] multiqc                                            [DEBUG  ]  File ignored by longranger/invocation because it exceeded search pattern filesize limit: GSM3043097_1.fastq.gz_trimming_report.txt
[2021-11-06 06:03:31,471] multiqc                                            [DEBUG  ]  File ignored by ccs/v4 because it exceeded search pattern filesize limit: GSM3043097_cutadapt_bowtie2_minus_strand_bedgraph_to_tdf.log
[2021-11-06 06:03:31,472] multiqc                                            [DEBUG  ]  File ignored by lima/summary because it exceeded search pattern filesize limit: GSM3043097_cutadapt_bowtie2_minus_strand_bedgraph_to_tdf.log
[2021-11-06 06:03:31,529] multiqc                                            [DEBUG  ]  File ignored by ccs/v4 because it exceeded search pattern filesize limit: GSM3043097_2.fastq.gz_trimming_report.txt
[2021-11-06 06:03:31,531] multiqc                                            [DEBUG  ]  File ignored by lima/summary because it exceeded search pattern filesize limit: GSM3043097_2.fastq.gz_trimming_report.txt
[2021-11-06 06:03:31,537] multiqc                                            [DEBUG  ]  File ignored by longranger/invocation because it exceeded search pattern filesize limit: GSM3043097_2.fastq.gz_trimming_report.txt
[2021-11-06 06:03:31,544] multiqc                                            [DEBUG  ]  Ignoring file as matched an ignore pattern: GSM3043097_cutadapt.fastq.gz
[2021-11-06 06:03:31,544] multiqc                                            [DEBUG  ]  Ignoring file as matched an ignore pattern: GSM3043097_cutadapt_bowtie2.bam.bai
[2021-11-06 06:03:31,615] multiqc                                            [DEBUG  ]  File ignored by ccs/v4 because it exceeded search pattern filesize limit: GSM3043097_cutadapt_bowtie2_plus_strand_bedgraph_to_tdf.log
[2021-11-06 06:03:31,617] multiqc                                            [DEBUG  ]  File ignored by lima/summary because it exceeded search pattern filesize limit: GSM3043097_cutadapt_bowtie2_plus_strand_bedgraph_to_tdf.log
[2021-11-06 06:03:31,635] multiqc                                            [DEBUG  ]  Ignoring file as matched an ignore pattern: GSM3043097_cutadapt_2.fastq.gz
[2021-11-06 06:03:31,666] multiqc                                            [DEBUG  ]  Ignoring file as matched an ignore pattern: GSM3043097_1.fastq.gz
[2021-11-06 06:03:31,677] multiqc                                            [DEBUG  ]  Ignoring file as matched an ignore pattern: GSM3043097_2.fastq.gz
[2021-11-06 06:03:31,705] multiqc                                            [DEBUG  ]  File ignored by ccs/v4 because it exceeded search pattern filesize limit: GSM3043097_cutadapt.log
[2021-11-06 06:03:31,706] multiqc                                            [DEBUG  ]  File ignored by hicexplorer because it exceeded search pattern filesize limit: GSM3043097_cutadapt.log
[2021-11-06 06:03:31,707] multiqc                                            [DEBUG  ]  File ignored by nanostat because it exceeded search pattern filesize limit: GSM3043097_cutadapt.log
[2021-11-06 06:03:31,707] multiqc                                            [DEBUG  ]  File ignored by lima/summary because it exceeded search pattern filesize limit: GSM3043097_cutadapt.log
[2021-11-06 06:03:31,709] multiqc                                            [DEBUG  ]  File ignored by longranger/invocation because it exceeded search pattern filesize limit: GSM3043097_cutadapt.log
[2021-11-06 06:03:31,724] multiqc                                            [DEBUG  ]  File ignored by ccs/v4 because it exceeded search pattern filesize limit: GSM3043097_cutadapt_bowtie2_bedgraph_to_tdf.log
[2021-11-06 06:03:31,726] multiqc                                            [DEBUG  ]  File ignored by lima/summary because it exceeded search pattern filesize limit: GSM3043097_cutadapt_bowtie2_bedgraph_to_tdf.log
[2021-11-06 06:03:31,733] multiqc                                            [DEBUG  ]  Ignoring file as matched an ignore pattern: GSM3043097_cutadapt_bowtie2.bam
[2021-11-06 06:03:31,889] multiqc                                            [DEBUG  ]  File ignored by ccs/v4 because it exceeded search pattern filesize limit: GSM3043097_cutadapt_bowtie2_fastqc.log
[2021-11-06 06:03:31,891] multiqc                                            [DEBUG  ]  File ignored by lima/summary because it exceeded search pattern filesize limit: GSM3043097_cutadapt_bowtie2_fastqc.log
[2021-11-06 06:03:31,966] multiqc                                            [DEBUG  ]  File ignored by ccs/v4 because it exceeded search pattern filesize limit: GSM3043097_cutadapt_bowtie2_fastqc.html
[2021-11-06 06:03:31,968] multiqc                                            [DEBUG  ]  File ignored by hicexplorer because it exceeded search pattern filesize limit: GSM3043097_cutadapt_bowtie2_fastqc.html
[2021-11-06 06:03:31,968] multiqc                                            [DEBUG  ]  File ignored by nanostat because it exceeded search pattern filesize limit: GSM3043097_cutadapt_bowtie2_fastqc.html
[2021-11-06 06:03:31,968] multiqc                                            [DEBUG  ]  File ignored by lima/summary because it exceeded search pattern filesize limit: GSM3043097_cutadapt_bowtie2_fastqc.html
[2021-11-06 06:03:31,971] multiqc                                            [DEBUG  ]  File ignored by vep/vep_txt because it exceeded search pattern filesize limit: GSM3043097_cutadapt_bowtie2_fastqc.html
[2021-11-06 06:03:31,971] multiqc                                            [DEBUG  ]  File ignored by longranger/invocation because it exceeded search pattern filesize limit: GSM3043097_cutadapt_bowtie2_fastqc.html
[2021-11-06 06:03:31,971] multiqc                                            [DEBUG  ]  File ignored by rockhopper because it exceeded search pattern filesize limit: GSM3043097_cutadapt_bowtie2_fastqc.html
[2021-11-06 06:03:31,971] multiqc                                            [DEBUG  ]  File ignored by rseqc/bam_stat because it exceeded search pattern filesize limit: GSM3043097_cutadapt_bowtie2_fastqc.html
[2021-11-06 06:03:31,971] multiqc                                            [DEBUG  ]  File ignored by rseqc/junction_annotation because it exceeded search pattern filesize limit: GSM3043097_cutadapt_bowtie2_fastqc.html
[2021-11-06 06:03:31,971] multiqc                                            [DEBUG  ]  File ignored by rseqc/read_distribution because it exceeded search pattern filesize limit: GSM3043097_cutadapt_bowtie2_fastqc.html
[2021-11-06 06:03:31,972] multiqc                                            [DEBUG  ]  File ignored by rseqc/infer_experiment because it exceeded search pattern filesize limit: GSM3043097_cutadapt_bowtie2_fastqc.html
[2021-11-06 06:03:32,217] multiqc                                            [DEBUG  ]  File ignored by ccs/v4 because it exceeded search pattern filesize limit: GSM3043097_2_fastqc.html
[2021-11-06 06:03:32,219] multiqc                                            [DEBUG  ]  File ignored by hicexplorer because it exceeded search pattern filesize limit: GSM3043097_2_fastqc.html
[2021-11-06 06:03:32,219] multiqc                                            [DEBUG  ]  File ignored by nanostat because it exceeded search pattern filesize limit: GSM3043097_2_fastqc.html
[2021-11-06 06:03:32,219] multiqc                                            [DEBUG  ]  File ignored by lima/summary because it exceeded search pattern filesize limit: GSM3043097_2_fastqc.html
[2021-11-06 06:03:32,222] multiqc                                            [DEBUG  ]  File ignored by vep/vep_txt because it exceeded search pattern filesize limit: GSM3043097_2_fastqc.html
[2021-11-06 06:03:32,222] multiqc                                            [DEBUG  ]  File ignored by longranger/invocation because it exceeded search pattern filesize limit: GSM3043097_2_fastqc.html
[2021-11-06 06:03:32,222] multiqc                                            [DEBUG  ]  File ignored by rockhopper because it exceeded search pattern filesize limit: GSM3043097_2_fastqc.html
[2021-11-06 06:03:32,222] multiqc                                            [DEBUG  ]  File ignored by rseqc/bam_stat because it exceeded search pattern filesize limit: GSM3043097_2_fastqc.html
[2021-11-06 06:03:32,222] multiqc                                            [DEBUG  ]  File ignored by rseqc/junction_annotation because it exceeded search pattern filesize limit: GSM3043097_2_fastqc.html
[2021-11-06 06:03:32,222] multiqc                                            [DEBUG  ]  File ignored by rseqc/read_distribution because it exceeded search pattern filesize limit: GSM3043097_2_fastqc.html
[2021-11-06 06:03:32,223] multiqc                                            [DEBUG  ]  File ignored by rseqc/infer_experiment because it exceeded search pattern filesize limit: GSM3043097_2_fastqc.html
[2021-11-06 06:03:32,469] multiqc                                            [DEBUG  ]  File ignored by ccs/v4 because it exceeded search pattern filesize limit: GSM3043097_1_fastqc.html
[2021-11-06 06:03:32,470] multiqc                                            [DEBUG  ]  File ignored by hicexplorer because it exceeded search pattern filesize limit: GSM3043097_1_fastqc.html
[2021-11-06 06:03:32,471] multiqc                                            [DEBUG  ]  File ignored by nanostat because it exceeded search pattern filesize limit: GSM3043097_1_fastqc.html
[2021-11-06 06:03:32,471] multiqc                                            [DEBUG  ]  File ignored by lima/summary because it exceeded search pattern filesize limit: GSM3043097_1_fastqc.html
[2021-11-06 06:03:32,478] multiqc                                            [DEBUG  ]  File ignored by vep/vep_txt because it exceeded search pattern filesize limit: GSM3043097_1_fastqc.html
[2021-11-06 06:03:32,478] multiqc                                            [DEBUG  ]  File ignored by longranger/invocation because it exceeded search pattern filesize limit: GSM3043097_1_fastqc.html
[2021-11-06 06:03:32,478] multiqc                                            [DEBUG  ]  File ignored by rockhopper because it exceeded search pattern filesize limit: GSM3043097_1_fastqc.html
[2021-11-06 06:03:32,478] multiqc                                            [DEBUG  ]  File ignored by rseqc/bam_stat because it exceeded search pattern filesize limit: GSM3043097_1_fastqc.html
[2021-11-06 06:03:32,478] multiqc                                            [DEBUG  ]  File ignored by rseqc/junction_annotation because it exceeded search pattern filesize limit: GSM3043097_1_fastqc.html
[2021-11-06 06:03:32,478] multiqc                                            [DEBUG  ]  File ignored by rseqc/read_distribution because it exceeded search pattern filesize limit: GSM3043097_1_fastqc.html
[2021-11-06 06:03:32,478] multiqc                                            [DEBUG  ]  File ignored by rseqc/infer_experiment because it exceeded search pattern filesize limit: GSM3043097_1_fastqc.html
[2021-11-06 06:03:32,690] multiqc                                            [DEBUG  ]  File ignored by ccs/v4 because it exceeded search pattern filesize limit: GSM3043097_cutadapt_1_fastqc.html
[2021-11-06 06:03:32,692] multiqc                                            [DEBUG  ]  File ignored by hicexplorer because it exceeded search pattern filesize limit: GSM3043097_cutadapt_1_fastqc.html
[2021-11-06 06:03:32,692] multiqc                                            [DEBUG  ]  File ignored by nanostat because it exceeded search pattern filesize limit: GSM3043097_cutadapt_1_fastqc.html
[2021-11-06 06:03:32,693] multiqc                                            [DEBUG  ]  File ignored by lima/summary because it exceeded search pattern filesize limit: GSM3043097_cutadapt_1_fastqc.html
[2021-11-06 06:03:32,696] multiqc                                            [DEBUG  ]  File ignored by vep/vep_txt because it exceeded search pattern filesize limit: GSM3043097_cutadapt_1_fastqc.html
[2021-11-06 06:03:32,696] multiqc                                            [DEBUG  ]  File ignored by longranger/invocation because it exceeded search pattern filesize limit: GSM3043097_cutadapt_1_fastqc.html
[2021-11-06 06:03:32,696] multiqc                                            [DEBUG  ]  File ignored by rockhopper because it exceeded search pattern filesize limit: GSM3043097_cutadapt_1_fastqc.html
[2021-11-06 06:03:32,696] multiqc                                            [DEBUG  ]  File ignored by rseqc/bam_stat because it exceeded search pattern filesize limit: GSM3043097_cutadapt_1_fastqc.html
[2021-11-06 06:03:32,696] multiqc                                            [DEBUG  ]  File ignored by rseqc/junction_annotation because it exceeded search pattern filesize limit: GSM3043097_cutadapt_1_fastqc.html
[2021-11-06 06:03:32,696] multiqc                                            [DEBUG  ]  File ignored by rseqc/read_distribution because it exceeded search pattern filesize limit: GSM3043097_cutadapt_1_fastqc.html
[2021-11-06 06:03:32,697] multiqc                                            [DEBUG  ]  File ignored by rseqc/infer_experiment because it exceeded search pattern filesize limit: GSM3043097_cutadapt_1_fastqc.html
[2021-11-06 06:03:32,861] multiqc                                            [DEBUG  ]  File ignored by ccs/v4 because it exceeded search pattern filesize limit: GSM3043097_cutadapt_1_fastqc.log
[2021-11-06 06:03:32,862] multiqc                                            [DEBUG  ]  File ignored by lima/summary because it exceeded search pattern filesize limit: GSM3043097_cutadapt_1_fastqc.log
[2021-11-06 06:03:32,874] multiqc                                            [DEBUG  ]  File ignored by ccs/v4 because it exceeded search pattern filesize limit: GSM3043097_cutadapt_2_fastqc.log
[2021-11-06 06:03:32,875] multiqc                                            [DEBUG  ]  File ignored by lima/summary because it exceeded search pattern filesize limit: GSM3043097_cutadapt_2_fastqc.log
[2021-11-06 06:03:32,948] multiqc                                            [DEBUG  ]  File ignored by ccs/v4 because it exceeded search pattern filesize limit: GSM3043097_cutadapt_2_fastqc.html
[2021-11-06 06:03:32,949] multiqc                                            [DEBUG  ]  File ignored by hicexplorer because it exceeded search pattern filesize limit: GSM3043097_cutadapt_2_fastqc.html
[2021-11-06 06:03:32,949] multiqc                                            [DEBUG  ]  File ignored by nanostat because it exceeded search pattern filesize limit: GSM3043097_cutadapt_2_fastqc.html
[2021-11-06 06:03:32,950] multiqc                                            [DEBUG  ]  File ignored by lima/summary because it exceeded search pattern filesize limit: GSM3043097_cutadapt_2_fastqc.html
[2021-11-06 06:03:32,953] multiqc                                            [DEBUG  ]  File ignored by vep/vep_txt because it exceeded search pattern filesize limit: GSM3043097_cutadapt_2_fastqc.html
[2021-11-06 06:03:32,953] multiqc                                            [DEBUG  ]  File ignored by longranger/invocation because it exceeded search pattern filesize limit: GSM3043097_cutadapt_2_fastqc.html
[2021-11-06 06:03:32,953] multiqc                                            [DEBUG  ]  File ignored by rockhopper because it exceeded search pattern filesize limit: GSM3043097_cutadapt_2_fastqc.html
[2021-11-06 06:03:32,953] multiqc                                            [DEBUG  ]  File ignored by rseqc/bam_stat because it exceeded search pattern filesize limit: GSM3043097_cutadapt_2_fastqc.html
[2021-11-06 06:03:32,953] multiqc                                            [DEBUG  ]  File ignored by rseqc/junction_annotation because it exceeded search pattern filesize limit: GSM3043097_cutadapt_2_fastqc.html
[2021-11-06 06:03:32,953] multiqc                                            [DEBUG  ]  File ignored by rseqc/read_distribution because it exceeded search pattern filesize limit: GSM3043097_cutadapt_2_fastqc.html
[2021-11-06 06:03:32,953] multiqc                                            [DEBUG  ]  File ignored by rseqc/infer_experiment because it exceeded search pattern filesize limit: GSM3043097_cutadapt_2_fastqc.html
[2021-11-06 06:03:33,121] multiqc                                            [DEBUG  ]  Ignoring file as matched an ignore pattern: DS00071_peaks.bed
[2021-11-06 06:03:33,125] multiqc                                            [DEBUG  ]  File ignored by ccs/v4 because it exceeded search pattern filesize limit: DS00071_peaks.ft
[2021-11-06 06:03:33,126] multiqc                                            [DEBUG  ]  File ignored by hicexplorer because it exceeded search pattern filesize limit: DS00071_peaks.ft
[2021-11-06 06:03:33,127] multiqc                                            [DEBUG  ]  File ignored by nanostat because it exceeded search pattern filesize limit: DS00071_peaks.ft
[2021-11-06 06:03:33,127] multiqc                                            [DEBUG  ]  File ignored by lima/summary because it exceeded search pattern filesize limit: DS00071_peaks.ft
[2021-11-06 06:03:33,129] multiqc                                            [DEBUG  ]  File ignored by longranger/invocation because it exceeded search pattern filesize limit: DS00071_peaks.ft
[2021-11-06 06:03:33,140] multiqc                                            [DEBUG  ]  File ignored by ccs/v4 because it exceeded search pattern filesize limit: DS00071_sites.fasta
[2021-11-06 06:03:33,141] multiqc                                            [DEBUG  ]  File ignored by lima/summary because it exceeded search pattern filesize limit: DS00071_sites.fasta
[2021-11-06 06:03:33,158] multiqc                                            [DEBUG  ]  File ignored by ccs/v4 because it exceeded search pattern filesize limit: DS00071_peaks.fasta
[2021-11-06 06:03:33,160] multiqc                                            [DEBUG  ]  File ignored by hicexplorer because it exceeded search pattern filesize limit: DS00071_peaks.fasta
[2021-11-06 06:03:33,160] multiqc                                            [DEBUG  ]  File ignored by nanostat because it exceeded search pattern filesize limit: DS00071_peaks.fasta
[2021-11-06 06:03:33,160] multiqc                                            [DEBUG  ]  File ignored by lima/summary because it exceeded search pattern filesize limit: DS00071_peaks.fasta
[2021-11-06 06:03:33,162] multiqc                                            [DEBUG  ]  File ignored by vep/vep_txt because it exceeded search pattern filesize limit: DS00071_peaks.fasta
[2021-11-06 06:03:33,163] multiqc                                            [DEBUG  ]  File ignored by longranger/invocation because it exceeded search pattern filesize limit: DS00071_peaks.fasta
[2021-11-06 06:03:33,163] multiqc                                            [DEBUG  ]  File ignored by rockhopper because it exceeded search pattern filesize limit: DS00071_peaks.fasta
[2021-11-06 06:03:33,163] multiqc                                            [DEBUG  ]  File ignored by rseqc/bam_stat because it exceeded search pattern filesize limit: DS00071_peaks.fasta
[2021-11-06 06:03:33,163] multiqc                                            [DEBUG  ]  File ignored by rseqc/junction_annotation because it exceeded search pattern filesize limit: DS00071_peaks.fasta
[2021-11-06 06:03:33,163] multiqc                                            [DEBUG  ]  File ignored by rseqc/read_distribution because it exceeded search pattern filesize limit: DS00071_peaks.fasta
[2021-11-06 06:03:33,163] multiqc                                            [DEBUG  ]  File ignored by rseqc/infer_experiment because it exceeded search pattern filesize limit: DS00071_peaks.fasta
[2021-11-06 06:03:33,285] multiqc                                            [DEBUG  ]  File ignored by ccs/v4 because it exceeded search pattern filesize limit: DS00071_matrix.tab
[2021-11-06 06:03:33,287] multiqc                                            [DEBUG  ]  File ignored by lima/summary because it exceeded search pattern filesize limit: DS00071_matrix.tab
[2021-11-06 06:03:33,289] multiqc                                            [DEBUG  ]  File ignored by longranger/invocation because it exceeded search pattern filesize limit: DS00071_matrix.tab
[2021-11-06 06:03:33,296] multiqc                                            [DEBUG  ]  Ignoring file as matched an ignore pattern: DS00071_sites.bed
[2021-11-06 06:03:33,296] multiqc                                            [DEBUG  ]  Ignoring file as matched an ignore pattern: DS00071_summits.bed
[2021-11-06 06:03:33,301] multiqc                                            [DEBUG  ]  File ignored by ccs/v4 because it exceeded search pattern filesize limit: DS00071_peaks.narrowPeak
[2021-11-06 06:03:33,302] multiqc                                            [DEBUG  ]  File ignored by hicexplorer because it exceeded search pattern filesize limit: DS00071_peaks.narrowPeak
[2021-11-06 06:03:33,302] multiqc                                            [DEBUG  ]  File ignored by nanostat because it exceeded search pattern filesize limit: DS00071_peaks.narrowPeak
[2021-11-06 06:03:33,302] multiqc                                            [DEBUG  ]  File ignored by lima/summary because it exceeded search pattern filesize limit: DS00071_peaks.narrowPeak
[2021-11-06 06:03:33,305] multiqc                                            [DEBUG  ]  File ignored by longranger/invocation because it exceeded search pattern filesize limit: DS00071_peaks.narrowPeak
[2021-11-06 06:03:33,397] multiqc                                            [DEBUG  ]  Ignoring file as matched an ignore pattern: GSM3043062_cutadapt_1.fastq.gz
[2021-11-06 06:03:33,397] multiqc                                            [DEBUG  ]  Ignoring file as matched an ignore pattern: GSM3043062_cutadapt_bowtie2.bam.bai
[2021-11-06 06:03:33,476] multiqc                                            [DEBUG  ]  File ignored by ccs/v4 because it exceeded search pattern filesize limit: GSM3043062_1.fastq.gz_trimming_report.txt
[2021-11-06 06:03:33,478] multiqc                                            [DEBUG  ]  File ignored by lima/summary because it exceeded search pattern filesize limit: GSM3043062_1.fastq.gz_trimming_report.txt
[2021-11-06 06:03:33,480] multiqc                                            [DEBUG  ]  File ignored by longranger/invocation because it exceeded search pattern filesize limit: GSM3043062_1.fastq.gz_trimming_report.txt
[2021-11-06 06:03:33,575] multiqc                                            [DEBUG  ]  File ignored by ccs/v4 because it exceeded search pattern filesize limit: GSM3043062_cutadapt_bowtie2_plus_strand_bedgraph_to_tdf.log
[2021-11-06 06:03:33,576] multiqc                                            [DEBUG  ]  File ignored by lima/summary because it exceeded search pattern filesize limit: GSM3043062_cutadapt_bowtie2_plus_strand_bedgraph_to_tdf.log
[2021-11-06 06:03:33,630] multiqc                                            [DEBUG  ]  Ignoring file as matched an ignore pattern: GSM3043062_cutadapt_2.fastq.gz
[2021-11-06 06:03:33,630] multiqc                                            [DEBUG  ]  Ignoring file as matched an ignore pattern: GSM3043062_cutadapt_bowtie2.bam
[2021-11-06 06:03:33,630] multiqc                                            [DEBUG  ]  Ignoring file as matched an ignore pattern: GSM3043062_1.fastq.gz
[2021-11-06 06:03:33,758] multiqc                                            [DEBUG  ]  File ignored by ccs/v4 because it exceeded search pattern filesize limit: GSM3043062_cutadapt.log
[2021-11-06 06:03:33,760] multiqc                                            [DEBUG  ]  File ignored by hicexplorer because it exceeded search pattern filesize limit: GSM3043062_cutadapt.log
[2021-11-06 06:03:33,760] multiqc                                            [DEBUG  ]  File ignored by nanostat because it exceeded search pattern filesize limit: GSM3043062_cutadapt.log
[2021-11-06 06:03:33,760] multiqc                                            [DEBUG  ]  File ignored by lima/summary because it exceeded search pattern filesize limit: GSM3043062_cutadapt.log
[2021-11-06 06:03:33,762] multiqc                                            [DEBUG  ]  File ignored by longranger/invocation because it exceeded search pattern filesize limit: GSM3043062_cutadapt.log
[2021-11-06 06:03:33,808] multiqc                                            [DEBUG  ]  File ignored by ccs/v4 because it exceeded search pattern filesize limit: GSM3043062_2.fastq.gz_trimming_report.txt
[2021-11-06 06:03:33,810] multiqc                                            [DEBUG  ]  File ignored by lima/summary because it exceeded search pattern filesize limit: GSM3043062_2.fastq.gz_trimming_report.txt
[2021-11-06 06:03:33,812] multiqc                                            [DEBUG  ]  File ignored by longranger/invocation because it exceeded search pattern filesize limit: GSM3043062_2.fastq.gz_trimming_report.txt
[2021-11-06 06:03:33,853] multiqc                                            [DEBUG  ]  Ignoring file as matched an ignore pattern: GSM3043062_cutadapt.fastq.gz
[2021-11-06 06:03:33,889] multiqc                                            [DEBUG  ]  Ignoring file as matched an ignore pattern: GSM3043062_2.fastq.gz
[2021-11-06 06:03:33,916] multiqc                                            [DEBUG  ]  File ignored by ccs/v4 because it exceeded search pattern filesize limit: GSM3043062_cutadapt_bowtie2_minus_strand_bedgraph_to_tdf.log
[2021-11-06 06:03:33,917] multiqc                                            [DEBUG  ]  File ignored by lima/summary because it exceeded search pattern filesize limit: GSM3043062_cutadapt_bowtie2_minus_strand_bedgraph_to_tdf.log
[2021-11-06 06:03:33,941] multiqc                                            [DEBUG  ]  File ignored by ccs/v4 because it exceeded search pattern filesize limit: GSM3043062_cutadapt_bowtie2_bedgraph_to_tdf.log
[2021-11-06 06:03:33,942] multiqc                                            [DEBUG  ]  File ignored by lima/summary because it exceeded search pattern filesize limit: GSM3043062_cutadapt_bowtie2_bedgraph_to_tdf.log
[2021-11-06 06:03:34,031] multiqc                                            [DEBUG  ]  File ignored by ccs/v4 because it exceeded search pattern filesize limit: GSM3043062_2_fastqc.html
[2021-11-06 06:03:34,033] multiqc                                            [DEBUG  ]  File ignored by hicexplorer because it exceeded search pattern filesize limit: GSM3043062_2_fastqc.html
[2021-11-06 06:03:34,033] multiqc                                            [DEBUG  ]  File ignored by nanostat because it exceeded search pattern filesize limit: GSM3043062_2_fastqc.html
[2021-11-06 06:03:34,033] multiqc                                            [DEBUG  ]  File ignored by lima/summary because it exceeded search pattern filesize limit: GSM3043062_2_fastqc.html
[2021-11-06 06:03:34,036] multiqc                                            [DEBUG  ]  File ignored by vep/vep_txt because it exceeded search pattern filesize limit: GSM3043062_2_fastqc.html
[2021-11-06 06:03:34,036] multiqc                                            [DEBUG  ]  File ignored by longranger/invocation because it exceeded search pattern filesize limit: GSM3043062_2_fastqc.html
[2021-11-06 06:03:34,037] multiqc                                            [DEBUG  ]  File ignored by rockhopper because it exceeded search pattern filesize limit: GSM3043062_2_fastqc.html
[2021-11-06 06:03:34,037] multiqc                                            [DEBUG  ]  File ignored by rseqc/bam_stat because it exceeded search pattern filesize limit: GSM3043062_2_fastqc.html
[2021-11-06 06:03:34,037] multiqc                                            [DEBUG  ]  File ignored by rseqc/junction_annotation because it exceeded search pattern filesize limit: GSM3043062_2_fastqc.html
[2021-11-06 06:03:34,037] multiqc                                            [DEBUG  ]  File ignored by rseqc/read_distribution because it exceeded search pattern filesize limit: GSM3043062_2_fastqc.html
[2021-11-06 06:03:34,037] multiqc                                            [DEBUG  ]  File ignored by rseqc/infer_experiment because it exceeded search pattern filesize limit: GSM3043062_2_fastqc.html
[2021-11-06 06:03:34,214] multiqc                                            [DEBUG  ]  File ignored by ccs/v4 because it exceeded search pattern filesize limit: GSM3043062_cutadapt_2_fastqc.log
[2021-11-06 06:03:34,215] multiqc                                            [DEBUG  ]  File ignored by lima/summary because it exceeded search pattern filesize limit: GSM3043062_cutadapt_2_fastqc.log
[2021-11-06 06:03:34,288] multiqc                                            [DEBUG  ]  File ignored by ccs/v4 because it exceeded search pattern filesize limit: GSM3043062_cutadapt_2_fastqc.html
[2021-11-06 06:03:34,289] multiqc                                            [DEBUG  ]  File ignored by hicexplorer because it exceeded search pattern filesize limit: GSM3043062_cutadapt_2_fastqc.html
[2021-11-06 06:03:34,313] multiqc                                            [DEBUG  ]  File ignored by nanostat because it exceeded search pattern filesize limit: GSM3043062_cutadapt_2_fastqc.html
[2021-11-06 06:03:34,313] multiqc                                            [DEBUG  ]  File ignored by lima/summary because it exceeded search pattern filesize limit: GSM3043062_cutadapt_2_fastqc.html
[2021-11-06 06:03:34,316] multiqc                                            [DEBUG  ]  File ignored by vep/vep_txt because it exceeded search pattern filesize limit: GSM3043062_cutadapt_2_fastqc.html
[2021-11-06 06:03:34,316] multiqc                                            [DEBUG  ]  File ignored by longranger/invocation because it exceeded search pattern filesize limit: GSM3043062_cutadapt_2_fastqc.html
[2021-11-06 06:03:34,316] multiqc                                            [DEBUG  ]  File ignored by rockhopper because it exceeded search pattern filesize limit: GSM3043062_cutadapt_2_fastqc.html
[2021-11-06 06:03:34,316] multiqc                                            [DEBUG  ]  File ignored by rseqc/bam_stat because it exceeded search pattern filesize limit: GSM3043062_cutadapt_2_fastqc.html
[2021-11-06 06:03:34,316] multiqc                                            [DEBUG  ]  File ignored by rseqc/junction_annotation because it exceeded search pattern filesize limit: GSM3043062_cutadapt_2_fastqc.html
[2021-11-06 06:03:34,316] multiqc                                            [DEBUG  ]  File ignored by rseqc/read_distribution because it exceeded search pattern filesize limit: GSM3043062_cutadapt_2_fastqc.html
[2021-11-06 06:03:34,316] multiqc                                            [DEBUG  ]  File ignored by rseqc/infer_experiment because it exceeded search pattern filesize limit: GSM3043062_cutadapt_2_fastqc.html
[2021-11-06 06:03:34,482] multiqc                                            [DEBUG  ]  File ignored by ccs/v4 because it exceeded search pattern filesize limit: GSM3043062_cutadapt_bowtie2_fastqc.log
[2021-11-06 06:03:34,483] multiqc                                            [DEBUG  ]  File ignored by lima/summary because it exceeded search pattern filesize limit: GSM3043062_cutadapt_bowtie2_fastqc.log
[2021-11-06 06:03:34,568] multiqc                                            [DEBUG  ]  File ignored by ccs/v4 because it exceeded search pattern filesize limit: GSM3043062_cutadapt_bowtie2_fastqc.html
[2021-11-06 06:03:34,569] multiqc                                            [DEBUG  ]  File ignored by hicexplorer because it exceeded search pattern filesize limit: GSM3043062_cutadapt_bowtie2_fastqc.html
[2021-11-06 06:03:34,570] multiqc                                            [DEBUG  ]  File ignored by nanostat because it exceeded search pattern filesize limit: GSM3043062_cutadapt_bowtie2_fastqc.html
[2021-11-06 06:03:34,570] multiqc                                            [DEBUG  ]  File ignored by lima/summary because it exceeded search pattern filesize limit: GSM3043062_cutadapt_bowtie2_fastqc.html
[2021-11-06 06:03:34,578] multiqc                                            [DEBUG  ]  File ignored by vep/vep_txt because it exceeded search pattern filesize limit: GSM3043062_cutadapt_bowtie2_fastqc.html
[2021-11-06 06:03:34,578] multiqc                                            [DEBUG  ]  File ignored by longranger/invocation because it exceeded search pattern filesize limit: GSM3043062_cutadapt_bowtie2_fastqc.html
[2021-11-06 06:03:34,578] multiqc                                            [DEBUG  ]  File ignored by rockhopper because it exceeded search pattern filesize limit: GSM3043062_cutadapt_bowtie2_fastqc.html
[2021-11-06 06:03:34,578] multiqc                                            [DEBUG  ]  File ignored by rseqc/bam_stat because it exceeded search pattern filesize limit: GSM3043062_cutadapt_bowtie2_fastqc.html
[2021-11-06 06:03:34,579] multiqc                                            [DEBUG  ]  File ignored by rseqc/junction_annotation because it exceeded search pattern filesize limit: GSM3043062_cutadapt_bowtie2_fastqc.html
[2021-11-06 06:03:34,579] multiqc                                            [DEBUG  ]  File ignored by rseqc/read_distribution because it exceeded search pattern filesize limit: GSM3043062_cutadapt_bowtie2_fastqc.html
[2021-11-06 06:03:34,579] multiqc                                            [DEBUG  ]  File ignored by rseqc/infer_experiment because it exceeded search pattern filesize limit: GSM3043062_cutadapt_bowtie2_fastqc.html
[2021-11-06 06:03:34,880] multiqc                                            [DEBUG  ]  File ignored by ccs/v4 because it exceeded search pattern filesize limit: GSM3043062_1_fastqc.html
[2021-11-06 06:03:34,882] multiqc                                            [DEBUG  ]  File ignored by hicexplorer because it exceeded search pattern filesize limit: GSM3043062_1_fastqc.html
[2021-11-06 06:03:34,882] multiqc                                            [DEBUG  ]  File ignored by nanostat because it exceeded search pattern filesize limit: GSM3043062_1_fastqc.html
[2021-11-06 06:03:34,882] multiqc                                            [DEBUG  ]  File ignored by lima/summary because it exceeded search pattern filesize limit: GSM3043062_1_fastqc.html
[2021-11-06 06:03:34,885] multiqc                                            [DEBUG  ]  File ignored by vep/vep_txt because it exceeded search pattern filesize limit: GSM3043062_1_fastqc.html
[2021-11-06 06:03:34,885] multiqc                                            [DEBUG  ]  File ignored by longranger/invocation because it exceeded search pattern filesize limit: GSM3043062_1_fastqc.html
[2021-11-06 06:03:34,885] multiqc                                            [DEBUG  ]  File ignored by rockhopper because it exceeded search pattern filesize limit: GSM3043062_1_fastqc.html
[2021-11-06 06:03:34,885] multiqc                                            [DEBUG  ]  File ignored by rseqc/bam_stat because it exceeded search pattern filesize limit: GSM3043062_1_fastqc.html
[2021-11-06 06:03:34,886] multiqc                                            [DEBUG  ]  File ignored by rseqc/junction_annotation because it exceeded search pattern filesize limit: GSM3043062_1_fastqc.html
[2021-11-06 06:03:34,886] multiqc                                            [DEBUG  ]  File ignored by rseqc/read_distribution because it exceeded search pattern filesize limit: GSM3043062_1_fastqc.html
[2021-11-06 06:03:34,886] multiqc                                            [DEBUG  ]  File ignored by rseqc/infer_experiment because it exceeded search pattern filesize limit: GSM3043062_1_fastqc.html
[2021-11-06 06:03:35,093] multiqc                                            [DEBUG  ]  File ignored by ccs/v4 because it exceeded search pattern filesize limit: GSM3043062_cutadapt_1_fastqc.html
[2021-11-06 06:03:35,095] multiqc                                            [DEBUG  ]  File ignored by hicexplorer because it exceeded search pattern filesize limit: GSM3043062_cutadapt_1_fastqc.html
[2021-11-06 06:03:35,095] multiqc                                            [DEBUG  ]  File ignored by nanostat because it exceeded search pattern filesize limit: GSM3043062_cutadapt_1_fastqc.html
[2021-11-06 06:03:35,095] multiqc                                            [DEBUG  ]  File ignored by lima/summary because it exceeded search pattern filesize limit: GSM3043062_cutadapt_1_fastqc.html
[2021-11-06 06:03:35,098] multiqc                                            [DEBUG  ]  File ignored by vep/vep_txt because it exceeded search pattern filesize limit: GSM3043062_cutadapt_1_fastqc.html
[2021-11-06 06:03:35,098] multiqc                                            [DEBUG  ]  File ignored by longranger/invocation because it exceeded search pattern filesize limit: GSM3043062_cutadapt_1_fastqc.html
[2021-11-06 06:03:35,098] multiqc                                            [DEBUG  ]  File ignored by rockhopper because it exceeded search pattern filesize limit: GSM3043062_cutadapt_1_fastqc.html
[2021-11-06 06:03:35,098] multiqc                                            [DEBUG  ]  File ignored by rseqc/bam_stat because it exceeded search pattern filesize limit: GSM3043062_cutadapt_1_fastqc.html
[2021-11-06 06:03:35,098] multiqc                                            [DEBUG  ]  File ignored by rseqc/junction_annotation because it exceeded search pattern filesize limit: GSM3043062_cutadapt_1_fastqc.html
[2021-11-06 06:03:35,098] multiqc                                            [DEBUG  ]  File ignored by rseqc/read_distribution because it exceeded search pattern filesize limit: GSM3043062_cutadapt_1_fastqc.html
[2021-11-06 06:03:35,099] multiqc                                            [DEBUG  ]  File ignored by rseqc/infer_experiment because it exceeded search pattern filesize limit: GSM3043062_cutadapt_1_fastqc.html
[2021-11-06 06:03:35,239] multiqc                                            [DEBUG  ]  File ignored by ccs/v4 because it exceeded search pattern filesize limit: GSM3043062_cutadapt_1_fastqc.log
[2021-11-06 06:03:35,241] multiqc                                            [DEBUG  ]  File ignored by lima/summary because it exceeded search pattern filesize limit: GSM3043062_cutadapt_1_fastqc.log
[2021-11-06 06:03:35,309] multiqc                                            [DEBUG  ]  File ignored by ccs/v4 because it exceeded search pattern filesize limit: GSM3043098_cutadapt_bowtie2_plus_strand_bedgraph_to_tdf.log
[2021-11-06 06:03:35,311] multiqc                                            [DEBUG  ]  File ignored by lima/summary because it exceeded search pattern filesize limit: GSM3043098_cutadapt_bowtie2_plus_strand_bedgraph_to_tdf.log
[2021-11-06 06:03:35,354] multiqc                                            [DEBUG  ]  Ignoring file as matched an ignore pattern: GSM3043098_cutadapt_bowtie2.bam
[2021-11-06 06:03:35,389] multiqc                                            [DEBUG  ]  File ignored by ccs/v4 because it exceeded search pattern filesize limit: GSM3043098_1.fastq.gz_trimming_report.txt
[2021-11-06 06:03:35,391] multiqc                                            [DEBUG  ]  File ignored by lima/summary because it exceeded search pattern filesize limit: GSM3043098_1.fastq.gz_trimming_report.txt
[2021-11-06 06:03:35,393] multiqc                                            [DEBUG  ]  File ignored by longranger/invocation because it exceeded search pattern filesize limit: GSM3043098_1.fastq.gz_trimming_report.txt
[2021-11-06 06:03:35,410] multiqc                                            [DEBUG  ]  Ignoring file as matched an ignore pattern: GSM3043098_cutadapt_1.fastq.gz
[2021-11-06 06:03:35,432] multiqc                                            [DEBUG  ]  File ignored by ccs/v4 because it exceeded search pattern filesize limit: GSM3043098_cutadapt.log
[2021-11-06 06:03:35,434] multiqc                                            [DEBUG  ]  File ignored by hicexplorer because it exceeded search pattern filesize limit: GSM3043098_cutadapt.log
[2021-11-06 06:03:35,434] multiqc                                            [DEBUG  ]  File ignored by nanostat because it exceeded search pattern filesize limit: GSM3043098_cutadapt.log
[2021-11-06 06:03:35,434] multiqc                                            [DEBUG  ]  File ignored by lima/summary because it exceeded search pattern filesize limit: GSM3043098_cutadapt.log
[2021-11-06 06:03:35,440] multiqc                                            [DEBUG  ]  File ignored by longranger/invocation because it exceeded search pattern filesize limit: GSM3043098_cutadapt.log
[2021-11-06 06:03:35,451] multiqc                                            [DEBUG  ]  Ignoring file as matched an ignore pattern: GSM3043098_2.fastq.gz
[2021-11-06 06:03:35,475] multiqc                                            [DEBUG  ]  File ignored by ccs/v4 because it exceeded search pattern filesize limit: GSM3043098_cutadapt_bowtie2_bedgraph_to_tdf.log
[2021-11-06 06:03:35,476] multiqc                                            [DEBUG  ]  File ignored by lima/summary because it exceeded search pattern filesize limit: GSM3043098_cutadapt_bowtie2_bedgraph_to_tdf.log
[2021-11-06 06:03:35,562] multiqc                                            [DEBUG  ]  Ignoring file as matched an ignore pattern: GSM3043098_cutadapt.fastq.gz
[2021-11-06 06:03:35,590] multiqc                                            [DEBUG  ]  Ignoring file as matched an ignore pattern: GSM3043098_cutadapt_2.fastq.gz
[2021-11-06 06:03:35,607] multiqc                                            [DEBUG  ]  File ignored by ccs/v4 because it exceeded search pattern filesize limit: GSM3043098_2.fastq.gz_trimming_report.txt
[2021-11-06 06:03:35,609] multiqc                                            [DEBUG  ]  File ignored by lima/summary because it exceeded search pattern filesize limit: GSM3043098_2.fastq.gz_trimming_report.txt
[2021-11-06 06:03:35,611] multiqc                                            [DEBUG  ]  File ignored by longranger/invocation because it exceeded search pattern filesize limit: GSM3043098_2.fastq.gz_trimming_report.txt
[2021-11-06 06:03:35,632] multiqc                                            [DEBUG  ]  File ignored by ccs/v4 because it exceeded search pattern filesize limit: GSM3043098_cutadapt_bowtie2_minus_strand_bedgraph_to_tdf.log
[2021-11-06 06:03:35,634] multiqc                                            [DEBUG  ]  File ignored by lima/summary because it exceeded search pattern filesize limit: GSM3043098_cutadapt_bowtie2_minus_strand_bedgraph_to_tdf.log
[2021-11-06 06:03:35,641] multiqc                                            [DEBUG  ]  Ignoring file as matched an ignore pattern: GSM3043098_cutadapt_bowtie2.bam.bai
[2021-11-06 06:03:35,688] multiqc                                            [DEBUG  ]  Ignoring file as matched an ignore pattern: GSM3043098_1.fastq.gz
[2021-11-06 06:03:35,758] multiqc                                            [DEBUG  ]  File ignored by ccs/v4 because it exceeded search pattern filesize limit: GSM3043098_1_fastqc.html
[2021-11-06 06:03:35,760] multiqc                                            [DEBUG  ]  File ignored by hicexplorer because it exceeded search pattern filesize limit: GSM3043098_1_fastqc.html
[2021-11-06 06:03:35,760] multiqc                                            [DEBUG  ]  File ignored by nanostat because it exceeded search pattern filesize limit: GSM3043098_1_fastqc.html
[2021-11-06 06:03:35,760] multiqc                                            [DEBUG  ]  File ignored by lima/summary because it exceeded search pattern filesize limit: GSM3043098_1_fastqc.html
[2021-11-06 06:03:35,763] multiqc                                            [DEBUG  ]  File ignored by vep/vep_txt because it exceeded search pattern filesize limit: GSM3043098_1_fastqc.html
[2021-11-06 06:03:35,763] multiqc                                            [DEBUG  ]  File ignored by longranger/invocation because it exceeded search pattern filesize limit: GSM3043098_1_fastqc.html
[2021-11-06 06:03:35,763] multiqc                                            [DEBUG  ]  File ignored by rockhopper because it exceeded search pattern filesize limit: GSM3043098_1_fastqc.html
[2021-11-06 06:03:35,763] multiqc                                            [DEBUG  ]  File ignored by rseqc/bam_stat because it exceeded search pattern filesize limit: GSM3043098_1_fastqc.html
[2021-11-06 06:03:35,763] multiqc                                            [DEBUG  ]  File ignored by rseqc/junction_annotation because it exceeded search pattern filesize limit: GSM3043098_1_fastqc.html
[2021-11-06 06:03:35,764] multiqc                                            [DEBUG  ]  File ignored by rseqc/read_distribution because it exceeded search pattern filesize limit: GSM3043098_1_fastqc.html
[2021-11-06 06:03:35,764] multiqc                                            [DEBUG  ]  File ignored by rseqc/infer_experiment because it exceeded search pattern filesize limit: GSM3043098_1_fastqc.html
[2021-11-06 06:03:36,015] multiqc                                            [DEBUG  ]  File ignored by ccs/v4 because it exceeded search pattern filesize limit: GSM3043098_2_fastqc.html
[2021-11-06 06:03:36,017] multiqc                                            [DEBUG  ]  File ignored by hicexplorer because it exceeded search pattern filesize limit: GSM3043098_2_fastqc.html
[2021-11-06 06:03:36,017] multiqc                                            [DEBUG  ]  File ignored by nanostat because it exceeded search pattern filesize limit: GSM3043098_2_fastqc.html
[2021-11-06 06:03:36,017] multiqc                                            [DEBUG  ]  File ignored by lima/summary because it exceeded search pattern filesize limit: GSM3043098_2_fastqc.html
[2021-11-06 06:03:36,020] multiqc                                            [DEBUG  ]  File ignored by vep/vep_txt because it exceeded search pattern filesize limit: GSM3043098_2_fastqc.html
[2021-11-06 06:03:36,021] multiqc                                            [DEBUG  ]  File ignored by longranger/invocation because it exceeded search pattern filesize limit: GSM3043098_2_fastqc.html
[2021-11-06 06:03:36,021] multiqc                                            [DEBUG  ]  File ignored by rockhopper because it exceeded search pattern filesize limit: GSM3043098_2_fastqc.html
[2021-11-06 06:03:36,021] multiqc                                            [DEBUG  ]  File ignored by rseqc/bam_stat because it exceeded search pattern filesize limit: GSM3043098_2_fastqc.html
[2021-11-06 06:03:36,021] multiqc                                            [DEBUG  ]  File ignored by rseqc/junction_annotation because it exceeded search pattern filesize limit: GSM3043098_2_fastqc.html
[2021-11-06 06:03:36,021] multiqc                                            [DEBUG  ]  File ignored by rseqc/read_distribution because it exceeded search pattern filesize limit: GSM3043098_2_fastqc.html
[2021-11-06 06:03:36,021] multiqc                                            [DEBUG  ]  File ignored by rseqc/infer_experiment because it exceeded search pattern filesize limit: GSM3043098_2_fastqc.html
[2021-11-06 06:03:36,164] multiqc                                            [DEBUG  ]  File ignored by ccs/v4 because it exceeded search pattern filesize limit: GSM3043098_cutadapt_bowtie2_fastqc.log
[2021-11-06 06:03:36,166] multiqc                                            [DEBUG  ]  File ignored by lima/summary because it exceeded search pattern filesize limit: GSM3043098_cutadapt_bowtie2_fastqc.log
[2021-11-06 06:03:36,227] multiqc                                            [DEBUG  ]  File ignored by ccs/v4 because it exceeded search pattern filesize limit: GSM3043098_cutadapt_bowtie2_fastqc.html
[2021-11-06 06:03:36,229] multiqc                                            [DEBUG  ]  File ignored by hicexplorer because it exceeded search pattern filesize limit: GSM3043098_cutadapt_bowtie2_fastqc.html
[2021-11-06 06:03:36,229] multiqc                                            [DEBUG  ]  File ignored by nanostat because it exceeded search pattern filesize limit: GSM3043098_cutadapt_bowtie2_fastqc.html
[2021-11-06 06:03:36,229] multiqc                                            [DEBUG  ]  File ignored by lima/summary because it exceeded search pattern filesize limit: GSM3043098_cutadapt_bowtie2_fastqc.html
[2021-11-06 06:03:36,232] multiqc                                            [DEBUG  ]  File ignored by vep/vep_txt because it exceeded search pattern filesize limit: GSM3043098_cutadapt_bowtie2_fastqc.html
[2021-11-06 06:03:36,232] multiqc                                            [DEBUG  ]  File ignored by longranger/invocation because it exceeded search pattern filesize limit: GSM3043098_cutadapt_bowtie2_fastqc.html
[2021-11-06 06:03:36,232] multiqc                                            [DEBUG  ]  File ignored by rockhopper because it exceeded search pattern filesize limit: GSM3043098_cutadapt_bowtie2_fastqc.html
[2021-11-06 06:03:36,232] multiqc                                            [DEBUG  ]  File ignored by rseqc/bam_stat because it exceeded search pattern filesize limit: GSM3043098_cutadapt_bowtie2_fastqc.html
[2021-11-06 06:03:36,232] multiqc                                            [DEBUG  ]  File ignored by rseqc/junction_annotation because it exceeded search pattern filesize limit: GSM3043098_cutadapt_bowtie2_fastqc.html
[2021-11-06 06:03:36,232] multiqc                                            [DEBUG  ]  File ignored by rseqc/read_distribution because it exceeded search pattern filesize limit: GSM3043098_cutadapt_bowtie2_fastqc.html
[2021-11-06 06:03:36,233] multiqc                                            [DEBUG  ]  File ignored by rseqc/infer_experiment because it exceeded search pattern filesize limit: GSM3043098_cutadapt_bowtie2_fastqc.html
[2021-11-06 06:03:36,397] multiqc                                            [DEBUG  ]  File ignored by ccs/v4 because it exceeded search pattern filesize limit: GSM3043098_cutadapt_2_fastqc.log
[2021-11-06 06:03:36,399] multiqc                                            [DEBUG  ]  File ignored by lima/summary because it exceeded search pattern filesize limit: GSM3043098_cutadapt_2_fastqc.log
[2021-11-06 06:03:36,477] multiqc                                            [DEBUG  ]  File ignored by ccs/v4 because it exceeded search pattern filesize limit: GSM3043098_cutadapt_2_fastqc.html
[2021-11-06 06:03:36,479] multiqc                                            [DEBUG  ]  File ignored by hicexplorer because it exceeded search pattern filesize limit: GSM3043098_cutadapt_2_fastqc.html
[2021-11-06 06:03:36,479] multiqc                                            [DEBUG  ]  File ignored by nanostat because it exceeded search pattern filesize limit: GSM3043098_cutadapt_2_fastqc.html
[2021-11-06 06:03:36,479] multiqc                                            [DEBUG  ]  File ignored by lima/summary because it exceeded search pattern filesize limit: GSM3043098_cutadapt_2_fastqc.html
[2021-11-06 06:03:36,482] multiqc                                            [DEBUG  ]  File ignored by vep/vep_txt because it exceeded search pattern filesize limit: GSM3043098_cutadapt_2_fastqc.html
[2021-11-06 06:03:36,482] multiqc                                            [DEBUG  ]  File ignored by longranger/invocation because it exceeded search pattern filesize limit: GSM3043098_cutadapt_2_fastqc.html
[2021-11-06 06:03:36,483] multiqc                                            [DEBUG  ]  File ignored by rockhopper because it exceeded search pattern filesize limit: GSM3043098_cutadapt_2_fastqc.html
[2021-11-06 06:03:36,483] multiqc                                            [DEBUG  ]  File ignored by rseqc/bam_stat because it exceeded search pattern filesize limit: GSM3043098_cutadapt_2_fastqc.html
[2021-11-06 06:03:36,483] multiqc                                            [DEBUG  ]  File ignored by rseqc/junction_annotation because it exceeded search pattern filesize limit: GSM3043098_cutadapt_2_fastqc.html
[2021-11-06 06:03:36,483] multiqc                                            [DEBUG  ]  File ignored by rseqc/read_distribution because it exceeded search pattern filesize limit: GSM3043098_cutadapt_2_fastqc.html
[2021-11-06 06:03:36,483] multiqc                                            [DEBUG  ]  File ignored by rseqc/infer_experiment because it exceeded search pattern filesize limit: GSM3043098_cutadapt_2_fastqc.html
[2021-11-06 06:03:36,623] multiqc                                            [DEBUG  ]  File ignored by ccs/v4 because it exceeded search pattern filesize limit: GSM3043098_cutadapt_1_fastqc.log
[2021-11-06 06:03:36,624] multiqc                                            [DEBUG  ]  File ignored by lima/summary because it exceeded search pattern filesize limit: GSM3043098_cutadapt_1_fastqc.log
[2021-11-06 06:03:36,699] multiqc                                            [DEBUG  ]  File ignored by ccs/v4 because it exceeded search pattern filesize limit: GSM3043098_cutadapt_1_fastqc.html
[2021-11-06 06:03:36,700] multiqc                                            [DEBUG  ]  File ignored by hicexplorer because it exceeded search pattern filesize limit: GSM3043098_cutadapt_1_fastqc.html
[2021-11-06 06:03:36,701] multiqc                                            [DEBUG  ]  File ignored by nanostat because it exceeded search pattern filesize limit: GSM3043098_cutadapt_1_fastqc.html
[2021-11-06 06:03:36,701] multiqc                                            [DEBUG  ]  File ignored by lima/summary because it exceeded search pattern filesize limit: GSM3043098_cutadapt_1_fastqc.html
[2021-11-06 06:03:36,704] multiqc                                            [DEBUG  ]  File ignored by vep/vep_txt because it exceeded search pattern filesize limit: GSM3043098_cutadapt_1_fastqc.html
[2021-11-06 06:03:36,704] multiqc                                            [DEBUG  ]  File ignored by longranger/invocation because it exceeded search pattern filesize limit: GSM3043098_cutadapt_1_fastqc.html
[2021-11-06 06:03:36,704] multiqc                                            [DEBUG  ]  File ignored by rockhopper because it exceeded search pattern filesize limit: GSM3043098_cutadapt_1_fastqc.html
[2021-11-06 06:03:36,704] multiqc                                            [DEBUG  ]  File ignored by rseqc/bam_stat because it exceeded search pattern filesize limit: GSM3043098_cutadapt_1_fastqc.html
[2021-11-06 06:03:36,704] multiqc                                            [DEBUG  ]  File ignored by rseqc/junction_annotation because it exceeded search pattern filesize limit: GSM3043098_cutadapt_1_fastqc.html
[2021-11-06 06:03:36,704] multiqc                                            [DEBUG  ]  File ignored by rseqc/read_distribution because it exceeded search pattern filesize limit: GSM3043098_cutadapt_1_fastqc.html
[2021-11-06 06:03:36,704] multiqc                                            [DEBUG  ]  File ignored by rseqc/infer_experiment because it exceeded search pattern filesize limit: GSM3043098_cutadapt_1_fastqc.html
[2021-11-06 06:03:36,859] multiqc                                            [DEBUG  ]  Ignoring file as matched an ignore pattern: DS00071_peaks.bed
[2021-11-06 06:03:36,863] multiqc                                            [DEBUG  ]  File ignored by ccs/v4 because it exceeded search pattern filesize limit: DS00071_peaks.ft
[2021-11-06 06:03:36,864] multiqc                                            [DEBUG  ]  File ignored by hicexplorer because it exceeded search pattern filesize limit: DS00071_peaks.ft
[2021-11-06 06:03:36,865] multiqc                                            [DEBUG  ]  File ignored by nanostat because it exceeded search pattern filesize limit: DS00071_peaks.ft
[2021-11-06 06:03:36,865] multiqc                                            [DEBUG  ]  File ignored by lima/summary because it exceeded search pattern filesize limit: DS00071_peaks.ft
[2021-11-06 06:03:36,867] multiqc                                            [DEBUG  ]  File ignored by longranger/invocation because it exceeded search pattern filesize limit: DS00071_peaks.ft
[2021-11-06 06:03:36,878] multiqc                                            [DEBUG  ]  File ignored by ccs/v4 because it exceeded search pattern filesize limit: DS00071_sites.fasta
[2021-11-06 06:03:36,879] multiqc                                            [DEBUG  ]  File ignored by lima/summary because it exceeded search pattern filesize limit: DS00071_sites.fasta
[2021-11-06 06:03:36,896] multiqc                                            [DEBUG  ]  File ignored by ccs/v4 because it exceeded search pattern filesize limit: DS00071_peaks.fasta
[2021-11-06 06:03:36,897] multiqc                                            [DEBUG  ]  File ignored by hicexplorer because it exceeded search pattern filesize limit: DS00071_peaks.fasta
[2021-11-06 06:03:36,898] multiqc                                            [DEBUG  ]  File ignored by nanostat because it exceeded search pattern filesize limit: DS00071_peaks.fasta
[2021-11-06 06:03:36,898] multiqc                                            [DEBUG  ]  File ignored by lima/summary because it exceeded search pattern filesize limit: DS00071_peaks.fasta
[2021-11-06 06:03:36,900] multiqc                                            [DEBUG  ]  File ignored by vep/vep_txt because it exceeded search pattern filesize limit: DS00071_peaks.fasta
[2021-11-06 06:03:36,900] multiqc                                            [DEBUG  ]  File ignored by longranger/invocation because it exceeded search pattern filesize limit: DS00071_peaks.fasta
[2021-11-06 06:03:36,900] multiqc                                            [DEBUG  ]  File ignored by rockhopper because it exceeded search pattern filesize limit: DS00071_peaks.fasta
[2021-11-06 06:03:36,901] multiqc                                            [DEBUG  ]  File ignored by rseqc/bam_stat because it exceeded search pattern filesize limit: DS00071_peaks.fasta
[2021-11-06 06:03:36,901] multiqc                                            [DEBUG  ]  File ignored by rseqc/junction_annotation because it exceeded search pattern filesize limit: DS00071_peaks.fasta
[2021-11-06 06:03:36,901] multiqc                                            [DEBUG  ]  File ignored by rseqc/read_distribution because it exceeded search pattern filesize limit: DS00071_peaks.fasta
[2021-11-06 06:03:36,901] multiqc                                            [DEBUG  ]  File ignored by rseqc/infer_experiment because it exceeded search pattern filesize limit: DS00071_peaks.fasta
[2021-11-06 06:03:37,028] multiqc                                            [DEBUG  ]  File ignored by ccs/v4 because it exceeded search pattern filesize limit: DS00071_matrix.tab
[2021-11-06 06:03:37,029] multiqc                                            [DEBUG  ]  File ignored by lima/summary because it exceeded search pattern filesize limit: DS00071_matrix.tab
[2021-11-06 06:03:37,032] multiqc                                            [DEBUG  ]  File ignored by longranger/invocation because it exceeded search pattern filesize limit: DS00071_matrix.tab
[2021-11-06 06:03:37,038] multiqc                                            [DEBUG  ]  Ignoring file as matched an ignore pattern: DS00071_sites.bed
[2021-11-06 06:03:37,038] multiqc                                            [DEBUG  ]  Ignoring file as matched an ignore pattern: DS00071_summits.bed
[2021-11-06 06:03:37,043] multiqc                                            [DEBUG  ]  File ignored by ccs/v4 because it exceeded search pattern filesize limit: DS00071_peaks.narrowPeak
[2021-11-06 06:03:37,044] multiqc                                            [DEBUG  ]  File ignored by hicexplorer because it exceeded search pattern filesize limit: DS00071_peaks.narrowPeak
[2021-11-06 06:03:37,044] multiqc                                            [DEBUG  ]  File ignored by nanostat because it exceeded search pattern filesize limit: DS00071_peaks.narrowPeak
[2021-11-06 06:03:37,044] multiqc                                            [DEBUG  ]  File ignored by lima/summary because it exceeded search pattern filesize limit: DS00071_peaks.narrowPeak
[2021-11-06 06:03:37,047] multiqc                                            [DEBUG  ]  File ignored by longranger/invocation because it exceeded search pattern filesize limit: DS00071_peaks.narrowPeak
[2021-11-06 06:03:37,533] multiqc.plots.bargraph                             [DEBUG  ]  Using matplotlib version 3.4.3
[2021-11-06 06:03:37,534] multiqc.plots.linegraph                            [DEBUG  ]  Using matplotlib version 3.4.3
[2021-11-06 06:03:37,535] multiqc                                            [DEBUG  ]  No samples found: custom_content
[2021-11-06 06:03:37,542] multiqc                                            [DEBUG  ]  No samples found: ccs
[2021-11-06 06:03:37,548] multiqc                                            [DEBUG  ]  No samples found: ngsderive
[2021-11-06 06:03:37,554] multiqc                                            [DEBUG  ]  No samples found: purple
[2021-11-06 06:03:37,561] multiqc                                            [DEBUG  ]  No samples found: conpair
[2021-11-06 06:03:37,567] multiqc                                            [DEBUG  ]  No samples found: lima
[2021-11-06 06:03:37,573] multiqc                                            [DEBUG  ]  No samples found: peddy
[2021-11-06 06:03:37,580] multiqc                                            [DEBUG  ]  No samples found: somalier
[2021-11-06 06:03:37,586] multiqc                                            [DEBUG  ]  No samples found: methylQA
[2021-11-06 06:03:37,593] multiqc.modules.mosdepth.mosdepth                  [DEBUG  ]  include_contigs: []
[2021-11-06 06:03:37,594] multiqc.modules.mosdepth.mosdepth                  [DEBUG  ]  exclude_contigs: []
[2021-11-06 06:03:37,594] multiqc                                            [DEBUG  ]  No samples found: mosdepth
[2021-11-06 06:03:37,600] multiqc                                            [DEBUG  ]  No samples found: phantompeakqualtools
[2021-11-06 06:03:37,606] multiqc                                            [DEBUG  ]  No samples found: qualimap
[2021-11-06 06:03:37,612] multiqc                                            [DEBUG  ]  No samples found: preseq
[2021-11-06 06:03:37,619] multiqc                                            [DEBUG  ]  No samples found: quast
[2021-11-06 06:03:37,625] multiqc                                            [DEBUG  ]  No samples found: qorts
[2021-11-06 06:03:37,631] multiqc                                            [DEBUG  ]  No samples found: rna_seqc
[2021-11-06 06:03:37,637] multiqc                                            [DEBUG  ]  No samples found: rockhopper
[2021-11-06 06:03:37,644] multiqc                                            [DEBUG  ]  No samples found: rsem
[2021-11-06 06:03:37,652] multiqc                                            [DEBUG  ]  No samples found: rseqc
[2021-11-06 06:03:37,658] multiqc                                            [DEBUG  ]  No samples found: busco
[2021-11-06 06:03:37,665] multiqc                                            [DEBUG  ]  No samples found: bustools
[2021-11-06 06:03:37,671] multiqc                                            [DEBUG  ]  No samples found: goleft_indexcov
[2021-11-06 06:03:37,677] multiqc                                            [DEBUG  ]  No samples found: gffcompare
[2021-11-06 06:03:37,683] multiqc                                            [DEBUG  ]  No samples found: disambiguate
[2021-11-06 06:03:37,690] multiqc                                            [DEBUG  ]  No samples found: supernova
[2021-11-06 06:03:37,698] multiqc                                            [DEBUG  ]  No samples found: deeptools
[2021-11-06 06:03:37,705] multiqc                                            [DEBUG  ]  No samples found: sargasso
[2021-11-06 06:03:37,711] multiqc                                            [DEBUG  ]  No samples found: verifybamid
[2021-11-06 06:03:37,717] multiqc                                            [DEBUG  ]  No samples found: mirtrace
[2021-11-06 06:03:37,723] multiqc                                            [DEBUG  ]  No samples found: happy
[2021-11-06 06:03:37,730] multiqc                                            [DEBUG  ]  No samples found: mirtop
[2021-11-06 06:03:37,736] multiqc                                            [DEBUG  ]  No samples found: sambamba
[2021-11-06 06:03:37,743] multiqc                                            [DEBUG  ]  No samples found: homer
[2021-11-06 06:03:37,749] multiqc                                            [DEBUG  ]  No samples found: hops
[2021-11-06 06:03:37,762] multiqc.modules.macs2.macs2                        [DEBUG  ]  Duplicate sample name found! Overwriting: DS00071
[2021-11-06 06:03:37,762] multiqc.modules.macs2.macs2                        [INFO   ]  Found 1 logs
[2021-11-06 06:03:37,768] multiqc                                            [DEBUG  ]  No samples found: theta2
[2021-11-06 06:03:37,774] multiqc                                            [DEBUG  ]  No samples found: snpeff
[2021-11-06 06:03:37,781] multiqc                                            [DEBUG  ]  No samples found: gatk
[2021-11-06 06:03:37,788] multiqc                                            [DEBUG  ]  No samples found: htseq
[2021-11-06 06:03:37,794] multiqc                                            [DEBUG  ]  No samples found: bcftools
[2021-11-06 06:03:37,800] multiqc                                            [DEBUG  ]  No samples found: featureCounts
[2021-11-06 06:03:37,808] multiqc                                            [DEBUG  ]  No samples found: fgbio
[2021-11-06 06:03:37,818] multiqc                                            [DEBUG  ]  No samples found: dragen
[2021-11-06 06:03:37,824] multiqc                                            [DEBUG  ]  No samples found: dedup
[2021-11-06 06:03:37,830] multiqc                                            [DEBUG  ]  No samples found: damageprofiler
[2021-11-06 06:03:37,843] multiqc                                            [DEBUG  ]  No samples found: biobambam2
[2021-11-06 06:03:37,849] multiqc                                            [DEBUG  ]  No samples found: jcvi
[2021-11-06 06:03:37,856] multiqc                                            [DEBUG  ]  No samples found: mtnucratio
[2021-11-06 06:03:37,861] multiqc                                            [DEBUG  ]  No samples found: picard
[2021-11-06 06:03:37,868] multiqc                                            [DEBUG  ]  No samples found: vep
[2021-11-06 06:03:37,874] multiqc                                            [DEBUG  ]  No samples found: sentieon
[2021-11-06 06:03:37,881] multiqc                                            [DEBUG  ]  No samples found: prokka
[2021-11-06 06:03:37,887] multiqc                                            [DEBUG  ]  No samples found: qc3C
[2021-11-06 06:03:37,893] multiqc                                            [DEBUG  ]  No samples found: nanostat
[2021-11-06 06:03:37,900] multiqc                                            [DEBUG  ]  No samples found: samblaster
[2021-11-06 06:03:37,919] multiqc.modules.samtools.samtools                  [INFO   ]  Found 4 flagstat reports
[2021-11-06 06:03:37,926] multiqc                                            [DEBUG  ]  No samples found: sexdeterrmine
[2021-11-06 06:03:37,932] multiqc                                            [DEBUG  ]  No samples found: eigenstratdatabasetools
[2021-11-06 06:03:37,938] multiqc                                            [DEBUG  ]  No samples found: bamtools
[2021-11-06 06:03:37,944] multiqc                                            [DEBUG  ]  No samples found: jellyfish
[2021-11-06 06:03:37,951] multiqc                                            [DEBUG  ]  No samples found: vcftools
[2021-11-06 06:03:37,958] multiqc                                            [DEBUG  ]  No samples found: longranger
[2021-11-06 06:03:37,964] multiqc                                            [DEBUG  ]  No samples found: stacks
[2021-11-06 06:03:37,970] multiqc                                            [DEBUG  ]  No samples found: varscan2
[2021-11-06 06:03:37,976] multiqc                                            [DEBUG  ]  No samples found: snippy
[2021-11-06 06:03:37,985] multiqc                                            [DEBUG  ]  No samples found: bbmap
[2021-11-06 06:03:37,992] multiqc                                            [DEBUG  ]  No samples found: bismark
[2021-11-06 06:03:37,998] multiqc                                            [DEBUG  ]  No samples found: biscuit
[2021-11-06 06:03:38,005] multiqc                                            [DEBUG  ]  No samples found: hicexplorer
[2021-11-06 06:03:38,011] multiqc                                            [DEBUG  ]  No samples found: hicup
[2021-11-06 06:03:38,017] multiqc                                            [DEBUG  ]  No samples found: hicpro
[2021-11-06 06:03:38,023] multiqc                                            [DEBUG  ]  No samples found: salmon
[2021-11-06 06:03:38,029] multiqc                                            [DEBUG  ]  No samples found: kallisto
[2021-11-06 06:03:38,036] multiqc                                            [DEBUG  ]  No samples found: slamdunk
[2021-11-06 06:03:38,042] multiqc                                            [DEBUG  ]  No samples found: star
[2021-11-06 06:03:38,048] multiqc                                            [DEBUG  ]  No samples found: hisat2
[2021-11-06 06:03:38,054] multiqc                                            [DEBUG  ]  No samples found: tophat
[2021-11-06 06:03:38,066] multiqc.modules.bowtie2.bowtie2                    [INFO   ]  Found 4 reports
[2021-11-06 06:03:38,082] multiqc                                            [DEBUG  ]  No samples found: bowtie1
[2021-11-06 06:03:38,088] multiqc                                            [DEBUG  ]  No samples found: snpsplit
[2021-11-06 06:03:38,095] multiqc                                            [DEBUG  ]  No samples found: odgi
[2021-11-06 06:03:38,101] multiqc                                            [DEBUG  ]  No samples found: pangolin
[2021-11-06 06:03:38,107] multiqc                                            [DEBUG  ]  No samples found: kat
[2021-11-06 06:03:38,113] multiqc                                            [DEBUG  ]  No samples found: leehom
[2021-11-06 06:03:38,119] multiqc                                            [DEBUG  ]  No samples found: adapterRemoval
[2021-11-06 06:03:38,125] multiqc                                            [DEBUG  ]  No samples found: clipandmerge
[2021-11-06 06:03:38,142] multiqc.modules.cutadapt.cutadapt                  [DEBUG  ]  Duplicate sample name found! Overwriting: GSM3043061_2
[2021-11-06 06:03:38,146] multiqc.modules.cutadapt.cutadapt                  [DEBUG  ]  Duplicate sample name found! Overwriting: GSM3043061_1
[2021-11-06 06:03:38,153] multiqc.modules.cutadapt.cutadapt                  [DEBUG  ]  Duplicate sample name found! Overwriting: GSM3043097_1
[2021-11-06 06:03:38,156] multiqc.modules.cutadapt.cutadapt                  [DEBUG  ]  Duplicate sample name found! Overwriting: GSM3043097_2
[2021-11-06 06:03:38,162] multiqc.modules.cutadapt.cutadapt                  [DEBUG  ]  Duplicate sample name found! Overwriting: GSM3043062_1
[2021-11-06 06:03:38,169] multiqc.modules.cutadapt.cutadapt                  [DEBUG  ]  Duplicate sample name found! Overwriting: GSM3043062_2
[2021-11-06 06:03:38,174] multiqc.modules.cutadapt.cutadapt                  [DEBUG  ]  Duplicate sample name found! Overwriting: GSM3043098_1
[2021-11-06 06:03:38,181] multiqc.modules.cutadapt.cutadapt                  [DEBUG  ]  Duplicate sample name found! Overwriting: GSM3043098_2
[2021-11-06 06:03:38,183] multiqc.modules.cutadapt.cutadapt                  [INFO   ]  Found 8 reports
[2021-11-06 06:03:38,201] multiqc                                            [DEBUG  ]  No samples found: flexbar
[2021-11-06 06:03:38,207] multiqc                                            [DEBUG  ]  No samples found: kaiju
[2021-11-06 06:03:38,213] multiqc                                            [DEBUG  ]  No samples found: kraken
[2021-11-06 06:03:38,220] multiqc                                            [DEBUG  ]  No samples found: malt
[2021-11-06 06:03:38,226] multiqc                                            [DEBUG  ]  No samples found: trimmomatic
[2021-11-06 06:03:38,232] multiqc                                            [DEBUG  ]  No samples found: sickle
[2021-11-06 06:03:38,238] multiqc                                            [DEBUG  ]  No samples found: skewer
[2021-11-06 06:03:38,244] multiqc                                            [DEBUG  ]  No samples found: sortmerna
[2021-11-06 06:03:38,250] multiqc                                            [DEBUG  ]  No samples found: biobloomtools
[2021-11-06 06:03:38,256] multiqc                                            [DEBUG  ]  No samples found: fastq_screen
[2021-11-06 06:03:38,263] multiqc                                            [DEBUG  ]  No samples found: afterqc
[2021-11-06 06:03:38,269] multiqc                                            [DEBUG  ]  No samples found: fastp
[2021-11-06 06:03:38,332] multiqc.modules.fastqc.fastqc                      [INFO   ]  Found 20 reports
[2021-11-06 06:03:38,500] multiqc                                            [DEBUG  ]  No samples found: pychopper
[2021-11-06 06:03:38,506] multiqc                                            [DEBUG  ]  No samples found: pycoqc
[2021-11-06 06:03:38,512] multiqc                                            [DEBUG  ]  No samples found: minionqc
[2021-11-06 06:03:38,519] multiqc                                            [DEBUG  ]  No samples found: multivcfanalyzer
[2021-11-06 06:03:38,525] multiqc                                            [DEBUG  ]  No samples found: clusterflow
[2021-11-06 06:03:38,531] multiqc                                            [DEBUG  ]  No samples found: bcl2fastq
[2021-11-06 06:03:38,538] multiqc                                            [DEBUG  ]  No samples found: bclconvert
[2021-11-06 06:03:38,544] multiqc                                            [DEBUG  ]  No samples found: interop
[2021-11-06 06:03:38,550] multiqc                                            [DEBUG  ]  No samples found: ivar
[2021-11-06 06:03:38,557] multiqc                                            [DEBUG  ]  No samples found: flash
[2021-11-06 06:03:38,563] multiqc                                            [DEBUG  ]  No samples found: seqyclean
[2021-11-06 06:03:38,569] multiqc                                            [DEBUG  ]  No samples found: optitype
[2021-11-06 06:03:38,625] multiqc                                            [INFO   ]  Compressing plot data
[2021-11-06 06:03:39,203] multiqc                                            [INFO   ]  Report      : ChIP-seq_collection/GSE111874/datasets/DS00071/multiQC/multiqc_report.html
[2021-11-06 06:03:39,203] multiqc                                            [INFO   ]  Data        : ChIP-seq_collection/GSE111874/datasets/DS00071/multiQC/multiqc_data
[2021-11-06 06:03:39,203] multiqc                                            [DEBUG  ]  Moving data file from '/tmp/tmpxmoli2s5/multiqc_data' to 'ChIP-seq_collection/GSE111874/datasets/DS00071/multiQC/multiqc_data'
[2021-11-06 06:03:39,392] multiqc                                            [INFO   ]  MultiQC complete
