[2021-11-06 04:53:32,883] multiqc                                            [DEBUG  ]  This is MultiQC v1.11
[2021-11-06 04:53:32,884] multiqc                                            [DEBUG  ]  No MultiQC config found: /home/rioualen/miniconda3/envs/snakemake/lib/python3.9/site-packages/multiqc_config.yaml
[2021-11-06 04:53:32,884] multiqc                                            [DEBUG  ]  No MultiQC config found: /home/rioualen/.multiqc_config.yaml
[2021-11-06 04:53:32,884] multiqc                                            [DEBUG  ]  No MultiQC config found: multiqc_config.yaml
[2021-11-06 04:53:32,884] multiqc                                            [DEBUG  ]  Command used: /home/rioualen/miniconda3/envs/snakemake/bin/multiqc ChIP-seq_collection/GSE74932/samples/GSM1937970 ChIP-seq_collection/GSE74932/samples/GSM1937972 ChIP-seq_collection/GSE74932/datasets/DS00034 ChIP-seq_collection/GSE74932/samples/GSM1937971 ChIP-seq_collection/GSE74932/samples/GSM1937972 ChIP-seq_collection/GSE74932/datasets/DS00034 -o ChIP-seq_collection/GSE74932/datasets/DS00034/multiQC
[2021-11-06 04:53:33,074] multiqc                                            [DEBUG  ]  Latest MultiQC version is v1.11
[2021-11-06 04:53:33,074] multiqc                                            [DEBUG  ]  Command     : /home/rioualen/miniconda3/envs/snakemake/bin/multiqc ChIP-seq_collection/GSE74932/samples/GSM1937970 ChIP-seq_collection/GSE74932/samples/GSM1937972 ChIP-seq_collection/GSE74932/datasets/DS00034 ChIP-seq_collection/GSE74932/samples/GSM1937971 ChIP-seq_collection/GSE74932/samples/GSM1937972 ChIP-seq_collection/GSE74932/datasets/DS00034 -o ChIP-seq_collection/GSE74932/datasets/DS00034/multiQC
[2021-11-06 04:53:33,074] multiqc                                            [DEBUG  ]  Working dir : /workspace/rioualen/HT_collections
[2021-11-06 04:53:33,075] multiqc                                            [DEBUG  ]  Template    : default
[2021-11-06 04:53:33,075] multiqc                                            [DEBUG  ]  Running Python 3.9.7 | packaged by conda-forge | (default, Sep 29 2021, 19:20:46)  [GCC 9.4.0]
[2021-11-06 04:53:33,075] multiqc                                            [DEBUG  ]  Analysing modules: custom_content, ccs, ngsderive, purple, conpair, lima, peddy, somalier, methylQA, mosdepth, phantompeakqualtools, qualimap, preseq, quast, qorts, rna_seqc, rockhopper, rsem, rseqc, busco, bustools, goleft_indexcov, gffcompare, disambiguate, supernova, deeptools, sargasso, verifybamid, mirtrace, happy, mirtop, sambamba, homer, hops, macs2, theta2, snpeff, gatk, htseq, bcftools, featureCounts, fgbio, dragen, dedup, damageprofiler, biobambam2, jcvi, mtnucratio, picard, vep, sentieon, prokka, qc3C, nanostat, samblaster, samtools, sexdeterrmine, eigenstratdatabasetools, bamtools, jellyfish, vcftools, longranger, stacks, varscan2, snippy, bbmap, bismark, biscuit, hicexplorer, hicup, hicpro, salmon, kallisto, slamdunk, star, hisat2, tophat, bowtie2, bowtie1, snpsplit, odgi, pangolin, kat, leehom, adapterRemoval, clipandmerge, cutadapt, flexbar, kaiju, kraken, malt, trimmomatic, sickle, skewer, sortmerna, biobloomtools, fastq_screen, afterqc, fastp, fastqc, pychopper, pycoqc, minionqc, multivcfanalyzer, clusterflow, bcl2fastq, bclconvert, interop, ivar, flash, seqyclean, optitype
[2021-11-06 04:53:33,075] multiqc                                            [DEBUG  ]  Using temporary directory for creating report: /tmp/tmphvdguh6m
[2021-11-06 04:53:33,219] multiqc                                            [INFO   ]  Search path : /workspace/rioualen/HT_collections/ChIP-seq_collection/GSE74932/samples/GSM1937970
[2021-11-06 04:53:33,219] multiqc                                            [INFO   ]  Search path : /workspace/rioualen/HT_collections/ChIP-seq_collection/GSE74932/samples/GSM1937972
[2021-11-06 04:53:33,219] multiqc                                            [INFO   ]  Search path : /workspace/rioualen/HT_collections/ChIP-seq_collection/GSE74932/datasets/DS00034
[2021-11-06 04:53:33,219] multiqc                                            [INFO   ]  Search path : /workspace/rioualen/HT_collections/ChIP-seq_collection/GSE74932/samples/GSM1937971
[2021-11-06 04:53:33,220] multiqc                                            [INFO   ]  Search path : /workspace/rioualen/HT_collections/ChIP-seq_collection/GSE74932/samples/GSM1937972
[2021-11-06 04:53:33,220] multiqc                                            [INFO   ]  Search path : /workspace/rioualen/HT_collections/ChIP-seq_collection/GSE74932/datasets/DS00034
[2021-11-06 04:53:33,297] multiqc                                            [DEBUG  ]  Ignoring file as matched an ignore pattern: GSM1937970_cutadapt_empty2.fastq.gz
[2021-11-06 04:53:33,354] multiqc                                            [DEBUG  ]  File ignored by ccs/v4 because it exceeded search pattern filesize limit: GSM1937970_cutadapt.log
[2021-11-06 04:53:33,356] multiqc                                            [DEBUG  ]  File ignored by hicexplorer because it exceeded search pattern filesize limit: GSM1937970_cutadapt.log
[2021-11-06 04:53:33,356] multiqc                                            [DEBUG  ]  File ignored by nanostat because it exceeded search pattern filesize limit: GSM1937970_cutadapt.log
[2021-11-06 04:53:33,356] multiqc                                            [DEBUG  ]  File ignored by lima/summary because it exceeded search pattern filesize limit: GSM1937970_cutadapt.log
[2021-11-06 04:53:33,358] multiqc                                            [DEBUG  ]  File ignored by longranger/invocation because it exceeded search pattern filesize limit: GSM1937970_cutadapt.log
[2021-11-06 04:53:33,404] multiqc                                            [DEBUG  ]  Ignoring file as matched an ignore pattern: GSM1937970.fastq.gz
[2021-11-06 04:53:33,495] multiqc                                            [DEBUG  ]  Ignoring file as matched an ignore pattern: GSM1937970_cutadapt_empty1.fastq.gz
[2021-11-06 04:53:33,538] multiqc                                            [DEBUG  ]  File ignored by ccs/v4 because it exceeded search pattern filesize limit: GSM1937970.fastq.gz_trimming_report.txt
[2021-11-06 04:53:33,539] multiqc                                            [DEBUG  ]  File ignored by lima/summary because it exceeded search pattern filesize limit: GSM1937970.fastq.gz_trimming_report.txt
[2021-11-06 04:53:33,541] multiqc                                            [DEBUG  ]  File ignored by longranger/invocation because it exceeded search pattern filesize limit: GSM1937970.fastq.gz_trimming_report.txt
[2021-11-06 04:53:33,552] multiqc                                            [DEBUG  ]  Ignoring file as matched an ignore pattern: GSM1937970_cutadapt_bowtie2.bam.bai
[2021-11-06 04:53:33,580] multiqc                                            [DEBUG  ]  File ignored by ccs/v4 because it exceeded search pattern filesize limit: GSM1937970_cutadapt_bowtie2_minus_strand_bedgraph_to_tdf.log
[2021-11-06 04:53:33,581] multiqc                                            [DEBUG  ]  File ignored by lima/summary because it exceeded search pattern filesize limit: GSM1937970_cutadapt_bowtie2_minus_strand_bedgraph_to_tdf.log
[2021-11-06 04:53:33,589] multiqc                                            [DEBUG  ]  Ignoring file as matched an ignore pattern: GSM1937970_cutadapt_bowtie2.bam
[2021-11-06 04:53:33,614] multiqc                                            [DEBUG  ]  File ignored by ccs/v4 because it exceeded search pattern filesize limit: GSM1937970_cutadapt_bowtie2_bedgraph_to_tdf.log
[2021-11-06 04:53:33,615] multiqc                                            [DEBUG  ]  File ignored by lima/summary because it exceeded search pattern filesize limit: GSM1937970_cutadapt_bowtie2_bedgraph_to_tdf.log
[2021-11-06 04:53:33,705] multiqc                                            [DEBUG  ]  File ignored by ccs/v4 because it exceeded search pattern filesize limit: GSM1937970_cutadapt_bowtie2_plus_strand_bedgraph_to_tdf.log
[2021-11-06 04:53:33,706] multiqc                                            [DEBUG  ]  File ignored by lima/summary because it exceeded search pattern filesize limit: GSM1937970_cutadapt_bowtie2_plus_strand_bedgraph_to_tdf.log
[2021-11-06 04:53:33,748] multiqc                                            [DEBUG  ]  Ignoring file as matched an ignore pattern: GSM1937970_cutadapt.fastq.gz
[2021-11-06 04:53:33,866] multiqc                                            [DEBUG  ]  File ignored by ccs/v4 because it exceeded search pattern filesize limit: GSM1937970_fastqc.html
[2021-11-06 04:53:33,868] multiqc                                            [DEBUG  ]  File ignored by hicexplorer because it exceeded search pattern filesize limit: GSM1937970_fastqc.html
[2021-11-06 04:53:33,868] multiqc                                            [DEBUG  ]  File ignored by nanostat because it exceeded search pattern filesize limit: GSM1937970_fastqc.html
[2021-11-06 04:53:33,868] multiqc                                            [DEBUG  ]  File ignored by lima/summary because it exceeded search pattern filesize limit: GSM1937970_fastqc.html
[2021-11-06 04:53:33,871] multiqc                                            [DEBUG  ]  File ignored by vep/vep_txt because it exceeded search pattern filesize limit: GSM1937970_fastqc.html
[2021-11-06 04:53:33,871] multiqc                                            [DEBUG  ]  File ignored by longranger/invocation because it exceeded search pattern filesize limit: GSM1937970_fastqc.html
[2021-11-06 04:53:33,871] multiqc                                            [DEBUG  ]  File ignored by rockhopper because it exceeded search pattern filesize limit: GSM1937970_fastqc.html
[2021-11-06 04:53:33,871] multiqc                                            [DEBUG  ]  File ignored by rseqc/bam_stat because it exceeded search pattern filesize limit: GSM1937970_fastqc.html
[2021-11-06 04:53:33,871] multiqc                                            [DEBUG  ]  File ignored by rseqc/junction_annotation because it exceeded search pattern filesize limit: GSM1937970_fastqc.html
[2021-11-06 04:53:33,871] multiqc                                            [DEBUG  ]  File ignored by rseqc/read_distribution because it exceeded search pattern filesize limit: GSM1937970_fastqc.html
[2021-11-06 04:53:33,871] multiqc                                            [DEBUG  ]  File ignored by rseqc/infer_experiment because it exceeded search pattern filesize limit: GSM1937970_fastqc.html
[2021-11-06 04:53:34,040] multiqc                                            [DEBUG  ]  File ignored by ccs/v4 because it exceeded search pattern filesize limit: GSM1937970_cutadapt_bowtie2_fastqc.log
[2021-11-06 04:53:34,041] multiqc                                            [DEBUG  ]  File ignored by lima/summary because it exceeded search pattern filesize limit: GSM1937970_cutadapt_bowtie2_fastqc.log
[2021-11-06 04:53:34,122] multiqc                                            [DEBUG  ]  File ignored by ccs/v4 because it exceeded search pattern filesize limit: GSM1937970_cutadapt_bowtie2_fastqc.html
[2021-11-06 04:53:34,124] multiqc                                            [DEBUG  ]  File ignored by hicexplorer because it exceeded search pattern filesize limit: GSM1937970_cutadapt_bowtie2_fastqc.html
[2021-11-06 04:53:34,124] multiqc                                            [DEBUG  ]  File ignored by nanostat because it exceeded search pattern filesize limit: GSM1937970_cutadapt_bowtie2_fastqc.html
[2021-11-06 04:53:34,124] multiqc                                            [DEBUG  ]  File ignored by lima/summary because it exceeded search pattern filesize limit: GSM1937970_cutadapt_bowtie2_fastqc.html
[2021-11-06 04:53:34,127] multiqc                                            [DEBUG  ]  File ignored by vep/vep_txt because it exceeded search pattern filesize limit: GSM1937970_cutadapt_bowtie2_fastqc.html
[2021-11-06 04:53:34,127] multiqc                                            [DEBUG  ]  File ignored by longranger/invocation because it exceeded search pattern filesize limit: GSM1937970_cutadapt_bowtie2_fastqc.html
[2021-11-06 04:53:34,127] multiqc                                            [DEBUG  ]  File ignored by rockhopper because it exceeded search pattern filesize limit: GSM1937970_cutadapt_bowtie2_fastqc.html
[2021-11-06 04:53:34,127] multiqc                                            [DEBUG  ]  File ignored by rseqc/bam_stat because it exceeded search pattern filesize limit: GSM1937970_cutadapt_bowtie2_fastqc.html
[2021-11-06 04:53:34,127] multiqc                                            [DEBUG  ]  File ignored by rseqc/junction_annotation because it exceeded search pattern filesize limit: GSM1937970_cutadapt_bowtie2_fastqc.html
[2021-11-06 04:53:34,127] multiqc                                            [DEBUG  ]  File ignored by rseqc/read_distribution because it exceeded search pattern filesize limit: GSM1937970_cutadapt_bowtie2_fastqc.html
[2021-11-06 04:53:34,127] multiqc                                            [DEBUG  ]  File ignored by rseqc/infer_experiment because it exceeded search pattern filesize limit: GSM1937970_cutadapt_bowtie2_fastqc.html
[2021-11-06 04:53:34,291] multiqc                                            [DEBUG  ]  File ignored by ccs/v4 because it exceeded search pattern filesize limit: GSM1937970_cutadapt_fastqc.log
[2021-11-06 04:53:34,292] multiqc                                            [DEBUG  ]  File ignored by lima/summary because it exceeded search pattern filesize limit: GSM1937970_cutadapt_fastqc.log
[2021-11-06 04:53:34,356] multiqc                                            [DEBUG  ]  File ignored by ccs/v4 because it exceeded search pattern filesize limit: GSM1937970_cutadapt_fastqc.html
[2021-11-06 04:53:34,357] multiqc                                            [DEBUG  ]  File ignored by hicexplorer because it exceeded search pattern filesize limit: GSM1937970_cutadapt_fastqc.html
[2021-11-06 04:53:34,357] multiqc                                            [DEBUG  ]  File ignored by nanostat because it exceeded search pattern filesize limit: GSM1937970_cutadapt_fastqc.html
[2021-11-06 04:53:34,358] multiqc                                            [DEBUG  ]  File ignored by lima/summary because it exceeded search pattern filesize limit: GSM1937970_cutadapt_fastqc.html
[2021-11-06 04:53:34,361] multiqc                                            [DEBUG  ]  File ignored by vep/vep_txt because it exceeded search pattern filesize limit: GSM1937970_cutadapt_fastqc.html
[2021-11-06 04:53:34,361] multiqc                                            [DEBUG  ]  File ignored by longranger/invocation because it exceeded search pattern filesize limit: GSM1937970_cutadapt_fastqc.html
[2021-11-06 04:53:34,361] multiqc                                            [DEBUG  ]  File ignored by rockhopper because it exceeded search pattern filesize limit: GSM1937970_cutadapt_fastqc.html
[2021-11-06 04:53:34,361] multiqc                                            [DEBUG  ]  File ignored by rseqc/bam_stat because it exceeded search pattern filesize limit: GSM1937970_cutadapt_fastqc.html
[2021-11-06 04:53:34,361] multiqc                                            [DEBUG  ]  File ignored by rseqc/junction_annotation because it exceeded search pattern filesize limit: GSM1937970_cutadapt_fastqc.html
[2021-11-06 04:53:34,361] multiqc                                            [DEBUG  ]  File ignored by rseqc/read_distribution because it exceeded search pattern filesize limit: GSM1937970_cutadapt_fastqc.html
[2021-11-06 04:53:34,361] multiqc                                            [DEBUG  ]  File ignored by rseqc/infer_experiment because it exceeded search pattern filesize limit: GSM1937970_cutadapt_fastqc.html
[2021-11-06 04:53:34,517] multiqc                                            [DEBUG  ]  File ignored by ccs/v4 because it exceeded search pattern filesize limit: GSM1937972_cutadapt_bowtie2_plus_strand_bedgraph_to_tdf.log
[2021-11-06 04:53:34,519] multiqc                                            [DEBUG  ]  File ignored by lima/summary because it exceeded search pattern filesize limit: GSM1937972_cutadapt_bowtie2_plus_strand_bedgraph_to_tdf.log
[2021-11-06 04:53:34,537] multiqc                                            [DEBUG  ]  Ignoring file as matched an ignore pattern: GSM1937972_cutadapt_empty2.fastq.gz
[2021-11-06 04:53:34,541] multiqc                                            [DEBUG  ]  File ignored by ccs/v4 because it exceeded search pattern filesize limit: GSM1937972_cutadapt_bowtie2_bedgraph_to_tdf.log
[2021-11-06 04:53:34,543] multiqc                                            [DEBUG  ]  File ignored by lima/summary because it exceeded search pattern filesize limit: GSM1937972_cutadapt_bowtie2_bedgraph_to_tdf.log
[2021-11-06 04:53:34,566] multiqc                                            [DEBUG  ]  File ignored by ccs/v4 because it exceeded search pattern filesize limit: GSM1937972_cutadapt.log
[2021-11-06 04:53:34,567] multiqc                                            [DEBUG  ]  File ignored by hicexplorer because it exceeded search pattern filesize limit: GSM1937972_cutadapt.log
[2021-11-06 04:53:34,567] multiqc                                            [DEBUG  ]  File ignored by nanostat because it exceeded search pattern filesize limit: GSM1937972_cutadapt.log
[2021-11-06 04:53:34,568] multiqc                                            [DEBUG  ]  File ignored by lima/summary because it exceeded search pattern filesize limit: GSM1937972_cutadapt.log
[2021-11-06 04:53:34,570] multiqc                                            [DEBUG  ]  File ignored by longranger/invocation because it exceeded search pattern filesize limit: GSM1937972_cutadapt.log
[2021-11-06 04:53:34,652] multiqc                                            [DEBUG  ]  Ignoring file as matched an ignore pattern: GSM1937972_cutadapt_empty1.fastq.gz
[2021-11-06 04:53:34,668] multiqc                                            [DEBUG  ]  File ignored by ccs/v4 because it exceeded search pattern filesize limit: GSM1937972.fastq.gz_trimming_report.txt
[2021-11-06 04:53:34,669] multiqc                                            [DEBUG  ]  File ignored by lima/summary because it exceeded search pattern filesize limit: GSM1937972.fastq.gz_trimming_report.txt
[2021-11-06 04:53:34,672] multiqc                                            [DEBUG  ]  File ignored by longranger/invocation because it exceeded search pattern filesize limit: GSM1937972.fastq.gz_trimming_report.txt
[2021-11-06 04:53:34,679] multiqc                                            [DEBUG  ]  Ignoring file as matched an ignore pattern: GSM1937972_cutadapt.fastq.gz
[2021-11-06 04:53:34,683] multiqc                                            [DEBUG  ]  File ignored by ccs/v4 because it exceeded search pattern filesize limit: GSM1937972_cutadapt_bowtie2_minus_strand_bedgraph_to_tdf.log
[2021-11-06 04:53:34,685] multiqc                                            [DEBUG  ]  File ignored by lima/summary because it exceeded search pattern filesize limit: GSM1937972_cutadapt_bowtie2_minus_strand_bedgraph_to_tdf.log
[2021-11-06 04:53:34,692] multiqc                                            [DEBUG  ]  Ignoring file as matched an ignore pattern: GSM1937972_cutadapt_bowtie2.bam
[2021-11-06 04:53:34,708] multiqc                                            [DEBUG  ]  Ignoring file as matched an ignore pattern: GSM1937972.fastq.gz
[2021-11-06 04:53:34,776] multiqc                                            [DEBUG  ]  Ignoring file as matched an ignore pattern: GSM1937972_cutadapt_bowtie2.bam.bai
[2021-11-06 04:53:34,822] multiqc                                            [DEBUG  ]  File ignored by ccs/v4 because it exceeded search pattern filesize limit: GSM1937972_cutadapt_fastqc.html
[2021-11-06 04:53:34,824] multiqc                                            [DEBUG  ]  File ignored by hicexplorer because it exceeded search pattern filesize limit: GSM1937972_cutadapt_fastqc.html
[2021-11-06 04:53:34,824] multiqc                                            [DEBUG  ]  File ignored by nanostat because it exceeded search pattern filesize limit: GSM1937972_cutadapt_fastqc.html
[2021-11-06 04:53:34,824] multiqc                                            [DEBUG  ]  File ignored by lima/summary because it exceeded search pattern filesize limit: GSM1937972_cutadapt_fastqc.html
[2021-11-06 04:53:34,827] multiqc                                            [DEBUG  ]  File ignored by vep/vep_txt because it exceeded search pattern filesize limit: GSM1937972_cutadapt_fastqc.html
[2021-11-06 04:53:34,827] multiqc                                            [DEBUG  ]  File ignored by longranger/invocation because it exceeded search pattern filesize limit: GSM1937972_cutadapt_fastqc.html
[2021-11-06 04:53:34,827] multiqc                                            [DEBUG  ]  File ignored by rockhopper because it exceeded search pattern filesize limit: GSM1937972_cutadapt_fastqc.html
[2021-11-06 04:53:34,827] multiqc                                            [DEBUG  ]  File ignored by rseqc/bam_stat because it exceeded search pattern filesize limit: GSM1937972_cutadapt_fastqc.html
[2021-11-06 04:53:34,827] multiqc                                            [DEBUG  ]  File ignored by rseqc/junction_annotation because it exceeded search pattern filesize limit: GSM1937972_cutadapt_fastqc.html
[2021-11-06 04:53:34,828] multiqc                                            [DEBUG  ]  File ignored by rseqc/read_distribution because it exceeded search pattern filesize limit: GSM1937972_cutadapt_fastqc.html
[2021-11-06 04:53:34,828] multiqc                                            [DEBUG  ]  File ignored by rseqc/infer_experiment because it exceeded search pattern filesize limit: GSM1937972_cutadapt_fastqc.html
[2021-11-06 04:53:34,980] multiqc                                            [DEBUG  ]  File ignored by ccs/v4 because it exceeded search pattern filesize limit: GSM1937972_cutadapt_fastqc.log
[2021-11-06 04:53:34,982] multiqc                                            [DEBUG  ]  File ignored by lima/summary because it exceeded search pattern filesize limit: GSM1937972_cutadapt_fastqc.log
[2021-11-06 04:53:35,010] multiqc                                            [DEBUG  ]  File ignored by ccs/v4 because it exceeded search pattern filesize limit: GSM1937972_cutadapt_bowtie2_fastqc.html
[2021-11-06 04:53:35,011] multiqc                                            [DEBUG  ]  File ignored by hicexplorer because it exceeded search pattern filesize limit: GSM1937972_cutadapt_bowtie2_fastqc.html
[2021-11-06 04:53:35,012] multiqc                                            [DEBUG  ]  File ignored by nanostat because it exceeded search pattern filesize limit: GSM1937972_cutadapt_bowtie2_fastqc.html
[2021-11-06 04:53:35,012] multiqc                                            [DEBUG  ]  File ignored by lima/summary because it exceeded search pattern filesize limit: GSM1937972_cutadapt_bowtie2_fastqc.html
[2021-11-06 04:53:35,015] multiqc                                            [DEBUG  ]  File ignored by vep/vep_txt because it exceeded search pattern filesize limit: GSM1937972_cutadapt_bowtie2_fastqc.html
[2021-11-06 04:53:35,015] multiqc                                            [DEBUG  ]  File ignored by longranger/invocation because it exceeded search pattern filesize limit: GSM1937972_cutadapt_bowtie2_fastqc.html
[2021-11-06 04:53:35,015] multiqc                                            [DEBUG  ]  File ignored by rockhopper because it exceeded search pattern filesize limit: GSM1937972_cutadapt_bowtie2_fastqc.html
[2021-11-06 04:53:35,015] multiqc                                            [DEBUG  ]  File ignored by rseqc/bam_stat because it exceeded search pattern filesize limit: GSM1937972_cutadapt_bowtie2_fastqc.html
[2021-11-06 04:53:35,015] multiqc                                            [DEBUG  ]  File ignored by rseqc/junction_annotation because it exceeded search pattern filesize limit: GSM1937972_cutadapt_bowtie2_fastqc.html
[2021-11-06 04:53:35,015] multiqc                                            [DEBUG  ]  File ignored by rseqc/read_distribution because it exceeded search pattern filesize limit: GSM1937972_cutadapt_bowtie2_fastqc.html
[2021-11-06 04:53:35,015] multiqc                                            [DEBUG  ]  File ignored by rseqc/infer_experiment because it exceeded search pattern filesize limit: GSM1937972_cutadapt_bowtie2_fastqc.html
[2021-11-06 04:53:35,166] multiqc                                            [DEBUG  ]  File ignored by ccs/v4 because it exceeded search pattern filesize limit: GSM1937972_cutadapt_bowtie2_fastqc.log
[2021-11-06 04:53:35,167] multiqc                                            [DEBUG  ]  File ignored by lima/summary because it exceeded search pattern filesize limit: GSM1937972_cutadapt_bowtie2_fastqc.log
[2021-11-06 04:53:35,182] multiqc                                            [DEBUG  ]  File ignored by ccs/v4 because it exceeded search pattern filesize limit: GSM1937972_fastqc.html
[2021-11-06 04:53:35,184] multiqc                                            [DEBUG  ]  File ignored by hicexplorer because it exceeded search pattern filesize limit: GSM1937972_fastqc.html
[2021-11-06 04:53:35,184] multiqc                                            [DEBUG  ]  File ignored by nanostat because it exceeded search pattern filesize limit: GSM1937972_fastqc.html
[2021-11-06 04:53:35,184] multiqc                                            [DEBUG  ]  File ignored by lima/summary because it exceeded search pattern filesize limit: GSM1937972_fastqc.html
[2021-11-06 04:53:35,187] multiqc                                            [DEBUG  ]  File ignored by vep/vep_txt because it exceeded search pattern filesize limit: GSM1937972_fastqc.html
[2021-11-06 04:53:35,187] multiqc                                            [DEBUG  ]  File ignored by longranger/invocation because it exceeded search pattern filesize limit: GSM1937972_fastqc.html
[2021-11-06 04:53:35,187] multiqc                                            [DEBUG  ]  File ignored by rockhopper because it exceeded search pattern filesize limit: GSM1937972_fastqc.html
[2021-11-06 04:53:35,187] multiqc                                            [DEBUG  ]  File ignored by rseqc/bam_stat because it exceeded search pattern filesize limit: GSM1937972_fastqc.html
[2021-11-06 04:53:35,187] multiqc                                            [DEBUG  ]  File ignored by rseqc/junction_annotation because it exceeded search pattern filesize limit: GSM1937972_fastqc.html
[2021-11-06 04:53:35,187] multiqc                                            [DEBUG  ]  File ignored by rseqc/read_distribution because it exceeded search pattern filesize limit: GSM1937972_fastqc.html
[2021-11-06 04:53:35,188] multiqc                                            [DEBUG  ]  File ignored by rseqc/infer_experiment because it exceeded search pattern filesize limit: GSM1937972_fastqc.html
[2021-11-06 04:53:35,367] multiqc                                            [DEBUG  ]  File ignored by ccs/v4 because it exceeded search pattern filesize limit: DS00034_peaks.ft
[2021-11-06 04:53:35,368] multiqc                                            [DEBUG  ]  File ignored by hicexplorer because it exceeded search pattern filesize limit: DS00034_peaks.ft
[2021-11-06 04:53:35,368] multiqc                                            [DEBUG  ]  File ignored by nanostat because it exceeded search pattern filesize limit: DS00034_peaks.ft
[2021-11-06 04:53:35,369] multiqc                                            [DEBUG  ]  File ignored by lima/summary because it exceeded search pattern filesize limit: DS00034_peaks.ft
[2021-11-06 04:53:35,371] multiqc                                            [DEBUG  ]  File ignored by longranger/invocation because it exceeded search pattern filesize limit: DS00034_peaks.ft
[2021-11-06 04:53:35,394] multiqc                                            [DEBUG  ]  Ignoring file as matched an ignore pattern: DS00034_sites.bed
[2021-11-06 04:53:35,399] multiqc                                            [DEBUG  ]  Ignoring file as matched an ignore pattern: DS00034_peaks.bed
[2021-11-06 04:53:35,408] multiqc                                            [DEBUG  ]  File ignored by ccs/v4 because it exceeded search pattern filesize limit: DS00034_matrix.tab
[2021-11-06 04:53:35,409] multiqc                                            [DEBUG  ]  File ignored by hicexplorer because it exceeded search pattern filesize limit: DS00034_matrix.tab
[2021-11-06 04:53:35,409] multiqc                                            [DEBUG  ]  File ignored by nanostat because it exceeded search pattern filesize limit: DS00034_matrix.tab
[2021-11-06 04:53:35,409] multiqc                                            [DEBUG  ]  File ignored by lima/summary because it exceeded search pattern filesize limit: DS00034_matrix.tab
[2021-11-06 04:53:35,412] multiqc                                            [DEBUG  ]  File ignored by longranger/invocation because it exceeded search pattern filesize limit: DS00034_matrix.tab
[2021-11-06 04:53:35,423] multiqc                                            [DEBUG  ]  File ignored by ccs/v4 because it exceeded search pattern filesize limit: DS00034_peaks.fasta
[2021-11-06 04:53:35,424] multiqc                                            [DEBUG  ]  File ignored by hicexplorer because it exceeded search pattern filesize limit: DS00034_peaks.fasta
[2021-11-06 04:53:35,424] multiqc                                            [DEBUG  ]  File ignored by nanostat because it exceeded search pattern filesize limit: DS00034_peaks.fasta
[2021-11-06 04:53:35,424] multiqc                                            [DEBUG  ]  File ignored by lima/summary because it exceeded search pattern filesize limit: DS00034_peaks.fasta
[2021-11-06 04:53:35,427] multiqc                                            [DEBUG  ]  File ignored by vep/vep_txt because it exceeded search pattern filesize limit: DS00034_peaks.fasta
[2021-11-06 04:53:35,427] multiqc                                            [DEBUG  ]  File ignored by longranger/invocation because it exceeded search pattern filesize limit: DS00034_peaks.fasta
[2021-11-06 04:53:35,531] multiqc                                            [DEBUG  ]  File ignored by ccs/v4 because it exceeded search pattern filesize limit: DS00034_sites.fasta
[2021-11-06 04:53:35,533] multiqc                                            [DEBUG  ]  File ignored by hicexplorer because it exceeded search pattern filesize limit: DS00034_sites.fasta
[2021-11-06 04:53:35,533] multiqc                                            [DEBUG  ]  File ignored by nanostat because it exceeded search pattern filesize limit: DS00034_sites.fasta
[2021-11-06 04:53:35,533] multiqc                                            [DEBUG  ]  File ignored by lima/summary because it exceeded search pattern filesize limit: DS00034_sites.fasta
[2021-11-06 04:53:35,536] multiqc                                            [DEBUG  ]  File ignored by longranger/invocation because it exceeded search pattern filesize limit: DS00034_sites.fasta
[2021-11-06 04:53:35,573] multiqc                                            [DEBUG  ]  File ignored by ccs/v4 because it exceeded search pattern filesize limit: DS00034_peaks.narrowPeak
[2021-11-06 04:53:35,575] multiqc                                            [DEBUG  ]  File ignored by hicexplorer because it exceeded search pattern filesize limit: DS00034_peaks.narrowPeak
[2021-11-06 04:53:35,575] multiqc                                            [DEBUG  ]  File ignored by nanostat because it exceeded search pattern filesize limit: DS00034_peaks.narrowPeak
[2021-11-06 04:53:35,575] multiqc                                            [DEBUG  ]  File ignored by lima/summary because it exceeded search pattern filesize limit: DS00034_peaks.narrowPeak
[2021-11-06 04:53:35,577] multiqc                                            [DEBUG  ]  File ignored by longranger/invocation because it exceeded search pattern filesize limit: DS00034_peaks.narrowPeak
[2021-11-06 04:53:35,613] multiqc                                            [DEBUG  ]  Ignoring file as matched an ignore pattern: DS00034_summits.bed
[2021-11-06 04:53:35,619] multiqc                                            [DEBUG  ]  File ignored by ccs/v4 because it exceeded search pattern filesize limit: GSM1937971.fastq.gz_trimming_report.txt
[2021-11-06 04:53:35,620] multiqc                                            [DEBUG  ]  File ignored by lima/summary because it exceeded search pattern filesize limit: GSM1937971.fastq.gz_trimming_report.txt
[2021-11-06 04:53:35,623] multiqc                                            [DEBUG  ]  File ignored by longranger/invocation because it exceeded search pattern filesize limit: GSM1937971.fastq.gz_trimming_report.txt
[2021-11-06 04:53:35,643] multiqc                                            [DEBUG  ]  File ignored by ccs/v4 because it exceeded search pattern filesize limit: GSM1937971_cutadapt_bowtie2_plus_strand_bedgraph_to_tdf.log
[2021-11-06 04:53:35,645] multiqc                                            [DEBUG  ]  File ignored by lima/summary because it exceeded search pattern filesize limit: GSM1937971_cutadapt_bowtie2_plus_strand_bedgraph_to_tdf.log
[2021-11-06 04:53:35,709] multiqc                                            [DEBUG  ]  Ignoring file as matched an ignore pattern: GSM1937971.fastq.gz
[2021-11-06 04:53:35,709] multiqc                                            [DEBUG  ]  Ignoring file as matched an ignore pattern: GSM1937971_cutadapt_empty2.fastq.gz
[2021-11-06 04:53:35,709] multiqc                                            [DEBUG  ]  Ignoring file as matched an ignore pattern: GSM1937971_cutadapt_empty1.fastq.gz
[2021-11-06 04:53:35,710] multiqc                                            [DEBUG  ]  Ignoring file as matched an ignore pattern: GSM1937971_cutadapt_bowtie2.bam.bai
[2021-11-06 04:53:35,835] multiqc                                            [DEBUG  ]  File ignored by ccs/v4 because it exceeded search pattern filesize limit: GSM1937971_cutadapt_bowtie2_minus_strand_bedgraph_to_tdf.log
[2021-11-06 04:53:35,837] multiqc                                            [DEBUG  ]  File ignored by lima/summary because it exceeded search pattern filesize limit: GSM1937971_cutadapt_bowtie2_minus_strand_bedgraph_to_tdf.log
[2021-11-06 04:53:35,859] multiqc                                            [DEBUG  ]  File ignored by ccs/v4 because it exceeded search pattern filesize limit: GSM1937971_cutadapt.log
[2021-11-06 04:53:35,860] multiqc                                            [DEBUG  ]  File ignored by hicexplorer because it exceeded search pattern filesize limit: GSM1937971_cutadapt.log
[2021-11-06 04:53:35,861] multiqc                                            [DEBUG  ]  File ignored by nanostat because it exceeded search pattern filesize limit: GSM1937971_cutadapt.log
[2021-11-06 04:53:35,861] multiqc                                            [DEBUG  ]  File ignored by lima/summary because it exceeded search pattern filesize limit: GSM1937971_cutadapt.log
[2021-11-06 04:53:35,867] multiqc                                            [DEBUG  ]  File ignored by longranger/invocation because it exceeded search pattern filesize limit: GSM1937971_cutadapt.log
[2021-11-06 04:53:35,902] multiqc                                            [DEBUG  ]  File ignored by ccs/v4 because it exceeded search pattern filesize limit: GSM1937971_cutadapt_bowtie2_bedgraph_to_tdf.log
[2021-11-06 04:53:35,903] multiqc                                            [DEBUG  ]  File ignored by lima/summary because it exceeded search pattern filesize limit: GSM1937971_cutadapt_bowtie2_bedgraph_to_tdf.log
[2021-11-06 04:53:35,910] multiqc                                            [DEBUG  ]  Ignoring file as matched an ignore pattern: GSM1937971_cutadapt_bowtie2.bam
[2021-11-06 04:53:35,934] multiqc                                            [DEBUG  ]  Ignoring file as matched an ignore pattern: GSM1937971_cutadapt.fastq.gz
[2021-11-06 04:53:36,053] multiqc                                            [DEBUG  ]  File ignored by ccs/v4 because it exceeded search pattern filesize limit: GSM1937971_cutadapt_fastqc.html
[2021-11-06 04:53:36,054] multiqc                                            [DEBUG  ]  File ignored by hicexplorer because it exceeded search pattern filesize limit: GSM1937971_cutadapt_fastqc.html
[2021-11-06 04:53:36,055] multiqc                                            [DEBUG  ]  File ignored by nanostat because it exceeded search pattern filesize limit: GSM1937971_cutadapt_fastqc.html
[2021-11-06 04:53:36,055] multiqc                                            [DEBUG  ]  File ignored by lima/summary because it exceeded search pattern filesize limit: GSM1937971_cutadapt_fastqc.html
[2021-11-06 04:53:36,058] multiqc                                            [DEBUG  ]  File ignored by vep/vep_txt because it exceeded search pattern filesize limit: GSM1937971_cutadapt_fastqc.html
[2021-11-06 04:53:36,058] multiqc                                            [DEBUG  ]  File ignored by longranger/invocation because it exceeded search pattern filesize limit: GSM1937971_cutadapt_fastqc.html
[2021-11-06 04:53:36,058] multiqc                                            [DEBUG  ]  File ignored by rockhopper because it exceeded search pattern filesize limit: GSM1937971_cutadapt_fastqc.html
[2021-11-06 04:53:36,058] multiqc                                            [DEBUG  ]  File ignored by rseqc/bam_stat because it exceeded search pattern filesize limit: GSM1937971_cutadapt_fastqc.html
[2021-11-06 04:53:36,058] multiqc                                            [DEBUG  ]  File ignored by rseqc/junction_annotation because it exceeded search pattern filesize limit: GSM1937971_cutadapt_fastqc.html
[2021-11-06 04:53:36,058] multiqc                                            [DEBUG  ]  File ignored by rseqc/read_distribution because it exceeded search pattern filesize limit: GSM1937971_cutadapt_fastqc.html
[2021-11-06 04:53:36,058] multiqc                                            [DEBUG  ]  File ignored by rseqc/infer_experiment because it exceeded search pattern filesize limit: GSM1937971_cutadapt_fastqc.html
[2021-11-06 04:53:36,246] multiqc                                            [DEBUG  ]  File ignored by ccs/v4 because it exceeded search pattern filesize limit: GSM1937971_cutadapt_fastqc.log
[2021-11-06 04:53:36,249] multiqc                                            [DEBUG  ]  File ignored by lima/summary because it exceeded search pattern filesize limit: GSM1937971_cutadapt_fastqc.log
[2021-11-06 04:53:36,336] multiqc                                            [DEBUG  ]  File ignored by ccs/v4 because it exceeded search pattern filesize limit: GSM1937971_cutadapt_bowtie2_fastqc.html
[2021-11-06 04:53:36,338] multiqc                                            [DEBUG  ]  File ignored by hicexplorer because it exceeded search pattern filesize limit: GSM1937971_cutadapt_bowtie2_fastqc.html
[2021-11-06 04:53:36,338] multiqc                                            [DEBUG  ]  File ignored by nanostat because it exceeded search pattern filesize limit: GSM1937971_cutadapt_bowtie2_fastqc.html
[2021-11-06 04:53:36,338] multiqc                                            [DEBUG  ]  File ignored by lima/summary because it exceeded search pattern filesize limit: GSM1937971_cutadapt_bowtie2_fastqc.html
[2021-11-06 04:53:36,341] multiqc                                            [DEBUG  ]  File ignored by vep/vep_txt because it exceeded search pattern filesize limit: GSM1937971_cutadapt_bowtie2_fastqc.html
[2021-11-06 04:53:36,341] multiqc                                            [DEBUG  ]  File ignored by longranger/invocation because it exceeded search pattern filesize limit: GSM1937971_cutadapt_bowtie2_fastqc.html
[2021-11-06 04:53:36,341] multiqc                                            [DEBUG  ]  File ignored by rockhopper because it exceeded search pattern filesize limit: GSM1937971_cutadapt_bowtie2_fastqc.html
[2021-11-06 04:53:36,341] multiqc                                            [DEBUG  ]  File ignored by rseqc/bam_stat because it exceeded search pattern filesize limit: GSM1937971_cutadapt_bowtie2_fastqc.html
[2021-11-06 04:53:36,341] multiqc                                            [DEBUG  ]  File ignored by rseqc/junction_annotation because it exceeded search pattern filesize limit: GSM1937971_cutadapt_bowtie2_fastqc.html
[2021-11-06 04:53:36,341] multiqc                                            [DEBUG  ]  File ignored by rseqc/read_distribution because it exceeded search pattern filesize limit: GSM1937971_cutadapt_bowtie2_fastqc.html
[2021-11-06 04:53:36,342] multiqc                                            [DEBUG  ]  File ignored by rseqc/infer_experiment because it exceeded search pattern filesize limit: GSM1937971_cutadapt_bowtie2_fastqc.html
[2021-11-06 04:53:36,488] multiqc                                            [DEBUG  ]  File ignored by ccs/v4 because it exceeded search pattern filesize limit: GSM1937971_cutadapt_bowtie2_fastqc.log
[2021-11-06 04:53:36,489] multiqc                                            [DEBUG  ]  File ignored by lima/summary because it exceeded search pattern filesize limit: GSM1937971_cutadapt_bowtie2_fastqc.log
[2021-11-06 04:53:36,538] multiqc                                            [DEBUG  ]  File ignored by ccs/v4 because it exceeded search pattern filesize limit: GSM1937971_fastqc.html
[2021-11-06 04:53:36,540] multiqc                                            [DEBUG  ]  File ignored by hicexplorer because it exceeded search pattern filesize limit: GSM1937971_fastqc.html
[2021-11-06 04:53:36,540] multiqc                                            [DEBUG  ]  File ignored by nanostat because it exceeded search pattern filesize limit: GSM1937971_fastqc.html
[2021-11-06 04:53:36,540] multiqc                                            [DEBUG  ]  File ignored by lima/summary because it exceeded search pattern filesize limit: GSM1937971_fastqc.html
[2021-11-06 04:53:36,543] multiqc                                            [DEBUG  ]  File ignored by vep/vep_txt because it exceeded search pattern filesize limit: GSM1937971_fastqc.html
[2021-11-06 04:53:36,543] multiqc                                            [DEBUG  ]  File ignored by longranger/invocation because it exceeded search pattern filesize limit: GSM1937971_fastqc.html
[2021-11-06 04:53:36,543] multiqc                                            [DEBUG  ]  File ignored by rockhopper because it exceeded search pattern filesize limit: GSM1937971_fastqc.html
[2021-11-06 04:53:36,543] multiqc                                            [DEBUG  ]  File ignored by rseqc/bam_stat because it exceeded search pattern filesize limit: GSM1937971_fastqc.html
[2021-11-06 04:53:36,543] multiqc                                            [DEBUG  ]  File ignored by rseqc/junction_annotation because it exceeded search pattern filesize limit: GSM1937971_fastqc.html
[2021-11-06 04:53:36,543] multiqc                                            [DEBUG  ]  File ignored by rseqc/read_distribution because it exceeded search pattern filesize limit: GSM1937971_fastqc.html
[2021-11-06 04:53:36,543] multiqc                                            [DEBUG  ]  File ignored by rseqc/infer_experiment because it exceeded search pattern filesize limit: GSM1937971_fastqc.html
[2021-11-06 04:53:36,706] multiqc                                            [DEBUG  ]  File ignored by ccs/v4 because it exceeded search pattern filesize limit: GSM1937972_cutadapt_bowtie2_plus_strand_bedgraph_to_tdf.log
[2021-11-06 04:53:36,707] multiqc                                            [DEBUG  ]  File ignored by lima/summary because it exceeded search pattern filesize limit: GSM1937972_cutadapt_bowtie2_plus_strand_bedgraph_to_tdf.log
[2021-11-06 04:53:36,729] multiqc                                            [DEBUG  ]  Ignoring file as matched an ignore pattern: GSM1937972_cutadapt_empty2.fastq.gz
[2021-11-06 04:53:36,734] multiqc                                            [DEBUG  ]  File ignored by ccs/v4 because it exceeded search pattern filesize limit: GSM1937972_cutadapt_bowtie2_bedgraph_to_tdf.log
[2021-11-06 04:53:36,735] multiqc                                            [DEBUG  ]  File ignored by lima/summary because it exceeded search pattern filesize limit: GSM1937972_cutadapt_bowtie2_bedgraph_to_tdf.log
[2021-11-06 04:53:36,758] multiqc                                            [DEBUG  ]  File ignored by ccs/v4 because it exceeded search pattern filesize limit: GSM1937972_cutadapt.log
[2021-11-06 04:53:36,760] multiqc                                            [DEBUG  ]  File ignored by hicexplorer because it exceeded search pattern filesize limit: GSM1937972_cutadapt.log
[2021-11-06 04:53:36,760] multiqc                                            [DEBUG  ]  File ignored by nanostat because it exceeded search pattern filesize limit: GSM1937972_cutadapt.log
[2021-11-06 04:53:36,760] multiqc                                            [DEBUG  ]  File ignored by lima/summary because it exceeded search pattern filesize limit: GSM1937972_cutadapt.log
[2021-11-06 04:53:36,762] multiqc                                            [DEBUG  ]  File ignored by longranger/invocation because it exceeded search pattern filesize limit: GSM1937972_cutadapt.log
[2021-11-06 04:53:36,844] multiqc                                            [DEBUG  ]  Ignoring file as matched an ignore pattern: GSM1937972_cutadapt_empty1.fastq.gz
[2021-11-06 04:53:36,860] multiqc                                            [DEBUG  ]  File ignored by ccs/v4 because it exceeded search pattern filesize limit: GSM1937972.fastq.gz_trimming_report.txt
[2021-11-06 04:53:36,861] multiqc                                            [DEBUG  ]  File ignored by lima/summary because it exceeded search pattern filesize limit: GSM1937972.fastq.gz_trimming_report.txt
[2021-11-06 04:53:36,864] multiqc                                            [DEBUG  ]  File ignored by longranger/invocation because it exceeded search pattern filesize limit: GSM1937972.fastq.gz_trimming_report.txt
[2021-11-06 04:53:36,871] multiqc                                            [DEBUG  ]  Ignoring file as matched an ignore pattern: GSM1937972_cutadapt.fastq.gz
[2021-11-06 04:53:36,875] multiqc                                            [DEBUG  ]  File ignored by ccs/v4 because it exceeded search pattern filesize limit: GSM1937972_cutadapt_bowtie2_minus_strand_bedgraph_to_tdf.log
[2021-11-06 04:53:36,876] multiqc                                            [DEBUG  ]  File ignored by lima/summary because it exceeded search pattern filesize limit: GSM1937972_cutadapt_bowtie2_minus_strand_bedgraph_to_tdf.log
[2021-11-06 04:53:36,884] multiqc                                            [DEBUG  ]  Ignoring file as matched an ignore pattern: GSM1937972_cutadapt_bowtie2.bam
[2021-11-06 04:53:36,895] multiqc                                            [DEBUG  ]  Ignoring file as matched an ignore pattern: GSM1937972.fastq.gz
[2021-11-06 04:53:36,967] multiqc                                            [DEBUG  ]  Ignoring file as matched an ignore pattern: GSM1937972_cutadapt_bowtie2.bam.bai
[2021-11-06 04:53:37,010] multiqc                                            [DEBUG  ]  File ignored by ccs/v4 because it exceeded search pattern filesize limit: GSM1937972_cutadapt_fastqc.html
[2021-11-06 04:53:37,011] multiqc                                            [DEBUG  ]  File ignored by hicexplorer because it exceeded search pattern filesize limit: GSM1937972_cutadapt_fastqc.html
[2021-11-06 04:53:37,011] multiqc                                            [DEBUG  ]  File ignored by nanostat because it exceeded search pattern filesize limit: GSM1937972_cutadapt_fastqc.html
[2021-11-06 04:53:37,011] multiqc                                            [DEBUG  ]  File ignored by lima/summary because it exceeded search pattern filesize limit: GSM1937972_cutadapt_fastqc.html
[2021-11-06 04:53:37,014] multiqc                                            [DEBUG  ]  File ignored by vep/vep_txt because it exceeded search pattern filesize limit: GSM1937972_cutadapt_fastqc.html
[2021-11-06 04:53:37,015] multiqc                                            [DEBUG  ]  File ignored by longranger/invocation because it exceeded search pattern filesize limit: GSM1937972_cutadapt_fastqc.html
[2021-11-06 04:53:37,015] multiqc                                            [DEBUG  ]  File ignored by rockhopper because it exceeded search pattern filesize limit: GSM1937972_cutadapt_fastqc.html
[2021-11-06 04:53:37,015] multiqc                                            [DEBUG  ]  File ignored by rseqc/bam_stat because it exceeded search pattern filesize limit: GSM1937972_cutadapt_fastqc.html
[2021-11-06 04:53:37,015] multiqc                                            [DEBUG  ]  File ignored by rseqc/junction_annotation because it exceeded search pattern filesize limit: GSM1937972_cutadapt_fastqc.html
[2021-11-06 04:53:37,015] multiqc                                            [DEBUG  ]  File ignored by rseqc/read_distribution because it exceeded search pattern filesize limit: GSM1937972_cutadapt_fastqc.html
[2021-11-06 04:53:37,015] multiqc                                            [DEBUG  ]  File ignored by rseqc/infer_experiment because it exceeded search pattern filesize limit: GSM1937972_cutadapt_fastqc.html
[2021-11-06 04:53:37,172] multiqc                                            [DEBUG  ]  File ignored by ccs/v4 because it exceeded search pattern filesize limit: GSM1937972_cutadapt_fastqc.log
[2021-11-06 04:53:37,173] multiqc                                            [DEBUG  ]  File ignored by lima/summary because it exceeded search pattern filesize limit: GSM1937972_cutadapt_fastqc.log
[2021-11-06 04:53:37,202] multiqc                                            [DEBUG  ]  File ignored by ccs/v4 because it exceeded search pattern filesize limit: GSM1937972_cutadapt_bowtie2_fastqc.html
[2021-11-06 04:53:37,203] multiqc                                            [DEBUG  ]  File ignored by hicexplorer because it exceeded search pattern filesize limit: GSM1937972_cutadapt_bowtie2_fastqc.html
[2021-11-06 04:53:37,204] multiqc                                            [DEBUG  ]  File ignored by nanostat because it exceeded search pattern filesize limit: GSM1937972_cutadapt_bowtie2_fastqc.html
[2021-11-06 04:53:37,204] multiqc                                            [DEBUG  ]  File ignored by lima/summary because it exceeded search pattern filesize limit: GSM1937972_cutadapt_bowtie2_fastqc.html
[2021-11-06 04:53:37,207] multiqc                                            [DEBUG  ]  File ignored by vep/vep_txt because it exceeded search pattern filesize limit: GSM1937972_cutadapt_bowtie2_fastqc.html
[2021-11-06 04:53:37,207] multiqc                                            [DEBUG  ]  File ignored by longranger/invocation because it exceeded search pattern filesize limit: GSM1937972_cutadapt_bowtie2_fastqc.html
[2021-11-06 04:53:37,207] multiqc                                            [DEBUG  ]  File ignored by rockhopper because it exceeded search pattern filesize limit: GSM1937972_cutadapt_bowtie2_fastqc.html
[2021-11-06 04:53:37,207] multiqc                                            [DEBUG  ]  File ignored by rseqc/bam_stat because it exceeded search pattern filesize limit: GSM1937972_cutadapt_bowtie2_fastqc.html
[2021-11-06 04:53:37,207] multiqc                                            [DEBUG  ]  File ignored by rseqc/junction_annotation because it exceeded search pattern filesize limit: GSM1937972_cutadapt_bowtie2_fastqc.html
[2021-11-06 04:53:37,207] multiqc                                            [DEBUG  ]  File ignored by rseqc/read_distribution because it exceeded search pattern filesize limit: GSM1937972_cutadapt_bowtie2_fastqc.html
[2021-11-06 04:53:37,207] multiqc                                            [DEBUG  ]  File ignored by rseqc/infer_experiment because it exceeded search pattern filesize limit: GSM1937972_cutadapt_bowtie2_fastqc.html
[2021-11-06 04:53:37,358] multiqc                                            [DEBUG  ]  File ignored by ccs/v4 because it exceeded search pattern filesize limit: GSM1937972_cutadapt_bowtie2_fastqc.log
[2021-11-06 04:53:37,359] multiqc                                            [DEBUG  ]  File ignored by lima/summary because it exceeded search pattern filesize limit: GSM1937972_cutadapt_bowtie2_fastqc.log
[2021-11-06 04:53:37,374] multiqc                                            [DEBUG  ]  File ignored by ccs/v4 because it exceeded search pattern filesize limit: GSM1937972_fastqc.html
[2021-11-06 04:53:37,376] multiqc                                            [DEBUG  ]  File ignored by hicexplorer because it exceeded search pattern filesize limit: GSM1937972_fastqc.html
[2021-11-06 04:53:37,376] multiqc                                            [DEBUG  ]  File ignored by nanostat because it exceeded search pattern filesize limit: GSM1937972_fastqc.html
[2021-11-06 04:53:37,376] multiqc                                            [DEBUG  ]  File ignored by lima/summary because it exceeded search pattern filesize limit: GSM1937972_fastqc.html
[2021-11-06 04:53:37,379] multiqc                                            [DEBUG  ]  File ignored by vep/vep_txt because it exceeded search pattern filesize limit: GSM1937972_fastqc.html
[2021-11-06 04:53:37,379] multiqc                                            [DEBUG  ]  File ignored by longranger/invocation because it exceeded search pattern filesize limit: GSM1937972_fastqc.html
[2021-11-06 04:53:37,379] multiqc                                            [DEBUG  ]  File ignored by rockhopper because it exceeded search pattern filesize limit: GSM1937972_fastqc.html
[2021-11-06 04:53:37,379] multiqc                                            [DEBUG  ]  File ignored by rseqc/bam_stat because it exceeded search pattern filesize limit: GSM1937972_fastqc.html
[2021-11-06 04:53:37,379] multiqc                                            [DEBUG  ]  File ignored by rseqc/junction_annotation because it exceeded search pattern filesize limit: GSM1937972_fastqc.html
[2021-11-06 04:53:37,379] multiqc                                            [DEBUG  ]  File ignored by rseqc/read_distribution because it exceeded search pattern filesize limit: GSM1937972_fastqc.html
[2021-11-06 04:53:37,379] multiqc                                            [DEBUG  ]  File ignored by rseqc/infer_experiment because it exceeded search pattern filesize limit: GSM1937972_fastqc.html
[2021-11-06 04:53:37,554] multiqc                                            [DEBUG  ]  File ignored by ccs/v4 because it exceeded search pattern filesize limit: DS00034_peaks.ft
[2021-11-06 04:53:37,556] multiqc                                            [DEBUG  ]  File ignored by hicexplorer because it exceeded search pattern filesize limit: DS00034_peaks.ft
[2021-11-06 04:53:37,556] multiqc                                            [DEBUG  ]  File ignored by nanostat because it exceeded search pattern filesize limit: DS00034_peaks.ft
[2021-11-06 04:53:37,556] multiqc                                            [DEBUG  ]  File ignored by lima/summary because it exceeded search pattern filesize limit: DS00034_peaks.ft
[2021-11-06 04:53:37,558] multiqc                                            [DEBUG  ]  File ignored by longranger/invocation because it exceeded search pattern filesize limit: DS00034_peaks.ft
[2021-11-06 04:53:37,585] multiqc                                            [DEBUG  ]  Ignoring file as matched an ignore pattern: DS00034_sites.bed
[2021-11-06 04:53:37,590] multiqc                                            [DEBUG  ]  Ignoring file as matched an ignore pattern: DS00034_peaks.bed
[2021-11-06 04:53:37,599] multiqc                                            [DEBUG  ]  File ignored by ccs/v4 because it exceeded search pattern filesize limit: DS00034_matrix.tab
[2021-11-06 04:53:37,601] multiqc                                            [DEBUG  ]  File ignored by hicexplorer because it exceeded search pattern filesize limit: DS00034_matrix.tab
[2021-11-06 04:53:37,601] multiqc                                            [DEBUG  ]  File ignored by nanostat because it exceeded search pattern filesize limit: DS00034_matrix.tab
[2021-11-06 04:53:37,601] multiqc                                            [DEBUG  ]  File ignored by lima/summary because it exceeded search pattern filesize limit: DS00034_matrix.tab
[2021-11-06 04:53:37,603] multiqc                                            [DEBUG  ]  File ignored by longranger/invocation because it exceeded search pattern filesize limit: DS00034_matrix.tab
[2021-11-06 04:53:37,614] multiqc                                            [DEBUG  ]  File ignored by ccs/v4 because it exceeded search pattern filesize limit: DS00034_peaks.fasta
[2021-11-06 04:53:37,616] multiqc                                            [DEBUG  ]  File ignored by hicexplorer because it exceeded search pattern filesize limit: DS00034_peaks.fasta
[2021-11-06 04:53:37,616] multiqc                                            [DEBUG  ]  File ignored by nanostat because it exceeded search pattern filesize limit: DS00034_peaks.fasta
[2021-11-06 04:53:37,616] multiqc                                            [DEBUG  ]  File ignored by lima/summary because it exceeded search pattern filesize limit: DS00034_peaks.fasta
[2021-11-06 04:53:37,618] multiqc                                            [DEBUG  ]  File ignored by vep/vep_txt because it exceeded search pattern filesize limit: DS00034_peaks.fasta
[2021-11-06 04:53:37,618] multiqc                                            [DEBUG  ]  File ignored by longranger/invocation because it exceeded search pattern filesize limit: DS00034_peaks.fasta
[2021-11-06 04:53:37,725] multiqc                                            [DEBUG  ]  File ignored by ccs/v4 because it exceeded search pattern filesize limit: DS00034_sites.fasta
[2021-11-06 04:53:37,726] multiqc                                            [DEBUG  ]  File ignored by hicexplorer because it exceeded search pattern filesize limit: DS00034_sites.fasta
[2021-11-06 04:53:37,726] multiqc                                            [DEBUG  ]  File ignored by nanostat because it exceeded search pattern filesize limit: DS00034_sites.fasta
[2021-11-06 04:53:37,727] multiqc                                            [DEBUG  ]  File ignored by lima/summary because it exceeded search pattern filesize limit: DS00034_sites.fasta
[2021-11-06 04:53:37,729] multiqc                                            [DEBUG  ]  File ignored by longranger/invocation because it exceeded search pattern filesize limit: DS00034_sites.fasta
[2021-11-06 04:53:37,764] multiqc                                            [DEBUG  ]  File ignored by ccs/v4 because it exceeded search pattern filesize limit: DS00034_peaks.narrowPeak
[2021-11-06 04:53:37,765] multiqc                                            [DEBUG  ]  File ignored by hicexplorer because it exceeded search pattern filesize limit: DS00034_peaks.narrowPeak
[2021-11-06 04:53:37,765] multiqc                                            [DEBUG  ]  File ignored by nanostat because it exceeded search pattern filesize limit: DS00034_peaks.narrowPeak
[2021-11-06 04:53:37,765] multiqc                                            [DEBUG  ]  File ignored by lima/summary because it exceeded search pattern filesize limit: DS00034_peaks.narrowPeak
[2021-11-06 04:53:37,768] multiqc                                            [DEBUG  ]  File ignored by longranger/invocation because it exceeded search pattern filesize limit: DS00034_peaks.narrowPeak
[2021-11-06 04:53:37,807] multiqc                                            [DEBUG  ]  Ignoring file as matched an ignore pattern: DS00034_summits.bed
[2021-11-06 04:53:38,259] multiqc.plots.bargraph                             [DEBUG  ]  Using matplotlib version 3.4.3
[2021-11-06 04:53:38,259] multiqc.plots.linegraph                            [DEBUG  ]  Using matplotlib version 3.4.3
[2021-11-06 04:53:38,291] multiqc                                            [DEBUG  ]  No samples found: custom_content
[2021-11-06 04:53:38,298] multiqc                                            [DEBUG  ]  No samples found: ccs
[2021-11-06 04:53:38,304] multiqc                                            [DEBUG  ]  No samples found: ngsderive
[2021-11-06 04:53:38,311] multiqc                                            [DEBUG  ]  No samples found: purple
[2021-11-06 04:53:38,317] multiqc                                            [DEBUG  ]  No samples found: conpair
[2021-11-06 04:53:38,323] multiqc                                            [DEBUG  ]  No samples found: lima
[2021-11-06 04:53:38,330] multiqc                                            [DEBUG  ]  No samples found: peddy
[2021-11-06 04:53:38,336] multiqc                                            [DEBUG  ]  No samples found: somalier
[2021-11-06 04:53:38,342] multiqc                                            [DEBUG  ]  No samples found: methylQA
[2021-11-06 04:53:38,349] multiqc.modules.mosdepth.mosdepth                  [DEBUG  ]  include_contigs: []
[2021-11-06 04:53:38,349] multiqc.modules.mosdepth.mosdepth                  [DEBUG  ]  exclude_contigs: []
[2021-11-06 04:53:38,350] multiqc                                            [DEBUG  ]  No samples found: mosdepth
[2021-11-06 04:53:38,356] multiqc                                            [DEBUG  ]  No samples found: phantompeakqualtools
[2021-11-06 04:53:38,362] multiqc                                            [DEBUG  ]  No samples found: qualimap
[2021-11-06 04:53:38,368] multiqc                                            [DEBUG  ]  No samples found: preseq
[2021-11-06 04:53:38,374] multiqc                                            [DEBUG  ]  No samples found: quast
[2021-11-06 04:53:38,381] multiqc                                            [DEBUG  ]  No samples found: qorts
[2021-11-06 04:53:38,387] multiqc                                            [DEBUG  ]  No samples found: rna_seqc
[2021-11-06 04:53:38,393] multiqc                                            [DEBUG  ]  No samples found: rockhopper
[2021-11-06 04:53:38,399] multiqc                                            [DEBUG  ]  No samples found: rsem
[2021-11-06 04:53:38,408] multiqc                                            [DEBUG  ]  No samples found: rseqc
[2021-11-06 04:53:38,414] multiqc                                            [DEBUG  ]  No samples found: busco
[2021-11-06 04:53:38,420] multiqc                                            [DEBUG  ]  No samples found: bustools
[2021-11-06 04:53:38,427] multiqc                                            [DEBUG  ]  No samples found: goleft_indexcov
[2021-11-06 04:53:38,433] multiqc                                            [DEBUG  ]  No samples found: gffcompare
[2021-11-06 04:53:38,439] multiqc                                            [DEBUG  ]  No samples found: disambiguate
[2021-11-06 04:53:38,445] multiqc                                            [DEBUG  ]  No samples found: supernova
[2021-11-06 04:53:38,454] multiqc                                            [DEBUG  ]  No samples found: deeptools
[2021-11-06 04:53:38,460] multiqc                                            [DEBUG  ]  No samples found: sargasso
[2021-11-06 04:53:38,466] multiqc                                            [DEBUG  ]  No samples found: verifybamid
[2021-11-06 04:53:38,473] multiqc                                            [DEBUG  ]  No samples found: mirtrace
[2021-11-06 04:53:38,479] multiqc                                            [DEBUG  ]  No samples found: happy
[2021-11-06 04:53:38,485] multiqc                                            [DEBUG  ]  No samples found: mirtop
[2021-11-06 04:53:38,491] multiqc                                            [DEBUG  ]  No samples found: sambamba
[2021-11-06 04:53:38,498] multiqc                                            [DEBUG  ]  No samples found: homer
[2021-11-06 04:53:38,504] multiqc                                            [DEBUG  ]  No samples found: hops
[2021-11-06 04:53:38,517] multiqc.modules.macs2.macs2                        [DEBUG  ]  Duplicate sample name found! Overwriting: DS00034
[2021-11-06 04:53:38,517] multiqc.modules.macs2.macs2                        [INFO   ]  Found 1 logs
[2021-11-06 04:53:38,524] multiqc                                            [DEBUG  ]  No samples found: theta2
[2021-11-06 04:53:38,530] multiqc                                            [DEBUG  ]  No samples found: snpeff
[2021-11-06 04:53:38,537] multiqc                                            [DEBUG  ]  No samples found: gatk
[2021-11-06 04:53:38,543] multiqc                                            [DEBUG  ]  No samples found: htseq
[2021-11-06 04:53:38,549] multiqc                                            [DEBUG  ]  No samples found: bcftools
[2021-11-06 04:53:38,555] multiqc                                            [DEBUG  ]  No samples found: featureCounts
[2021-11-06 04:53:38,563] multiqc                                            [DEBUG  ]  No samples found: fgbio
[2021-11-06 04:53:38,573] multiqc                                            [DEBUG  ]  No samples found: dragen
[2021-11-06 04:53:38,579] multiqc                                            [DEBUG  ]  No samples found: dedup
[2021-11-06 04:53:38,586] multiqc                                            [DEBUG  ]  No samples found: damageprofiler
[2021-11-06 04:53:38,598] multiqc                                            [DEBUG  ]  No samples found: biobambam2
[2021-11-06 04:53:38,605] multiqc                                            [DEBUG  ]  No samples found: jcvi
[2021-11-06 04:53:38,611] multiqc                                            [DEBUG  ]  No samples found: mtnucratio
[2021-11-06 04:53:38,617] multiqc                                            [DEBUG  ]  No samples found: picard
[2021-11-06 04:53:38,623] multiqc                                            [DEBUG  ]  No samples found: vep
[2021-11-06 04:53:38,630] multiqc                                            [DEBUG  ]  No samples found: sentieon
[2021-11-06 04:53:38,636] multiqc                                            [DEBUG  ]  No samples found: prokka
[2021-11-06 04:53:38,642] multiqc                                            [DEBUG  ]  No samples found: qc3C
[2021-11-06 04:53:38,649] multiqc                                            [DEBUG  ]  No samples found: nanostat
[2021-11-06 04:53:38,655] multiqc                                            [DEBUG  ]  No samples found: samblaster
[2021-11-06 04:53:38,668] multiqc.modules.samtools.flagstat                  [DEBUG  ]  Duplicate sample name found! Overwriting: GSM1937972_cutadapt_bowtie2_bam_stats
[2021-11-06 04:53:38,674] multiqc.modules.samtools.samtools                  [INFO   ]  Found 3 flagstat reports
[2021-11-06 04:53:38,681] multiqc                                            [DEBUG  ]  No samples found: sexdeterrmine
[2021-11-06 04:53:38,687] multiqc                                            [DEBUG  ]  No samples found: eigenstratdatabasetools
[2021-11-06 04:53:38,693] multiqc                                            [DEBUG  ]  No samples found: bamtools
[2021-11-06 04:53:38,699] multiqc                                            [DEBUG  ]  No samples found: jellyfish
[2021-11-06 04:53:38,706] multiqc                                            [DEBUG  ]  No samples found: vcftools
[2021-11-06 04:53:38,713] multiqc                                            [DEBUG  ]  No samples found: longranger
[2021-11-06 04:53:38,719] multiqc                                            [DEBUG  ]  No samples found: stacks
[2021-11-06 04:53:38,725] multiqc                                            [DEBUG  ]  No samples found: varscan2
[2021-11-06 04:53:38,731] multiqc                                            [DEBUG  ]  No samples found: snippy
[2021-11-06 04:53:38,740] multiqc                                            [DEBUG  ]  No samples found: bbmap
[2021-11-06 04:53:38,747] multiqc                                            [DEBUG  ]  No samples found: bismark
[2021-11-06 04:53:38,753] multiqc                                            [DEBUG  ]  No samples found: biscuit
[2021-11-06 04:53:38,760] multiqc                                            [DEBUG  ]  No samples found: hicexplorer
[2021-11-06 04:53:38,766] multiqc                                            [DEBUG  ]  No samples found: hicup
[2021-11-06 04:53:38,772] multiqc                                            [DEBUG  ]  No samples found: hicpro
[2021-11-06 04:53:38,778] multiqc                                            [DEBUG  ]  No samples found: salmon
[2021-11-06 04:53:38,784] multiqc                                            [DEBUG  ]  No samples found: kallisto
[2021-11-06 04:53:38,791] multiqc                                            [DEBUG  ]  No samples found: slamdunk
[2021-11-06 04:53:38,797] multiqc                                            [DEBUG  ]  No samples found: star
[2021-11-06 04:53:38,803] multiqc                                            [DEBUG  ]  No samples found: hisat2
[2021-11-06 04:53:38,809] multiqc                                            [DEBUG  ]  No samples found: tophat
[2021-11-06 04:53:38,819] multiqc.modules.bowtie2.bowtie2                    [DEBUG  ]  Duplicate sample name found! Overwriting: GSM1937972_cutadapt_bowtie2
[2021-11-06 04:53:38,819] multiqc.modules.bowtie2.bowtie2                    [INFO   ]  Found 3 reports
[2021-11-06 04:53:38,833] multiqc                                            [DEBUG  ]  No samples found: bowtie1
[2021-11-06 04:53:38,839] multiqc                                            [DEBUG  ]  No samples found: snpsplit
[2021-11-06 04:53:38,845] multiqc                                            [DEBUG  ]  No samples found: odgi
[2021-11-06 04:53:38,852] multiqc                                            [DEBUG  ]  No samples found: pangolin
[2021-11-06 04:53:38,858] multiqc                                            [DEBUG  ]  No samples found: kat
[2021-11-06 04:53:38,864] multiqc                                            [DEBUG  ]  No samples found: leehom
[2021-11-06 04:53:38,870] multiqc                                            [DEBUG  ]  No samples found: adapterRemoval
[2021-11-06 04:53:38,876] multiqc                                            [DEBUG  ]  No samples found: clipandmerge
[2021-11-06 04:53:38,890] multiqc.modules.cutadapt.cutadapt                  [DEBUG  ]  Duplicate sample name found! Overwriting: GSM1937970
[2021-11-06 04:53:38,895] multiqc.modules.cutadapt.cutadapt                  [DEBUG  ]  Duplicate sample name found! Overwriting: GSM1937972
[2021-11-06 04:53:38,900] multiqc.modules.cutadapt.cutadapt                  [DEBUG  ]  Duplicate sample name found! Overwriting: GSM1937971
[2021-11-06 04:53:38,903] multiqc.modules.cutadapt.cutadapt                  [DEBUG  ]  Duplicate sample name found! Overwriting: GSM1937972
[2021-11-06 04:53:38,905] multiqc.modules.cutadapt.cutadapt                  [DEBUG  ]  Duplicate sample name found! Overwriting: GSM1937972
[2021-11-06 04:53:38,908] multiqc.modules.cutadapt.cutadapt                  [INFO   ]  Found 3 reports
[2021-11-06 04:53:38,923] multiqc                                            [DEBUG  ]  No samples found: flexbar
[2021-11-06 04:53:38,930] multiqc                                            [DEBUG  ]  No samples found: kaiju
[2021-11-06 04:53:38,936] multiqc                                            [DEBUG  ]  No samples found: kraken
[2021-11-06 04:53:38,942] multiqc                                            [DEBUG  ]  No samples found: malt
[2021-11-06 04:53:38,949] multiqc                                            [DEBUG  ]  No samples found: trimmomatic
[2021-11-06 04:53:38,956] multiqc                                            [DEBUG  ]  No samples found: sickle
[2021-11-06 04:53:38,962] multiqc                                            [DEBUG  ]  No samples found: skewer
[2021-11-06 04:53:38,968] multiqc                                            [DEBUG  ]  No samples found: sortmerna
[2021-11-06 04:53:38,974] multiqc                                            [DEBUG  ]  No samples found: biobloomtools
[2021-11-06 04:53:38,980] multiqc                                            [DEBUG  ]  No samples found: fastq_screen
[2021-11-06 04:53:38,986] multiqc                                            [DEBUG  ]  No samples found: afterqc
[2021-11-06 04:53:38,992] multiqc                                            [DEBUG  ]  No samples found: fastp
[2021-11-06 04:53:39,255] multiqc.modules.fastqc.fastqc                      [DEBUG  ]  Skipping 'GSM1937972_cutadapt_fastqc.zip' as already parsed 'GSM1937972_cutadapt'
[2021-11-06 04:53:39,256] multiqc.modules.fastqc.fastqc                      [DEBUG  ]  Skipping 'GSM1937972_cutadapt_bowtie2_fastqc.zip' as already parsed 'GSM1937972_cutadapt_bowtie2'
[2021-11-06 04:53:39,256] multiqc.modules.fastqc.fastqc                      [DEBUG  ]  Skipping 'GSM1937972_fastqc.zip' as already parsed 'GSM1937972'
[2021-11-06 04:53:39,256] multiqc.modules.fastqc.fastqc                      [INFO   ]  Found 9 reports
[2021-11-06 04:53:39,405] multiqc                                            [DEBUG  ]  No samples found: pychopper
[2021-11-06 04:53:39,412] multiqc                                            [DEBUG  ]  No samples found: pycoqc
[2021-11-06 04:53:39,418] multiqc                                            [DEBUG  ]  No samples found: minionqc
[2021-11-06 04:53:39,424] multiqc                                            [DEBUG  ]  No samples found: multivcfanalyzer
[2021-11-06 04:53:39,430] multiqc                                            [DEBUG  ]  No samples found: clusterflow
[2021-11-06 04:53:39,437] multiqc                                            [DEBUG  ]  No samples found: bcl2fastq
[2021-11-06 04:53:39,443] multiqc                                            [DEBUG  ]  No samples found: bclconvert
[2021-11-06 04:53:39,449] multiqc                                            [DEBUG  ]  No samples found: interop
[2021-11-06 04:53:39,455] multiqc                                            [DEBUG  ]  No samples found: ivar
[2021-11-06 04:53:39,462] multiqc                                            [DEBUG  ]  No samples found: flash
[2021-11-06 04:53:39,468] multiqc                                            [DEBUG  ]  No samples found: seqyclean
[2021-11-06 04:53:39,474] multiqc                                            [DEBUG  ]  No samples found: optitype
[2021-11-06 04:53:39,503] multiqc                                            [INFO   ]  Compressing plot data
[2021-11-06 04:53:39,804] multiqc                                            [INFO   ]  Report      : ChIP-seq_collection/GSE74932/datasets/DS00034/multiQC/multiqc_report.html
[2021-11-06 04:53:39,804] multiqc                                            [INFO   ]  Data        : ChIP-seq_collection/GSE74932/datasets/DS00034/multiQC/multiqc_data
[2021-11-06 04:53:39,804] multiqc                                            [DEBUG  ]  Moving data file from '/tmp/tmphvdguh6m/multiqc_data' to 'ChIP-seq_collection/GSE74932/datasets/DS00034/multiQC/multiqc_data'
[2021-11-06 04:53:39,983] multiqc                                            [INFO   ]  MultiQC complete
