[2021-11-06 06:31:30,795] multiqc                                            [DEBUG  ]  This is MultiQC v1.11
[2021-11-06 06:31:30,795] multiqc                                            [DEBUG  ]  No MultiQC config found: /home/rioualen/miniconda3/envs/snakemake/lib/python3.9/site-packages/multiqc_config.yaml
[2021-11-06 06:31:30,796] multiqc                                            [DEBUG  ]  No MultiQC config found: /home/rioualen/.multiqc_config.yaml
[2021-11-06 06:31:30,796] multiqc                                            [DEBUG  ]  No MultiQC config found: multiqc_config.yaml
[2021-11-06 06:31:30,796] multiqc                                            [DEBUG  ]  Command used: /home/rioualen/miniconda3/envs/snakemake/bin/multiqc ChIP-seq_collection/GSE111874/samples/GSM3043055 ChIP-seq_collection/GSE111874/samples/GSM3043091 ChIP-seq_collection/GSE111874/datasets/DS00077 ChIP-seq_collection/GSE111874/samples/GSM3043056 ChIP-seq_collection/GSE111874/samples/GSM3043092 ChIP-seq_collection/GSE111874/datasets/DS00077 -o ChIP-seq_collection/GSE111874/datasets/DS00077/multiQC
[2021-11-06 06:31:31,015] multiqc                                            [DEBUG  ]  Latest MultiQC version is v1.11
[2021-11-06 06:31:31,015] multiqc                                            [DEBUG  ]  Command     : /home/rioualen/miniconda3/envs/snakemake/bin/multiqc ChIP-seq_collection/GSE111874/samples/GSM3043055 ChIP-seq_collection/GSE111874/samples/GSM3043091 ChIP-seq_collection/GSE111874/datasets/DS00077 ChIP-seq_collection/GSE111874/samples/GSM3043056 ChIP-seq_collection/GSE111874/samples/GSM3043092 ChIP-seq_collection/GSE111874/datasets/DS00077 -o ChIP-seq_collection/GSE111874/datasets/DS00077/multiQC
[2021-11-06 06:31:31,015] multiqc                                            [DEBUG  ]  Working dir : /workspace/rioualen/HT_collections
[2021-11-06 06:31:31,015] multiqc                                            [DEBUG  ]  Template    : default
[2021-11-06 06:31:31,015] multiqc                                            [DEBUG  ]  Running Python 3.9.7 | packaged by conda-forge | (default, Sep 29 2021, 19:20:46)  [GCC 9.4.0]
[2021-11-06 06:31:31,016] multiqc                                            [DEBUG  ]  Analysing modules: custom_content, ccs, ngsderive, purple, conpair, lima, peddy, somalier, methylQA, mosdepth, phantompeakqualtools, qualimap, preseq, quast, qorts, rna_seqc, rockhopper, rsem, rseqc, busco, bustools, goleft_indexcov, gffcompare, disambiguate, supernova, deeptools, sargasso, verifybamid, mirtrace, happy, mirtop, sambamba, homer, hops, macs2, theta2, snpeff, gatk, htseq, bcftools, featureCounts, fgbio, dragen, dedup, damageprofiler, biobambam2, jcvi, mtnucratio, picard, vep, sentieon, prokka, qc3C, nanostat, samblaster, samtools, sexdeterrmine, eigenstratdatabasetools, bamtools, jellyfish, vcftools, longranger, stacks, varscan2, snippy, bbmap, bismark, biscuit, hicexplorer, hicup, hicpro, salmon, kallisto, slamdunk, star, hisat2, tophat, bowtie2, bowtie1, snpsplit, odgi, pangolin, kat, leehom, adapterRemoval, clipandmerge, cutadapt, flexbar, kaiju, kraken, malt, trimmomatic, sickle, skewer, sortmerna, biobloomtools, fastq_screen, afterqc, fastp, fastqc, pychopper, pycoqc, minionqc, multivcfanalyzer, clusterflow, bcl2fastq, bclconvert, interop, ivar, flash, seqyclean, optitype
[2021-11-06 06:31:31,016] multiqc                                            [DEBUG  ]  Using temporary directory for creating report: /tmp/tmpyfbipxsf
[2021-11-06 06:31:31,158] multiqc                                            [INFO   ]  Search path : /workspace/rioualen/HT_collections/ChIP-seq_collection/GSE111874/samples/GSM3043055
[2021-11-06 06:31:31,158] multiqc                                            [INFO   ]  Search path : /workspace/rioualen/HT_collections/ChIP-seq_collection/GSE111874/samples/GSM3043091
[2021-11-06 06:31:31,158] multiqc                                            [INFO   ]  Search path : /workspace/rioualen/HT_collections/ChIP-seq_collection/GSE111874/datasets/DS00077
[2021-11-06 06:31:31,158] multiqc                                            [INFO   ]  Search path : /workspace/rioualen/HT_collections/ChIP-seq_collection/GSE111874/samples/GSM3043056
[2021-11-06 06:31:31,159] multiqc                                            [INFO   ]  Search path : /workspace/rioualen/HT_collections/ChIP-seq_collection/GSE111874/samples/GSM3043092
[2021-11-06 06:31:31,159] multiqc                                            [INFO   ]  Search path : /workspace/rioualen/HT_collections/ChIP-seq_collection/GSE111874/datasets/DS00077
[2021-11-06 06:31:31,234] multiqc                                            [DEBUG  ]  File ignored by ccs/v4 because it exceeded search pattern filesize limit: GSM3043055_2.fastq.gz_trimming_report.txt
[2021-11-06 06:31:31,236] multiqc                                            [DEBUG  ]  File ignored by lima/summary because it exceeded search pattern filesize limit: GSM3043055_2.fastq.gz_trimming_report.txt
[2021-11-06 06:31:31,240] multiqc                                            [DEBUG  ]  File ignored by longranger/invocation because it exceeded search pattern filesize limit: GSM3043055_2.fastq.gz_trimming_report.txt
[2021-11-06 06:31:31,255] multiqc                                            [DEBUG  ]  File ignored by ccs/v4 because it exceeded search pattern filesize limit: GSM3043055_cutadapt_bowtie2_plus_strand_bedgraph_to_tdf.log
[2021-11-06 06:31:31,257] multiqc                                            [DEBUG  ]  File ignored by lima/summary because it exceeded search pattern filesize limit: GSM3043055_cutadapt_bowtie2_plus_strand_bedgraph_to_tdf.log
[2021-11-06 06:31:31,269] multiqc                                            [DEBUG  ]  File ignored by ccs/v4 because it exceeded search pattern filesize limit: GSM3043055_cutadapt_bowtie2_bedgraph_to_tdf.log
[2021-11-06 06:31:31,270] multiqc                                            [DEBUG  ]  File ignored by lima/summary because it exceeded search pattern filesize limit: GSM3043055_cutadapt_bowtie2_bedgraph_to_tdf.log
[2021-11-06 06:31:31,358] multiqc                                            [DEBUG  ]  Ignoring file as matched an ignore pattern: GSM3043055_cutadapt_bowtie2.bam.bai
[2021-11-06 06:31:31,419] multiqc                                            [DEBUG  ]  File ignored by ccs/v4 because it exceeded search pattern filesize limit: GSM3043055_1.fastq.gz_trimming_report.txt
[2021-11-06 06:31:31,420] multiqc                                            [DEBUG  ]  File ignored by lima/summary because it exceeded search pattern filesize limit: GSM3043055_1.fastq.gz_trimming_report.txt
[2021-11-06 06:31:31,423] multiqc                                            [DEBUG  ]  File ignored by longranger/invocation because it exceeded search pattern filesize limit: GSM3043055_1.fastq.gz_trimming_report.txt
[2021-11-06 06:31:31,429] multiqc                                            [DEBUG  ]  Ignoring file as matched an ignore pattern: GSM3043055_cutadapt_1.fastq.gz
[2021-11-06 06:31:31,456] multiqc                                            [DEBUG  ]  Ignoring file as matched an ignore pattern: GSM3043055_cutadapt.fastq.gz
[2021-11-06 06:31:31,467] multiqc                                            [DEBUG  ]  Ignoring file as matched an ignore pattern: GSM3043055_cutadapt_bowtie2.bam
[2021-11-06 06:31:31,523] multiqc                                            [DEBUG  ]  Ignoring file as matched an ignore pattern: GSM3043055_2.fastq.gz
[2021-11-06 06:31:31,527] multiqc                                            [DEBUG  ]  File ignored by ccs/v4 because it exceeded search pattern filesize limit: GSM3043055_cutadapt_bowtie2_minus_strand_bedgraph_to_tdf.log
[2021-11-06 06:31:31,529] multiqc                                            [DEBUG  ]  File ignored by lima/summary because it exceeded search pattern filesize limit: GSM3043055_cutadapt_bowtie2_minus_strand_bedgraph_to_tdf.log
[2021-11-06 06:31:31,547] multiqc                                            [DEBUG  ]  Ignoring file as matched an ignore pattern: GSM3043055_cutadapt_2.fastq.gz
[2021-11-06 06:31:31,646] multiqc                                            [DEBUG  ]  File ignored by ccs/v4 because it exceeded search pattern filesize limit: GSM3043055_cutadapt.log
[2021-11-06 06:31:31,647] multiqc                                            [DEBUG  ]  File ignored by hicexplorer because it exceeded search pattern filesize limit: GSM3043055_cutadapt.log
[2021-11-06 06:31:31,647] multiqc                                            [DEBUG  ]  File ignored by nanostat because it exceeded search pattern filesize limit: GSM3043055_cutadapt.log
[2021-11-06 06:31:31,647] multiqc                                            [DEBUG  ]  File ignored by lima/summary because it exceeded search pattern filesize limit: GSM3043055_cutadapt.log
[2021-11-06 06:31:31,650] multiqc                                            [DEBUG  ]  File ignored by longranger/invocation because it exceeded search pattern filesize limit: GSM3043055_cutadapt.log
[2021-11-06 06:31:31,699] multiqc                                            [DEBUG  ]  Ignoring file as matched an ignore pattern: GSM3043055_1.fastq.gz
[2021-11-06 06:31:31,720] multiqc                                            [DEBUG  ]  File ignored by ccs/v4 because it exceeded search pattern filesize limit: GSM3043055_cutadapt_1_fastqc.html
[2021-11-06 06:31:31,722] multiqc                                            [DEBUG  ]  File ignored by hicexplorer because it exceeded search pattern filesize limit: GSM3043055_cutadapt_1_fastqc.html
[2021-11-06 06:31:31,722] multiqc                                            [DEBUG  ]  File ignored by nanostat because it exceeded search pattern filesize limit: GSM3043055_cutadapt_1_fastqc.html
[2021-11-06 06:31:31,722] multiqc                                            [DEBUG  ]  File ignored by lima/summary because it exceeded search pattern filesize limit: GSM3043055_cutadapt_1_fastqc.html
[2021-11-06 06:31:31,725] multiqc                                            [DEBUG  ]  File ignored by vep/vep_txt because it exceeded search pattern filesize limit: GSM3043055_cutadapt_1_fastqc.html
[2021-11-06 06:31:31,725] multiqc                                            [DEBUG  ]  File ignored by longranger/invocation because it exceeded search pattern filesize limit: GSM3043055_cutadapt_1_fastqc.html
[2021-11-06 06:31:31,725] multiqc                                            [DEBUG  ]  File ignored by rockhopper because it exceeded search pattern filesize limit: GSM3043055_cutadapt_1_fastqc.html
[2021-11-06 06:31:31,725] multiqc                                            [DEBUG  ]  File ignored by rseqc/bam_stat because it exceeded search pattern filesize limit: GSM3043055_cutadapt_1_fastqc.html
[2021-11-06 06:31:31,725] multiqc                                            [DEBUG  ]  File ignored by rseqc/junction_annotation because it exceeded search pattern filesize limit: GSM3043055_cutadapt_1_fastqc.html
[2021-11-06 06:31:31,725] multiqc                                            [DEBUG  ]  File ignored by rseqc/read_distribution because it exceeded search pattern filesize limit: GSM3043055_cutadapt_1_fastqc.html
[2021-11-06 06:31:31,726] multiqc                                            [DEBUG  ]  File ignored by rseqc/infer_experiment because it exceeded search pattern filesize limit: GSM3043055_cutadapt_1_fastqc.html
[2021-11-06 06:31:31,909] multiqc                                            [DEBUG  ]  File ignored by ccs/v4 because it exceeded search pattern filesize limit: GSM3043055_cutadapt_1_fastqc.log
[2021-11-06 06:31:31,910] multiqc                                            [DEBUG  ]  File ignored by lima/summary because it exceeded search pattern filesize limit: GSM3043055_cutadapt_1_fastqc.log
[2021-11-06 06:31:31,993] multiqc                                            [DEBUG  ]  File ignored by ccs/v4 because it exceeded search pattern filesize limit: GSM3043055_cutadapt_2_fastqc.html
[2021-11-06 06:31:31,995] multiqc                                            [DEBUG  ]  File ignored by hicexplorer because it exceeded search pattern filesize limit: GSM3043055_cutadapt_2_fastqc.html
[2021-11-06 06:31:31,995] multiqc                                            [DEBUG  ]  File ignored by nanostat because it exceeded search pattern filesize limit: GSM3043055_cutadapt_2_fastqc.html
[2021-11-06 06:31:31,995] multiqc                                            [DEBUG  ]  File ignored by lima/summary because it exceeded search pattern filesize limit: GSM3043055_cutadapt_2_fastqc.html
[2021-11-06 06:31:31,998] multiqc                                            [DEBUG  ]  File ignored by vep/vep_txt because it exceeded search pattern filesize limit: GSM3043055_cutadapt_2_fastqc.html
[2021-11-06 06:31:31,998] multiqc                                            [DEBUG  ]  File ignored by longranger/invocation because it exceeded search pattern filesize limit: GSM3043055_cutadapt_2_fastqc.html
[2021-11-06 06:31:31,998] multiqc                                            [DEBUG  ]  File ignored by rockhopper because it exceeded search pattern filesize limit: GSM3043055_cutadapt_2_fastqc.html
[2021-11-06 06:31:31,999] multiqc                                            [DEBUG  ]  File ignored by rseqc/bam_stat because it exceeded search pattern filesize limit: GSM3043055_cutadapt_2_fastqc.html
[2021-11-06 06:31:31,999] multiqc                                            [DEBUG  ]  File ignored by rseqc/junction_annotation because it exceeded search pattern filesize limit: GSM3043055_cutadapt_2_fastqc.html
[2021-11-06 06:31:31,999] multiqc                                            [DEBUG  ]  File ignored by rseqc/read_distribution because it exceeded search pattern filesize limit: GSM3043055_cutadapt_2_fastqc.html
[2021-11-06 06:31:31,999] multiqc                                            [DEBUG  ]  File ignored by rseqc/infer_experiment because it exceeded search pattern filesize limit: GSM3043055_cutadapt_2_fastqc.html
[2021-11-06 06:31:32,210] multiqc                                            [DEBUG  ]  File ignored by ccs/v4 because it exceeded search pattern filesize limit: GSM3043055_cutadapt_2_fastqc.log
[2021-11-06 06:31:32,211] multiqc                                            [DEBUG  ]  File ignored by lima/summary because it exceeded search pattern filesize limit: GSM3043055_cutadapt_2_fastqc.log
[2021-11-06 06:31:32,333] multiqc                                            [DEBUG  ]  File ignored by ccs/v4 because it exceeded search pattern filesize limit: GSM3043055_2_fastqc.html
[2021-11-06 06:31:32,335] multiqc                                            [DEBUG  ]  File ignored by hicexplorer because it exceeded search pattern filesize limit: GSM3043055_2_fastqc.html
[2021-11-06 06:31:32,335] multiqc                                            [DEBUG  ]  File ignored by nanostat because it exceeded search pattern filesize limit: GSM3043055_2_fastqc.html
[2021-11-06 06:31:32,335] multiqc                                            [DEBUG  ]  File ignored by lima/summary because it exceeded search pattern filesize limit: GSM3043055_2_fastqc.html
[2021-11-06 06:31:32,338] multiqc                                            [DEBUG  ]  File ignored by vep/vep_txt because it exceeded search pattern filesize limit: GSM3043055_2_fastqc.html
[2021-11-06 06:31:32,338] multiqc                                            [DEBUG  ]  File ignored by longranger/invocation because it exceeded search pattern filesize limit: GSM3043055_2_fastqc.html
[2021-11-06 06:31:32,339] multiqc                                            [DEBUG  ]  File ignored by rockhopper because it exceeded search pattern filesize limit: GSM3043055_2_fastqc.html
[2021-11-06 06:31:32,339] multiqc                                            [DEBUG  ]  File ignored by rseqc/bam_stat because it exceeded search pattern filesize limit: GSM3043055_2_fastqc.html
[2021-11-06 06:31:32,339] multiqc                                            [DEBUG  ]  File ignored by rseqc/junction_annotation because it exceeded search pattern filesize limit: GSM3043055_2_fastqc.html
[2021-11-06 06:31:32,339] multiqc                                            [DEBUG  ]  File ignored by rseqc/read_distribution because it exceeded search pattern filesize limit: GSM3043055_2_fastqc.html
[2021-11-06 06:31:32,339] multiqc                                            [DEBUG  ]  File ignored by rseqc/infer_experiment because it exceeded search pattern filesize limit: GSM3043055_2_fastqc.html
[2021-11-06 06:31:32,516] multiqc                                            [DEBUG  ]  File ignored by ccs/v4 because it exceeded search pattern filesize limit: GSM3043055_1_fastqc.html
[2021-11-06 06:31:32,518] multiqc                                            [DEBUG  ]  File ignored by hicexplorer because it exceeded search pattern filesize limit: GSM3043055_1_fastqc.html
[2021-11-06 06:31:32,518] multiqc                                            [DEBUG  ]  File ignored by nanostat because it exceeded search pattern filesize limit: GSM3043055_1_fastqc.html
[2021-11-06 06:31:32,518] multiqc                                            [DEBUG  ]  File ignored by lima/summary because it exceeded search pattern filesize limit: GSM3043055_1_fastqc.html
[2021-11-06 06:31:32,521] multiqc                                            [DEBUG  ]  File ignored by vep/vep_txt because it exceeded search pattern filesize limit: GSM3043055_1_fastqc.html
[2021-11-06 06:31:32,521] multiqc                                            [DEBUG  ]  File ignored by longranger/invocation because it exceeded search pattern filesize limit: GSM3043055_1_fastqc.html
[2021-11-06 06:31:32,521] multiqc                                            [DEBUG  ]  File ignored by rockhopper because it exceeded search pattern filesize limit: GSM3043055_1_fastqc.html
[2021-11-06 06:31:32,521] multiqc                                            [DEBUG  ]  File ignored by rseqc/bam_stat because it exceeded search pattern filesize limit: GSM3043055_1_fastqc.html
[2021-11-06 06:31:32,522] multiqc                                            [DEBUG  ]  File ignored by rseqc/junction_annotation because it exceeded search pattern filesize limit: GSM3043055_1_fastqc.html
[2021-11-06 06:31:32,522] multiqc                                            [DEBUG  ]  File ignored by rseqc/read_distribution because it exceeded search pattern filesize limit: GSM3043055_1_fastqc.html
[2021-11-06 06:31:32,522] multiqc                                            [DEBUG  ]  File ignored by rseqc/infer_experiment because it exceeded search pattern filesize limit: GSM3043055_1_fastqc.html
[2021-11-06 06:31:32,688] multiqc                                            [DEBUG  ]  File ignored by ccs/v4 because it exceeded search pattern filesize limit: GSM3043055_cutadapt_bowtie2_fastqc.log
[2021-11-06 06:31:32,690] multiqc                                            [DEBUG  ]  File ignored by lima/summary because it exceeded search pattern filesize limit: GSM3043055_cutadapt_bowtie2_fastqc.log
[2021-11-06 06:31:32,736] multiqc                                            [DEBUG  ]  File ignored by ccs/v4 because it exceeded search pattern filesize limit: GSM3043055_cutadapt_bowtie2_fastqc.html
[2021-11-06 06:31:32,738] multiqc                                            [DEBUG  ]  File ignored by hicexplorer because it exceeded search pattern filesize limit: GSM3043055_cutadapt_bowtie2_fastqc.html
[2021-11-06 06:31:32,738] multiqc                                            [DEBUG  ]  File ignored by nanostat because it exceeded search pattern filesize limit: GSM3043055_cutadapt_bowtie2_fastqc.html
[2021-11-06 06:31:32,738] multiqc                                            [DEBUG  ]  File ignored by lima/summary because it exceeded search pattern filesize limit: GSM3043055_cutadapt_bowtie2_fastqc.html
[2021-11-06 06:31:32,741] multiqc                                            [DEBUG  ]  File ignored by vep/vep_txt because it exceeded search pattern filesize limit: GSM3043055_cutadapt_bowtie2_fastqc.html
[2021-11-06 06:31:32,741] multiqc                                            [DEBUG  ]  File ignored by longranger/invocation because it exceeded search pattern filesize limit: GSM3043055_cutadapt_bowtie2_fastqc.html
[2021-11-06 06:31:32,741] multiqc                                            [DEBUG  ]  File ignored by rockhopper because it exceeded search pattern filesize limit: GSM3043055_cutadapt_bowtie2_fastqc.html
[2021-11-06 06:31:32,741] multiqc                                            [DEBUG  ]  File ignored by rseqc/bam_stat because it exceeded search pattern filesize limit: GSM3043055_cutadapt_bowtie2_fastqc.html
[2021-11-06 06:31:32,741] multiqc                                            [DEBUG  ]  File ignored by rseqc/junction_annotation because it exceeded search pattern filesize limit: GSM3043055_cutadapt_bowtie2_fastqc.html
[2021-11-06 06:31:32,742] multiqc                                            [DEBUG  ]  File ignored by rseqc/read_distribution because it exceeded search pattern filesize limit: GSM3043055_cutadapt_bowtie2_fastqc.html
[2021-11-06 06:31:32,742] multiqc                                            [DEBUG  ]  File ignored by rseqc/infer_experiment because it exceeded search pattern filesize limit: GSM3043055_cutadapt_bowtie2_fastqc.html
[2021-11-06 06:31:32,896] multiqc                                            [DEBUG  ]  Ignoring file as matched an ignore pattern: GSM3043091_1.fastq.gz
[2021-11-06 06:31:32,922] multiqc                                            [DEBUG  ]  File ignored by ccs/v4 because it exceeded search pattern filesize limit: GSM3043091_cutadapt.log
[2021-11-06 06:31:32,924] multiqc                                            [DEBUG  ]  File ignored by hicexplorer because it exceeded search pattern filesize limit: GSM3043091_cutadapt.log
[2021-11-06 06:31:32,924] multiqc                                            [DEBUG  ]  File ignored by nanostat because it exceeded search pattern filesize limit: GSM3043091_cutadapt.log
[2021-11-06 06:31:32,924] multiqc                                            [DEBUG  ]  File ignored by lima/summary because it exceeded search pattern filesize limit: GSM3043091_cutadapt.log
[2021-11-06 06:31:32,926] multiqc                                            [DEBUG  ]  File ignored by longranger/invocation because it exceeded search pattern filesize limit: GSM3043091_cutadapt.log
[2021-11-06 06:31:32,942] multiqc                                            [DEBUG  ]  File ignored by ccs/v4 because it exceeded search pattern filesize limit: GSM3043091_1.fastq.gz_trimming_report.txt
[2021-11-06 06:31:32,943] multiqc                                            [DEBUG  ]  File ignored by lima/summary because it exceeded search pattern filesize limit: GSM3043091_1.fastq.gz_trimming_report.txt
[2021-11-06 06:31:32,945] multiqc                                            [DEBUG  ]  File ignored by longranger/invocation because it exceeded search pattern filesize limit: GSM3043091_1.fastq.gz_trimming_report.txt
[2021-11-06 06:31:32,956] multiqc                                            [DEBUG  ]  File ignored by ccs/v4 because it exceeded search pattern filesize limit: GSM3043091_cutadapt_bowtie2_minus_strand_bedgraph_to_tdf.log
[2021-11-06 06:31:32,958] multiqc                                            [DEBUG  ]  File ignored by lima/summary because it exceeded search pattern filesize limit: GSM3043091_cutadapt_bowtie2_minus_strand_bedgraph_to_tdf.log
[2021-11-06 06:31:32,965] multiqc                                            [DEBUG  ]  Ignoring file as matched an ignore pattern: GSM3043091_cutadapt_1.fastq.gz
[2021-11-06 06:31:33,051] multiqc                                            [DEBUG  ]  File ignored by ccs/v4 because it exceeded search pattern filesize limit: GSM3043091_2.fastq.gz_trimming_report.txt
[2021-11-06 06:31:33,052] multiqc                                            [DEBUG  ]  File ignored by lima/summary because it exceeded search pattern filesize limit: GSM3043091_2.fastq.gz_trimming_report.txt
[2021-11-06 06:31:33,055] multiqc                                            [DEBUG  ]  File ignored by longranger/invocation because it exceeded search pattern filesize limit: GSM3043091_2.fastq.gz_trimming_report.txt
[2021-11-06 06:31:33,090] multiqc                                            [DEBUG  ]  Ignoring file as matched an ignore pattern: GSM3043091_cutadapt.fastq.gz
[2021-11-06 06:31:33,105] multiqc                                            [DEBUG  ]  File ignored by ccs/v4 because it exceeded search pattern filesize limit: GSM3043091_cutadapt_bowtie2_plus_strand_bedgraph_to_tdf.log
[2021-11-06 06:31:33,107] multiqc                                            [DEBUG  ]  File ignored by lima/summary because it exceeded search pattern filesize limit: GSM3043091_cutadapt_bowtie2_plus_strand_bedgraph_to_tdf.log
[2021-11-06 06:31:33,189] multiqc                                            [DEBUG  ]  Ignoring file as matched an ignore pattern: GSM3043091_cutadapt_bowtie2.bam
[2021-11-06 06:31:33,263] multiqc                                            [DEBUG  ]  Ignoring file as matched an ignore pattern: GSM3043091_cutadapt_2.fastq.gz
[2021-11-06 06:31:33,263] multiqc                                            [DEBUG  ]  Ignoring file as matched an ignore pattern: GSM3043091_cutadapt_bowtie2.bam.bai
[2021-11-06 06:31:33,298] multiqc                                            [DEBUG  ]  Ignoring file as matched an ignore pattern: GSM3043091_2.fastq.gz
[2021-11-06 06:31:33,329] multiqc                                            [DEBUG  ]  File ignored by ccs/v4 because it exceeded search pattern filesize limit: GSM3043091_cutadapt_bowtie2_bedgraph_to_tdf.log
[2021-11-06 06:31:33,330] multiqc                                            [DEBUG  ]  File ignored by lima/summary because it exceeded search pattern filesize limit: GSM3043091_cutadapt_bowtie2_bedgraph_to_tdf.log
[2021-11-06 06:31:33,467] multiqc                                            [DEBUG  ]  File ignored by ccs/v4 because it exceeded search pattern filesize limit: GSM3043091_2_fastqc.html
[2021-11-06 06:31:33,469] multiqc                                            [DEBUG  ]  File ignored by hicexplorer because it exceeded search pattern filesize limit: GSM3043091_2_fastqc.html
[2021-11-06 06:31:33,469] multiqc                                            [DEBUG  ]  File ignored by nanostat because it exceeded search pattern filesize limit: GSM3043091_2_fastqc.html
[2021-11-06 06:31:33,469] multiqc                                            [DEBUG  ]  File ignored by lima/summary because it exceeded search pattern filesize limit: GSM3043091_2_fastqc.html
[2021-11-06 06:31:33,472] multiqc                                            [DEBUG  ]  File ignored by vep/vep_txt because it exceeded search pattern filesize limit: GSM3043091_2_fastqc.html
[2021-11-06 06:31:33,473] multiqc                                            [DEBUG  ]  File ignored by longranger/invocation because it exceeded search pattern filesize limit: GSM3043091_2_fastqc.html
[2021-11-06 06:31:33,473] multiqc                                            [DEBUG  ]  File ignored by rockhopper because it exceeded search pattern filesize limit: GSM3043091_2_fastqc.html
[2021-11-06 06:31:33,473] multiqc                                            [DEBUG  ]  File ignored by rseqc/bam_stat because it exceeded search pattern filesize limit: GSM3043091_2_fastqc.html
[2021-11-06 06:31:33,473] multiqc                                            [DEBUG  ]  File ignored by rseqc/junction_annotation because it exceeded search pattern filesize limit: GSM3043091_2_fastqc.html
[2021-11-06 06:31:33,473] multiqc                                            [DEBUG  ]  File ignored by rseqc/read_distribution because it exceeded search pattern filesize limit: GSM3043091_2_fastqc.html
[2021-11-06 06:31:33,473] multiqc                                            [DEBUG  ]  File ignored by rseqc/infer_experiment because it exceeded search pattern filesize limit: GSM3043091_2_fastqc.html
[2021-11-06 06:31:33,720] multiqc                                            [DEBUG  ]  File ignored by ccs/v4 because it exceeded search pattern filesize limit: GSM3043091_1_fastqc.html
[2021-11-06 06:31:33,721] multiqc                                            [DEBUG  ]  File ignored by hicexplorer because it exceeded search pattern filesize limit: GSM3043091_1_fastqc.html
[2021-11-06 06:31:33,722] multiqc                                            [DEBUG  ]  File ignored by nanostat because it exceeded search pattern filesize limit: GSM3043091_1_fastqc.html
[2021-11-06 06:31:33,722] multiqc                                            [DEBUG  ]  File ignored by lima/summary because it exceeded search pattern filesize limit: GSM3043091_1_fastqc.html
[2021-11-06 06:31:33,725] multiqc                                            [DEBUG  ]  File ignored by vep/vep_txt because it exceeded search pattern filesize limit: GSM3043091_1_fastqc.html
[2021-11-06 06:31:33,725] multiqc                                            [DEBUG  ]  File ignored by longranger/invocation because it exceeded search pattern filesize limit: GSM3043091_1_fastqc.html
[2021-11-06 06:31:33,725] multiqc                                            [DEBUG  ]  File ignored by rockhopper because it exceeded search pattern filesize limit: GSM3043091_1_fastqc.html
[2021-11-06 06:31:33,725] multiqc                                            [DEBUG  ]  File ignored by rseqc/bam_stat because it exceeded search pattern filesize limit: GSM3043091_1_fastqc.html
[2021-11-06 06:31:33,725] multiqc                                            [DEBUG  ]  File ignored by rseqc/junction_annotation because it exceeded search pattern filesize limit: GSM3043091_1_fastqc.html
[2021-11-06 06:31:33,725] multiqc                                            [DEBUG  ]  File ignored by rseqc/read_distribution because it exceeded search pattern filesize limit: GSM3043091_1_fastqc.html
[2021-11-06 06:31:33,725] multiqc                                            [DEBUG  ]  File ignored by rseqc/infer_experiment because it exceeded search pattern filesize limit: GSM3043091_1_fastqc.html
[2021-11-06 06:31:33,860] multiqc                                            [DEBUG  ]  File ignored by ccs/v4 because it exceeded search pattern filesize limit: GSM3043091_cutadapt_1_fastqc.log
[2021-11-06 06:31:33,862] multiqc                                            [DEBUG  ]  File ignored by lima/summary because it exceeded search pattern filesize limit: GSM3043091_cutadapt_1_fastqc.log
[2021-11-06 06:31:33,948] multiqc                                            [DEBUG  ]  File ignored by ccs/v4 because it exceeded search pattern filesize limit: GSM3043091_cutadapt_1_fastqc.html
[2021-11-06 06:31:33,950] multiqc                                            [DEBUG  ]  File ignored by hicexplorer because it exceeded search pattern filesize limit: GSM3043091_cutadapt_1_fastqc.html
[2021-11-06 06:31:33,950] multiqc                                            [DEBUG  ]  File ignored by nanostat because it exceeded search pattern filesize limit: GSM3043091_cutadapt_1_fastqc.html
[2021-11-06 06:31:33,950] multiqc                                            [DEBUG  ]  File ignored by lima/summary because it exceeded search pattern filesize limit: GSM3043091_cutadapt_1_fastqc.html
[2021-11-06 06:31:33,953] multiqc                                            [DEBUG  ]  File ignored by vep/vep_txt because it exceeded search pattern filesize limit: GSM3043091_cutadapt_1_fastqc.html
[2021-11-06 06:31:33,953] multiqc                                            [DEBUG  ]  File ignored by longranger/invocation because it exceeded search pattern filesize limit: GSM3043091_cutadapt_1_fastqc.html
[2021-11-06 06:31:33,953] multiqc                                            [DEBUG  ]  File ignored by rockhopper because it exceeded search pattern filesize limit: GSM3043091_cutadapt_1_fastqc.html
[2021-11-06 06:31:33,953] multiqc                                            [DEBUG  ]  File ignored by rseqc/bam_stat because it exceeded search pattern filesize limit: GSM3043091_cutadapt_1_fastqc.html
[2021-11-06 06:31:33,954] multiqc                                            [DEBUG  ]  File ignored by rseqc/junction_annotation because it exceeded search pattern filesize limit: GSM3043091_cutadapt_1_fastqc.html
[2021-11-06 06:31:33,954] multiqc                                            [DEBUG  ]  File ignored by rseqc/read_distribution because it exceeded search pattern filesize limit: GSM3043091_cutadapt_1_fastqc.html
[2021-11-06 06:31:33,954] multiqc                                            [DEBUG  ]  File ignored by rseqc/infer_experiment because it exceeded search pattern filesize limit: GSM3043091_cutadapt_1_fastqc.html
[2021-11-06 06:31:34,105] multiqc                                            [DEBUG  ]  File ignored by ccs/v4 because it exceeded search pattern filesize limit: GSM3043091_cutadapt_bowtie2_fastqc.html
[2021-11-06 06:31:34,106] multiqc                                            [DEBUG  ]  File ignored by hicexplorer because it exceeded search pattern filesize limit: GSM3043091_cutadapt_bowtie2_fastqc.html
[2021-11-06 06:31:34,106] multiqc                                            [DEBUG  ]  File ignored by nanostat because it exceeded search pattern filesize limit: GSM3043091_cutadapt_bowtie2_fastqc.html
[2021-11-06 06:31:34,106] multiqc                                            [DEBUG  ]  File ignored by lima/summary because it exceeded search pattern filesize limit: GSM3043091_cutadapt_bowtie2_fastqc.html
[2021-11-06 06:31:34,110] multiqc                                            [DEBUG  ]  File ignored by vep/vep_txt because it exceeded search pattern filesize limit: GSM3043091_cutadapt_bowtie2_fastqc.html
[2021-11-06 06:31:34,110] multiqc                                            [DEBUG  ]  File ignored by longranger/invocation because it exceeded search pattern filesize limit: GSM3043091_cutadapt_bowtie2_fastqc.html
[2021-11-06 06:31:34,110] multiqc                                            [DEBUG  ]  File ignored by rockhopper because it exceeded search pattern filesize limit: GSM3043091_cutadapt_bowtie2_fastqc.html
[2021-11-06 06:31:34,110] multiqc                                            [DEBUG  ]  File ignored by rseqc/bam_stat because it exceeded search pattern filesize limit: GSM3043091_cutadapt_bowtie2_fastqc.html
[2021-11-06 06:31:34,110] multiqc                                            [DEBUG  ]  File ignored by rseqc/junction_annotation because it exceeded search pattern filesize limit: GSM3043091_cutadapt_bowtie2_fastqc.html
[2021-11-06 06:31:34,110] multiqc                                            [DEBUG  ]  File ignored by rseqc/read_distribution because it exceeded search pattern filesize limit: GSM3043091_cutadapt_bowtie2_fastqc.html
[2021-11-06 06:31:34,110] multiqc                                            [DEBUG  ]  File ignored by rseqc/infer_experiment because it exceeded search pattern filesize limit: GSM3043091_cutadapt_bowtie2_fastqc.html
[2021-11-06 06:31:34,299] multiqc                                            [DEBUG  ]  File ignored by ccs/v4 because it exceeded search pattern filesize limit: GSM3043091_cutadapt_bowtie2_fastqc.log
[2021-11-06 06:31:34,301] multiqc                                            [DEBUG  ]  File ignored by lima/summary because it exceeded search pattern filesize limit: GSM3043091_cutadapt_bowtie2_fastqc.log
[2021-11-06 06:31:34,312] multiqc                                            [DEBUG  ]  File ignored by ccs/v4 because it exceeded search pattern filesize limit: GSM3043091_cutadapt_2_fastqc.log
[2021-11-06 06:31:34,313] multiqc                                            [DEBUG  ]  File ignored by lima/summary because it exceeded search pattern filesize limit: GSM3043091_cutadapt_2_fastqc.log
[2021-11-06 06:31:34,411] multiqc                                            [DEBUG  ]  File ignored by ccs/v4 because it exceeded search pattern filesize limit: GSM3043091_cutadapt_2_fastqc.html
[2021-11-06 06:31:34,413] multiqc                                            [DEBUG  ]  File ignored by hicexplorer because it exceeded search pattern filesize limit: GSM3043091_cutadapt_2_fastqc.html
[2021-11-06 06:31:34,413] multiqc                                            [DEBUG  ]  File ignored by nanostat because it exceeded search pattern filesize limit: GSM3043091_cutadapt_2_fastqc.html
[2021-11-06 06:31:34,413] multiqc                                            [DEBUG  ]  File ignored by lima/summary because it exceeded search pattern filesize limit: GSM3043091_cutadapt_2_fastqc.html
[2021-11-06 06:31:34,416] multiqc                                            [DEBUG  ]  File ignored by vep/vep_txt because it exceeded search pattern filesize limit: GSM3043091_cutadapt_2_fastqc.html
[2021-11-06 06:31:34,416] multiqc                                            [DEBUG  ]  File ignored by longranger/invocation because it exceeded search pattern filesize limit: GSM3043091_cutadapt_2_fastqc.html
[2021-11-06 06:31:34,416] multiqc                                            [DEBUG  ]  File ignored by rockhopper because it exceeded search pattern filesize limit: GSM3043091_cutadapt_2_fastqc.html
[2021-11-06 06:31:34,416] multiqc                                            [DEBUG  ]  File ignored by rseqc/bam_stat because it exceeded search pattern filesize limit: GSM3043091_cutadapt_2_fastqc.html
[2021-11-06 06:31:34,416] multiqc                                            [DEBUG  ]  File ignored by rseqc/junction_annotation because it exceeded search pattern filesize limit: GSM3043091_cutadapt_2_fastqc.html
[2021-11-06 06:31:34,416] multiqc                                            [DEBUG  ]  File ignored by rseqc/read_distribution because it exceeded search pattern filesize limit: GSM3043091_cutadapt_2_fastqc.html
[2021-11-06 06:31:34,417] multiqc                                            [DEBUG  ]  File ignored by rseqc/infer_experiment because it exceeded search pattern filesize limit: GSM3043091_cutadapt_2_fastqc.html
[2021-11-06 06:31:34,558] multiqc                                            [DEBUG  ]  File ignored by ccs/v4 because it exceeded search pattern filesize limit: DS00077_peaks.ft
[2021-11-06 06:31:34,559] multiqc                                            [DEBUG  ]  File ignored by hicexplorer because it exceeded search pattern filesize limit: DS00077_peaks.ft
[2021-11-06 06:31:34,559] multiqc                                            [DEBUG  ]  File ignored by nanostat because it exceeded search pattern filesize limit: DS00077_peaks.ft
[2021-11-06 06:31:34,559] multiqc                                            [DEBUG  ]  File ignored by lima/summary because it exceeded search pattern filesize limit: DS00077_peaks.ft
[2021-11-06 06:31:34,566] multiqc                                            [DEBUG  ]  File ignored by longranger/invocation because it exceeded search pattern filesize limit: DS00077_peaks.ft
[2021-11-06 06:31:34,581] multiqc                                            [DEBUG  ]  File ignored by ccs/v4 because it exceeded search pattern filesize limit: DS00077_matrix.tab
[2021-11-06 06:31:34,583] multiqc                                            [DEBUG  ]  File ignored by lima/summary because it exceeded search pattern filesize limit: DS00077_matrix.tab
[2021-11-06 06:31:34,585] multiqc                                            [DEBUG  ]  File ignored by longranger/invocation because it exceeded search pattern filesize limit: DS00077_matrix.tab
[2021-11-06 06:31:34,596] multiqc                                            [DEBUG  ]  File ignored by ccs/v4 because it exceeded search pattern filesize limit: DS00077_peaks.fasta
[2021-11-06 06:31:34,597] multiqc                                            [DEBUG  ]  File ignored by hicexplorer because it exceeded search pattern filesize limit: DS00077_peaks.fasta
[2021-11-06 06:31:34,597] multiqc                                            [DEBUG  ]  File ignored by nanostat because it exceeded search pattern filesize limit: DS00077_peaks.fasta
[2021-11-06 06:31:34,597] multiqc                                            [DEBUG  ]  File ignored by lima/summary because it exceeded search pattern filesize limit: DS00077_peaks.fasta
[2021-11-06 06:31:34,600] multiqc                                            [DEBUG  ]  File ignored by vep/vep_txt because it exceeded search pattern filesize limit: DS00077_peaks.fasta
[2021-11-06 06:31:34,600] multiqc                                            [DEBUG  ]  File ignored by longranger/invocation because it exceeded search pattern filesize limit: DS00077_peaks.fasta
[2021-11-06 06:31:34,723] multiqc                                            [DEBUG  ]  Ignoring file as matched an ignore pattern: DS00077_peaks.bed
[2021-11-06 06:31:34,728] multiqc                                            [DEBUG  ]  File ignored by ccs/v4 because it exceeded search pattern filesize limit: DS00077_sites.fasta
[2021-11-06 06:31:34,729] multiqc                                            [DEBUG  ]  File ignored by lima/summary because it exceeded search pattern filesize limit: DS00077_sites.fasta
[2021-11-06 06:31:34,737] multiqc                                            [DEBUG  ]  Ignoring file as matched an ignore pattern: DS00077_sites.bed
[2021-11-06 06:31:34,742] multiqc                                            [DEBUG  ]  Ignoring file as matched an ignore pattern: DS00077_summits.bed
[2021-11-06 06:31:34,748] multiqc                                            [DEBUG  ]  File ignored by ccs/v4 because it exceeded search pattern filesize limit: DS00077_peaks.narrowPeak
[2021-11-06 06:31:34,749] multiqc                                            [DEBUG  ]  File ignored by hicexplorer because it exceeded search pattern filesize limit: DS00077_peaks.narrowPeak
[2021-11-06 06:31:34,750] multiqc                                            [DEBUG  ]  File ignored by nanostat because it exceeded search pattern filesize limit: DS00077_peaks.narrowPeak
[2021-11-06 06:31:34,750] multiqc                                            [DEBUG  ]  File ignored by lima/summary because it exceeded search pattern filesize limit: DS00077_peaks.narrowPeak
[2021-11-06 06:31:34,752] multiqc                                            [DEBUG  ]  File ignored by longranger/invocation because it exceeded search pattern filesize limit: DS00077_peaks.narrowPeak
[2021-11-06 06:31:34,835] multiqc                                            [DEBUG  ]  Ignoring file as matched an ignore pattern: GSM3043056_cutadapt_bowtie2.bam
[2021-11-06 06:31:34,866] multiqc                                            [DEBUG  ]  Ignoring file as matched an ignore pattern: GSM3043056_cutadapt_bowtie2.bam.bai
[2021-11-06 06:31:34,885] multiqc                                            [DEBUG  ]  File ignored by ccs/v4 because it exceeded search pattern filesize limit: GSM3043056_cutadapt_bowtie2_plus_strand_bedgraph_to_tdf.log
[2021-11-06 06:31:34,886] multiqc                                            [DEBUG  ]  File ignored by lima/summary because it exceeded search pattern filesize limit: GSM3043056_cutadapt_bowtie2_plus_strand_bedgraph_to_tdf.log
[2021-11-06 06:31:34,915] multiqc                                            [DEBUG  ]  Ignoring file as matched an ignore pattern: GSM3043056_cutadapt_2.fastq.gz
[2021-11-06 06:31:34,920] multiqc                                            [DEBUG  ]  File ignored by ccs/v4 because it exceeded search pattern filesize limit: GSM3043056_1.fastq.gz_trimming_report.txt
[2021-11-06 06:31:34,921] multiqc                                            [DEBUG  ]  File ignored by lima/summary because it exceeded search pattern filesize limit: GSM3043056_1.fastq.gz_trimming_report.txt
[2021-11-06 06:31:34,923] multiqc                                            [DEBUG  ]  File ignored by longranger/invocation because it exceeded search pattern filesize limit: GSM3043056_1.fastq.gz_trimming_report.txt
[2021-11-06 06:31:35,042] multiqc                                            [DEBUG  ]  File ignored by ccs/v4 because it exceeded search pattern filesize limit: GSM3043056_2.fastq.gz_trimming_report.txt
[2021-11-06 06:31:35,044] multiqc                                            [DEBUG  ]  File ignored by lima/summary because it exceeded search pattern filesize limit: GSM3043056_2.fastq.gz_trimming_report.txt
[2021-11-06 06:31:35,046] multiqc                                            [DEBUG  ]  File ignored by longranger/invocation because it exceeded search pattern filesize limit: GSM3043056_2.fastq.gz_trimming_report.txt
[2021-11-06 06:31:35,053] multiqc                                            [DEBUG  ]  Ignoring file as matched an ignore pattern: GSM3043056_cutadapt.fastq.gz
[2021-11-06 06:31:35,092] multiqc                                            [DEBUG  ]  File ignored by ccs/v4 because it exceeded search pattern filesize limit: GSM3043056_cutadapt_bowtie2_minus_strand_bedgraph_to_tdf.log
[2021-11-06 06:31:35,094] multiqc                                            [DEBUG  ]  File ignored by lima/summary because it exceeded search pattern filesize limit: GSM3043056_cutadapt_bowtie2_minus_strand_bedgraph_to_tdf.log
[2021-11-06 06:31:35,136] multiqc                                            [DEBUG  ]  Ignoring file as matched an ignore pattern: GSM3043056_2.fastq.gz
[2021-11-06 06:31:35,185] multiqc                                            [DEBUG  ]  File ignored by ccs/v4 because it exceeded search pattern filesize limit: GSM3043056_cutadapt.log
[2021-11-06 06:31:35,187] multiqc                                            [DEBUG  ]  File ignored by hicexplorer because it exceeded search pattern filesize limit: GSM3043056_cutadapt.log
[2021-11-06 06:31:35,187] multiqc                                            [DEBUG  ]  File ignored by nanostat because it exceeded search pattern filesize limit: GSM3043056_cutadapt.log
[2021-11-06 06:31:35,187] multiqc                                            [DEBUG  ]  File ignored by lima/summary because it exceeded search pattern filesize limit: GSM3043056_cutadapt.log
[2021-11-06 06:31:35,189] multiqc                                            [DEBUG  ]  File ignored by longranger/invocation because it exceeded search pattern filesize limit: GSM3043056_cutadapt.log
[2021-11-06 06:31:35,204] multiqc                                            [DEBUG  ]  Ignoring file as matched an ignore pattern: GSM3043056_cutadapt_1.fastq.gz
[2021-11-06 06:31:35,215] multiqc                                            [DEBUG  ]  Ignoring file as matched an ignore pattern: GSM3043056_1.fastq.gz
[2021-11-06 06:31:35,220] multiqc                                            [DEBUG  ]  File ignored by ccs/v4 because it exceeded search pattern filesize limit: GSM3043056_cutadapt_bowtie2_bedgraph_to_tdf.log
[2021-11-06 06:31:35,221] multiqc                                            [DEBUG  ]  File ignored by lima/summary because it exceeded search pattern filesize limit: GSM3043056_cutadapt_bowtie2_bedgraph_to_tdf.log
[2021-11-06 06:31:35,343] multiqc                                            [DEBUG  ]  File ignored by ccs/v4 because it exceeded search pattern filesize limit: GSM3043056_2_fastqc.html
[2021-11-06 06:31:35,345] multiqc                                            [DEBUG  ]  File ignored by hicexplorer because it exceeded search pattern filesize limit: GSM3043056_2_fastqc.html
[2021-11-06 06:31:35,345] multiqc                                            [DEBUG  ]  File ignored by nanostat because it exceeded search pattern filesize limit: GSM3043056_2_fastqc.html
[2021-11-06 06:31:35,345] multiqc                                            [DEBUG  ]  File ignored by lima/summary because it exceeded search pattern filesize limit: GSM3043056_2_fastqc.html
[2021-11-06 06:31:35,348] multiqc                                            [DEBUG  ]  File ignored by vep/vep_txt because it exceeded search pattern filesize limit: GSM3043056_2_fastqc.html
[2021-11-06 06:31:35,348] multiqc                                            [DEBUG  ]  File ignored by longranger/invocation because it exceeded search pattern filesize limit: GSM3043056_2_fastqc.html
[2021-11-06 06:31:35,348] multiqc                                            [DEBUG  ]  File ignored by rockhopper because it exceeded search pattern filesize limit: GSM3043056_2_fastqc.html
[2021-11-06 06:31:35,348] multiqc                                            [DEBUG  ]  File ignored by rseqc/bam_stat because it exceeded search pattern filesize limit: GSM3043056_2_fastqc.html
[2021-11-06 06:31:35,348] multiqc                                            [DEBUG  ]  File ignored by rseqc/junction_annotation because it exceeded search pattern filesize limit: GSM3043056_2_fastqc.html
[2021-11-06 06:31:35,348] multiqc                                            [DEBUG  ]  File ignored by rseqc/read_distribution because it exceeded search pattern filesize limit: GSM3043056_2_fastqc.html
[2021-11-06 06:31:35,348] multiqc                                            [DEBUG  ]  File ignored by rseqc/infer_experiment because it exceeded search pattern filesize limit: GSM3043056_2_fastqc.html
[2021-11-06 06:31:35,530] multiqc                                            [DEBUG  ]  File ignored by ccs/v4 because it exceeded search pattern filesize limit: GSM3043056_cutadapt_1_fastqc.html
[2021-11-06 06:31:35,532] multiqc                                            [DEBUG  ]  File ignored by hicexplorer because it exceeded search pattern filesize limit: GSM3043056_cutadapt_1_fastqc.html
[2021-11-06 06:31:35,532] multiqc                                            [DEBUG  ]  File ignored by nanostat because it exceeded search pattern filesize limit: GSM3043056_cutadapt_1_fastqc.html
[2021-11-06 06:31:35,532] multiqc                                            [DEBUG  ]  File ignored by lima/summary because it exceeded search pattern filesize limit: GSM3043056_cutadapt_1_fastqc.html
[2021-11-06 06:31:35,535] multiqc                                            [DEBUG  ]  File ignored by vep/vep_txt because it exceeded search pattern filesize limit: GSM3043056_cutadapt_1_fastqc.html
[2021-11-06 06:31:35,535] multiqc                                            [DEBUG  ]  File ignored by longranger/invocation because it exceeded search pattern filesize limit: GSM3043056_cutadapt_1_fastqc.html
[2021-11-06 06:31:35,535] multiqc                                            [DEBUG  ]  File ignored by rockhopper because it exceeded search pattern filesize limit: GSM3043056_cutadapt_1_fastqc.html
[2021-11-06 06:31:35,536] multiqc                                            [DEBUG  ]  File ignored by rseqc/bam_stat because it exceeded search pattern filesize limit: GSM3043056_cutadapt_1_fastqc.html
[2021-11-06 06:31:35,536] multiqc                                            [DEBUG  ]  File ignored by rseqc/junction_annotation because it exceeded search pattern filesize limit: GSM3043056_cutadapt_1_fastqc.html
[2021-11-06 06:31:35,536] multiqc                                            [DEBUG  ]  File ignored by rseqc/read_distribution because it exceeded search pattern filesize limit: GSM3043056_cutadapt_1_fastqc.html
[2021-11-06 06:31:35,536] multiqc                                            [DEBUG  ]  File ignored by rseqc/infer_experiment because it exceeded search pattern filesize limit: GSM3043056_cutadapt_1_fastqc.html
[2021-11-06 06:31:35,701] multiqc                                            [DEBUG  ]  File ignored by ccs/v4 because it exceeded search pattern filesize limit: GSM3043056_cutadapt_1_fastqc.log
[2021-11-06 06:31:35,703] multiqc                                            [DEBUG  ]  File ignored by lima/summary because it exceeded search pattern filesize limit: GSM3043056_cutadapt_1_fastqc.log
[2021-11-06 06:31:35,790] multiqc                                            [DEBUG  ]  File ignored by ccs/v4 because it exceeded search pattern filesize limit: GSM3043056_1_fastqc.html
[2021-11-06 06:31:35,792] multiqc                                            [DEBUG  ]  File ignored by hicexplorer because it exceeded search pattern filesize limit: GSM3043056_1_fastqc.html
[2021-11-06 06:31:35,792] multiqc                                            [DEBUG  ]  File ignored by nanostat because it exceeded search pattern filesize limit: GSM3043056_1_fastqc.html
[2021-11-06 06:31:35,842] multiqc                                            [DEBUG  ]  File ignored by lima/summary because it exceeded search pattern filesize limit: GSM3043056_1_fastqc.html
[2021-11-06 06:31:35,845] multiqc                                            [DEBUG  ]  File ignored by vep/vep_txt because it exceeded search pattern filesize limit: GSM3043056_1_fastqc.html
[2021-11-06 06:31:35,845] multiqc                                            [DEBUG  ]  File ignored by longranger/invocation because it exceeded search pattern filesize limit: GSM3043056_1_fastqc.html
[2021-11-06 06:31:35,845] multiqc                                            [DEBUG  ]  File ignored by rockhopper because it exceeded search pattern filesize limit: GSM3043056_1_fastqc.html
[2021-11-06 06:31:35,845] multiqc                                            [DEBUG  ]  File ignored by rseqc/bam_stat because it exceeded search pattern filesize limit: GSM3043056_1_fastqc.html
[2021-11-06 06:31:35,845] multiqc                                            [DEBUG  ]  File ignored by rseqc/junction_annotation because it exceeded search pattern filesize limit: GSM3043056_1_fastqc.html
[2021-11-06 06:31:35,845] multiqc                                            [DEBUG  ]  File ignored by rseqc/read_distribution because it exceeded search pattern filesize limit: GSM3043056_1_fastqc.html
[2021-11-06 06:31:35,845] multiqc                                            [DEBUG  ]  File ignored by rseqc/infer_experiment because it exceeded search pattern filesize limit: GSM3043056_1_fastqc.html
[2021-11-06 06:31:36,121] multiqc                                            [DEBUG  ]  File ignored by ccs/v4 because it exceeded search pattern filesize limit: GSM3043056_cutadapt_2_fastqc.html
[2021-11-06 06:31:36,122] multiqc                                            [DEBUG  ]  File ignored by hicexplorer because it exceeded search pattern filesize limit: GSM3043056_cutadapt_2_fastqc.html
[2021-11-06 06:31:36,123] multiqc                                            [DEBUG  ]  File ignored by nanostat because it exceeded search pattern filesize limit: GSM3043056_cutadapt_2_fastqc.html
[2021-11-06 06:31:36,123] multiqc                                            [DEBUG  ]  File ignored by lima/summary because it exceeded search pattern filesize limit: GSM3043056_cutadapt_2_fastqc.html
[2021-11-06 06:31:36,126] multiqc                                            [DEBUG  ]  File ignored by vep/vep_txt because it exceeded search pattern filesize limit: GSM3043056_cutadapt_2_fastqc.html
[2021-11-06 06:31:36,126] multiqc                                            [DEBUG  ]  File ignored by longranger/invocation because it exceeded search pattern filesize limit: GSM3043056_cutadapt_2_fastqc.html
[2021-11-06 06:31:36,126] multiqc                                            [DEBUG  ]  File ignored by rockhopper because it exceeded search pattern filesize limit: GSM3043056_cutadapt_2_fastqc.html
[2021-11-06 06:31:36,126] multiqc                                            [DEBUG  ]  File ignored by rseqc/bam_stat because it exceeded search pattern filesize limit: GSM3043056_cutadapt_2_fastqc.html
[2021-11-06 06:31:36,126] multiqc                                            [DEBUG  ]  File ignored by rseqc/junction_annotation because it exceeded search pattern filesize limit: GSM3043056_cutadapt_2_fastqc.html
[2021-11-06 06:31:36,126] multiqc                                            [DEBUG  ]  File ignored by rseqc/read_distribution because it exceeded search pattern filesize limit: GSM3043056_cutadapt_2_fastqc.html
[2021-11-06 06:31:36,126] multiqc                                            [DEBUG  ]  File ignored by rseqc/infer_experiment because it exceeded search pattern filesize limit: GSM3043056_cutadapt_2_fastqc.html
[2021-11-06 06:31:36,275] multiqc                                            [DEBUG  ]  File ignored by ccs/v4 because it exceeded search pattern filesize limit: GSM3043056_cutadapt_2_fastqc.log
[2021-11-06 06:31:36,277] multiqc                                            [DEBUG  ]  File ignored by lima/summary because it exceeded search pattern filesize limit: GSM3043056_cutadapt_2_fastqc.log
[2021-11-06 06:31:36,297] multiqc                                            [DEBUG  ]  File ignored by ccs/v4 because it exceeded search pattern filesize limit: GSM3043056_cutadapt_bowtie2_fastqc.log
[2021-11-06 06:31:36,299] multiqc                                            [DEBUG  ]  File ignored by lima/summary because it exceeded search pattern filesize limit: GSM3043056_cutadapt_bowtie2_fastqc.log
[2021-11-06 06:31:36,314] multiqc                                            [DEBUG  ]  File ignored by ccs/v4 because it exceeded search pattern filesize limit: GSM3043056_cutadapt_bowtie2_fastqc.html
[2021-11-06 06:31:36,316] multiqc                                            [DEBUG  ]  File ignored by hicexplorer because it exceeded search pattern filesize limit: GSM3043056_cutadapt_bowtie2_fastqc.html
[2021-11-06 06:31:36,316] multiqc                                            [DEBUG  ]  File ignored by nanostat because it exceeded search pattern filesize limit: GSM3043056_cutadapt_bowtie2_fastqc.html
[2021-11-06 06:31:36,316] multiqc                                            [DEBUG  ]  File ignored by lima/summary because it exceeded search pattern filesize limit: GSM3043056_cutadapt_bowtie2_fastqc.html
[2021-11-06 06:31:36,319] multiqc                                            [DEBUG  ]  File ignored by vep/vep_txt because it exceeded search pattern filesize limit: GSM3043056_cutadapt_bowtie2_fastqc.html
[2021-11-06 06:31:36,319] multiqc                                            [DEBUG  ]  File ignored by longranger/invocation because it exceeded search pattern filesize limit: GSM3043056_cutadapt_bowtie2_fastqc.html
[2021-11-06 06:31:36,319] multiqc                                            [DEBUG  ]  File ignored by rockhopper because it exceeded search pattern filesize limit: GSM3043056_cutadapt_bowtie2_fastqc.html
[2021-11-06 06:31:36,319] multiqc                                            [DEBUG  ]  File ignored by rseqc/bam_stat because it exceeded search pattern filesize limit: GSM3043056_cutadapt_bowtie2_fastqc.html
[2021-11-06 06:31:36,319] multiqc                                            [DEBUG  ]  File ignored by rseqc/junction_annotation because it exceeded search pattern filesize limit: GSM3043056_cutadapt_bowtie2_fastqc.html
[2021-11-06 06:31:36,319] multiqc                                            [DEBUG  ]  File ignored by rseqc/read_distribution because it exceeded search pattern filesize limit: GSM3043056_cutadapt_bowtie2_fastqc.html
[2021-11-06 06:31:36,320] multiqc                                            [DEBUG  ]  File ignored by rseqc/infer_experiment because it exceeded search pattern filesize limit: GSM3043056_cutadapt_bowtie2_fastqc.html
[2021-11-06 06:31:36,487] multiqc                                            [DEBUG  ]  File ignored by ccs/v4 because it exceeded search pattern filesize limit: GSM3043092_2.fastq.gz_trimming_report.txt
[2021-11-06 06:31:36,488] multiqc                                            [DEBUG  ]  File ignored by lima/summary because it exceeded search pattern filesize limit: GSM3043092_2.fastq.gz_trimming_report.txt
[2021-11-06 06:31:36,491] multiqc                                            [DEBUG  ]  File ignored by longranger/invocation because it exceeded search pattern filesize limit: GSM3043092_2.fastq.gz_trimming_report.txt
[2021-11-06 06:31:36,593] multiqc                                            [DEBUG  ]  Ignoring file as matched an ignore pattern: GSM3043092_1.fastq.gz
[2021-11-06 06:31:36,594] multiqc                                            [DEBUG  ]  Ignoring file as matched an ignore pattern: GSM3043092_cutadapt_bowtie2.bam
[2021-11-06 06:31:36,688] multiqc                                            [DEBUG  ]  File ignored by ccs/v4 because it exceeded search pattern filesize limit: GSM3043092_cutadapt.log
[2021-11-06 06:31:36,689] multiqc                                            [DEBUG  ]  File ignored by hicexplorer because it exceeded search pattern filesize limit: GSM3043092_cutadapt.log
[2021-11-06 06:31:36,689] multiqc                                            [DEBUG  ]  File ignored by nanostat because it exceeded search pattern filesize limit: GSM3043092_cutadapt.log
[2021-11-06 06:31:36,689] multiqc                                            [DEBUG  ]  File ignored by lima/summary because it exceeded search pattern filesize limit: GSM3043092_cutadapt.log
[2021-11-06 06:31:36,692] multiqc                                            [DEBUG  ]  File ignored by longranger/invocation because it exceeded search pattern filesize limit: GSM3043092_cutadapt.log
[2021-11-06 06:31:36,703] multiqc                                            [DEBUG  ]  Ignoring file as matched an ignore pattern: GSM3043092_cutadapt_2.fastq.gz
[2021-11-06 06:31:36,703] multiqc                                            [DEBUG  ]  Ignoring file as matched an ignore pattern: GSM3043092_cutadapt.fastq.gz
[2021-11-06 06:31:36,718] multiqc                                            [DEBUG  ]  File ignored by ccs/v4 because it exceeded search pattern filesize limit: GSM3043092_cutadapt_bowtie2_bedgraph_to_tdf.log
[2021-11-06 06:31:36,720] multiqc                                            [DEBUG  ]  File ignored by lima/summary because it exceeded search pattern filesize limit: GSM3043092_cutadapt_bowtie2_bedgraph_to_tdf.log
[2021-11-06 06:31:36,758] multiqc                                            [DEBUG  ]  Ignoring file as matched an ignore pattern: GSM3043092_cutadapt_1.fastq.gz
[2021-11-06 06:31:36,822] multiqc                                            [DEBUG  ]  File ignored by ccs/v4 because it exceeded search pattern filesize limit: GSM3043092_1.fastq.gz_trimming_report.txt
[2021-11-06 06:31:36,824] multiqc                                            [DEBUG  ]  File ignored by lima/summary because it exceeded search pattern filesize limit: GSM3043092_1.fastq.gz_trimming_report.txt
[2021-11-06 06:31:36,826] multiqc                                            [DEBUG  ]  File ignored by longranger/invocation because it exceeded search pattern filesize limit: GSM3043092_1.fastq.gz_trimming_report.txt
[2021-11-06 06:31:36,865] multiqc                                            [DEBUG  ]  File ignored by ccs/v4 because it exceeded search pattern filesize limit: GSM3043092_cutadapt_bowtie2_minus_strand_bedgraph_to_tdf.log
[2021-11-06 06:31:36,866] multiqc                                            [DEBUG  ]  File ignored by lima/summary because it exceeded search pattern filesize limit: GSM3043092_cutadapt_bowtie2_minus_strand_bedgraph_to_tdf.log
[2021-11-06 06:31:36,873] multiqc                                            [DEBUG  ]  Ignoring file as matched an ignore pattern: GSM3043092_cutadapt_bowtie2.bam.bai
[2021-11-06 06:31:36,914] multiqc                                            [DEBUG  ]  File ignored by ccs/v4 because it exceeded search pattern filesize limit: GSM3043092_cutadapt_bowtie2_plus_strand_bedgraph_to_tdf.log
[2021-11-06 06:31:36,916] multiqc                                            [DEBUG  ]  File ignored by lima/summary because it exceeded search pattern filesize limit: GSM3043092_cutadapt_bowtie2_plus_strand_bedgraph_to_tdf.log
[2021-11-06 06:31:36,935] multiqc                                            [DEBUG  ]  Ignoring file as matched an ignore pattern: GSM3043092_2.fastq.gz
[2021-11-06 06:31:37,051] multiqc                                            [DEBUG  ]  File ignored by ccs/v4 because it exceeded search pattern filesize limit: GSM3043092_1_fastqc.html
[2021-11-06 06:31:37,053] multiqc                                            [DEBUG  ]  File ignored by hicexplorer because it exceeded search pattern filesize limit: GSM3043092_1_fastqc.html
[2021-11-06 06:31:37,053] multiqc                                            [DEBUG  ]  File ignored by nanostat because it exceeded search pattern filesize limit: GSM3043092_1_fastqc.html
[2021-11-06 06:31:37,053] multiqc                                            [DEBUG  ]  File ignored by lima/summary because it exceeded search pattern filesize limit: GSM3043092_1_fastqc.html
[2021-11-06 06:31:37,056] multiqc                                            [DEBUG  ]  File ignored by vep/vep_txt because it exceeded search pattern filesize limit: GSM3043092_1_fastqc.html
[2021-11-06 06:31:37,056] multiqc                                            [DEBUG  ]  File ignored by longranger/invocation because it exceeded search pattern filesize limit: GSM3043092_1_fastqc.html
[2021-11-06 06:31:37,056] multiqc                                            [DEBUG  ]  File ignored by rockhopper because it exceeded search pattern filesize limit: GSM3043092_1_fastqc.html
[2021-11-06 06:31:37,056] multiqc                                            [DEBUG  ]  File ignored by rseqc/bam_stat because it exceeded search pattern filesize limit: GSM3043092_1_fastqc.html
[2021-11-06 06:31:37,056] multiqc                                            [DEBUG  ]  File ignored by rseqc/junction_annotation because it exceeded search pattern filesize limit: GSM3043092_1_fastqc.html
[2021-11-06 06:31:37,056] multiqc                                            [DEBUG  ]  File ignored by rseqc/read_distribution because it exceeded search pattern filesize limit: GSM3043092_1_fastqc.html
[2021-11-06 06:31:37,056] multiqc                                            [DEBUG  ]  File ignored by rseqc/infer_experiment because it exceeded search pattern filesize limit: GSM3043092_1_fastqc.html
[2021-11-06 06:31:37,218] multiqc                                            [DEBUG  ]  File ignored by ccs/v4 because it exceeded search pattern filesize limit: GSM3043092_cutadapt_bowtie2_fastqc.log
[2021-11-06 06:31:37,219] multiqc                                            [DEBUG  ]  File ignored by lima/summary because it exceeded search pattern filesize limit: GSM3043092_cutadapt_bowtie2_fastqc.log
[2021-11-06 06:31:37,324] multiqc                                            [DEBUG  ]  File ignored by ccs/v4 because it exceeded search pattern filesize limit: GSM3043092_cutadapt_bowtie2_fastqc.html
[2021-11-06 06:31:37,325] multiqc                                            [DEBUG  ]  File ignored by hicexplorer because it exceeded search pattern filesize limit: GSM3043092_cutadapt_bowtie2_fastqc.html
[2021-11-06 06:31:37,325] multiqc                                            [DEBUG  ]  File ignored by nanostat because it exceeded search pattern filesize limit: GSM3043092_cutadapt_bowtie2_fastqc.html
[2021-11-06 06:31:37,325] multiqc                                            [DEBUG  ]  File ignored by lima/summary because it exceeded search pattern filesize limit: GSM3043092_cutadapt_bowtie2_fastqc.html
[2021-11-06 06:31:37,329] multiqc                                            [DEBUG  ]  File ignored by vep/vep_txt because it exceeded search pattern filesize limit: GSM3043092_cutadapt_bowtie2_fastqc.html
[2021-11-06 06:31:37,329] multiqc                                            [DEBUG  ]  File ignored by longranger/invocation because it exceeded search pattern filesize limit: GSM3043092_cutadapt_bowtie2_fastqc.html
[2021-11-06 06:31:37,329] multiqc                                            [DEBUG  ]  File ignored by rockhopper because it exceeded search pattern filesize limit: GSM3043092_cutadapt_bowtie2_fastqc.html
[2021-11-06 06:31:37,329] multiqc                                            [DEBUG  ]  File ignored by rseqc/bam_stat because it exceeded search pattern filesize limit: GSM3043092_cutadapt_bowtie2_fastqc.html
[2021-11-06 06:31:37,329] multiqc                                            [DEBUG  ]  File ignored by rseqc/junction_annotation because it exceeded search pattern filesize limit: GSM3043092_cutadapt_bowtie2_fastqc.html
[2021-11-06 06:31:37,329] multiqc                                            [DEBUG  ]  File ignored by rseqc/read_distribution because it exceeded search pattern filesize limit: GSM3043092_cutadapt_bowtie2_fastqc.html
[2021-11-06 06:31:37,329] multiqc                                            [DEBUG  ]  File ignored by rseqc/infer_experiment because it exceeded search pattern filesize limit: GSM3043092_cutadapt_bowtie2_fastqc.html
[2021-11-06 06:31:37,482] multiqc                                            [DEBUG  ]  File ignored by ccs/v4 because it exceeded search pattern filesize limit: GSM3043092_cutadapt_1_fastqc.log
[2021-11-06 06:31:37,483] multiqc                                            [DEBUG  ]  File ignored by lima/summary because it exceeded search pattern filesize limit: GSM3043092_cutadapt_1_fastqc.log
[2021-11-06 06:31:37,498] multiqc                                            [DEBUG  ]  File ignored by ccs/v4 because it exceeded search pattern filesize limit: GSM3043092_cutadapt_1_fastqc.html
[2021-11-06 06:31:37,499] multiqc                                            [DEBUG  ]  File ignored by hicexplorer because it exceeded search pattern filesize limit: GSM3043092_cutadapt_1_fastqc.html
[2021-11-06 06:31:37,500] multiqc                                            [DEBUG  ]  File ignored by nanostat because it exceeded search pattern filesize limit: GSM3043092_cutadapt_1_fastqc.html
[2021-11-06 06:31:37,500] multiqc                                            [DEBUG  ]  File ignored by lima/summary because it exceeded search pattern filesize limit: GSM3043092_cutadapt_1_fastqc.html
[2021-11-06 06:31:37,503] multiqc                                            [DEBUG  ]  File ignored by vep/vep_txt because it exceeded search pattern filesize limit: GSM3043092_cutadapt_1_fastqc.html
[2021-11-06 06:31:37,503] multiqc                                            [DEBUG  ]  File ignored by longranger/invocation because it exceeded search pattern filesize limit: GSM3043092_cutadapt_1_fastqc.html
[2021-11-06 06:31:37,503] multiqc                                            [DEBUG  ]  File ignored by rockhopper because it exceeded search pattern filesize limit: GSM3043092_cutadapt_1_fastqc.html
[2021-11-06 06:31:37,503] multiqc                                            [DEBUG  ]  File ignored by rseqc/bam_stat because it exceeded search pattern filesize limit: GSM3043092_cutadapt_1_fastqc.html
[2021-11-06 06:31:37,503] multiqc                                            [DEBUG  ]  File ignored by rseqc/junction_annotation because it exceeded search pattern filesize limit: GSM3043092_cutadapt_1_fastqc.html
[2021-11-06 06:31:37,503] multiqc                                            [DEBUG  ]  File ignored by rseqc/read_distribution because it exceeded search pattern filesize limit: GSM3043092_cutadapt_1_fastqc.html
[2021-11-06 06:31:37,503] multiqc                                            [DEBUG  ]  File ignored by rseqc/infer_experiment because it exceeded search pattern filesize limit: GSM3043092_cutadapt_1_fastqc.html
[2021-11-06 06:31:37,762] multiqc                                            [DEBUG  ]  File ignored by ccs/v4 because it exceeded search pattern filesize limit: GSM3043092_2_fastqc.html
[2021-11-06 06:31:37,764] multiqc                                            [DEBUG  ]  File ignored by hicexplorer because it exceeded search pattern filesize limit: GSM3043092_2_fastqc.html
[2021-11-06 06:31:37,764] multiqc                                            [DEBUG  ]  File ignored by nanostat because it exceeded search pattern filesize limit: GSM3043092_2_fastqc.html
[2021-11-06 06:31:37,764] multiqc                                            [DEBUG  ]  File ignored by lima/summary because it exceeded search pattern filesize limit: GSM3043092_2_fastqc.html
[2021-11-06 06:31:37,767] multiqc                                            [DEBUG  ]  File ignored by vep/vep_txt because it exceeded search pattern filesize limit: GSM3043092_2_fastqc.html
[2021-11-06 06:31:37,767] multiqc                                            [DEBUG  ]  File ignored by longranger/invocation because it exceeded search pattern filesize limit: GSM3043092_2_fastqc.html
[2021-11-06 06:31:37,767] multiqc                                            [DEBUG  ]  File ignored by rockhopper because it exceeded search pattern filesize limit: GSM3043092_2_fastqc.html
[2021-11-06 06:31:37,768] multiqc                                            [DEBUG  ]  File ignored by rseqc/bam_stat because it exceeded search pattern filesize limit: GSM3043092_2_fastqc.html
[2021-11-06 06:31:37,768] multiqc                                            [DEBUG  ]  File ignored by rseqc/junction_annotation because it exceeded search pattern filesize limit: GSM3043092_2_fastqc.html
[2021-11-06 06:31:37,768] multiqc                                            [DEBUG  ]  File ignored by rseqc/read_distribution because it exceeded search pattern filesize limit: GSM3043092_2_fastqc.html
[2021-11-06 06:31:37,768] multiqc                                            [DEBUG  ]  File ignored by rseqc/infer_experiment because it exceeded search pattern filesize limit: GSM3043092_2_fastqc.html
[2021-11-06 06:31:37,916] multiqc                                            [DEBUG  ]  File ignored by ccs/v4 because it exceeded search pattern filesize limit: GSM3043092_cutadapt_2_fastqc.log
[2021-11-06 06:31:37,917] multiqc                                            [DEBUG  ]  File ignored by lima/summary because it exceeded search pattern filesize limit: GSM3043092_cutadapt_2_fastqc.log
[2021-11-06 06:31:37,979] multiqc                                            [DEBUG  ]  File ignored by ccs/v4 because it exceeded search pattern filesize limit: GSM3043092_cutadapt_2_fastqc.html
[2021-11-06 06:31:37,981] multiqc                                            [DEBUG  ]  File ignored by hicexplorer because it exceeded search pattern filesize limit: GSM3043092_cutadapt_2_fastqc.html
[2021-11-06 06:31:37,981] multiqc                                            [DEBUG  ]  File ignored by nanostat because it exceeded search pattern filesize limit: GSM3043092_cutadapt_2_fastqc.html
[2021-11-06 06:31:37,981] multiqc                                            [DEBUG  ]  File ignored by lima/summary because it exceeded search pattern filesize limit: GSM3043092_cutadapt_2_fastqc.html
[2021-11-06 06:31:37,985] multiqc                                            [DEBUG  ]  File ignored by vep/vep_txt because it exceeded search pattern filesize limit: GSM3043092_cutadapt_2_fastqc.html
[2021-11-06 06:31:37,985] multiqc                                            [DEBUG  ]  File ignored by longranger/invocation because it exceeded search pattern filesize limit: GSM3043092_cutadapt_2_fastqc.html
[2021-11-06 06:31:37,985] multiqc                                            [DEBUG  ]  File ignored by rockhopper because it exceeded search pattern filesize limit: GSM3043092_cutadapt_2_fastqc.html
[2021-11-06 06:31:37,985] multiqc                                            [DEBUG  ]  File ignored by rseqc/bam_stat because it exceeded search pattern filesize limit: GSM3043092_cutadapt_2_fastqc.html
[2021-11-06 06:31:37,985] multiqc                                            [DEBUG  ]  File ignored by rseqc/junction_annotation because it exceeded search pattern filesize limit: GSM3043092_cutadapt_2_fastqc.html
[2021-11-06 06:31:37,985] multiqc                                            [DEBUG  ]  File ignored by rseqc/read_distribution because it exceeded search pattern filesize limit: GSM3043092_cutadapt_2_fastqc.html
[2021-11-06 06:31:37,985] multiqc                                            [DEBUG  ]  File ignored by rseqc/infer_experiment because it exceeded search pattern filesize limit: GSM3043092_cutadapt_2_fastqc.html
[2021-11-06 06:31:38,125] multiqc                                            [DEBUG  ]  File ignored by ccs/v4 because it exceeded search pattern filesize limit: DS00077_peaks.ft
[2021-11-06 06:31:38,126] multiqc                                            [DEBUG  ]  File ignored by hicexplorer because it exceeded search pattern filesize limit: DS00077_peaks.ft
[2021-11-06 06:31:38,127] multiqc                                            [DEBUG  ]  File ignored by nanostat because it exceeded search pattern filesize limit: DS00077_peaks.ft
[2021-11-06 06:31:38,127] multiqc                                            [DEBUG  ]  File ignored by lima/summary because it exceeded search pattern filesize limit: DS00077_peaks.ft
[2021-11-06 06:31:38,129] multiqc                                            [DEBUG  ]  File ignored by longranger/invocation because it exceeded search pattern filesize limit: DS00077_peaks.ft
[2021-11-06 06:31:38,145] multiqc                                            [DEBUG  ]  File ignored by ccs/v4 because it exceeded search pattern filesize limit: DS00077_matrix.tab
[2021-11-06 06:31:38,146] multiqc                                            [DEBUG  ]  File ignored by lima/summary because it exceeded search pattern filesize limit: DS00077_matrix.tab
[2021-11-06 06:31:38,149] multiqc                                            [DEBUG  ]  File ignored by longranger/invocation because it exceeded search pattern filesize limit: DS00077_matrix.tab
[2021-11-06 06:31:38,163] multiqc                                            [DEBUG  ]  File ignored by ccs/v4 because it exceeded search pattern filesize limit: DS00077_peaks.fasta
[2021-11-06 06:31:38,164] multiqc                                            [DEBUG  ]  File ignored by hicexplorer because it exceeded search pattern filesize limit: DS00077_peaks.fasta
[2021-11-06 06:31:38,164] multiqc                                            [DEBUG  ]  File ignored by nanostat because it exceeded search pattern filesize limit: DS00077_peaks.fasta
[2021-11-06 06:31:38,165] multiqc                                            [DEBUG  ]  File ignored by lima/summary because it exceeded search pattern filesize limit: DS00077_peaks.fasta
[2021-11-06 06:31:38,167] multiqc                                            [DEBUG  ]  File ignored by vep/vep_txt because it exceeded search pattern filesize limit: DS00077_peaks.fasta
[2021-11-06 06:31:38,167] multiqc                                            [DEBUG  ]  File ignored by longranger/invocation because it exceeded search pattern filesize limit: DS00077_peaks.fasta
[2021-11-06 06:31:38,293] multiqc                                            [DEBUG  ]  Ignoring file as matched an ignore pattern: DS00077_peaks.bed
[2021-11-06 06:31:38,297] multiqc                                            [DEBUG  ]  File ignored by ccs/v4 because it exceeded search pattern filesize limit: DS00077_sites.fasta
[2021-11-06 06:31:38,299] multiqc                                            [DEBUG  ]  File ignored by lima/summary because it exceeded search pattern filesize limit: DS00077_sites.fasta
[2021-11-06 06:31:38,306] multiqc                                            [DEBUG  ]  Ignoring file as matched an ignore pattern: DS00077_sites.bed
[2021-11-06 06:31:38,311] multiqc                                            [DEBUG  ]  Ignoring file as matched an ignore pattern: DS00077_summits.bed
[2021-11-06 06:31:38,317] multiqc                                            [DEBUG  ]  File ignored by ccs/v4 because it exceeded search pattern filesize limit: DS00077_peaks.narrowPeak
[2021-11-06 06:31:38,318] multiqc                                            [DEBUG  ]  File ignored by hicexplorer because it exceeded search pattern filesize limit: DS00077_peaks.narrowPeak
[2021-11-06 06:31:38,319] multiqc                                            [DEBUG  ]  File ignored by nanostat because it exceeded search pattern filesize limit: DS00077_peaks.narrowPeak
[2021-11-06 06:31:38,319] multiqc                                            [DEBUG  ]  File ignored by lima/summary because it exceeded search pattern filesize limit: DS00077_peaks.narrowPeak
[2021-11-06 06:31:38,321] multiqc                                            [DEBUG  ]  File ignored by longranger/invocation because it exceeded search pattern filesize limit: DS00077_peaks.narrowPeak
[2021-11-06 06:31:38,792] multiqc.plots.bargraph                             [DEBUG  ]  Using matplotlib version 3.4.3
[2021-11-06 06:31:38,792] multiqc.plots.linegraph                            [DEBUG  ]  Using matplotlib version 3.4.3
[2021-11-06 06:31:38,793] multiqc                                            [DEBUG  ]  No samples found: custom_content
[2021-11-06 06:31:38,800] multiqc                                            [DEBUG  ]  No samples found: ccs
[2021-11-06 06:31:38,806] multiqc                                            [DEBUG  ]  No samples found: ngsderive
[2021-11-06 06:31:38,813] multiqc                                            [DEBUG  ]  No samples found: purple
[2021-11-06 06:31:38,819] multiqc                                            [DEBUG  ]  No samples found: conpair
[2021-11-06 06:31:38,825] multiqc                                            [DEBUG  ]  No samples found: lima
[2021-11-06 06:31:38,832] multiqc                                            [DEBUG  ]  No samples found: peddy
[2021-11-06 06:31:38,838] multiqc                                            [DEBUG  ]  No samples found: somalier
[2021-11-06 06:31:38,844] multiqc                                            [DEBUG  ]  No samples found: methylQA
[2021-11-06 06:31:38,852] multiqc.modules.mosdepth.mosdepth                  [DEBUG  ]  include_contigs: []
[2021-11-06 06:31:38,852] multiqc.modules.mosdepth.mosdepth                  [DEBUG  ]  exclude_contigs: []
[2021-11-06 06:31:38,852] multiqc                                            [DEBUG  ]  No samples found: mosdepth
[2021-11-06 06:31:38,858] multiqc                                            [DEBUG  ]  No samples found: phantompeakqualtools
[2021-11-06 06:31:38,864] multiqc                                            [DEBUG  ]  No samples found: qualimap
[2021-11-06 06:31:38,871] multiqc                                            [DEBUG  ]  No samples found: preseq
[2021-11-06 06:31:38,877] multiqc                                            [DEBUG  ]  No samples found: quast
[2021-11-06 06:31:38,883] multiqc                                            [DEBUG  ]  No samples found: qorts
[2021-11-06 06:31:38,890] multiqc                                            [DEBUG  ]  No samples found: rna_seqc
[2021-11-06 06:31:38,896] multiqc                                            [DEBUG  ]  No samples found: rockhopper
[2021-11-06 06:31:38,902] multiqc                                            [DEBUG  ]  No samples found: rsem
[2021-11-06 06:31:38,911] multiqc                                            [DEBUG  ]  No samples found: rseqc
[2021-11-06 06:31:38,917] multiqc                                            [DEBUG  ]  No samples found: busco
[2021-11-06 06:31:38,923] multiqc                                            [DEBUG  ]  No samples found: bustools
[2021-11-06 06:31:38,929] multiqc                                            [DEBUG  ]  No samples found: goleft_indexcov
[2021-11-06 06:31:38,936] multiqc                                            [DEBUG  ]  No samples found: gffcompare
[2021-11-06 06:31:38,942] multiqc                                            [DEBUG  ]  No samples found: disambiguate
[2021-11-06 06:31:38,948] multiqc                                            [DEBUG  ]  No samples found: supernova
[2021-11-06 06:31:38,957] multiqc                                            [DEBUG  ]  No samples found: deeptools
[2021-11-06 06:31:38,963] multiqc                                            [DEBUG  ]  No samples found: sargasso
[2021-11-06 06:31:38,970] multiqc                                            [DEBUG  ]  No samples found: verifybamid
[2021-11-06 06:31:38,976] multiqc                                            [DEBUG  ]  No samples found: mirtrace
[2021-11-06 06:31:38,982] multiqc                                            [DEBUG  ]  No samples found: happy
[2021-11-06 06:31:38,989] multiqc                                            [DEBUG  ]  No samples found: mirtop
[2021-11-06 06:31:38,995] multiqc                                            [DEBUG  ]  No samples found: sambamba
[2021-11-06 06:31:39,002] multiqc                                            [DEBUG  ]  No samples found: homer
[2021-11-06 06:31:39,008] multiqc                                            [DEBUG  ]  No samples found: hops
[2021-11-06 06:31:39,021] multiqc.modules.macs2.macs2                        [DEBUG  ]  Duplicate sample name found! Overwriting: DS00077
[2021-11-06 06:31:39,021] multiqc.modules.macs2.macs2                        [INFO   ]  Found 1 logs
[2021-11-06 06:31:39,027] multiqc                                            [DEBUG  ]  No samples found: theta2
[2021-11-06 06:31:39,033] multiqc                                            [DEBUG  ]  No samples found: snpeff
[2021-11-06 06:31:39,040] multiqc                                            [DEBUG  ]  No samples found: gatk
[2021-11-06 06:31:39,047] multiqc                                            [DEBUG  ]  No samples found: htseq
[2021-11-06 06:31:39,053] multiqc                                            [DEBUG  ]  No samples found: bcftools
[2021-11-06 06:31:39,059] multiqc                                            [DEBUG  ]  No samples found: featureCounts
[2021-11-06 06:31:39,067] multiqc                                            [DEBUG  ]  No samples found: fgbio
[2021-11-06 06:31:39,077] multiqc                                            [DEBUG  ]  No samples found: dragen
[2021-11-06 06:31:39,083] multiqc                                            [DEBUG  ]  No samples found: dedup
[2021-11-06 06:31:39,090] multiqc                                            [DEBUG  ]  No samples found: damageprofiler
[2021-11-06 06:31:39,102] multiqc                                            [DEBUG  ]  No samples found: biobambam2
[2021-11-06 06:31:39,109] multiqc                                            [DEBUG  ]  No samples found: jcvi
[2021-11-06 06:31:39,115] multiqc                                            [DEBUG  ]  No samples found: mtnucratio
[2021-11-06 06:31:39,121] multiqc                                            [DEBUG  ]  No samples found: picard
[2021-11-06 06:31:39,127] multiqc                                            [DEBUG  ]  No samples found: vep
[2021-11-06 06:31:39,134] multiqc                                            [DEBUG  ]  No samples found: sentieon
[2021-11-06 06:31:39,140] multiqc                                            [DEBUG  ]  No samples found: prokka
[2021-11-06 06:31:39,147] multiqc                                            [DEBUG  ]  No samples found: qc3C
[2021-11-06 06:31:39,153] multiqc                                            [DEBUG  ]  No samples found: nanostat
[2021-11-06 06:31:39,159] multiqc                                            [DEBUG  ]  No samples found: samblaster
[2021-11-06 06:31:39,179] multiqc.modules.samtools.samtools                  [INFO   ]  Found 4 flagstat reports
[2021-11-06 06:31:39,185] multiqc                                            [DEBUG  ]  No samples found: sexdeterrmine
[2021-11-06 06:31:39,191] multiqc                                            [DEBUG  ]  No samples found: eigenstratdatabasetools
[2021-11-06 06:31:39,198] multiqc                                            [DEBUG  ]  No samples found: bamtools
[2021-11-06 06:31:39,204] multiqc                                            [DEBUG  ]  No samples found: jellyfish
[2021-11-06 06:31:39,211] multiqc                                            [DEBUG  ]  No samples found: vcftools
[2021-11-06 06:31:39,217] multiqc                                            [DEBUG  ]  No samples found: longranger
[2021-11-06 06:31:39,224] multiqc                                            [DEBUG  ]  No samples found: stacks
[2021-11-06 06:31:39,230] multiqc                                            [DEBUG  ]  No samples found: varscan2
[2021-11-06 06:31:39,236] multiqc                                            [DEBUG  ]  No samples found: snippy
[2021-11-06 06:31:39,245] multiqc                                            [DEBUG  ]  No samples found: bbmap
[2021-11-06 06:31:39,252] multiqc                                            [DEBUG  ]  No samples found: bismark
[2021-11-06 06:31:39,258] multiqc                                            [DEBUG  ]  No samples found: biscuit
[2021-11-06 06:31:39,265] multiqc                                            [DEBUG  ]  No samples found: hicexplorer
[2021-11-06 06:31:39,271] multiqc                                            [DEBUG  ]  No samples found: hicup
[2021-11-06 06:31:39,277] multiqc                                            [DEBUG  ]  No samples found: hicpro
[2021-11-06 06:31:39,284] multiqc                                            [DEBUG  ]  No samples found: salmon
[2021-11-06 06:31:39,290] multiqc                                            [DEBUG  ]  No samples found: kallisto
[2021-11-06 06:31:39,296] multiqc                                            [DEBUG  ]  No samples found: slamdunk
[2021-11-06 06:31:39,303] multiqc                                            [DEBUG  ]  No samples found: star
[2021-11-06 06:31:39,309] multiqc                                            [DEBUG  ]  No samples found: hisat2
[2021-11-06 06:31:39,315] multiqc                                            [DEBUG  ]  No samples found: tophat
[2021-11-06 06:31:39,327] multiqc.modules.bowtie2.bowtie2                    [INFO   ]  Found 4 reports
[2021-11-06 06:31:39,343] multiqc                                            [DEBUG  ]  No samples found: bowtie1
[2021-11-06 06:31:39,349] multiqc                                            [DEBUG  ]  No samples found: snpsplit
[2021-11-06 06:31:39,355] multiqc                                            [DEBUG  ]  No samples found: odgi
[2021-11-06 06:31:39,361] multiqc                                            [DEBUG  ]  No samples found: pangolin
[2021-11-06 06:31:39,368] multiqc                                            [DEBUG  ]  No samples found: kat
[2021-11-06 06:31:39,374] multiqc                                            [DEBUG  ]  No samples found: leehom
[2021-11-06 06:31:39,380] multiqc                                            [DEBUG  ]  No samples found: adapterRemoval
[2021-11-06 06:31:39,386] multiqc                                            [DEBUG  ]  No samples found: clipandmerge
[2021-11-06 06:31:39,402] multiqc.modules.cutadapt.cutadapt                  [DEBUG  ]  Duplicate sample name found! Overwriting: GSM3043055_1
[2021-11-06 06:31:39,406] multiqc.modules.cutadapt.cutadapt                  [DEBUG  ]  Duplicate sample name found! Overwriting: GSM3043055_2
[2021-11-06 06:31:39,416] multiqc.modules.cutadapt.cutadapt                  [DEBUG  ]  Duplicate sample name found! Overwriting: GSM3043091_1
[2021-11-06 06:31:39,418] multiqc.modules.cutadapt.cutadapt                  [DEBUG  ]  Duplicate sample name found! Overwriting: GSM3043091_2
[2021-11-06 06:31:39,426] multiqc.modules.cutadapt.cutadapt                  [DEBUG  ]  Duplicate sample name found! Overwriting: GSM3043056_1
[2021-11-06 06:31:39,429] multiqc.modules.cutadapt.cutadapt                  [DEBUG  ]  Duplicate sample name found! Overwriting: GSM3043056_2
[2021-11-06 06:31:39,439] multiqc.modules.cutadapt.cutadapt                  [DEBUG  ]  Duplicate sample name found! Overwriting: GSM3043092_2
[2021-11-06 06:31:39,442] multiqc.modules.cutadapt.cutadapt                  [DEBUG  ]  Duplicate sample name found! Overwriting: GSM3043092_1
[2021-11-06 06:31:39,444] multiqc.modules.cutadapt.cutadapt                  [INFO   ]  Found 8 reports
[2021-11-06 06:31:39,462] multiqc                                            [DEBUG  ]  No samples found: flexbar
[2021-11-06 06:31:39,468] multiqc                                            [DEBUG  ]  No samples found: kaiju
[2021-11-06 06:31:39,474] multiqc                                            [DEBUG  ]  No samples found: kraken
[2021-11-06 06:31:39,481] multiqc                                            [DEBUG  ]  No samples found: malt
[2021-11-06 06:31:39,487] multiqc                                            [DEBUG  ]  No samples found: trimmomatic
[2021-11-06 06:31:39,493] multiqc                                            [DEBUG  ]  No samples found: sickle
[2021-11-06 06:31:39,499] multiqc                                            [DEBUG  ]  No samples found: skewer
[2021-11-06 06:31:39,505] multiqc                                            [DEBUG  ]  No samples found: sortmerna
[2021-11-06 06:31:39,512] multiqc                                            [DEBUG  ]  No samples found: biobloomtools
[2021-11-06 06:31:39,518] multiqc                                            [DEBUG  ]  No samples found: fastq_screen
[2021-11-06 06:31:39,524] multiqc                                            [DEBUG  ]  No samples found: afterqc
[2021-11-06 06:31:39,531] multiqc                                            [DEBUG  ]  No samples found: fastp
[2021-11-06 06:31:39,692] multiqc.modules.fastqc.fastqc                      [INFO   ]  Found 20 reports
[2021-11-06 06:31:39,858] multiqc                                            [DEBUG  ]  No samples found: pychopper
[2021-11-06 06:31:39,864] multiqc                                            [DEBUG  ]  No samples found: pycoqc
[2021-11-06 06:31:39,871] multiqc                                            [DEBUG  ]  No samples found: minionqc
[2021-11-06 06:31:39,877] multiqc                                            [DEBUG  ]  No samples found: multivcfanalyzer
[2021-11-06 06:31:39,883] multiqc                                            [DEBUG  ]  No samples found: clusterflow
[2021-11-06 06:31:39,890] multiqc                                            [DEBUG  ]  No samples found: bcl2fastq
[2021-11-06 06:31:39,896] multiqc                                            [DEBUG  ]  No samples found: bclconvert
[2021-11-06 06:31:39,903] multiqc                                            [DEBUG  ]  No samples found: interop
[2021-11-06 06:31:39,909] multiqc                                            [DEBUG  ]  No samples found: ivar
[2021-11-06 06:31:39,915] multiqc                                            [DEBUG  ]  No samples found: flash
[2021-11-06 06:31:39,921] multiqc                                            [DEBUG  ]  No samples found: seqyclean
[2021-11-06 06:31:39,927] multiqc                                            [DEBUG  ]  No samples found: optitype
[2021-11-06 06:31:39,983] multiqc                                            [INFO   ]  Compressing plot data
[2021-11-06 06:31:40,560] multiqc                                            [INFO   ]  Report      : ChIP-seq_collection/GSE111874/datasets/DS00077/multiQC/multiqc_report.html
[2021-11-06 06:31:40,560] multiqc                                            [INFO   ]  Data        : ChIP-seq_collection/GSE111874/datasets/DS00077/multiQC/multiqc_data
[2021-11-06 06:31:40,560] multiqc                                            [DEBUG  ]  Moving data file from '/tmp/tmpyfbipxsf/multiqc_data' to 'ChIP-seq_collection/GSE111874/datasets/DS00077/multiQC/multiqc_data'
[2021-11-06 06:31:40,741] multiqc                                            [INFO   ]  MultiQC complete
