[2021-11-05 23:46:42,353] multiqc                                            [DEBUG  ]  This is MultiQC v1.11
[2021-11-05 23:46:42,353] multiqc                                            [DEBUG  ]  No MultiQC config found: /home/rioualen/miniconda3/envs/snakemake/lib/python3.9/site-packages/multiqc_config.yaml
[2021-11-05 23:46:42,353] multiqc                                            [DEBUG  ]  No MultiQC config found: /home/rioualen/.multiqc_config.yaml
[2021-11-05 23:46:42,353] multiqc                                            [DEBUG  ]  No MultiQC config found: multiqc_config.yaml
[2021-11-05 23:46:42,353] multiqc                                            [DEBUG  ]  Command used: /home/rioualen/miniconda3/envs/snakemake/bin/multiqc ChIP-seq_collection/GSE111874/samples/GSM3043051 ChIP-seq_collection/GSE111874/samples/GSM3043087 ChIP-seq_collection/GSE111874/datasets/DS00075 ChIP-seq_collection/GSE111874/samples/GSM3043052 ChIP-seq_collection/GSE111874/samples/GSM3043088 ChIP-seq_collection/GSE111874/datasets/DS00075 -o ChIP-seq_collection/GSE111874/datasets/DS00075/multiQC
[2021-11-05 23:46:42,547] multiqc                                            [DEBUG  ]  Latest MultiQC version is v1.11
[2021-11-05 23:46:42,547] multiqc                                            [DEBUG  ]  Command     : /home/rioualen/miniconda3/envs/snakemake/bin/multiqc ChIP-seq_collection/GSE111874/samples/GSM3043051 ChIP-seq_collection/GSE111874/samples/GSM3043087 ChIP-seq_collection/GSE111874/datasets/DS00075 ChIP-seq_collection/GSE111874/samples/GSM3043052 ChIP-seq_collection/GSE111874/samples/GSM3043088 ChIP-seq_collection/GSE111874/datasets/DS00075 -o ChIP-seq_collection/GSE111874/datasets/DS00075/multiQC
[2021-11-05 23:46:42,547] multiqc                                            [DEBUG  ]  Working dir : /workspace/rioualen/HT_collections
[2021-11-05 23:46:42,548] multiqc                                            [DEBUG  ]  Template    : default
[2021-11-05 23:46:42,548] multiqc                                            [DEBUG  ]  Running Python 3.9.7 | packaged by conda-forge | (default, Sep 29 2021, 19:20:46)  [GCC 9.4.0]
[2021-11-05 23:46:42,548] multiqc                                            [DEBUG  ]  Analysing modules: custom_content, ccs, ngsderive, purple, conpair, lima, peddy, somalier, methylQA, mosdepth, phantompeakqualtools, qualimap, preseq, quast, qorts, rna_seqc, rockhopper, rsem, rseqc, busco, bustools, goleft_indexcov, gffcompare, disambiguate, supernova, deeptools, sargasso, verifybamid, mirtrace, happy, mirtop, sambamba, homer, hops, macs2, theta2, snpeff, gatk, htseq, bcftools, featureCounts, fgbio, dragen, dedup, damageprofiler, biobambam2, jcvi, mtnucratio, picard, vep, sentieon, prokka, qc3C, nanostat, samblaster, samtools, sexdeterrmine, eigenstratdatabasetools, bamtools, jellyfish, vcftools, longranger, stacks, varscan2, snippy, bbmap, bismark, biscuit, hicexplorer, hicup, hicpro, salmon, kallisto, slamdunk, star, hisat2, tophat, bowtie2, bowtie1, snpsplit, odgi, pangolin, kat, leehom, adapterRemoval, clipandmerge, cutadapt, flexbar, kaiju, kraken, malt, trimmomatic, sickle, skewer, sortmerna, biobloomtools, fastq_screen, afterqc, fastp, fastqc, pychopper, pycoqc, minionqc, multivcfanalyzer, clusterflow, bcl2fastq, bclconvert, interop, ivar, flash, seqyclean, optitype
[2021-11-05 23:46:42,548] multiqc                                            [DEBUG  ]  Using temporary directory for creating report: /tmp/tmp_2pfjpz3
[2021-11-05 23:46:42,691] multiqc                                            [INFO   ]  Search path : /workspace/rioualen/HT_collections/ChIP-seq_collection/GSE111874/samples/GSM3043051
[2021-11-05 23:46:42,691] multiqc                                            [INFO   ]  Search path : /workspace/rioualen/HT_collections/ChIP-seq_collection/GSE111874/samples/GSM3043087
[2021-11-05 23:46:42,691] multiqc                                            [INFO   ]  Search path : /workspace/rioualen/HT_collections/ChIP-seq_collection/GSE111874/datasets/DS00075
[2021-11-05 23:46:42,691] multiqc                                            [INFO   ]  Search path : /workspace/rioualen/HT_collections/ChIP-seq_collection/GSE111874/samples/GSM3043052
[2021-11-05 23:46:42,691] multiqc                                            [INFO   ]  Search path : /workspace/rioualen/HT_collections/ChIP-seq_collection/GSE111874/samples/GSM3043088
[2021-11-05 23:46:42,691] multiqc                                            [INFO   ]  Search path : /workspace/rioualen/HT_collections/ChIP-seq_collection/GSE111874/datasets/DS00075
[2021-11-05 23:46:42,770] multiqc                                            [DEBUG  ]  Ignoring file as matched an ignore pattern: GSM3043051_cutadapt.fastq.gz
[2021-11-05 23:46:42,782] multiqc                                            [DEBUG  ]  File ignored by ccs/v4 because it exceeded search pattern filesize limit: GSM3043051_2.fastq.gz_trimming_report.txt
[2021-11-05 23:46:42,784] multiqc                                            [DEBUG  ]  File ignored by lima/summary because it exceeded search pattern filesize limit: GSM3043051_2.fastq.gz_trimming_report.txt
[2021-11-05 23:46:42,786] multiqc                                            [DEBUG  ]  File ignored by longranger/invocation because it exceeded search pattern filesize limit: GSM3043051_2.fastq.gz_trimming_report.txt
[2021-11-05 23:46:42,793] multiqc                                            [DEBUG  ]  Ignoring file as matched an ignore pattern: GSM3043051_cutadapt_1.fastq.gz
[2021-11-05 23:46:42,820] multiqc                                            [DEBUG  ]  Ignoring file as matched an ignore pattern: GSM3043051_cutadapt_bowtie2.bam.bai
[2021-11-05 23:46:42,824] multiqc                                            [DEBUG  ]  File ignored by ccs/v4 because it exceeded search pattern filesize limit: GSM3043051_cutadapt_bowtie2_bedgraph_to_tdf.log
[2021-11-05 23:46:42,826] multiqc                                            [DEBUG  ]  File ignored by lima/summary because it exceeded search pattern filesize limit: GSM3043051_cutadapt_bowtie2_bedgraph_to_tdf.log
[2021-11-05 23:46:42,867] multiqc                                            [DEBUG  ]  Ignoring file as matched an ignore pattern: GSM3043051_cutadapt_bowtie2.bam
[2021-11-05 23:46:42,939] multiqc                                            [DEBUG  ]  Ignoring file as matched an ignore pattern: GSM3043051_1.fastq.gz
[2021-11-05 23:46:42,944] multiqc                                            [DEBUG  ]  File ignored by ccs/v4 because it exceeded search pattern filesize limit: GSM3043051_cutadapt_bowtie2_minus_strand_bedgraph_to_tdf.log
[2021-11-05 23:46:42,945] multiqc                                            [DEBUG  ]  File ignored by lima/summary because it exceeded search pattern filesize limit: GSM3043051_cutadapt_bowtie2_minus_strand_bedgraph_to_tdf.log
[2021-11-05 23:46:42,952] multiqc                                            [DEBUG  ]  Ignoring file as matched an ignore pattern: GSM3043051_cutadapt_2.fastq.gz
[2021-11-05 23:46:42,967] multiqc                                            [DEBUG  ]  File ignored by ccs/v4 because it exceeded search pattern filesize limit: GSM3043051_cutadapt_bowtie2_plus_strand_bedgraph_to_tdf.log
[2021-11-05 23:46:42,969] multiqc                                            [DEBUG  ]  File ignored by lima/summary because it exceeded search pattern filesize limit: GSM3043051_cutadapt_bowtie2_plus_strand_bedgraph_to_tdf.log
[2021-11-05 23:46:42,980] multiqc                                            [DEBUG  ]  File ignored by ccs/v4 because it exceeded search pattern filesize limit: GSM3043051_cutadapt.log
[2021-11-05 23:46:42,981] multiqc                                            [DEBUG  ]  File ignored by hicexplorer because it exceeded search pattern filesize limit: GSM3043051_cutadapt.log
[2021-11-05 23:46:42,982] multiqc                                            [DEBUG  ]  File ignored by nanostat because it exceeded search pattern filesize limit: GSM3043051_cutadapt.log
[2021-11-05 23:46:42,982] multiqc                                            [DEBUG  ]  File ignored by lima/summary because it exceeded search pattern filesize limit: GSM3043051_cutadapt.log
[2021-11-05 23:46:42,984] multiqc                                            [DEBUG  ]  File ignored by longranger/invocation because it exceeded search pattern filesize limit: GSM3043051_cutadapt.log
[2021-11-05 23:46:43,059] multiqc                                            [DEBUG  ]  Ignoring file as matched an ignore pattern: GSM3043051_2.fastq.gz
[2021-11-05 23:46:43,071] multiqc                                            [DEBUG  ]  File ignored by ccs/v4 because it exceeded search pattern filesize limit: GSM3043051_1.fastq.gz_trimming_report.txt
[2021-11-05 23:46:43,072] multiqc                                            [DEBUG  ]  File ignored by lima/summary because it exceeded search pattern filesize limit: GSM3043051_1.fastq.gz_trimming_report.txt
[2021-11-05 23:46:43,074] multiqc                                            [DEBUG  ]  File ignored by longranger/invocation because it exceeded search pattern filesize limit: GSM3043051_1.fastq.gz_trimming_report.txt
[2021-11-05 23:46:43,109] multiqc                                            [DEBUG  ]  File ignored by ccs/v4 because it exceeded search pattern filesize limit: GSM3043051_cutadapt_2_fastqc.html
[2021-11-05 23:46:43,111] multiqc                                            [DEBUG  ]  File ignored by hicexplorer because it exceeded search pattern filesize limit: GSM3043051_cutadapt_2_fastqc.html
[2021-11-05 23:46:43,111] multiqc                                            [DEBUG  ]  File ignored by nanostat because it exceeded search pattern filesize limit: GSM3043051_cutadapt_2_fastqc.html
[2021-11-05 23:46:43,111] multiqc                                            [DEBUG  ]  File ignored by lima/summary because it exceeded search pattern filesize limit: GSM3043051_cutadapt_2_fastqc.html
[2021-11-05 23:46:43,114] multiqc                                            [DEBUG  ]  File ignored by vep/vep_txt because it exceeded search pattern filesize limit: GSM3043051_cutadapt_2_fastqc.html
[2021-11-05 23:46:43,114] multiqc                                            [DEBUG  ]  File ignored by longranger/invocation because it exceeded search pattern filesize limit: GSM3043051_cutadapt_2_fastqc.html
[2021-11-05 23:46:43,114] multiqc                                            [DEBUG  ]  File ignored by rockhopper because it exceeded search pattern filesize limit: GSM3043051_cutadapt_2_fastqc.html
[2021-11-05 23:46:43,114] multiqc                                            [DEBUG  ]  File ignored by rseqc/bam_stat because it exceeded search pattern filesize limit: GSM3043051_cutadapt_2_fastqc.html
[2021-11-05 23:46:43,114] multiqc                                            [DEBUG  ]  File ignored by rseqc/junction_annotation because it exceeded search pattern filesize limit: GSM3043051_cutadapt_2_fastqc.html
[2021-11-05 23:46:43,114] multiqc                                            [DEBUG  ]  File ignored by rseqc/read_distribution because it exceeded search pattern filesize limit: GSM3043051_cutadapt_2_fastqc.html
[2021-11-05 23:46:43,114] multiqc                                            [DEBUG  ]  File ignored by rseqc/infer_experiment because it exceeded search pattern filesize limit: GSM3043051_cutadapt_2_fastqc.html
[2021-11-05 23:46:43,266] multiqc                                            [DEBUG  ]  File ignored by ccs/v4 because it exceeded search pattern filesize limit: GSM3043051_cutadapt_2_fastqc.log
[2021-11-05 23:46:43,268] multiqc                                            [DEBUG  ]  File ignored by lima/summary because it exceeded search pattern filesize limit: GSM3043051_cutadapt_2_fastqc.log
[2021-11-05 23:46:43,326] multiqc                                            [DEBUG  ]  File ignored by ccs/v4 because it exceeded search pattern filesize limit: GSM3043051_2_fastqc.html
[2021-11-05 23:46:43,328] multiqc                                            [DEBUG  ]  File ignored by hicexplorer because it exceeded search pattern filesize limit: GSM3043051_2_fastqc.html
[2021-11-05 23:46:43,328] multiqc                                            [DEBUG  ]  File ignored by nanostat because it exceeded search pattern filesize limit: GSM3043051_2_fastqc.html
[2021-11-05 23:46:43,328] multiqc                                            [DEBUG  ]  File ignored by lima/summary because it exceeded search pattern filesize limit: GSM3043051_2_fastqc.html
[2021-11-05 23:46:43,331] multiqc                                            [DEBUG  ]  File ignored by vep/vep_txt because it exceeded search pattern filesize limit: GSM3043051_2_fastqc.html
[2021-11-05 23:46:43,331] multiqc                                            [DEBUG  ]  File ignored by longranger/invocation because it exceeded search pattern filesize limit: GSM3043051_2_fastqc.html
[2021-11-05 23:46:43,331] multiqc                                            [DEBUG  ]  File ignored by rockhopper because it exceeded search pattern filesize limit: GSM3043051_2_fastqc.html
[2021-11-05 23:46:43,331] multiqc                                            [DEBUG  ]  File ignored by rseqc/bam_stat because it exceeded search pattern filesize limit: GSM3043051_2_fastqc.html
[2021-11-05 23:46:43,331] multiqc                                            [DEBUG  ]  File ignored by rseqc/junction_annotation because it exceeded search pattern filesize limit: GSM3043051_2_fastqc.html
[2021-11-05 23:46:43,335] multiqc                                            [DEBUG  ]  File ignored by rseqc/read_distribution because it exceeded search pattern filesize limit: GSM3043051_2_fastqc.html
[2021-11-05 23:46:43,335] multiqc                                            [DEBUG  ]  File ignored by rseqc/infer_experiment because it exceeded search pattern filesize limit: GSM3043051_2_fastqc.html
[2021-11-05 23:46:43,483] multiqc                                            [DEBUG  ]  File ignored by ccs/v4 because it exceeded search pattern filesize limit: GSM3043051_cutadapt_bowtie2_fastqc.html
[2021-11-05 23:46:43,484] multiqc                                            [DEBUG  ]  File ignored by hicexplorer because it exceeded search pattern filesize limit: GSM3043051_cutadapt_bowtie2_fastqc.html
[2021-11-05 23:46:43,485] multiqc                                            [DEBUG  ]  File ignored by nanostat because it exceeded search pattern filesize limit: GSM3043051_cutadapt_bowtie2_fastqc.html
[2021-11-05 23:46:43,485] multiqc                                            [DEBUG  ]  File ignored by lima/summary because it exceeded search pattern filesize limit: GSM3043051_cutadapt_bowtie2_fastqc.html
[2021-11-05 23:46:43,488] multiqc                                            [DEBUG  ]  File ignored by vep/vep_txt because it exceeded search pattern filesize limit: GSM3043051_cutadapt_bowtie2_fastqc.html
[2021-11-05 23:46:43,488] multiqc                                            [DEBUG  ]  File ignored by longranger/invocation because it exceeded search pattern filesize limit: GSM3043051_cutadapt_bowtie2_fastqc.html
[2021-11-05 23:46:43,488] multiqc                                            [DEBUG  ]  File ignored by rockhopper because it exceeded search pattern filesize limit: GSM3043051_cutadapt_bowtie2_fastqc.html
[2021-11-05 23:46:43,488] multiqc                                            [DEBUG  ]  File ignored by rseqc/bam_stat because it exceeded search pattern filesize limit: GSM3043051_cutadapt_bowtie2_fastqc.html
[2021-11-05 23:46:43,488] multiqc                                            [DEBUG  ]  File ignored by rseqc/junction_annotation because it exceeded search pattern filesize limit: GSM3043051_cutadapt_bowtie2_fastqc.html
[2021-11-05 23:46:43,488] multiqc                                            [DEBUG  ]  File ignored by rseqc/read_distribution because it exceeded search pattern filesize limit: GSM3043051_cutadapt_bowtie2_fastqc.html
[2021-11-05 23:46:43,488] multiqc                                            [DEBUG  ]  File ignored by rseqc/infer_experiment because it exceeded search pattern filesize limit: GSM3043051_cutadapt_bowtie2_fastqc.html
[2021-11-05 23:46:43,632] multiqc                                            [DEBUG  ]  File ignored by ccs/v4 because it exceeded search pattern filesize limit: GSM3043051_cutadapt_bowtie2_fastqc.log
[2021-11-05 23:46:43,634] multiqc                                            [DEBUG  ]  File ignored by lima/summary because it exceeded search pattern filesize limit: GSM3043051_cutadapt_bowtie2_fastqc.log
[2021-11-05 23:46:43,665] multiqc                                            [DEBUG  ]  File ignored by ccs/v4 because it exceeded search pattern filesize limit: GSM3043051_cutadapt_1_fastqc.html
[2021-11-05 23:46:43,667] multiqc                                            [DEBUG  ]  File ignored by hicexplorer because it exceeded search pattern filesize limit: GSM3043051_cutadapt_1_fastqc.html
[2021-11-05 23:46:43,667] multiqc                                            [DEBUG  ]  File ignored by nanostat because it exceeded search pattern filesize limit: GSM3043051_cutadapt_1_fastqc.html
[2021-11-05 23:46:43,667] multiqc                                            [DEBUG  ]  File ignored by lima/summary because it exceeded search pattern filesize limit: GSM3043051_cutadapt_1_fastqc.html
[2021-11-05 23:46:43,670] multiqc                                            [DEBUG  ]  File ignored by vep/vep_txt because it exceeded search pattern filesize limit: GSM3043051_cutadapt_1_fastqc.html
[2021-11-05 23:46:43,670] multiqc                                            [DEBUG  ]  File ignored by longranger/invocation because it exceeded search pattern filesize limit: GSM3043051_cutadapt_1_fastqc.html
[2021-11-05 23:46:43,671] multiqc                                            [DEBUG  ]  File ignored by rockhopper because it exceeded search pattern filesize limit: GSM3043051_cutadapt_1_fastqc.html
[2021-11-05 23:46:43,671] multiqc                                            [DEBUG  ]  File ignored by rseqc/bam_stat because it exceeded search pattern filesize limit: GSM3043051_cutadapt_1_fastqc.html
[2021-11-05 23:46:43,671] multiqc                                            [DEBUG  ]  File ignored by rseqc/junction_annotation because it exceeded search pattern filesize limit: GSM3043051_cutadapt_1_fastqc.html
[2021-11-05 23:46:43,671] multiqc                                            [DEBUG  ]  File ignored by rseqc/read_distribution because it exceeded search pattern filesize limit: GSM3043051_cutadapt_1_fastqc.html
[2021-11-05 23:46:43,671] multiqc                                            [DEBUG  ]  File ignored by rseqc/infer_experiment because it exceeded search pattern filesize limit: GSM3043051_cutadapt_1_fastqc.html
[2021-11-05 23:46:43,803] multiqc                                            [DEBUG  ]  File ignored by ccs/v4 because it exceeded search pattern filesize limit: GSM3043051_cutadapt_1_fastqc.log
[2021-11-05 23:46:43,804] multiqc                                            [DEBUG  ]  File ignored by lima/summary because it exceeded search pattern filesize limit: GSM3043051_cutadapt_1_fastqc.log
[2021-11-05 23:46:43,820] multiqc                                            [DEBUG  ]  File ignored by ccs/v4 because it exceeded search pattern filesize limit: GSM3043051_1_fastqc.html
[2021-11-05 23:46:43,821] multiqc                                            [DEBUG  ]  File ignored by hicexplorer because it exceeded search pattern filesize limit: GSM3043051_1_fastqc.html
[2021-11-05 23:46:43,821] multiqc                                            [DEBUG  ]  File ignored by nanostat because it exceeded search pattern filesize limit: GSM3043051_1_fastqc.html
[2021-11-05 23:46:43,822] multiqc                                            [DEBUG  ]  File ignored by lima/summary because it exceeded search pattern filesize limit: GSM3043051_1_fastqc.html
[2021-11-05 23:46:43,825] multiqc                                            [DEBUG  ]  File ignored by vep/vep_txt because it exceeded search pattern filesize limit: GSM3043051_1_fastqc.html
[2021-11-05 23:46:43,825] multiqc                                            [DEBUG  ]  File ignored by longranger/invocation because it exceeded search pattern filesize limit: GSM3043051_1_fastqc.html
[2021-11-05 23:46:43,825] multiqc                                            [DEBUG  ]  File ignored by rockhopper because it exceeded search pattern filesize limit: GSM3043051_1_fastqc.html
[2021-11-05 23:46:43,825] multiqc                                            [DEBUG  ]  File ignored by rseqc/bam_stat because it exceeded search pattern filesize limit: GSM3043051_1_fastqc.html
[2021-11-05 23:46:43,825] multiqc                                            [DEBUG  ]  File ignored by rseqc/junction_annotation because it exceeded search pattern filesize limit: GSM3043051_1_fastqc.html
[2021-11-05 23:46:43,825] multiqc                                            [DEBUG  ]  File ignored by rseqc/read_distribution because it exceeded search pattern filesize limit: GSM3043051_1_fastqc.html
[2021-11-05 23:46:43,825] multiqc                                            [DEBUG  ]  File ignored by rseqc/infer_experiment because it exceeded search pattern filesize limit: GSM3043051_1_fastqc.html
[2021-11-05 23:46:43,979] multiqc                                            [DEBUG  ]  Ignoring file as matched an ignore pattern: GSM3043087_1.fastq.gz
[2021-11-05 23:46:43,984] multiqc                                            [DEBUG  ]  File ignored by ccs/v4 because it exceeded search pattern filesize limit: GSM3043087_1.fastq.gz_trimming_report.txt
[2021-11-05 23:46:43,985] multiqc                                            [DEBUG  ]  File ignored by lima/summary because it exceeded search pattern filesize limit: GSM3043087_1.fastq.gz_trimming_report.txt
[2021-11-05 23:46:43,988] multiqc                                            [DEBUG  ]  File ignored by longranger/invocation because it exceeded search pattern filesize limit: GSM3043087_1.fastq.gz_trimming_report.txt
[2021-11-05 23:46:43,999] multiqc                                            [DEBUG  ]  File ignored by ccs/v4 because it exceeded search pattern filesize limit: GSM3043087_cutadapt_bowtie2_minus_strand_bedgraph_to_tdf.log
[2021-11-05 23:46:44,000] multiqc                                            [DEBUG  ]  File ignored by lima/summary because it exceeded search pattern filesize limit: GSM3043087_cutadapt_bowtie2_minus_strand_bedgraph_to_tdf.log
[2021-11-05 23:46:44,093] multiqc                                            [DEBUG  ]  Ignoring file as matched an ignore pattern: GSM3043087_2.fastq.gz
[2021-11-05 23:46:44,093] multiqc                                            [DEBUG  ]  Ignoring file as matched an ignore pattern: GSM3043087_cutadapt_1.fastq.gz
[2021-11-05 23:46:44,107] multiqc                                            [DEBUG  ]  File ignored by ccs/v4 because it exceeded search pattern filesize limit: GSM3043087_cutadapt.log
[2021-11-05 23:46:44,108] multiqc                                            [DEBUG  ]  File ignored by hicexplorer because it exceeded search pattern filesize limit: GSM3043087_cutadapt.log
[2021-11-05 23:46:44,108] multiqc                                            [DEBUG  ]  File ignored by nanostat because it exceeded search pattern filesize limit: GSM3043087_cutadapt.log
[2021-11-05 23:46:44,108] multiqc                                            [DEBUG  ]  File ignored by lima/summary because it exceeded search pattern filesize limit: GSM3043087_cutadapt.log
[2021-11-05 23:46:44,111] multiqc                                            [DEBUG  ]  File ignored by longranger/invocation because it exceeded search pattern filesize limit: GSM3043087_cutadapt.log
[2021-11-05 23:46:44,137] multiqc                                            [DEBUG  ]  File ignored by ccs/v4 because it exceeded search pattern filesize limit: GSM3043087_cutadapt_bowtie2_plus_strand_bedgraph_to_tdf.log
[2021-11-05 23:46:44,138] multiqc                                            [DEBUG  ]  File ignored by lima/summary because it exceeded search pattern filesize limit: GSM3043087_cutadapt_bowtie2_plus_strand_bedgraph_to_tdf.log
[2021-11-05 23:46:44,145] multiqc                                            [DEBUG  ]  Ignoring file as matched an ignore pattern: GSM3043087_cutadapt_2.fastq.gz
[2021-11-05 23:46:44,150] multiqc                                            [DEBUG  ]  File ignored by ccs/v4 because it exceeded search pattern filesize limit: GSM3043087_cutadapt_bowtie2_bedgraph_to_tdf.log
[2021-11-05 23:46:44,151] multiqc                                            [DEBUG  ]  File ignored by lima/summary because it exceeded search pattern filesize limit: GSM3043087_cutadapt_bowtie2_bedgraph_to_tdf.log
[2021-11-05 23:46:44,229] multiqc                                            [DEBUG  ]  Ignoring file as matched an ignore pattern: GSM3043087_cutadapt.fastq.gz
[2021-11-05 23:46:44,273] multiqc                                            [DEBUG  ]  Ignoring file as matched an ignore pattern: GSM3043087_cutadapt_bowtie2.bam.bai
[2021-11-05 23:46:44,278] multiqc                                            [DEBUG  ]  File ignored by ccs/v4 because it exceeded search pattern filesize limit: GSM3043087_2.fastq.gz_trimming_report.txt
[2021-11-05 23:46:44,279] multiqc                                            [DEBUG  ]  File ignored by lima/summary because it exceeded search pattern filesize limit: GSM3043087_2.fastq.gz_trimming_report.txt
[2021-11-05 23:46:44,281] multiqc                                            [DEBUG  ]  File ignored by longranger/invocation because it exceeded search pattern filesize limit: GSM3043087_2.fastq.gz_trimming_report.txt
[2021-11-05 23:46:44,316] multiqc                                            [DEBUG  ]  Ignoring file as matched an ignore pattern: GSM3043087_cutadapt_bowtie2.bam
[2021-11-05 23:46:44,384] multiqc                                            [DEBUG  ]  File ignored by ccs/v4 because it exceeded search pattern filesize limit: GSM3043087_2_fastqc.html
[2021-11-05 23:46:44,386] multiqc                                            [DEBUG  ]  File ignored by hicexplorer because it exceeded search pattern filesize limit: GSM3043087_2_fastqc.html
[2021-11-05 23:46:44,386] multiqc                                            [DEBUG  ]  File ignored by nanostat because it exceeded search pattern filesize limit: GSM3043087_2_fastqc.html
[2021-11-05 23:46:44,386] multiqc                                            [DEBUG  ]  File ignored by lima/summary because it exceeded search pattern filesize limit: GSM3043087_2_fastqc.html
[2021-11-05 23:46:44,394] multiqc                                            [DEBUG  ]  File ignored by vep/vep_txt because it exceeded search pattern filesize limit: GSM3043087_2_fastqc.html
[2021-11-05 23:46:44,394] multiqc                                            [DEBUG  ]  File ignored by longranger/invocation because it exceeded search pattern filesize limit: GSM3043087_2_fastqc.html
[2021-11-05 23:46:44,394] multiqc                                            [DEBUG  ]  File ignored by rockhopper because it exceeded search pattern filesize limit: GSM3043087_2_fastqc.html
[2021-11-05 23:46:44,394] multiqc                                            [DEBUG  ]  File ignored by rseqc/bam_stat because it exceeded search pattern filesize limit: GSM3043087_2_fastqc.html
[2021-11-05 23:46:44,394] multiqc                                            [DEBUG  ]  File ignored by rseqc/junction_annotation because it exceeded search pattern filesize limit: GSM3043087_2_fastqc.html
[2021-11-05 23:46:44,394] multiqc                                            [DEBUG  ]  File ignored by rseqc/read_distribution because it exceeded search pattern filesize limit: GSM3043087_2_fastqc.html
[2021-11-05 23:46:44,394] multiqc                                            [DEBUG  ]  File ignored by rseqc/infer_experiment because it exceeded search pattern filesize limit: GSM3043087_2_fastqc.html
[2021-11-05 23:46:44,544] multiqc                                            [DEBUG  ]  File ignored by ccs/v4 because it exceeded search pattern filesize limit: GSM3043087_1_fastqc.html
[2021-11-05 23:46:44,546] multiqc                                            [DEBUG  ]  File ignored by hicexplorer because it exceeded search pattern filesize limit: GSM3043087_1_fastqc.html
[2021-11-05 23:46:44,546] multiqc                                            [DEBUG  ]  File ignored by nanostat because it exceeded search pattern filesize limit: GSM3043087_1_fastqc.html
[2021-11-05 23:46:44,546] multiqc                                            [DEBUG  ]  File ignored by lima/summary because it exceeded search pattern filesize limit: GSM3043087_1_fastqc.html
[2021-11-05 23:46:44,550] multiqc                                            [DEBUG  ]  File ignored by vep/vep_txt because it exceeded search pattern filesize limit: GSM3043087_1_fastqc.html
[2021-11-05 23:46:44,550] multiqc                                            [DEBUG  ]  File ignored by longranger/invocation because it exceeded search pattern filesize limit: GSM3043087_1_fastqc.html
[2021-11-05 23:46:44,550] multiqc                                            [DEBUG  ]  File ignored by rockhopper because it exceeded search pattern filesize limit: GSM3043087_1_fastqc.html
[2021-11-05 23:46:44,550] multiqc                                            [DEBUG  ]  File ignored by rseqc/bam_stat because it exceeded search pattern filesize limit: GSM3043087_1_fastqc.html
[2021-11-05 23:46:44,550] multiqc                                            [DEBUG  ]  File ignored by rseqc/junction_annotation because it exceeded search pattern filesize limit: GSM3043087_1_fastqc.html
[2021-11-05 23:46:44,550] multiqc                                            [DEBUG  ]  File ignored by rseqc/read_distribution because it exceeded search pattern filesize limit: GSM3043087_1_fastqc.html
[2021-11-05 23:46:44,550] multiqc                                            [DEBUG  ]  File ignored by rseqc/infer_experiment because it exceeded search pattern filesize limit: GSM3043087_1_fastqc.html
[2021-11-05 23:46:44,735] multiqc                                            [DEBUG  ]  File ignored by ccs/v4 because it exceeded search pattern filesize limit: GSM3043087_cutadapt_2_fastqc.html
[2021-11-05 23:46:44,737] multiqc                                            [DEBUG  ]  File ignored by hicexplorer because it exceeded search pattern filesize limit: GSM3043087_cutadapt_2_fastqc.html
[2021-11-05 23:46:44,737] multiqc                                            [DEBUG  ]  File ignored by nanostat because it exceeded search pattern filesize limit: GSM3043087_cutadapt_2_fastqc.html
[2021-11-05 23:46:44,737] multiqc                                            [DEBUG  ]  File ignored by lima/summary because it exceeded search pattern filesize limit: GSM3043087_cutadapt_2_fastqc.html
[2021-11-05 23:46:44,740] multiqc                                            [DEBUG  ]  File ignored by vep/vep_txt because it exceeded search pattern filesize limit: GSM3043087_cutadapt_2_fastqc.html
[2021-11-05 23:46:44,740] multiqc                                            [DEBUG  ]  File ignored by longranger/invocation because it exceeded search pattern filesize limit: GSM3043087_cutadapt_2_fastqc.html
[2021-11-05 23:46:44,741] multiqc                                            [DEBUG  ]  File ignored by rockhopper because it exceeded search pattern filesize limit: GSM3043087_cutadapt_2_fastqc.html
[2021-11-05 23:46:44,741] multiqc                                            [DEBUG  ]  File ignored by rseqc/bam_stat because it exceeded search pattern filesize limit: GSM3043087_cutadapt_2_fastqc.html
[2021-11-05 23:46:44,741] multiqc                                            [DEBUG  ]  File ignored by rseqc/junction_annotation because it exceeded search pattern filesize limit: GSM3043087_cutadapt_2_fastqc.html
[2021-11-05 23:46:44,741] multiqc                                            [DEBUG  ]  File ignored by rseqc/read_distribution because it exceeded search pattern filesize limit: GSM3043087_cutadapt_2_fastqc.html
[2021-11-05 23:46:44,741] multiqc                                            [DEBUG  ]  File ignored by rseqc/infer_experiment because it exceeded search pattern filesize limit: GSM3043087_cutadapt_2_fastqc.html
[2021-11-05 23:46:44,881] multiqc                                            [DEBUG  ]  File ignored by ccs/v4 because it exceeded search pattern filesize limit: GSM3043087_cutadapt_2_fastqc.log
[2021-11-05 23:46:44,883] multiqc                                            [DEBUG  ]  File ignored by lima/summary because it exceeded search pattern filesize limit: GSM3043087_cutadapt_2_fastqc.log
[2021-11-05 23:46:44,915] multiqc                                            [DEBUG  ]  File ignored by ccs/v4 because it exceeded search pattern filesize limit: GSM3043087_cutadapt_1_fastqc.html
[2021-11-05 23:46:44,916] multiqc                                            [DEBUG  ]  File ignored by hicexplorer because it exceeded search pattern filesize limit: GSM3043087_cutadapt_1_fastqc.html
[2021-11-05 23:46:44,917] multiqc                                            [DEBUG  ]  File ignored by nanostat because it exceeded search pattern filesize limit: GSM3043087_cutadapt_1_fastqc.html
[2021-11-05 23:46:44,917] multiqc                                            [DEBUG  ]  File ignored by lima/summary because it exceeded search pattern filesize limit: GSM3043087_cutadapt_1_fastqc.html
[2021-11-05 23:46:44,920] multiqc                                            [DEBUG  ]  File ignored by vep/vep_txt because it exceeded search pattern filesize limit: GSM3043087_cutadapt_1_fastqc.html
[2021-11-05 23:46:44,920] multiqc                                            [DEBUG  ]  File ignored by longranger/invocation because it exceeded search pattern filesize limit: GSM3043087_cutadapt_1_fastqc.html
[2021-11-05 23:46:44,920] multiqc                                            [DEBUG  ]  File ignored by rockhopper because it exceeded search pattern filesize limit: GSM3043087_cutadapt_1_fastqc.html
[2021-11-05 23:46:44,920] multiqc                                            [DEBUG  ]  File ignored by rseqc/bam_stat because it exceeded search pattern filesize limit: GSM3043087_cutadapt_1_fastqc.html
[2021-11-05 23:46:44,920] multiqc                                            [DEBUG  ]  File ignored by rseqc/junction_annotation because it exceeded search pattern filesize limit: GSM3043087_cutadapt_1_fastqc.html
[2021-11-05 23:46:44,920] multiqc                                            [DEBUG  ]  File ignored by rseqc/read_distribution because it exceeded search pattern filesize limit: GSM3043087_cutadapt_1_fastqc.html
[2021-11-05 23:46:44,920] multiqc                                            [DEBUG  ]  File ignored by rseqc/infer_experiment because it exceeded search pattern filesize limit: GSM3043087_cutadapt_1_fastqc.html
[2021-11-05 23:46:45,064] multiqc                                            [DEBUG  ]  File ignored by ccs/v4 because it exceeded search pattern filesize limit: GSM3043087_cutadapt_1_fastqc.log
[2021-11-05 23:46:45,065] multiqc                                            [DEBUG  ]  File ignored by lima/summary because it exceeded search pattern filesize limit: GSM3043087_cutadapt_1_fastqc.log
[2021-11-05 23:46:45,115] multiqc                                            [DEBUG  ]  File ignored by ccs/v4 because it exceeded search pattern filesize limit: GSM3043087_cutadapt_bowtie2_fastqc.html
[2021-11-05 23:46:45,116] multiqc                                            [DEBUG  ]  File ignored by hicexplorer because it exceeded search pattern filesize limit: GSM3043087_cutadapt_bowtie2_fastqc.html
[2021-11-05 23:46:45,117] multiqc                                            [DEBUG  ]  File ignored by nanostat because it exceeded search pattern filesize limit: GSM3043087_cutadapt_bowtie2_fastqc.html
[2021-11-05 23:46:45,117] multiqc                                            [DEBUG  ]  File ignored by lima/summary because it exceeded search pattern filesize limit: GSM3043087_cutadapt_bowtie2_fastqc.html
[2021-11-05 23:46:45,120] multiqc                                            [DEBUG  ]  File ignored by vep/vep_txt because it exceeded search pattern filesize limit: GSM3043087_cutadapt_bowtie2_fastqc.html
[2021-11-05 23:46:45,120] multiqc                                            [DEBUG  ]  File ignored by longranger/invocation because it exceeded search pattern filesize limit: GSM3043087_cutadapt_bowtie2_fastqc.html
[2021-11-05 23:46:45,120] multiqc                                            [DEBUG  ]  File ignored by rockhopper because it exceeded search pattern filesize limit: GSM3043087_cutadapt_bowtie2_fastqc.html
[2021-11-05 23:46:45,120] multiqc                                            [DEBUG  ]  File ignored by rseqc/bam_stat because it exceeded search pattern filesize limit: GSM3043087_cutadapt_bowtie2_fastqc.html
[2021-11-05 23:46:45,120] multiqc                                            [DEBUG  ]  File ignored by rseqc/junction_annotation because it exceeded search pattern filesize limit: GSM3043087_cutadapt_bowtie2_fastqc.html
[2021-11-05 23:46:45,120] multiqc                                            [DEBUG  ]  File ignored by rseqc/read_distribution because it exceeded search pattern filesize limit: GSM3043087_cutadapt_bowtie2_fastqc.html
[2021-11-05 23:46:45,120] multiqc                                            [DEBUG  ]  File ignored by rseqc/infer_experiment because it exceeded search pattern filesize limit: GSM3043087_cutadapt_bowtie2_fastqc.html
[2021-11-05 23:46:45,281] multiqc                                            [DEBUG  ]  File ignored by ccs/v4 because it exceeded search pattern filesize limit: GSM3043087_cutadapt_bowtie2_fastqc.log
[2021-11-05 23:46:45,282] multiqc                                            [DEBUG  ]  File ignored by lima/summary because it exceeded search pattern filesize limit: GSM3043087_cutadapt_bowtie2_fastqc.log
[2021-11-05 23:46:45,290] multiqc                                            [DEBUG  ]  Ignoring file as matched an ignore pattern: DS00075_peaks.bed
[2021-11-05 23:46:45,294] multiqc                                            [DEBUG  ]  File ignored by ccs/v4 because it exceeded search pattern filesize limit: DS00075_peaks.fasta
[2021-11-05 23:46:45,296] multiqc                                            [DEBUG  ]  File ignored by hicexplorer because it exceeded search pattern filesize limit: DS00075_peaks.fasta
[2021-11-05 23:46:45,296] multiqc                                            [DEBUG  ]  File ignored by nanostat because it exceeded search pattern filesize limit: DS00075_peaks.fasta
[2021-11-05 23:46:45,296] multiqc                                            [DEBUG  ]  File ignored by lima/summary because it exceeded search pattern filesize limit: DS00075_peaks.fasta
[2021-11-05 23:46:45,298] multiqc                                            [DEBUG  ]  File ignored by vep/vep_txt because it exceeded search pattern filesize limit: DS00075_peaks.fasta
[2021-11-05 23:46:45,299] multiqc                                            [DEBUG  ]  File ignored by longranger/invocation because it exceeded search pattern filesize limit: DS00075_peaks.fasta
[2021-11-05 23:46:45,375] multiqc                                            [DEBUG  ]  File ignored by ccs/v4 because it exceeded search pattern filesize limit: DS00075_peaks.ft
[2021-11-05 23:46:45,377] multiqc                                            [DEBUG  ]  File ignored by lima/summary because it exceeded search pattern filesize limit: DS00075_peaks.ft
[2021-11-05 23:46:45,379] multiqc                                            [DEBUG  ]  File ignored by longranger/invocation because it exceeded search pattern filesize limit: DS00075_peaks.ft
[2021-11-05 23:46:45,394] multiqc                                            [DEBUG  ]  Ignoring file as matched an ignore pattern: DS00075_sites.bed
[2021-11-05 23:46:45,399] multiqc                                            [DEBUG  ]  File ignored by ccs/v4 because it exceeded search pattern filesize limit: DS00075_matrix.tab
[2021-11-05 23:46:45,400] multiqc                                            [DEBUG  ]  File ignored by lima/summary because it exceeded search pattern filesize limit: DS00075_matrix.tab
[2021-11-05 23:46:45,402] multiqc                                            [DEBUG  ]  File ignored by longranger/invocation because it exceeded search pattern filesize limit: DS00075_matrix.tab
[2021-11-05 23:46:45,408] multiqc                                            [DEBUG  ]  Ignoring file as matched an ignore pattern: DS00075_summits.bed
[2021-11-05 23:46:45,414] multiqc                                            [DEBUG  ]  File ignored by ccs/v4 because it exceeded search pattern filesize limit: DS00075_peaks.narrowPeak
[2021-11-05 23:46:45,416] multiqc                                            [DEBUG  ]  File ignored by hicexplorer because it exceeded search pattern filesize limit: DS00075_peaks.narrowPeak
[2021-11-05 23:46:45,416] multiqc                                            [DEBUG  ]  File ignored by nanostat because it exceeded search pattern filesize limit: DS00075_peaks.narrowPeak
[2021-11-05 23:46:45,416] multiqc                                            [DEBUG  ]  File ignored by lima/summary because it exceeded search pattern filesize limit: DS00075_peaks.narrowPeak
[2021-11-05 23:46:45,418] multiqc                                            [DEBUG  ]  File ignored by longranger/invocation because it exceeded search pattern filesize limit: DS00075_peaks.narrowPeak
[2021-11-05 23:46:45,443] multiqc                                            [DEBUG  ]  Ignoring file as matched an ignore pattern: GSM3043052_2.fastq.gz
[2021-11-05 23:46:45,449] multiqc                                            [DEBUG  ]  File ignored by ccs/v4 because it exceeded search pattern filesize limit: GSM3043052_cutadapt_bowtie2_minus_strand_bedgraph_to_tdf.log
[2021-11-05 23:46:45,450] multiqc                                            [DEBUG  ]  File ignored by lima/summary because it exceeded search pattern filesize limit: GSM3043052_cutadapt_bowtie2_minus_strand_bedgraph_to_tdf.log
[2021-11-05 23:46:45,458] multiqc                                            [DEBUG  ]  Ignoring file as matched an ignore pattern: GSM3043052_cutadapt_bowtie2.bam
[2021-11-05 23:46:45,504] multiqc                                            [DEBUG  ]  File ignored by ccs/v4 because it exceeded search pattern filesize limit: GSM3043052_cutadapt.log
[2021-11-05 23:46:45,505] multiqc                                            [DEBUG  ]  File ignored by hicexplorer because it exceeded search pattern filesize limit: GSM3043052_cutadapt.log
[2021-11-05 23:46:45,505] multiqc                                            [DEBUG  ]  File ignored by nanostat because it exceeded search pattern filesize limit: GSM3043052_cutadapt.log
[2021-11-05 23:46:45,506] multiqc                                            [DEBUG  ]  File ignored by lima/summary because it exceeded search pattern filesize limit: GSM3043052_cutadapt.log
[2021-11-05 23:46:45,508] multiqc                                            [DEBUG  ]  File ignored by longranger/invocation because it exceeded search pattern filesize limit: GSM3043052_cutadapt.log
[2021-11-05 23:46:45,519] multiqc                                            [DEBUG  ]  Ignoring file as matched an ignore pattern: GSM3043052_1.fastq.gz
[2021-11-05 23:46:45,519] multiqc                                            [DEBUG  ]  Ignoring file as matched an ignore pattern: GSM3043052_cutadapt.fastq.gz
[2021-11-05 23:46:45,535] multiqc                                            [DEBUG  ]  File ignored by ccs/v4 because it exceeded search pattern filesize limit: GSM3043052_1.fastq.gz_trimming_report.txt
[2021-11-05 23:46:45,536] multiqc                                            [DEBUG  ]  File ignored by lima/summary because it exceeded search pattern filesize limit: GSM3043052_1.fastq.gz_trimming_report.txt
[2021-11-05 23:46:45,539] multiqc                                            [DEBUG  ]  File ignored by longranger/invocation because it exceeded search pattern filesize limit: GSM3043052_1.fastq.gz_trimming_report.txt
[2021-11-05 23:46:45,545] multiqc                                            [DEBUG  ]  Ignoring file as matched an ignore pattern: GSM3043052_cutadapt_2.fastq.gz
[2021-11-05 23:46:45,545] multiqc                                            [DEBUG  ]  Ignoring file as matched an ignore pattern: GSM3043052_cutadapt_bowtie2.bam.bai
[2021-11-05 23:46:45,561] multiqc                                            [DEBUG  ]  File ignored by ccs/v4 because it exceeded search pattern filesize limit: GSM3043052_cutadapt_bowtie2_plus_strand_bedgraph_to_tdf.log
[2021-11-05 23:46:45,563] multiqc                                            [DEBUG  ]  File ignored by lima/summary because it exceeded search pattern filesize limit: GSM3043052_cutadapt_bowtie2_plus_strand_bedgraph_to_tdf.log
[2021-11-05 23:46:45,693] multiqc                                            [DEBUG  ]  File ignored by ccs/v4 because it exceeded search pattern filesize limit: GSM3043052_cutadapt_bowtie2_bedgraph_to_tdf.log
[2021-11-05 23:46:45,694] multiqc                                            [DEBUG  ]  File ignored by lima/summary because it exceeded search pattern filesize limit: GSM3043052_cutadapt_bowtie2_bedgraph_to_tdf.log
[2021-11-05 23:46:45,713] multiqc                                            [DEBUG  ]  Ignoring file as matched an ignore pattern: GSM3043052_cutadapt_1.fastq.gz
[2021-11-05 23:46:45,718] multiqc                                            [DEBUG  ]  File ignored by ccs/v4 because it exceeded search pattern filesize limit: GSM3043052_2.fastq.gz_trimming_report.txt
[2021-11-05 23:46:45,719] multiqc                                            [DEBUG  ]  File ignored by lima/summary because it exceeded search pattern filesize limit: GSM3043052_2.fastq.gz_trimming_report.txt
[2021-11-05 23:46:45,721] multiqc                                            [DEBUG  ]  File ignored by longranger/invocation because it exceeded search pattern filesize limit: GSM3043052_2.fastq.gz_trimming_report.txt
[2021-11-05 23:46:45,792] multiqc                                            [DEBUG  ]  File ignored by ccs/v4 because it exceeded search pattern filesize limit: GSM3043052_2_fastqc.html
[2021-11-05 23:46:45,793] multiqc                                            [DEBUG  ]  File ignored by hicexplorer because it exceeded search pattern filesize limit: GSM3043052_2_fastqc.html
[2021-11-05 23:46:45,794] multiqc                                            [DEBUG  ]  File ignored by nanostat because it exceeded search pattern filesize limit: GSM3043052_2_fastqc.html
[2021-11-05 23:46:45,794] multiqc                                            [DEBUG  ]  File ignored by lima/summary because it exceeded search pattern filesize limit: GSM3043052_2_fastqc.html
[2021-11-05 23:46:45,797] multiqc                                            [DEBUG  ]  File ignored by vep/vep_txt because it exceeded search pattern filesize limit: GSM3043052_2_fastqc.html
[2021-11-05 23:46:45,797] multiqc                                            [DEBUG  ]  File ignored by longranger/invocation because it exceeded search pattern filesize limit: GSM3043052_2_fastqc.html
[2021-11-05 23:46:45,797] multiqc                                            [DEBUG  ]  File ignored by rockhopper because it exceeded search pattern filesize limit: GSM3043052_2_fastqc.html
[2021-11-05 23:46:45,797] multiqc                                            [DEBUG  ]  File ignored by rseqc/bam_stat because it exceeded search pattern filesize limit: GSM3043052_2_fastqc.html
[2021-11-05 23:46:45,797] multiqc                                            [DEBUG  ]  File ignored by rseqc/junction_annotation because it exceeded search pattern filesize limit: GSM3043052_2_fastqc.html
[2021-11-05 23:46:45,797] multiqc                                            [DEBUG  ]  File ignored by rseqc/read_distribution because it exceeded search pattern filesize limit: GSM3043052_2_fastqc.html
[2021-11-05 23:46:45,797] multiqc                                            [DEBUG  ]  File ignored by rseqc/infer_experiment because it exceeded search pattern filesize limit: GSM3043052_2_fastqc.html
[2021-11-05 23:46:45,964] multiqc                                            [DEBUG  ]  File ignored by ccs/v4 because it exceeded search pattern filesize limit: GSM3043052_cutadapt_bowtie2_fastqc.html
[2021-11-05 23:46:45,965] multiqc                                            [DEBUG  ]  File ignored by hicexplorer because it exceeded search pattern filesize limit: GSM3043052_cutadapt_bowtie2_fastqc.html
[2021-11-05 23:46:45,965] multiqc                                            [DEBUG  ]  File ignored by nanostat because it exceeded search pattern filesize limit: GSM3043052_cutadapt_bowtie2_fastqc.html
[2021-11-05 23:46:45,966] multiqc                                            [DEBUG  ]  File ignored by lima/summary because it exceeded search pattern filesize limit: GSM3043052_cutadapt_bowtie2_fastqc.html
[2021-11-05 23:46:45,969] multiqc                                            [DEBUG  ]  File ignored by vep/vep_txt because it exceeded search pattern filesize limit: GSM3043052_cutadapt_bowtie2_fastqc.html
[2021-11-05 23:46:45,969] multiqc                                            [DEBUG  ]  File ignored by longranger/invocation because it exceeded search pattern filesize limit: GSM3043052_cutadapt_bowtie2_fastqc.html
[2021-11-05 23:46:45,969] multiqc                                            [DEBUG  ]  File ignored by rockhopper because it exceeded search pattern filesize limit: GSM3043052_cutadapt_bowtie2_fastqc.html
[2021-11-05 23:46:45,969] multiqc                                            [DEBUG  ]  File ignored by rseqc/bam_stat because it exceeded search pattern filesize limit: GSM3043052_cutadapt_bowtie2_fastqc.html
[2021-11-05 23:46:45,969] multiqc                                            [DEBUG  ]  File ignored by rseqc/junction_annotation because it exceeded search pattern filesize limit: GSM3043052_cutadapt_bowtie2_fastqc.html
[2021-11-05 23:46:45,969] multiqc                                            [DEBUG  ]  File ignored by rseqc/read_distribution because it exceeded search pattern filesize limit: GSM3043052_cutadapt_bowtie2_fastqc.html
[2021-11-05 23:46:45,969] multiqc                                            [DEBUG  ]  File ignored by rseqc/infer_experiment because it exceeded search pattern filesize limit: GSM3043052_cutadapt_bowtie2_fastqc.html
[2021-11-05 23:46:46,103] multiqc                                            [DEBUG  ]  File ignored by ccs/v4 because it exceeded search pattern filesize limit: GSM3043052_cutadapt_bowtie2_fastqc.log
[2021-11-05 23:46:46,105] multiqc                                            [DEBUG  ]  File ignored by lima/summary because it exceeded search pattern filesize limit: GSM3043052_cutadapt_bowtie2_fastqc.log
[2021-11-05 23:46:46,147] multiqc                                            [DEBUG  ]  File ignored by ccs/v4 because it exceeded search pattern filesize limit: GSM3043052_cutadapt_1_fastqc.html
[2021-11-05 23:46:46,148] multiqc                                            [DEBUG  ]  File ignored by hicexplorer because it exceeded search pattern filesize limit: GSM3043052_cutadapt_1_fastqc.html
[2021-11-05 23:46:46,148] multiqc                                            [DEBUG  ]  File ignored by nanostat because it exceeded search pattern filesize limit: GSM3043052_cutadapt_1_fastqc.html
[2021-11-05 23:46:46,148] multiqc                                            [DEBUG  ]  File ignored by lima/summary because it exceeded search pattern filesize limit: GSM3043052_cutadapt_1_fastqc.html
[2021-11-05 23:46:46,151] multiqc                                            [DEBUG  ]  File ignored by vep/vep_txt because it exceeded search pattern filesize limit: GSM3043052_cutadapt_1_fastqc.html
[2021-11-05 23:46:46,152] multiqc                                            [DEBUG  ]  File ignored by longranger/invocation because it exceeded search pattern filesize limit: GSM3043052_cutadapt_1_fastqc.html
[2021-11-05 23:46:46,152] multiqc                                            [DEBUG  ]  File ignored by rockhopper because it exceeded search pattern filesize limit: GSM3043052_cutadapt_1_fastqc.html
[2021-11-05 23:46:46,152] multiqc                                            [DEBUG  ]  File ignored by rseqc/bam_stat because it exceeded search pattern filesize limit: GSM3043052_cutadapt_1_fastqc.html
[2021-11-05 23:46:46,152] multiqc                                            [DEBUG  ]  File ignored by rseqc/junction_annotation because it exceeded search pattern filesize limit: GSM3043052_cutadapt_1_fastqc.html
[2021-11-05 23:46:46,152] multiqc                                            [DEBUG  ]  File ignored by rseqc/read_distribution because it exceeded search pattern filesize limit: GSM3043052_cutadapt_1_fastqc.html
[2021-11-05 23:46:46,152] multiqc                                            [DEBUG  ]  File ignored by rseqc/infer_experiment because it exceeded search pattern filesize limit: GSM3043052_cutadapt_1_fastqc.html
[2021-11-05 23:46:46,293] multiqc                                            [DEBUG  ]  File ignored by ccs/v4 because it exceeded search pattern filesize limit: GSM3043052_cutadapt_1_fastqc.log
[2021-11-05 23:46:46,294] multiqc                                            [DEBUG  ]  File ignored by lima/summary because it exceeded search pattern filesize limit: GSM3043052_cutadapt_1_fastqc.log
[2021-11-05 23:46:46,308] multiqc                                            [DEBUG  ]  File ignored by ccs/v4 because it exceeded search pattern filesize limit: GSM3043052_1_fastqc.html
[2021-11-05 23:46:46,310] multiqc                                            [DEBUG  ]  File ignored by hicexplorer because it exceeded search pattern filesize limit: GSM3043052_1_fastqc.html
[2021-11-05 23:46:46,310] multiqc                                            [DEBUG  ]  File ignored by nanostat because it exceeded search pattern filesize limit: GSM3043052_1_fastqc.html
[2021-11-05 23:46:46,310] multiqc                                            [DEBUG  ]  File ignored by lima/summary because it exceeded search pattern filesize limit: GSM3043052_1_fastqc.html
[2021-11-05 23:46:46,317] multiqc                                            [DEBUG  ]  File ignored by vep/vep_txt because it exceeded search pattern filesize limit: GSM3043052_1_fastqc.html
[2021-11-05 23:46:46,317] multiqc                                            [DEBUG  ]  File ignored by longranger/invocation because it exceeded search pattern filesize limit: GSM3043052_1_fastqc.html
[2021-11-05 23:46:46,317] multiqc                                            [DEBUG  ]  File ignored by rockhopper because it exceeded search pattern filesize limit: GSM3043052_1_fastqc.html
[2021-11-05 23:46:46,317] multiqc                                            [DEBUG  ]  File ignored by rseqc/bam_stat because it exceeded search pattern filesize limit: GSM3043052_1_fastqc.html
[2021-11-05 23:46:46,317] multiqc                                            [DEBUG  ]  File ignored by rseqc/junction_annotation because it exceeded search pattern filesize limit: GSM3043052_1_fastqc.html
[2021-11-05 23:46:46,317] multiqc                                            [DEBUG  ]  File ignored by rseqc/read_distribution because it exceeded search pattern filesize limit: GSM3043052_1_fastqc.html
[2021-11-05 23:46:46,317] multiqc                                            [DEBUG  ]  File ignored by rseqc/infer_experiment because it exceeded search pattern filesize limit: GSM3043052_1_fastqc.html
[2021-11-05 23:46:46,486] multiqc                                            [DEBUG  ]  File ignored by ccs/v4 because it exceeded search pattern filesize limit: GSM3043052_cutadapt_2_fastqc.html
[2021-11-05 23:46:46,488] multiqc                                            [DEBUG  ]  File ignored by hicexplorer because it exceeded search pattern filesize limit: GSM3043052_cutadapt_2_fastqc.html
[2021-11-05 23:46:46,488] multiqc                                            [DEBUG  ]  File ignored by nanostat because it exceeded search pattern filesize limit: GSM3043052_cutadapt_2_fastqc.html
[2021-11-05 23:46:46,488] multiqc                                            [DEBUG  ]  File ignored by lima/summary because it exceeded search pattern filesize limit: GSM3043052_cutadapt_2_fastqc.html
[2021-11-05 23:46:46,491] multiqc                                            [DEBUG  ]  File ignored by vep/vep_txt because it exceeded search pattern filesize limit: GSM3043052_cutadapt_2_fastqc.html
[2021-11-05 23:46:46,491] multiqc                                            [DEBUG  ]  File ignored by longranger/invocation because it exceeded search pattern filesize limit: GSM3043052_cutadapt_2_fastqc.html
[2021-11-05 23:46:46,491] multiqc                                            [DEBUG  ]  File ignored by rockhopper because it exceeded search pattern filesize limit: GSM3043052_cutadapt_2_fastqc.html
[2021-11-05 23:46:46,491] multiqc                                            [DEBUG  ]  File ignored by rseqc/bam_stat because it exceeded search pattern filesize limit: GSM3043052_cutadapt_2_fastqc.html
[2021-11-05 23:46:46,491] multiqc                                            [DEBUG  ]  File ignored by rseqc/junction_annotation because it exceeded search pattern filesize limit: GSM3043052_cutadapt_2_fastqc.html
[2021-11-05 23:46:46,491] multiqc                                            [DEBUG  ]  File ignored by rseqc/read_distribution because it exceeded search pattern filesize limit: GSM3043052_cutadapt_2_fastqc.html
[2021-11-05 23:46:46,492] multiqc                                            [DEBUG  ]  File ignored by rseqc/infer_experiment because it exceeded search pattern filesize limit: GSM3043052_cutadapt_2_fastqc.html
[2021-11-05 23:46:46,637] multiqc                                            [DEBUG  ]  File ignored by ccs/v4 because it exceeded search pattern filesize limit: GSM3043052_cutadapt_2_fastqc.log
[2021-11-05 23:46:46,638] multiqc                                            [DEBUG  ]  File ignored by lima/summary because it exceeded search pattern filesize limit: GSM3043052_cutadapt_2_fastqc.log
[2021-11-05 23:46:46,684] multiqc                                            [DEBUG  ]  Ignoring file as matched an ignore pattern: GSM3043088_cutadapt_1.fastq.gz
[2021-11-05 23:46:46,684] multiqc                                            [DEBUG  ]  Ignoring file as matched an ignore pattern: GSM3043088_1.fastq.gz
[2021-11-05 23:46:46,685] multiqc                                            [DEBUG  ]  Ignoring file as matched an ignore pattern: GSM3043088_cutadapt.fastq.gz
[2021-11-05 23:46:46,689] multiqc                                            [DEBUG  ]  File ignored by ccs/v4 because it exceeded search pattern filesize limit: GSM3043088_1.fastq.gz_trimming_report.txt
[2021-11-05 23:46:46,691] multiqc                                            [DEBUG  ]  File ignored by lima/summary because it exceeded search pattern filesize limit: GSM3043088_1.fastq.gz_trimming_report.txt
[2021-11-05 23:46:46,693] multiqc                                            [DEBUG  ]  File ignored by longranger/invocation because it exceeded search pattern filesize limit: GSM3043088_1.fastq.gz_trimming_report.txt
[2021-11-05 23:46:46,711] multiqc                                            [DEBUG  ]  Ignoring file as matched an ignore pattern: GSM3043088_2.fastq.gz
[2021-11-05 23:46:46,712] multiqc                                            [DEBUG  ]  Ignoring file as matched an ignore pattern: GSM3043088_cutadapt_bowtie2.bam
[2021-11-05 23:46:46,742] multiqc                                            [DEBUG  ]  Ignoring file as matched an ignore pattern: GSM3043088_cutadapt_bowtie2.bam.bai
[2021-11-05 23:46:46,747] multiqc                                            [DEBUG  ]  File ignored by ccs/v4 because it exceeded search pattern filesize limit: GSM3043088_2.fastq.gz_trimming_report.txt
[2021-11-05 23:46:46,748] multiqc                                            [DEBUG  ]  File ignored by lima/summary because it exceeded search pattern filesize limit: GSM3043088_2.fastq.gz_trimming_report.txt
[2021-11-05 23:46:46,751] multiqc                                            [DEBUG  ]  File ignored by longranger/invocation because it exceeded search pattern filesize limit: GSM3043088_2.fastq.gz_trimming_report.txt
[2021-11-05 23:46:46,830] multiqc                                            [DEBUG  ]  File ignored by ccs/v4 because it exceeded search pattern filesize limit: GSM3043088_cutadapt_bowtie2_bedgraph_to_tdf.log
[2021-11-05 23:46:46,831] multiqc                                            [DEBUG  ]  File ignored by lima/summary because it exceeded search pattern filesize limit: GSM3043088_cutadapt_bowtie2_bedgraph_to_tdf.log
[2021-11-05 23:46:46,875] multiqc                                            [DEBUG  ]  Ignoring file as matched an ignore pattern: GSM3043088_cutadapt_2.fastq.gz
[2021-11-05 23:46:46,879] multiqc                                            [DEBUG  ]  File ignored by ccs/v4 because it exceeded search pattern filesize limit: GSM3043088_cutadapt_bowtie2_minus_strand_bedgraph_to_tdf.log
[2021-11-05 23:46:46,881] multiqc                                            [DEBUG  ]  File ignored by lima/summary because it exceeded search pattern filesize limit: GSM3043088_cutadapt_bowtie2_minus_strand_bedgraph_to_tdf.log
[2021-11-05 23:46:46,914] multiqc                                            [DEBUG  ]  File ignored by ccs/v4 because it exceeded search pattern filesize limit: GSM3043088_cutadapt_bowtie2_plus_strand_bedgraph_to_tdf.log
[2021-11-05 23:46:46,915] multiqc                                            [DEBUG  ]  File ignored by lima/summary because it exceeded search pattern filesize limit: GSM3043088_cutadapt_bowtie2_plus_strand_bedgraph_to_tdf.log
[2021-11-05 23:46:46,938] multiqc                                            [DEBUG  ]  File ignored by ccs/v4 because it exceeded search pattern filesize limit: GSM3043088_cutadapt.log
[2021-11-05 23:46:46,939] multiqc                                            [DEBUG  ]  File ignored by hicexplorer because it exceeded search pattern filesize limit: GSM3043088_cutadapt.log
[2021-11-05 23:46:46,939] multiqc                                            [DEBUG  ]  File ignored by nanostat because it exceeded search pattern filesize limit: GSM3043088_cutadapt.log
[2021-11-05 23:46:46,939] multiqc                                            [DEBUG  ]  File ignored by lima/summary because it exceeded search pattern filesize limit: GSM3043088_cutadapt.log
[2021-11-05 23:46:46,942] multiqc                                            [DEBUG  ]  File ignored by longranger/invocation because it exceeded search pattern filesize limit: GSM3043088_cutadapt.log
[2021-11-05 23:46:47,000] multiqc                                            [DEBUG  ]  File ignored by ccs/v4 because it exceeded search pattern filesize limit: GSM3043088_2_fastqc.html
[2021-11-05 23:46:47,001] multiqc                                            [DEBUG  ]  File ignored by hicexplorer because it exceeded search pattern filesize limit: GSM3043088_2_fastqc.html
[2021-11-05 23:46:47,001] multiqc                                            [DEBUG  ]  File ignored by nanostat because it exceeded search pattern filesize limit: GSM3043088_2_fastqc.html
[2021-11-05 23:46:47,002] multiqc                                            [DEBUG  ]  File ignored by lima/summary because it exceeded search pattern filesize limit: GSM3043088_2_fastqc.html
[2021-11-05 23:46:47,005] multiqc                                            [DEBUG  ]  File ignored by vep/vep_txt because it exceeded search pattern filesize limit: GSM3043088_2_fastqc.html
[2021-11-05 23:46:47,005] multiqc                                            [DEBUG  ]  File ignored by longranger/invocation because it exceeded search pattern filesize limit: GSM3043088_2_fastqc.html
[2021-11-05 23:46:47,005] multiqc                                            [DEBUG  ]  File ignored by rockhopper because it exceeded search pattern filesize limit: GSM3043088_2_fastqc.html
[2021-11-05 23:46:47,005] multiqc                                            [DEBUG  ]  File ignored by rseqc/bam_stat because it exceeded search pattern filesize limit: GSM3043088_2_fastqc.html
[2021-11-05 23:46:47,005] multiqc                                            [DEBUG  ]  File ignored by rseqc/junction_annotation because it exceeded search pattern filesize limit: GSM3043088_2_fastqc.html
[2021-11-05 23:46:47,005] multiqc                                            [DEBUG  ]  File ignored by rseqc/read_distribution because it exceeded search pattern filesize limit: GSM3043088_2_fastqc.html
[2021-11-05 23:46:47,005] multiqc                                            [DEBUG  ]  File ignored by rseqc/infer_experiment because it exceeded search pattern filesize limit: GSM3043088_2_fastqc.html
[2021-11-05 23:46:47,136] multiqc                                            [DEBUG  ]  File ignored by ccs/v4 because it exceeded search pattern filesize limit: GSM3043088_cutadapt_bowtie2_fastqc.log
[2021-11-05 23:46:47,138] multiqc                                            [DEBUG  ]  File ignored by lima/summary because it exceeded search pattern filesize limit: GSM3043088_cutadapt_bowtie2_fastqc.log
[2021-11-05 23:46:47,153] multiqc                                            [DEBUG  ]  File ignored by ccs/v4 because it exceeded search pattern filesize limit: GSM3043088_cutadapt_bowtie2_fastqc.html
[2021-11-05 23:46:47,154] multiqc                                            [DEBUG  ]  File ignored by hicexplorer because it exceeded search pattern filesize limit: GSM3043088_cutadapt_bowtie2_fastqc.html
[2021-11-05 23:46:47,154] multiqc                                            [DEBUG  ]  File ignored by nanostat because it exceeded search pattern filesize limit: GSM3043088_cutadapt_bowtie2_fastqc.html
[2021-11-05 23:46:47,155] multiqc                                            [DEBUG  ]  File ignored by lima/summary because it exceeded search pattern filesize limit: GSM3043088_cutadapt_bowtie2_fastqc.html
[2021-11-05 23:46:47,161] multiqc                                            [DEBUG  ]  File ignored by vep/vep_txt because it exceeded search pattern filesize limit: GSM3043088_cutadapt_bowtie2_fastqc.html
[2021-11-05 23:46:47,161] multiqc                                            [DEBUG  ]  File ignored by longranger/invocation because it exceeded search pattern filesize limit: GSM3043088_cutadapt_bowtie2_fastqc.html
[2021-11-05 23:46:47,161] multiqc                                            [DEBUG  ]  File ignored by rockhopper because it exceeded search pattern filesize limit: GSM3043088_cutadapt_bowtie2_fastqc.html
[2021-11-05 23:46:47,162] multiqc                                            [DEBUG  ]  File ignored by rseqc/bam_stat because it exceeded search pattern filesize limit: GSM3043088_cutadapt_bowtie2_fastqc.html
[2021-11-05 23:46:47,162] multiqc                                            [DEBUG  ]  File ignored by rseqc/junction_annotation because it exceeded search pattern filesize limit: GSM3043088_cutadapt_bowtie2_fastqc.html
[2021-11-05 23:46:47,162] multiqc                                            [DEBUG  ]  File ignored by rseqc/read_distribution because it exceeded search pattern filesize limit: GSM3043088_cutadapt_bowtie2_fastqc.html
[2021-11-05 23:46:47,162] multiqc                                            [DEBUG  ]  File ignored by rseqc/infer_experiment because it exceeded search pattern filesize limit: GSM3043088_cutadapt_bowtie2_fastqc.html
[2021-11-05 23:46:47,305] multiqc                                            [DEBUG  ]  File ignored by ccs/v4 because it exceeded search pattern filesize limit: GSM3043088_cutadapt_1_fastqc.html
[2021-11-05 23:46:47,306] multiqc                                            [DEBUG  ]  File ignored by hicexplorer because it exceeded search pattern filesize limit: GSM3043088_cutadapt_1_fastqc.html
[2021-11-05 23:46:47,307] multiqc                                            [DEBUG  ]  File ignored by nanostat because it exceeded search pattern filesize limit: GSM3043088_cutadapt_1_fastqc.html
[2021-11-05 23:46:47,307] multiqc                                            [DEBUG  ]  File ignored by lima/summary because it exceeded search pattern filesize limit: GSM3043088_cutadapt_1_fastqc.html
[2021-11-05 23:46:47,310] multiqc                                            [DEBUG  ]  File ignored by vep/vep_txt because it exceeded search pattern filesize limit: GSM3043088_cutadapt_1_fastqc.html
[2021-11-05 23:46:47,310] multiqc                                            [DEBUG  ]  File ignored by longranger/invocation because it exceeded search pattern filesize limit: GSM3043088_cutadapt_1_fastqc.html
[2021-11-05 23:46:47,310] multiqc                                            [DEBUG  ]  File ignored by rockhopper because it exceeded search pattern filesize limit: GSM3043088_cutadapt_1_fastqc.html
[2021-11-05 23:46:47,310] multiqc                                            [DEBUG  ]  File ignored by rseqc/bam_stat because it exceeded search pattern filesize limit: GSM3043088_cutadapt_1_fastqc.html
[2021-11-05 23:46:47,310] multiqc                                            [DEBUG  ]  File ignored by rseqc/junction_annotation because it exceeded search pattern filesize limit: GSM3043088_cutadapt_1_fastqc.html
[2021-11-05 23:46:47,310] multiqc                                            [DEBUG  ]  File ignored by rseqc/read_distribution because it exceeded search pattern filesize limit: GSM3043088_cutadapt_1_fastqc.html
[2021-11-05 23:46:47,310] multiqc                                            [DEBUG  ]  File ignored by rseqc/infer_experiment because it exceeded search pattern filesize limit: GSM3043088_cutadapt_1_fastqc.html
[2021-11-05 23:46:47,461] multiqc                                            [DEBUG  ]  File ignored by ccs/v4 because it exceeded search pattern filesize limit: GSM3043088_cutadapt_1_fastqc.log
[2021-11-05 23:46:47,463] multiqc                                            [DEBUG  ]  File ignored by lima/summary because it exceeded search pattern filesize limit: GSM3043088_cutadapt_1_fastqc.log
[2021-11-05 23:46:47,504] multiqc                                            [DEBUG  ]  File ignored by ccs/v4 because it exceeded search pattern filesize limit: GSM3043088_cutadapt_2_fastqc.log
[2021-11-05 23:46:47,506] multiqc                                            [DEBUG  ]  File ignored by lima/summary because it exceeded search pattern filesize limit: GSM3043088_cutadapt_2_fastqc.log
[2021-11-05 23:46:47,520] multiqc                                            [DEBUG  ]  File ignored by ccs/v4 because it exceeded search pattern filesize limit: GSM3043088_cutadapt_2_fastqc.html
[2021-11-05 23:46:47,522] multiqc                                            [DEBUG  ]  File ignored by hicexplorer because it exceeded search pattern filesize limit: GSM3043088_cutadapt_2_fastqc.html
[2021-11-05 23:46:47,522] multiqc                                            [DEBUG  ]  File ignored by nanostat because it exceeded search pattern filesize limit: GSM3043088_cutadapt_2_fastqc.html
[2021-11-05 23:46:47,522] multiqc                                            [DEBUG  ]  File ignored by lima/summary because it exceeded search pattern filesize limit: GSM3043088_cutadapt_2_fastqc.html
[2021-11-05 23:46:47,525] multiqc                                            [DEBUG  ]  File ignored by vep/vep_txt because it exceeded search pattern filesize limit: GSM3043088_cutadapt_2_fastqc.html
[2021-11-05 23:46:47,525] multiqc                                            [DEBUG  ]  File ignored by longranger/invocation because it exceeded search pattern filesize limit: GSM3043088_cutadapt_2_fastqc.html
[2021-11-05 23:46:47,526] multiqc                                            [DEBUG  ]  File ignored by rockhopper because it exceeded search pattern filesize limit: GSM3043088_cutadapt_2_fastqc.html
[2021-11-05 23:46:47,526] multiqc                                            [DEBUG  ]  File ignored by rseqc/bam_stat because it exceeded search pattern filesize limit: GSM3043088_cutadapt_2_fastqc.html
[2021-11-05 23:46:47,526] multiqc                                            [DEBUG  ]  File ignored by rseqc/junction_annotation because it exceeded search pattern filesize limit: GSM3043088_cutadapt_2_fastqc.html
[2021-11-05 23:46:47,526] multiqc                                            [DEBUG  ]  File ignored by rseqc/read_distribution because it exceeded search pattern filesize limit: GSM3043088_cutadapt_2_fastqc.html
[2021-11-05 23:46:47,526] multiqc                                            [DEBUG  ]  File ignored by rseqc/infer_experiment because it exceeded search pattern filesize limit: GSM3043088_cutadapt_2_fastqc.html
[2021-11-05 23:46:47,698] multiqc                                            [DEBUG  ]  File ignored by ccs/v4 because it exceeded search pattern filesize limit: GSM3043088_1_fastqc.html
[2021-11-05 23:46:47,699] multiqc                                            [DEBUG  ]  File ignored by hicexplorer because it exceeded search pattern filesize limit: GSM3043088_1_fastqc.html
[2021-11-05 23:46:47,700] multiqc                                            [DEBUG  ]  File ignored by nanostat because it exceeded search pattern filesize limit: GSM3043088_1_fastqc.html
[2021-11-05 23:46:47,700] multiqc                                            [DEBUG  ]  File ignored by lima/summary because it exceeded search pattern filesize limit: GSM3043088_1_fastqc.html
[2021-11-05 23:46:47,703] multiqc                                            [DEBUG  ]  File ignored by vep/vep_txt because it exceeded search pattern filesize limit: GSM3043088_1_fastqc.html
[2021-11-05 23:46:47,703] multiqc                                            [DEBUG  ]  File ignored by longranger/invocation because it exceeded search pattern filesize limit: GSM3043088_1_fastqc.html
[2021-11-05 23:46:47,703] multiqc                                            [DEBUG  ]  File ignored by rockhopper because it exceeded search pattern filesize limit: GSM3043088_1_fastqc.html
[2021-11-05 23:46:47,703] multiqc                                            [DEBUG  ]  File ignored by rseqc/bam_stat because it exceeded search pattern filesize limit: GSM3043088_1_fastqc.html
[2021-11-05 23:46:47,703] multiqc                                            [DEBUG  ]  File ignored by rseqc/junction_annotation because it exceeded search pattern filesize limit: GSM3043088_1_fastqc.html
[2021-11-05 23:46:47,703] multiqc                                            [DEBUG  ]  File ignored by rseqc/read_distribution because it exceeded search pattern filesize limit: GSM3043088_1_fastqc.html
[2021-11-05 23:46:47,703] multiqc                                            [DEBUG  ]  File ignored by rseqc/infer_experiment because it exceeded search pattern filesize limit: GSM3043088_1_fastqc.html
[2021-11-05 23:46:47,828] multiqc                                            [DEBUG  ]  Ignoring file as matched an ignore pattern: DS00075_peaks.bed
[2021-11-05 23:46:47,833] multiqc                                            [DEBUG  ]  File ignored by ccs/v4 because it exceeded search pattern filesize limit: DS00075_peaks.fasta
[2021-11-05 23:46:47,834] multiqc                                            [DEBUG  ]  File ignored by hicexplorer because it exceeded search pattern filesize limit: DS00075_peaks.fasta
[2021-11-05 23:46:47,834] multiqc                                            [DEBUG  ]  File ignored by nanostat because it exceeded search pattern filesize limit: DS00075_peaks.fasta
[2021-11-05 23:46:47,835] multiqc                                            [DEBUG  ]  File ignored by lima/summary because it exceeded search pattern filesize limit: DS00075_peaks.fasta
[2021-11-05 23:46:47,837] multiqc                                            [DEBUG  ]  File ignored by vep/vep_txt because it exceeded search pattern filesize limit: DS00075_peaks.fasta
[2021-11-05 23:46:47,837] multiqc                                            [DEBUG  ]  File ignored by longranger/invocation because it exceeded search pattern filesize limit: DS00075_peaks.fasta
[2021-11-05 23:46:47,914] multiqc                                            [DEBUG  ]  File ignored by ccs/v4 because it exceeded search pattern filesize limit: DS00075_peaks.ft
[2021-11-05 23:46:47,915] multiqc                                            [DEBUG  ]  File ignored by lima/summary because it exceeded search pattern filesize limit: DS00075_peaks.ft
[2021-11-05 23:46:47,918] multiqc                                            [DEBUG  ]  File ignored by longranger/invocation because it exceeded search pattern filesize limit: DS00075_peaks.ft
[2021-11-05 23:46:47,933] multiqc                                            [DEBUG  ]  Ignoring file as matched an ignore pattern: DS00075_sites.bed
[2021-11-05 23:46:47,937] multiqc                                            [DEBUG  ]  File ignored by ccs/v4 because it exceeded search pattern filesize limit: DS00075_matrix.tab
[2021-11-05 23:46:47,939] multiqc                                            [DEBUG  ]  File ignored by lima/summary because it exceeded search pattern filesize limit: DS00075_matrix.tab
[2021-11-05 23:46:47,941] multiqc                                            [DEBUG  ]  File ignored by longranger/invocation because it exceeded search pattern filesize limit: DS00075_matrix.tab
[2021-11-05 23:46:47,947] multiqc                                            [DEBUG  ]  Ignoring file as matched an ignore pattern: DS00075_summits.bed
[2021-11-05 23:46:47,953] multiqc                                            [DEBUG  ]  File ignored by ccs/v4 because it exceeded search pattern filesize limit: DS00075_peaks.narrowPeak
[2021-11-05 23:46:47,955] multiqc                                            [DEBUG  ]  File ignored by hicexplorer because it exceeded search pattern filesize limit: DS00075_peaks.narrowPeak
[2021-11-05 23:46:47,955] multiqc                                            [DEBUG  ]  File ignored by nanostat because it exceeded search pattern filesize limit: DS00075_peaks.narrowPeak
[2021-11-05 23:46:47,955] multiqc                                            [DEBUG  ]  File ignored by lima/summary because it exceeded search pattern filesize limit: DS00075_peaks.narrowPeak
[2021-11-05 23:46:47,957] multiqc                                            [DEBUG  ]  File ignored by longranger/invocation because it exceeded search pattern filesize limit: DS00075_peaks.narrowPeak
[2021-11-05 23:46:48,415] multiqc.plots.bargraph                             [DEBUG  ]  Using matplotlib version 3.4.3
[2021-11-05 23:46:48,416] multiqc.plots.linegraph                            [DEBUG  ]  Using matplotlib version 3.4.3
[2021-11-05 23:46:48,417] multiqc                                            [DEBUG  ]  No samples found: custom_content
[2021-11-05 23:46:48,424] multiqc                                            [DEBUG  ]  No samples found: ccs
[2021-11-05 23:46:48,430] multiqc                                            [DEBUG  ]  No samples found: ngsderive
[2021-11-05 23:46:48,436] multiqc                                            [DEBUG  ]  No samples found: purple
[2021-11-05 23:46:48,443] multiqc                                            [DEBUG  ]  No samples found: conpair
[2021-11-05 23:46:48,449] multiqc                                            [DEBUG  ]  No samples found: lima
[2021-11-05 23:46:48,456] multiqc                                            [DEBUG  ]  No samples found: peddy
[2021-11-05 23:46:48,464] multiqc                                            [DEBUG  ]  No samples found: somalier
[2021-11-05 23:46:48,471] multiqc                                            [DEBUG  ]  No samples found: methylQA
[2021-11-05 23:46:48,478] multiqc.modules.mosdepth.mosdepth                  [DEBUG  ]  include_contigs: []
[2021-11-05 23:46:48,478] multiqc.modules.mosdepth.mosdepth                  [DEBUG  ]  exclude_contigs: []
[2021-11-05 23:46:48,479] multiqc                                            [DEBUG  ]  No samples found: mosdepth
[2021-11-05 23:46:48,485] multiqc                                            [DEBUG  ]  No samples found: phantompeakqualtools
[2021-11-05 23:46:48,491] multiqc                                            [DEBUG  ]  No samples found: qualimap
[2021-11-05 23:46:48,498] multiqc                                            [DEBUG  ]  No samples found: preseq
[2021-11-05 23:46:48,504] multiqc                                            [DEBUG  ]  No samples found: quast
[2021-11-05 23:46:48,510] multiqc                                            [DEBUG  ]  No samples found: qorts
[2021-11-05 23:46:48,517] multiqc                                            [DEBUG  ]  No samples found: rna_seqc
[2021-11-05 23:46:48,523] multiqc                                            [DEBUG  ]  No samples found: rockhopper
[2021-11-05 23:46:48,529] multiqc                                            [DEBUG  ]  No samples found: rsem
[2021-11-05 23:46:48,538] multiqc                                            [DEBUG  ]  No samples found: rseqc
[2021-11-05 23:46:48,545] multiqc                                            [DEBUG  ]  No samples found: busco
[2021-11-05 23:46:48,551] multiqc                                            [DEBUG  ]  No samples found: bustools
[2021-11-05 23:46:48,557] multiqc                                            [DEBUG  ]  No samples found: goleft_indexcov
[2021-11-05 23:46:48,564] multiqc                                            [DEBUG  ]  No samples found: gffcompare
[2021-11-05 23:46:48,570] multiqc                                            [DEBUG  ]  No samples found: disambiguate
[2021-11-05 23:46:48,576] multiqc                                            [DEBUG  ]  No samples found: supernova
[2021-11-05 23:46:48,585] multiqc                                            [DEBUG  ]  No samples found: deeptools
[2021-11-05 23:46:48,592] multiqc                                            [DEBUG  ]  No samples found: sargasso
[2021-11-05 23:46:48,598] multiqc                                            [DEBUG  ]  No samples found: verifybamid
[2021-11-05 23:46:48,605] multiqc                                            [DEBUG  ]  No samples found: mirtrace
[2021-11-05 23:46:48,611] multiqc                                            [DEBUG  ]  No samples found: happy
[2021-11-05 23:46:48,617] multiqc                                            [DEBUG  ]  No samples found: mirtop
[2021-11-05 23:46:48,624] multiqc                                            [DEBUG  ]  No samples found: sambamba
[2021-11-05 23:46:48,630] multiqc                                            [DEBUG  ]  No samples found: homer
[2021-11-05 23:46:48,637] multiqc                                            [DEBUG  ]  No samples found: hops
[2021-11-05 23:46:48,649] multiqc.modules.macs2.macs2                        [DEBUG  ]  Duplicate sample name found! Overwriting: DS00075
[2021-11-05 23:46:48,649] multiqc.modules.macs2.macs2                        [INFO   ]  Found 1 logs
[2021-11-05 23:46:48,661] multiqc                                            [DEBUG  ]  No samples found: theta2
[2021-11-05 23:46:48,667] multiqc                                            [DEBUG  ]  No samples found: snpeff
[2021-11-05 23:46:48,675] multiqc                                            [DEBUG  ]  No samples found: gatk
[2021-11-05 23:46:48,681] multiqc                                            [DEBUG  ]  No samples found: htseq
[2021-11-05 23:46:48,688] multiqc                                            [DEBUG  ]  No samples found: bcftools
[2021-11-05 23:46:48,694] multiqc                                            [DEBUG  ]  No samples found: featureCounts
[2021-11-05 23:46:48,702] multiqc                                            [DEBUG  ]  No samples found: fgbio
[2021-11-05 23:46:48,712] multiqc                                            [DEBUG  ]  No samples found: dragen
[2021-11-05 23:46:48,718] multiqc                                            [DEBUG  ]  No samples found: dedup
[2021-11-05 23:46:48,725] multiqc                                            [DEBUG  ]  No samples found: damageprofiler
[2021-11-05 23:46:48,738] multiqc                                            [DEBUG  ]  No samples found: biobambam2
[2021-11-05 23:46:48,744] multiqc                                            [DEBUG  ]  No samples found: jcvi
[2021-11-05 23:46:48,750] multiqc                                            [DEBUG  ]  No samples found: mtnucratio
[2021-11-05 23:46:48,756] multiqc                                            [DEBUG  ]  No samples found: picard
[2021-11-05 23:46:48,762] multiqc                                            [DEBUG  ]  No samples found: vep
[2021-11-05 23:46:48,769] multiqc                                            [DEBUG  ]  No samples found: sentieon
[2021-11-05 23:46:48,776] multiqc                                            [DEBUG  ]  No samples found: prokka
[2021-11-05 23:46:48,782] multiqc                                            [DEBUG  ]  No samples found: qc3C
[2021-11-05 23:46:48,789] multiqc                                            [DEBUG  ]  No samples found: nanostat
[2021-11-05 23:46:48,795] multiqc                                            [DEBUG  ]  No samples found: samblaster
[2021-11-05 23:46:48,815] multiqc.modules.samtools.samtools                  [INFO   ]  Found 4 flagstat reports
[2021-11-05 23:46:48,821] multiqc                                            [DEBUG  ]  No samples found: sexdeterrmine
[2021-11-05 23:46:48,828] multiqc                                            [DEBUG  ]  No samples found: eigenstratdatabasetools
[2021-11-05 23:46:48,834] multiqc                                            [DEBUG  ]  No samples found: bamtools
[2021-11-05 23:46:48,840] multiqc                                            [DEBUG  ]  No samples found: jellyfish
[2021-11-05 23:46:48,847] multiqc                                            [DEBUG  ]  No samples found: vcftools
[2021-11-05 23:46:48,854] multiqc                                            [DEBUG  ]  No samples found: longranger
[2021-11-05 23:46:48,860] multiqc                                            [DEBUG  ]  No samples found: stacks
[2021-11-05 23:46:48,866] multiqc                                            [DEBUG  ]  No samples found: varscan2
[2021-11-05 23:46:48,873] multiqc                                            [DEBUG  ]  No samples found: snippy
[2021-11-05 23:46:48,882] multiqc                                            [DEBUG  ]  No samples found: bbmap
[2021-11-05 23:46:48,888] multiqc                                            [DEBUG  ]  No samples found: bismark
[2021-11-05 23:46:48,895] multiqc                                            [DEBUG  ]  No samples found: biscuit
[2021-11-05 23:46:48,902] multiqc                                            [DEBUG  ]  No samples found: hicexplorer
[2021-11-05 23:46:48,908] multiqc                                            [DEBUG  ]  No samples found: hicup
[2021-11-05 23:46:48,914] multiqc                                            [DEBUG  ]  No samples found: hicpro
[2021-11-05 23:46:48,920] multiqc                                            [DEBUG  ]  No samples found: salmon
[2021-11-05 23:46:48,927] multiqc                                            [DEBUG  ]  No samples found: kallisto
[2021-11-05 23:46:48,933] multiqc                                            [DEBUG  ]  No samples found: slamdunk
[2021-11-05 23:46:48,940] multiqc                                            [DEBUG  ]  No samples found: star
[2021-11-05 23:46:48,946] multiqc                                            [DEBUG  ]  No samples found: hisat2
[2021-11-05 23:46:48,952] multiqc                                            [DEBUG  ]  No samples found: tophat
[2021-11-05 23:46:48,964] multiqc.modules.bowtie2.bowtie2                    [INFO   ]  Found 4 reports
[2021-11-05 23:46:48,975] multiqc                                            [DEBUG  ]  No samples found: bowtie1
[2021-11-05 23:46:48,981] multiqc                                            [DEBUG  ]  No samples found: snpsplit
[2021-11-05 23:46:48,987] multiqc                                            [DEBUG  ]  No samples found: odgi
[2021-11-05 23:46:48,993] multiqc                                            [DEBUG  ]  No samples found: pangolin
[2021-11-05 23:46:49,000] multiqc                                            [DEBUG  ]  No samples found: kat
[2021-11-05 23:46:49,006] multiqc                                            [DEBUG  ]  No samples found: leehom
[2021-11-05 23:46:49,012] multiqc                                            [DEBUG  ]  No samples found: adapterRemoval
[2021-11-05 23:46:49,019] multiqc                                            [DEBUG  ]  No samples found: clipandmerge
[2021-11-05 23:46:49,036] multiqc.modules.cutadapt.cutadapt                  [DEBUG  ]  Duplicate sample name found! Overwriting: GSM3043051_2
[2021-11-05 23:46:49,039] multiqc.modules.cutadapt.cutadapt                  [DEBUG  ]  Duplicate sample name found! Overwriting: GSM3043051_1
[2021-11-05 23:46:49,044] multiqc.modules.cutadapt.cutadapt                  [DEBUG  ]  Duplicate sample name found! Overwriting: GSM3043087_1
[2021-11-05 23:46:49,051] multiqc.modules.cutadapt.cutadapt                  [DEBUG  ]  Duplicate sample name found! Overwriting: GSM3043087_2
[2021-11-05 23:46:49,060] multiqc.modules.cutadapt.cutadapt                  [DEBUG  ]  Duplicate sample name found! Overwriting: GSM3043052_1
[2021-11-05 23:46:49,063] multiqc.modules.cutadapt.cutadapt                  [DEBUG  ]  Duplicate sample name found! Overwriting: GSM3043052_2
[2021-11-05 23:46:49,071] multiqc.modules.cutadapt.cutadapt                  [DEBUG  ]  Duplicate sample name found! Overwriting: GSM3043088_1
[2021-11-05 23:46:49,074] multiqc.modules.cutadapt.cutadapt                  [DEBUG  ]  Duplicate sample name found! Overwriting: GSM3043088_2
[2021-11-05 23:46:49,077] multiqc.modules.cutadapt.cutadapt                  [INFO   ]  Found 8 reports
[2021-11-05 23:46:49,095] multiqc                                            [DEBUG  ]  No samples found: flexbar
[2021-11-05 23:46:49,101] multiqc                                            [DEBUG  ]  No samples found: kaiju
[2021-11-05 23:46:49,108] multiqc                                            [DEBUG  ]  No samples found: kraken
[2021-11-05 23:46:49,114] multiqc                                            [DEBUG  ]  No samples found: malt
[2021-11-05 23:46:49,120] multiqc                                            [DEBUG  ]  No samples found: trimmomatic
[2021-11-05 23:46:49,126] multiqc                                            [DEBUG  ]  No samples found: sickle
[2021-11-05 23:46:49,132] multiqc                                            [DEBUG  ]  No samples found: skewer
[2021-11-05 23:46:49,138] multiqc                                            [DEBUG  ]  No samples found: sortmerna
[2021-11-05 23:46:49,145] multiqc                                            [DEBUG  ]  No samples found: biobloomtools
[2021-11-05 23:46:49,151] multiqc                                            [DEBUG  ]  No samples found: fastq_screen
[2021-11-05 23:46:49,157] multiqc                                            [DEBUG  ]  No samples found: afterqc
[2021-11-05 23:46:49,163] multiqc                                            [DEBUG  ]  No samples found: fastp
[2021-11-05 23:46:49,225] multiqc.modules.fastqc.fastqc                      [INFO   ]  Found 20 reports
[2021-11-05 23:46:49,391] multiqc                                            [DEBUG  ]  No samples found: pychopper
[2021-11-05 23:46:49,397] multiqc                                            [DEBUG  ]  No samples found: pycoqc
[2021-11-05 23:46:49,404] multiqc                                            [DEBUG  ]  No samples found: minionqc
[2021-11-05 23:46:49,410] multiqc                                            [DEBUG  ]  No samples found: multivcfanalyzer
[2021-11-05 23:46:49,416] multiqc                                            [DEBUG  ]  No samples found: clusterflow
[2021-11-05 23:46:49,423] multiqc                                            [DEBUG  ]  No samples found: bcl2fastq
[2021-11-05 23:46:49,429] multiqc                                            [DEBUG  ]  No samples found: bclconvert
[2021-11-05 23:46:49,436] multiqc                                            [DEBUG  ]  No samples found: interop
[2021-11-05 23:46:49,442] multiqc                                            [DEBUG  ]  No samples found: ivar
[2021-11-05 23:46:49,448] multiqc                                            [DEBUG  ]  No samples found: flash
[2021-11-05 23:46:49,455] multiqc                                            [DEBUG  ]  No samples found: seqyclean
[2021-11-05 23:46:49,462] multiqc                                            [DEBUG  ]  No samples found: optitype
[2021-11-05 23:46:49,519] multiqc                                            [INFO   ]  Compressing plot data
[2021-11-05 23:46:50,085] multiqc                                            [INFO   ]  Report      : ChIP-seq_collection/GSE111874/datasets/DS00075/multiQC/multiqc_report.html
[2021-11-05 23:46:50,085] multiqc                                            [INFO   ]  Data        : ChIP-seq_collection/GSE111874/datasets/DS00075/multiQC/multiqc_data
[2021-11-05 23:46:50,085] multiqc                                            [DEBUG  ]  Moving data file from '/tmp/tmp_2pfjpz3/multiqc_data' to 'ChIP-seq_collection/GSE111874/datasets/DS00075/multiQC/multiqc_data'
[2021-11-05 23:46:50,266] multiqc                                            [INFO   ]  MultiQC complete
