[2021-11-06 06:29:32,130] multiqc                                            [DEBUG  ]  This is MultiQC v1.11
[2021-11-06 06:29:32,130] multiqc                                            [DEBUG  ]  No MultiQC config found: /home/rioualen/miniconda3/envs/snakemake/lib/python3.9/site-packages/multiqc_config.yaml
[2021-11-06 06:29:32,130] multiqc                                            [DEBUG  ]  No MultiQC config found: /home/rioualen/.multiqc_config.yaml
[2021-11-06 06:29:32,130] multiqc                                            [DEBUG  ]  No MultiQC config found: multiqc_config.yaml
[2021-11-06 06:29:32,130] multiqc                                            [DEBUG  ]  Command used: /home/rioualen/miniconda3/envs/snakemake/bin/multiqc ChIP-seq_collection/GSE111874/samples/GSM3043053 ChIP-seq_collection/GSE111874/samples/GSM3043089 ChIP-seq_collection/GSE111874/datasets/DS00076 ChIP-seq_collection/GSE111874/samples/GSM3043054 ChIP-seq_collection/GSE111874/samples/GSM3043090 ChIP-seq_collection/GSE111874/datasets/DS00076 -o ChIP-seq_collection/GSE111874/datasets/DS00076/multiQC
[2021-11-06 06:29:32,317] multiqc                                            [DEBUG  ]  Latest MultiQC version is v1.11
[2021-11-06 06:29:32,317] multiqc                                            [DEBUG  ]  Command     : /home/rioualen/miniconda3/envs/snakemake/bin/multiqc ChIP-seq_collection/GSE111874/samples/GSM3043053 ChIP-seq_collection/GSE111874/samples/GSM3043089 ChIP-seq_collection/GSE111874/datasets/DS00076 ChIP-seq_collection/GSE111874/samples/GSM3043054 ChIP-seq_collection/GSE111874/samples/GSM3043090 ChIP-seq_collection/GSE111874/datasets/DS00076 -o ChIP-seq_collection/GSE111874/datasets/DS00076/multiQC
[2021-11-06 06:29:32,317] multiqc                                            [DEBUG  ]  Working dir : /workspace/rioualen/HT_collections
[2021-11-06 06:29:32,317] multiqc                                            [DEBUG  ]  Template    : default
[2021-11-06 06:29:32,317] multiqc                                            [DEBUG  ]  Running Python 3.9.7 | packaged by conda-forge | (default, Sep 29 2021, 19:20:46)  [GCC 9.4.0]
[2021-11-06 06:29:32,318] multiqc                                            [DEBUG  ]  Analysing modules: custom_content, ccs, ngsderive, purple, conpair, lima, peddy, somalier, methylQA, mosdepth, phantompeakqualtools, qualimap, preseq, quast, qorts, rna_seqc, rockhopper, rsem, rseqc, busco, bustools, goleft_indexcov, gffcompare, disambiguate, supernova, deeptools, sargasso, verifybamid, mirtrace, happy, mirtop, sambamba, homer, hops, macs2, theta2, snpeff, gatk, htseq, bcftools, featureCounts, fgbio, dragen, dedup, damageprofiler, biobambam2, jcvi, mtnucratio, picard, vep, sentieon, prokka, qc3C, nanostat, samblaster, samtools, sexdeterrmine, eigenstratdatabasetools, bamtools, jellyfish, vcftools, longranger, stacks, varscan2, snippy, bbmap, bismark, biscuit, hicexplorer, hicup, hicpro, salmon, kallisto, slamdunk, star, hisat2, tophat, bowtie2, bowtie1, snpsplit, odgi, pangolin, kat, leehom, adapterRemoval, clipandmerge, cutadapt, flexbar, kaiju, kraken, malt, trimmomatic, sickle, skewer, sortmerna, biobloomtools, fastq_screen, afterqc, fastp, fastqc, pychopper, pycoqc, minionqc, multivcfanalyzer, clusterflow, bcl2fastq, bclconvert, interop, ivar, flash, seqyclean, optitype
[2021-11-06 06:29:32,318] multiqc                                            [DEBUG  ]  Using temporary directory for creating report: /tmp/tmpefi0485m
[2021-11-06 06:29:32,461] multiqc                                            [INFO   ]  Search path : /workspace/rioualen/HT_collections/ChIP-seq_collection/GSE111874/samples/GSM3043053
[2021-11-06 06:29:32,462] multiqc                                            [INFO   ]  Search path : /workspace/rioualen/HT_collections/ChIP-seq_collection/GSE111874/samples/GSM3043089
[2021-11-06 06:29:32,462] multiqc                                            [INFO   ]  Search path : /workspace/rioualen/HT_collections/ChIP-seq_collection/GSE111874/datasets/DS00076
[2021-11-06 06:29:32,462] multiqc                                            [INFO   ]  Search path : /workspace/rioualen/HT_collections/ChIP-seq_collection/GSE111874/samples/GSM3043054
[2021-11-06 06:29:32,462] multiqc                                            [INFO   ]  Search path : /workspace/rioualen/HT_collections/ChIP-seq_collection/GSE111874/samples/GSM3043090
[2021-11-06 06:29:32,462] multiqc                                            [INFO   ]  Search path : /workspace/rioualen/HT_collections/ChIP-seq_collection/GSE111874/datasets/DS00076
[2021-11-06 06:29:32,489] multiqc                                            [DEBUG  ]  Ignoring file as matched an ignore pattern: GSM3043053_cutadapt_bowtie2.bam.bai
[2021-11-06 06:29:32,490] multiqc                                            [DEBUG  ]  Ignoring file as matched an ignore pattern: GSM3043053_cutadapt_1.fastq.gz
[2021-11-06 06:29:32,539] multiqc                                            [DEBUG  ]  Ignoring file as matched an ignore pattern: GSM3043053_cutadapt_bowtie2.bam
[2021-11-06 06:29:32,584] multiqc                                            [DEBUG  ]  Ignoring file as matched an ignore pattern: GSM3043053_2.fastq.gz
[2021-11-06 06:29:32,631] multiqc                                            [DEBUG  ]  File ignored by ccs/v4 because it exceeded search pattern filesize limit: GSM3043053_cutadapt_bowtie2_plus_strand_bedgraph_to_tdf.log
[2021-11-06 06:29:32,632] multiqc                                            [DEBUG  ]  File ignored by lima/summary because it exceeded search pattern filesize limit: GSM3043053_cutadapt_bowtie2_plus_strand_bedgraph_to_tdf.log
[2021-11-06 06:29:32,654] multiqc                                            [DEBUG  ]  File ignored by ccs/v4 because it exceeded search pattern filesize limit: GSM3043053_cutadapt_bowtie2_minus_strand_bedgraph_to_tdf.log
[2021-11-06 06:29:32,656] multiqc                                            [DEBUG  ]  File ignored by lima/summary because it exceeded search pattern filesize limit: GSM3043053_cutadapt_bowtie2_minus_strand_bedgraph_to_tdf.log
[2021-11-06 06:29:32,663] multiqc                                            [DEBUG  ]  Ignoring file as matched an ignore pattern: GSM3043053_cutadapt.fastq.gz
[2021-11-06 06:29:32,716] multiqc                                            [DEBUG  ]  Ignoring file as matched an ignore pattern: GSM3043053_cutadapt_2.fastq.gz
[2021-11-06 06:29:32,809] multiqc                                            [DEBUG  ]  File ignored by ccs/v4 because it exceeded search pattern filesize limit: GSM3043053_cutadapt_bowtie2_bedgraph_to_tdf.log
[2021-11-06 06:29:32,810] multiqc                                            [DEBUG  ]  File ignored by lima/summary because it exceeded search pattern filesize limit: GSM3043053_cutadapt_bowtie2_bedgraph_to_tdf.log
[2021-11-06 06:29:32,817] multiqc                                            [DEBUG  ]  Ignoring file as matched an ignore pattern: GSM3043053_1.fastq.gz
[2021-11-06 06:29:32,822] multiqc                                            [DEBUG  ]  File ignored by ccs/v4 because it exceeded search pattern filesize limit: GSM3043053_1.fastq.gz_trimming_report.txt
[2021-11-06 06:29:32,823] multiqc                                            [DEBUG  ]  File ignored by lima/summary because it exceeded search pattern filesize limit: GSM3043053_1.fastq.gz_trimming_report.txt
[2021-11-06 06:29:32,825] multiqc                                            [DEBUG  ]  File ignored by longranger/invocation because it exceeded search pattern filesize limit: GSM3043053_1.fastq.gz_trimming_report.txt
[2021-11-06 06:29:32,848] multiqc                                            [DEBUG  ]  File ignored by ccs/v4 because it exceeded search pattern filesize limit: GSM3043053_2.fastq.gz_trimming_report.txt
[2021-11-06 06:29:32,849] multiqc                                            [DEBUG  ]  File ignored by lima/summary because it exceeded search pattern filesize limit: GSM3043053_2.fastq.gz_trimming_report.txt
[2021-11-06 06:29:32,852] multiqc                                            [DEBUG  ]  File ignored by longranger/invocation because it exceeded search pattern filesize limit: GSM3043053_2.fastq.gz_trimming_report.txt
[2021-11-06 06:29:32,863] multiqc                                            [DEBUG  ]  File ignored by ccs/v4 because it exceeded search pattern filesize limit: GSM3043053_cutadapt.log
[2021-11-06 06:29:32,864] multiqc                                            [DEBUG  ]  File ignored by hicexplorer because it exceeded search pattern filesize limit: GSM3043053_cutadapt.log
[2021-11-06 06:29:32,864] multiqc                                            [DEBUG  ]  File ignored by nanostat because it exceeded search pattern filesize limit: GSM3043053_cutadapt.log
[2021-11-06 06:29:32,864] multiqc                                            [DEBUG  ]  File ignored by lima/summary because it exceeded search pattern filesize limit: GSM3043053_cutadapt.log
[2021-11-06 06:29:32,866] multiqc                                            [DEBUG  ]  File ignored by longranger/invocation because it exceeded search pattern filesize limit: GSM3043053_cutadapt.log
[2021-11-06 06:29:32,985] multiqc                                            [DEBUG  ]  File ignored by ccs/v4 because it exceeded search pattern filesize limit: GSM3043053_2_fastqc.html
[2021-11-06 06:29:32,987] multiqc                                            [DEBUG  ]  File ignored by hicexplorer because it exceeded search pattern filesize limit: GSM3043053_2_fastqc.html
[2021-11-06 06:29:32,987] multiqc                                            [DEBUG  ]  File ignored by nanostat because it exceeded search pattern filesize limit: GSM3043053_2_fastqc.html
[2021-11-06 06:29:32,987] multiqc                                            [DEBUG  ]  File ignored by lima/summary because it exceeded search pattern filesize limit: GSM3043053_2_fastqc.html
[2021-11-06 06:29:32,990] multiqc                                            [DEBUG  ]  File ignored by vep/vep_txt because it exceeded search pattern filesize limit: GSM3043053_2_fastqc.html
[2021-11-06 06:29:32,990] multiqc                                            [DEBUG  ]  File ignored by longranger/invocation because it exceeded search pattern filesize limit: GSM3043053_2_fastqc.html
[2021-11-06 06:29:32,991] multiqc                                            [DEBUG  ]  File ignored by rockhopper because it exceeded search pattern filesize limit: GSM3043053_2_fastqc.html
[2021-11-06 06:29:32,991] multiqc                                            [DEBUG  ]  File ignored by rseqc/bam_stat because it exceeded search pattern filesize limit: GSM3043053_2_fastqc.html
[2021-11-06 06:29:32,991] multiqc                                            [DEBUG  ]  File ignored by rseqc/junction_annotation because it exceeded search pattern filesize limit: GSM3043053_2_fastqc.html
[2021-11-06 06:29:32,991] multiqc                                            [DEBUG  ]  File ignored by rseqc/read_distribution because it exceeded search pattern filesize limit: GSM3043053_2_fastqc.html
[2021-11-06 06:29:32,991] multiqc                                            [DEBUG  ]  File ignored by rseqc/infer_experiment because it exceeded search pattern filesize limit: GSM3043053_2_fastqc.html
[2021-11-06 06:29:33,172] multiqc                                            [DEBUG  ]  File ignored by ccs/v4 because it exceeded search pattern filesize limit: GSM3043053_cutadapt_1_fastqc.html
[2021-11-06 06:29:33,174] multiqc                                            [DEBUG  ]  File ignored by hicexplorer because it exceeded search pattern filesize limit: GSM3043053_cutadapt_1_fastqc.html
[2021-11-06 06:29:33,174] multiqc                                            [DEBUG  ]  File ignored by nanostat because it exceeded search pattern filesize limit: GSM3043053_cutadapt_1_fastqc.html
[2021-11-06 06:29:33,174] multiqc                                            [DEBUG  ]  File ignored by lima/summary because it exceeded search pattern filesize limit: GSM3043053_cutadapt_1_fastqc.html
[2021-11-06 06:29:33,177] multiqc                                            [DEBUG  ]  File ignored by vep/vep_txt because it exceeded search pattern filesize limit: GSM3043053_cutadapt_1_fastqc.html
[2021-11-06 06:29:33,177] multiqc                                            [DEBUG  ]  File ignored by longranger/invocation because it exceeded search pattern filesize limit: GSM3043053_cutadapt_1_fastqc.html
[2021-11-06 06:29:33,177] multiqc                                            [DEBUG  ]  File ignored by rockhopper because it exceeded search pattern filesize limit: GSM3043053_cutadapt_1_fastqc.html
[2021-11-06 06:29:33,178] multiqc                                            [DEBUG  ]  File ignored by rseqc/bam_stat because it exceeded search pattern filesize limit: GSM3043053_cutadapt_1_fastqc.html
[2021-11-06 06:29:33,178] multiqc                                            [DEBUG  ]  File ignored by rseqc/junction_annotation because it exceeded search pattern filesize limit: GSM3043053_cutadapt_1_fastqc.html
[2021-11-06 06:29:33,178] multiqc                                            [DEBUG  ]  File ignored by rseqc/read_distribution because it exceeded search pattern filesize limit: GSM3043053_cutadapt_1_fastqc.html
[2021-11-06 06:29:33,178] multiqc                                            [DEBUG  ]  File ignored by rseqc/infer_experiment because it exceeded search pattern filesize limit: GSM3043053_cutadapt_1_fastqc.html
[2021-11-06 06:29:33,314] multiqc                                            [DEBUG  ]  File ignored by ccs/v4 because it exceeded search pattern filesize limit: GSM3043053_cutadapt_1_fastqc.log
[2021-11-06 06:29:33,316] multiqc                                            [DEBUG  ]  File ignored by lima/summary because it exceeded search pattern filesize limit: GSM3043053_cutadapt_1_fastqc.log
[2021-11-06 06:29:33,459] multiqc                                            [DEBUG  ]  File ignored by ccs/v4 because it exceeded search pattern filesize limit: GSM3043053_1_fastqc.html
[2021-11-06 06:29:33,461] multiqc                                            [DEBUG  ]  File ignored by hicexplorer because it exceeded search pattern filesize limit: GSM3043053_1_fastqc.html
[2021-11-06 06:29:33,461] multiqc                                            [DEBUG  ]  File ignored by nanostat because it exceeded search pattern filesize limit: GSM3043053_1_fastqc.html
[2021-11-06 06:29:33,461] multiqc                                            [DEBUG  ]  File ignored by lima/summary because it exceeded search pattern filesize limit: GSM3043053_1_fastqc.html
[2021-11-06 06:29:33,464] multiqc                                            [DEBUG  ]  File ignored by vep/vep_txt because it exceeded search pattern filesize limit: GSM3043053_1_fastqc.html
[2021-11-06 06:29:33,464] multiqc                                            [DEBUG  ]  File ignored by longranger/invocation because it exceeded search pattern filesize limit: GSM3043053_1_fastqc.html
[2021-11-06 06:29:33,464] multiqc                                            [DEBUG  ]  File ignored by rockhopper because it exceeded search pattern filesize limit: GSM3043053_1_fastqc.html
[2021-11-06 06:29:33,465] multiqc                                            [DEBUG  ]  File ignored by rseqc/bam_stat because it exceeded search pattern filesize limit: GSM3043053_1_fastqc.html
[2021-11-06 06:29:33,465] multiqc                                            [DEBUG  ]  File ignored by rseqc/junction_annotation because it exceeded search pattern filesize limit: GSM3043053_1_fastqc.html
[2021-11-06 06:29:33,465] multiqc                                            [DEBUG  ]  File ignored by rseqc/read_distribution because it exceeded search pattern filesize limit: GSM3043053_1_fastqc.html
[2021-11-06 06:29:33,465] multiqc                                            [DEBUG  ]  File ignored by rseqc/infer_experiment because it exceeded search pattern filesize limit: GSM3043053_1_fastqc.html
[2021-11-06 06:29:33,691] multiqc                                            [DEBUG  ]  File ignored by ccs/v4 because it exceeded search pattern filesize limit: GSM3043053_cutadapt_2_fastqc.html
[2021-11-06 06:29:33,692] multiqc                                            [DEBUG  ]  File ignored by hicexplorer because it exceeded search pattern filesize limit: GSM3043053_cutadapt_2_fastqc.html
[2021-11-06 06:29:33,693] multiqc                                            [DEBUG  ]  File ignored by nanostat because it exceeded search pattern filesize limit: GSM3043053_cutadapt_2_fastqc.html
[2021-11-06 06:29:33,693] multiqc                                            [DEBUG  ]  File ignored by lima/summary because it exceeded search pattern filesize limit: GSM3043053_cutadapt_2_fastqc.html
[2021-11-06 06:29:33,696] multiqc                                            [DEBUG  ]  File ignored by vep/vep_txt because it exceeded search pattern filesize limit: GSM3043053_cutadapt_2_fastqc.html
[2021-11-06 06:29:33,696] multiqc                                            [DEBUG  ]  File ignored by longranger/invocation because it exceeded search pattern filesize limit: GSM3043053_cutadapt_2_fastqc.html
[2021-11-06 06:29:33,696] multiqc                                            [DEBUG  ]  File ignored by rockhopper because it exceeded search pattern filesize limit: GSM3043053_cutadapt_2_fastqc.html
[2021-11-06 06:29:33,696] multiqc                                            [DEBUG  ]  File ignored by rseqc/bam_stat because it exceeded search pattern filesize limit: GSM3043053_cutadapt_2_fastqc.html
[2021-11-06 06:29:33,696] multiqc                                            [DEBUG  ]  File ignored by rseqc/junction_annotation because it exceeded search pattern filesize limit: GSM3043053_cutadapt_2_fastqc.html
[2021-11-06 06:29:33,696] multiqc                                            [DEBUG  ]  File ignored by rseqc/read_distribution because it exceeded search pattern filesize limit: GSM3043053_cutadapt_2_fastqc.html
[2021-11-06 06:29:33,696] multiqc                                            [DEBUG  ]  File ignored by rseqc/infer_experiment because it exceeded search pattern filesize limit: GSM3043053_cutadapt_2_fastqc.html
[2021-11-06 06:29:33,867] multiqc                                            [DEBUG  ]  File ignored by ccs/v4 because it exceeded search pattern filesize limit: GSM3043053_cutadapt_2_fastqc.log
[2021-11-06 06:29:33,869] multiqc                                            [DEBUG  ]  File ignored by lima/summary because it exceeded search pattern filesize limit: GSM3043053_cutadapt_2_fastqc.log
[2021-11-06 06:29:34,000] multiqc                                            [DEBUG  ]  File ignored by ccs/v4 because it exceeded search pattern filesize limit: GSM3043053_cutadapt_bowtie2_fastqc.html
[2021-11-06 06:29:34,002] multiqc                                            [DEBUG  ]  File ignored by hicexplorer because it exceeded search pattern filesize limit: GSM3043053_cutadapt_bowtie2_fastqc.html
[2021-11-06 06:29:34,002] multiqc                                            [DEBUG  ]  File ignored by nanostat because it exceeded search pattern filesize limit: GSM3043053_cutadapt_bowtie2_fastqc.html
[2021-11-06 06:29:34,002] multiqc                                            [DEBUG  ]  File ignored by lima/summary because it exceeded search pattern filesize limit: GSM3043053_cutadapt_bowtie2_fastqc.html
[2021-11-06 06:29:34,005] multiqc                                            [DEBUG  ]  File ignored by vep/vep_txt because it exceeded search pattern filesize limit: GSM3043053_cutadapt_bowtie2_fastqc.html
[2021-11-06 06:29:34,005] multiqc                                            [DEBUG  ]  File ignored by longranger/invocation because it exceeded search pattern filesize limit: GSM3043053_cutadapt_bowtie2_fastqc.html
[2021-11-06 06:29:34,005] multiqc                                            [DEBUG  ]  File ignored by rockhopper because it exceeded search pattern filesize limit: GSM3043053_cutadapt_bowtie2_fastqc.html
[2021-11-06 06:29:34,005] multiqc                                            [DEBUG  ]  File ignored by rseqc/bam_stat because it exceeded search pattern filesize limit: GSM3043053_cutadapt_bowtie2_fastqc.html
[2021-11-06 06:29:34,006] multiqc                                            [DEBUG  ]  File ignored by rseqc/junction_annotation because it exceeded search pattern filesize limit: GSM3043053_cutadapt_bowtie2_fastqc.html
[2021-11-06 06:29:34,006] multiqc                                            [DEBUG  ]  File ignored by rseqc/read_distribution because it exceeded search pattern filesize limit: GSM3043053_cutadapt_bowtie2_fastqc.html
[2021-11-06 06:29:34,006] multiqc                                            [DEBUG  ]  File ignored by rseqc/infer_experiment because it exceeded search pattern filesize limit: GSM3043053_cutadapt_bowtie2_fastqc.html
[2021-11-06 06:29:34,147] multiqc                                            [DEBUG  ]  File ignored by ccs/v4 because it exceeded search pattern filesize limit: GSM3043053_cutadapt_bowtie2_fastqc.log
[2021-11-06 06:29:34,148] multiqc                                            [DEBUG  ]  File ignored by lima/summary because it exceeded search pattern filesize limit: GSM3043053_cutadapt_bowtie2_fastqc.log
[2021-11-06 06:29:34,204] multiqc                                            [DEBUG  ]  File ignored by ccs/v4 because it exceeded search pattern filesize limit: GSM3043089_cutadapt_bowtie2_minus_strand_bedgraph_to_tdf.log
[2021-11-06 06:29:34,206] multiqc                                            [DEBUG  ]  File ignored by lima/summary because it exceeded search pattern filesize limit: GSM3043089_cutadapt_bowtie2_minus_strand_bedgraph_to_tdf.log
[2021-11-06 06:29:34,267] multiqc                                            [DEBUG  ]  File ignored by ccs/v4 because it exceeded search pattern filesize limit: GSM3043089_1.fastq.gz_trimming_report.txt
[2021-11-06 06:29:34,268] multiqc                                            [DEBUG  ]  File ignored by lima/summary because it exceeded search pattern filesize limit: GSM3043089_1.fastq.gz_trimming_report.txt
[2021-11-06 06:29:34,271] multiqc                                            [DEBUG  ]  File ignored by longranger/invocation because it exceeded search pattern filesize limit: GSM3043089_1.fastq.gz_trimming_report.txt
[2021-11-06 06:29:34,282] multiqc                                            [DEBUG  ]  File ignored by ccs/v4 because it exceeded search pattern filesize limit: GSM3043089_cutadapt.log
[2021-11-06 06:29:34,283] multiqc                                            [DEBUG  ]  File ignored by hicexplorer because it exceeded search pattern filesize limit: GSM3043089_cutadapt.log
[2021-11-06 06:29:34,283] multiqc                                            [DEBUG  ]  File ignored by nanostat because it exceeded search pattern filesize limit: GSM3043089_cutadapt.log
[2021-11-06 06:29:34,283] multiqc                                            [DEBUG  ]  File ignored by lima/summary because it exceeded search pattern filesize limit: GSM3043089_cutadapt.log
[2021-11-06 06:29:34,286] multiqc                                            [DEBUG  ]  File ignored by longranger/invocation because it exceeded search pattern filesize limit: GSM3043089_cutadapt.log
[2021-11-06 06:29:34,354] multiqc                                            [DEBUG  ]  Ignoring file as matched an ignore pattern: GSM3043089_cutadapt.fastq.gz
[2021-11-06 06:29:34,369] multiqc                                            [DEBUG  ]  Ignoring file as matched an ignore pattern: GSM3043089_1.fastq.gz
[2021-11-06 06:29:34,436] multiqc                                            [DEBUG  ]  Ignoring file as matched an ignore pattern: GSM3043089_2.fastq.gz
[2021-11-06 06:29:34,436] multiqc                                            [DEBUG  ]  Ignoring file as matched an ignore pattern: GSM3043089_cutadapt_bowtie2.bam
[2021-11-06 06:29:34,436] multiqc                                            [DEBUG  ]  Ignoring file as matched an ignore pattern: GSM3043089_cutadapt_1.fastq.gz
[2021-11-06 06:29:34,440] multiqc                                            [DEBUG  ]  File ignored by ccs/v4 because it exceeded search pattern filesize limit: GSM3043089_cutadapt_bowtie2_bedgraph_to_tdf.log
[2021-11-06 06:29:34,442] multiqc                                            [DEBUG  ]  File ignored by lima/summary because it exceeded search pattern filesize limit: GSM3043089_cutadapt_bowtie2_bedgraph_to_tdf.log
[2021-11-06 06:29:34,489] multiqc                                            [DEBUG  ]  File ignored by ccs/v4 because it exceeded search pattern filesize limit: GSM3043089_cutadapt_bowtie2_plus_strand_bedgraph_to_tdf.log
[2021-11-06 06:29:34,491] multiqc                                            [DEBUG  ]  File ignored by lima/summary because it exceeded search pattern filesize limit: GSM3043089_cutadapt_bowtie2_plus_strand_bedgraph_to_tdf.log
[2021-11-06 06:29:34,510] multiqc                                            [DEBUG  ]  Ignoring file as matched an ignore pattern: GSM3043089_cutadapt_bowtie2.bam.bai
[2021-11-06 06:29:34,553] multiqc                                            [DEBUG  ]  File ignored by ccs/v4 because it exceeded search pattern filesize limit: GSM3043089_2.fastq.gz_trimming_report.txt
[2021-11-06 06:29:34,554] multiqc                                            [DEBUG  ]  File ignored by lima/summary because it exceeded search pattern filesize limit: GSM3043089_2.fastq.gz_trimming_report.txt
[2021-11-06 06:29:34,557] multiqc                                            [DEBUG  ]  File ignored by longranger/invocation because it exceeded search pattern filesize limit: GSM3043089_2.fastq.gz_trimming_report.txt
[2021-11-06 06:29:34,563] multiqc                                            [DEBUG  ]  Ignoring file as matched an ignore pattern: GSM3043089_cutadapt_2.fastq.gz
[2021-11-06 06:29:34,597] multiqc                                            [DEBUG  ]  File ignored by ccs/v4 because it exceeded search pattern filesize limit: GSM3043089_2_fastqc.html
[2021-11-06 06:29:34,599] multiqc                                            [DEBUG  ]  File ignored by hicexplorer because it exceeded search pattern filesize limit: GSM3043089_2_fastqc.html
[2021-11-06 06:29:34,599] multiqc                                            [DEBUG  ]  File ignored by nanostat because it exceeded search pattern filesize limit: GSM3043089_2_fastqc.html
[2021-11-06 06:29:34,599] multiqc                                            [DEBUG  ]  File ignored by lima/summary because it exceeded search pattern filesize limit: GSM3043089_2_fastqc.html
[2021-11-06 06:29:34,602] multiqc                                            [DEBUG  ]  File ignored by vep/vep_txt because it exceeded search pattern filesize limit: GSM3043089_2_fastqc.html
[2021-11-06 06:29:34,602] multiqc                                            [DEBUG  ]  File ignored by longranger/invocation because it exceeded search pattern filesize limit: GSM3043089_2_fastqc.html
[2021-11-06 06:29:34,602] multiqc                                            [DEBUG  ]  File ignored by rockhopper because it exceeded search pattern filesize limit: GSM3043089_2_fastqc.html
[2021-11-06 06:29:34,602] multiqc                                            [DEBUG  ]  File ignored by rseqc/bam_stat because it exceeded search pattern filesize limit: GSM3043089_2_fastqc.html
[2021-11-06 06:29:34,602] multiqc                                            [DEBUG  ]  File ignored by rseqc/junction_annotation because it exceeded search pattern filesize limit: GSM3043089_2_fastqc.html
[2021-11-06 06:29:34,602] multiqc                                            [DEBUG  ]  File ignored by rseqc/read_distribution because it exceeded search pattern filesize limit: GSM3043089_2_fastqc.html
[2021-11-06 06:29:34,602] multiqc                                            [DEBUG  ]  File ignored by rseqc/infer_experiment because it exceeded search pattern filesize limit: GSM3043089_2_fastqc.html
[2021-11-06 06:29:34,882] multiqc                                            [DEBUG  ]  File ignored by ccs/v4 because it exceeded search pattern filesize limit: GSM3043089_cutadapt_bowtie2_fastqc.html
[2021-11-06 06:29:34,888] multiqc                                            [DEBUG  ]  File ignored by hicexplorer because it exceeded search pattern filesize limit: GSM3043089_cutadapt_bowtie2_fastqc.html
[2021-11-06 06:29:34,888] multiqc                                            [DEBUG  ]  File ignored by nanostat because it exceeded search pattern filesize limit: GSM3043089_cutadapt_bowtie2_fastqc.html
[2021-11-06 06:29:34,888] multiqc                                            [DEBUG  ]  File ignored by lima/summary because it exceeded search pattern filesize limit: GSM3043089_cutadapt_bowtie2_fastqc.html
[2021-11-06 06:29:34,891] multiqc                                            [DEBUG  ]  File ignored by vep/vep_txt because it exceeded search pattern filesize limit: GSM3043089_cutadapt_bowtie2_fastqc.html
[2021-11-06 06:29:34,891] multiqc                                            [DEBUG  ]  File ignored by longranger/invocation because it exceeded search pattern filesize limit: GSM3043089_cutadapt_bowtie2_fastqc.html
[2021-11-06 06:29:34,891] multiqc                                            [DEBUG  ]  File ignored by rockhopper because it exceeded search pattern filesize limit: GSM3043089_cutadapt_bowtie2_fastqc.html
[2021-11-06 06:29:34,891] multiqc                                            [DEBUG  ]  File ignored by rseqc/bam_stat because it exceeded search pattern filesize limit: GSM3043089_cutadapt_bowtie2_fastqc.html
[2021-11-06 06:29:34,891] multiqc                                            [DEBUG  ]  File ignored by rseqc/junction_annotation because it exceeded search pattern filesize limit: GSM3043089_cutadapt_bowtie2_fastqc.html
[2021-11-06 06:29:34,891] multiqc                                            [DEBUG  ]  File ignored by rseqc/read_distribution because it exceeded search pattern filesize limit: GSM3043089_cutadapt_bowtie2_fastqc.html
[2021-11-06 06:29:34,892] multiqc                                            [DEBUG  ]  File ignored by rseqc/infer_experiment because it exceeded search pattern filesize limit: GSM3043089_cutadapt_bowtie2_fastqc.html
[2021-11-06 06:29:35,005] multiqc                                            [DEBUG  ]  File ignored by ccs/v4 because it exceeded search pattern filesize limit: GSM3043089_cutadapt_bowtie2_fastqc.log
[2021-11-06 06:29:35,007] multiqc                                            [DEBUG  ]  File ignored by lima/summary because it exceeded search pattern filesize limit: GSM3043089_cutadapt_bowtie2_fastqc.log
[2021-11-06 06:29:35,168] multiqc                                            [DEBUG  ]  File ignored by ccs/v4 because it exceeded search pattern filesize limit: GSM3043089_cutadapt_1_fastqc.html
[2021-11-06 06:29:35,169] multiqc                                            [DEBUG  ]  File ignored by hicexplorer because it exceeded search pattern filesize limit: GSM3043089_cutadapt_1_fastqc.html
[2021-11-06 06:29:35,170] multiqc                                            [DEBUG  ]  File ignored by nanostat because it exceeded search pattern filesize limit: GSM3043089_cutadapt_1_fastqc.html
[2021-11-06 06:29:35,170] multiqc                                            [DEBUG  ]  File ignored by lima/summary because it exceeded search pattern filesize limit: GSM3043089_cutadapt_1_fastqc.html
[2021-11-06 06:29:35,173] multiqc                                            [DEBUG  ]  File ignored by vep/vep_txt because it exceeded search pattern filesize limit: GSM3043089_cutadapt_1_fastqc.html
[2021-11-06 06:29:35,173] multiqc                                            [DEBUG  ]  File ignored by longranger/invocation because it exceeded search pattern filesize limit: GSM3043089_cutadapt_1_fastqc.html
[2021-11-06 06:29:35,173] multiqc                                            [DEBUG  ]  File ignored by rockhopper because it exceeded search pattern filesize limit: GSM3043089_cutadapt_1_fastqc.html
[2021-11-06 06:29:35,173] multiqc                                            [DEBUG  ]  File ignored by rseqc/bam_stat because it exceeded search pattern filesize limit: GSM3043089_cutadapt_1_fastqc.html
[2021-11-06 06:29:35,173] multiqc                                            [DEBUG  ]  File ignored by rseqc/junction_annotation because it exceeded search pattern filesize limit: GSM3043089_cutadapt_1_fastqc.html
[2021-11-06 06:29:35,173] multiqc                                            [DEBUG  ]  File ignored by rseqc/read_distribution because it exceeded search pattern filesize limit: GSM3043089_cutadapt_1_fastqc.html
[2021-11-06 06:29:35,173] multiqc                                            [DEBUG  ]  File ignored by rseqc/infer_experiment because it exceeded search pattern filesize limit: GSM3043089_cutadapt_1_fastqc.html
[2021-11-06 06:29:35,322] multiqc                                            [DEBUG  ]  File ignored by ccs/v4 because it exceeded search pattern filesize limit: GSM3043089_cutadapt_1_fastqc.log
[2021-11-06 06:29:35,324] multiqc                                            [DEBUG  ]  File ignored by lima/summary because it exceeded search pattern filesize limit: GSM3043089_cutadapt_1_fastqc.log
[2021-11-06 06:29:35,343] multiqc                                            [DEBUG  ]  File ignored by ccs/v4 because it exceeded search pattern filesize limit: GSM3043089_cutadapt_2_fastqc.html
[2021-11-06 06:29:35,344] multiqc                                            [DEBUG  ]  File ignored by hicexplorer because it exceeded search pattern filesize limit: GSM3043089_cutadapt_2_fastqc.html
[2021-11-06 06:29:35,345] multiqc                                            [DEBUG  ]  File ignored by nanostat because it exceeded search pattern filesize limit: GSM3043089_cutadapt_2_fastqc.html
[2021-11-06 06:29:35,345] multiqc                                            [DEBUG  ]  File ignored by lima/summary because it exceeded search pattern filesize limit: GSM3043089_cutadapt_2_fastqc.html
[2021-11-06 06:29:35,348] multiqc                                            [DEBUG  ]  File ignored by vep/vep_txt because it exceeded search pattern filesize limit: GSM3043089_cutadapt_2_fastqc.html
[2021-11-06 06:29:35,348] multiqc                                            [DEBUG  ]  File ignored by longranger/invocation because it exceeded search pattern filesize limit: GSM3043089_cutadapt_2_fastqc.html
[2021-11-06 06:29:35,348] multiqc                                            [DEBUG  ]  File ignored by rockhopper because it exceeded search pattern filesize limit: GSM3043089_cutadapt_2_fastqc.html
[2021-11-06 06:29:35,348] multiqc                                            [DEBUG  ]  File ignored by rseqc/bam_stat because it exceeded search pattern filesize limit: GSM3043089_cutadapt_2_fastqc.html
[2021-11-06 06:29:35,348] multiqc                                            [DEBUG  ]  File ignored by rseqc/junction_annotation because it exceeded search pattern filesize limit: GSM3043089_cutadapt_2_fastqc.html
[2021-11-06 06:29:35,348] multiqc                                            [DEBUG  ]  File ignored by rseqc/read_distribution because it exceeded search pattern filesize limit: GSM3043089_cutadapt_2_fastqc.html
[2021-11-06 06:29:35,348] multiqc                                            [DEBUG  ]  File ignored by rseqc/infer_experiment because it exceeded search pattern filesize limit: GSM3043089_cutadapt_2_fastqc.html
[2021-11-06 06:29:35,490] multiqc                                            [DEBUG  ]  File ignored by ccs/v4 because it exceeded search pattern filesize limit: GSM3043089_cutadapt_2_fastqc.log
[2021-11-06 06:29:35,491] multiqc                                            [DEBUG  ]  File ignored by lima/summary because it exceeded search pattern filesize limit: GSM3043089_cutadapt_2_fastqc.log
[2021-11-06 06:29:35,598] multiqc                                            [DEBUG  ]  File ignored by ccs/v4 because it exceeded search pattern filesize limit: GSM3043089_1_fastqc.html
[2021-11-06 06:29:35,600] multiqc                                            [DEBUG  ]  File ignored by hicexplorer because it exceeded search pattern filesize limit: GSM3043089_1_fastqc.html
[2021-11-06 06:29:35,600] multiqc                                            [DEBUG  ]  File ignored by nanostat because it exceeded search pattern filesize limit: GSM3043089_1_fastqc.html
[2021-11-06 06:29:35,600] multiqc                                            [DEBUG  ]  File ignored by lima/summary because it exceeded search pattern filesize limit: GSM3043089_1_fastqc.html
[2021-11-06 06:29:35,603] multiqc                                            [DEBUG  ]  File ignored by vep/vep_txt because it exceeded search pattern filesize limit: GSM3043089_1_fastqc.html
[2021-11-06 06:29:35,603] multiqc                                            [DEBUG  ]  File ignored by longranger/invocation because it exceeded search pattern filesize limit: GSM3043089_1_fastqc.html
[2021-11-06 06:29:35,603] multiqc                                            [DEBUG  ]  File ignored by rockhopper because it exceeded search pattern filesize limit: GSM3043089_1_fastqc.html
[2021-11-06 06:29:35,603] multiqc                                            [DEBUG  ]  File ignored by rseqc/bam_stat because it exceeded search pattern filesize limit: GSM3043089_1_fastqc.html
[2021-11-06 06:29:35,603] multiqc                                            [DEBUG  ]  File ignored by rseqc/junction_annotation because it exceeded search pattern filesize limit: GSM3043089_1_fastqc.html
[2021-11-06 06:29:35,604] multiqc                                            [DEBUG  ]  File ignored by rseqc/read_distribution because it exceeded search pattern filesize limit: GSM3043089_1_fastqc.html
[2021-11-06 06:29:35,604] multiqc                                            [DEBUG  ]  File ignored by rseqc/infer_experiment because it exceeded search pattern filesize limit: GSM3043089_1_fastqc.html
[2021-11-06 06:29:35,741] multiqc                                            [DEBUG  ]  File ignored by ccs/v4 because it exceeded search pattern filesize limit: DS00076_sites.fasta
[2021-11-06 06:29:35,743] multiqc                                            [DEBUG  ]  File ignored by lima/summary because it exceeded search pattern filesize limit: DS00076_sites.fasta
[2021-11-06 06:29:35,764] multiqc                                            [DEBUG  ]  File ignored by ccs/v4 because it exceeded search pattern filesize limit: DS00076_peaks.fasta
[2021-11-06 06:29:35,765] multiqc                                            [DEBUG  ]  File ignored by hicexplorer because it exceeded search pattern filesize limit: DS00076_peaks.fasta
[2021-11-06 06:29:35,765] multiqc                                            [DEBUG  ]  File ignored by nanostat because it exceeded search pattern filesize limit: DS00076_peaks.fasta
[2021-11-06 06:29:35,765] multiqc                                            [DEBUG  ]  File ignored by lima/summary because it exceeded search pattern filesize limit: DS00076_peaks.fasta
[2021-11-06 06:29:35,768] multiqc                                            [DEBUG  ]  File ignored by vep/vep_txt because it exceeded search pattern filesize limit: DS00076_peaks.fasta
[2021-11-06 06:29:35,768] multiqc                                            [DEBUG  ]  File ignored by longranger/invocation because it exceeded search pattern filesize limit: DS00076_peaks.fasta
[2021-11-06 06:29:35,888] multiqc                                            [DEBUG  ]  File ignored by ccs/v4 because it exceeded search pattern filesize limit: DS00076_matrix.tab
[2021-11-06 06:29:35,889] multiqc                                            [DEBUG  ]  File ignored by lima/summary because it exceeded search pattern filesize limit: DS00076_matrix.tab
[2021-11-06 06:29:35,892] multiqc                                            [DEBUG  ]  File ignored by longranger/invocation because it exceeded search pattern filesize limit: DS00076_matrix.tab
[2021-11-06 06:29:35,898] multiqc                                            [DEBUG  ]  Ignoring file as matched an ignore pattern: DS00076_sites.bed
[2021-11-06 06:29:35,902] multiqc                                            [DEBUG  ]  File ignored by ccs/v4 because it exceeded search pattern filesize limit: DS00076_peaks.ft
[2021-11-06 06:29:35,904] multiqc                                            [DEBUG  ]  File ignored by lima/summary because it exceeded search pattern filesize limit: DS00076_peaks.ft
[2021-11-06 06:29:35,906] multiqc                                            [DEBUG  ]  File ignored by longranger/invocation because it exceeded search pattern filesize limit: DS00076_peaks.ft
[2021-11-06 06:29:35,912] multiqc                                            [DEBUG  ]  Ignoring file as matched an ignore pattern: DS00076_peaks.bed
[2021-11-06 06:29:35,917] multiqc                                            [DEBUG  ]  File ignored by ccs/v4 because it exceeded search pattern filesize limit: DS00076_peaks.narrowPeak
[2021-11-06 06:29:35,918] multiqc                                            [DEBUG  ]  File ignored by hicexplorer because it exceeded search pattern filesize limit: DS00076_peaks.narrowPeak
[2021-11-06 06:29:35,919] multiqc                                            [DEBUG  ]  File ignored by nanostat because it exceeded search pattern filesize limit: DS00076_peaks.narrowPeak
[2021-11-06 06:29:35,919] multiqc                                            [DEBUG  ]  File ignored by lima/summary because it exceeded search pattern filesize limit: DS00076_peaks.narrowPeak
[2021-11-06 06:29:35,921] multiqc                                            [DEBUG  ]  File ignored by longranger/invocation because it exceeded search pattern filesize limit: DS00076_peaks.narrowPeak
[2021-11-06 06:29:35,961] multiqc                                            [DEBUG  ]  Ignoring file as matched an ignore pattern: DS00076_summits.bed
[2021-11-06 06:29:35,967] multiqc                                            [DEBUG  ]  File ignored by ccs/v4 because it exceeded search pattern filesize limit: GSM3043054_cutadapt_bowtie2_plus_strand_bedgraph_to_tdf.log
[2021-11-06 06:29:35,969] multiqc                                            [DEBUG  ]  File ignored by lima/summary because it exceeded search pattern filesize limit: GSM3043054_cutadapt_bowtie2_plus_strand_bedgraph_to_tdf.log
[2021-11-06 06:29:36,012] multiqc                                            [DEBUG  ]  File ignored by ccs/v4 because it exceeded search pattern filesize limit: GSM3043054_cutadapt.log
[2021-11-06 06:29:36,013] multiqc                                            [DEBUG  ]  File ignored by hicexplorer because it exceeded search pattern filesize limit: GSM3043054_cutadapt.log
[2021-11-06 06:29:36,013] multiqc                                            [DEBUG  ]  File ignored by nanostat because it exceeded search pattern filesize limit: GSM3043054_cutadapt.log
[2021-11-06 06:29:36,013] multiqc                                            [DEBUG  ]  File ignored by lima/summary because it exceeded search pattern filesize limit: GSM3043054_cutadapt.log
[2021-11-06 06:29:36,016] multiqc                                            [DEBUG  ]  File ignored by longranger/invocation because it exceeded search pattern filesize limit: GSM3043054_cutadapt.log
[2021-11-06 06:29:36,027] multiqc                                            [DEBUG  ]  Ignoring file as matched an ignore pattern: GSM3043054_cutadapt_bowtie2.bam.bai
[2021-11-06 06:29:36,058] multiqc                                            [DEBUG  ]  File ignored by ccs/v4 because it exceeded search pattern filesize limit: GSM3043054_cutadapt_bowtie2_bedgraph_to_tdf.log
[2021-11-06 06:29:36,060] multiqc                                            [DEBUG  ]  File ignored by lima/summary because it exceeded search pattern filesize limit: GSM3043054_cutadapt_bowtie2_bedgraph_to_tdf.log
[2021-11-06 06:29:36,067] multiqc                                            [DEBUG  ]  Ignoring file as matched an ignore pattern: GSM3043054_2.fastq.gz
[2021-11-06 06:29:36,135] multiqc                                            [DEBUG  ]  Ignoring file as matched an ignore pattern: GSM3043054_cutadapt_bowtie2.bam
[2021-11-06 06:29:36,186] multiqc                                            [DEBUG  ]  Ignoring file as matched an ignore pattern: GSM3043054_1.fastq.gz
[2021-11-06 06:29:36,186] multiqc                                            [DEBUG  ]  Ignoring file as matched an ignore pattern: GSM3043054_cutadapt_2.fastq.gz
[2021-11-06 06:29:36,209] multiqc                                            [DEBUG  ]  File ignored by ccs/v4 because it exceeded search pattern filesize limit: GSM3043054_2.fastq.gz_trimming_report.txt
[2021-11-06 06:29:36,210] multiqc                                            [DEBUG  ]  File ignored by lima/summary because it exceeded search pattern filesize limit: GSM3043054_2.fastq.gz_trimming_report.txt
[2021-11-06 06:29:36,213] multiqc                                            [DEBUG  ]  File ignored by longranger/invocation because it exceeded search pattern filesize limit: GSM3043054_2.fastq.gz_trimming_report.txt
[2021-11-06 06:29:36,240] multiqc                                            [DEBUG  ]  Ignoring file as matched an ignore pattern: GSM3043054_cutadapt.fastq.gz
[2021-11-06 06:29:36,266] multiqc                                            [DEBUG  ]  Ignoring file as matched an ignore pattern: GSM3043054_cutadapt_1.fastq.gz
[2021-11-06 06:29:36,373] multiqc                                            [DEBUG  ]  File ignored by ccs/v4 because it exceeded search pattern filesize limit: GSM3043054_cutadapt_bowtie2_minus_strand_bedgraph_to_tdf.log
[2021-11-06 06:29:36,374] multiqc                                            [DEBUG  ]  File ignored by lima/summary because it exceeded search pattern filesize limit: GSM3043054_cutadapt_bowtie2_minus_strand_bedgraph_to_tdf.log
[2021-11-06 06:29:36,398] multiqc                                            [DEBUG  ]  File ignored by ccs/v4 because it exceeded search pattern filesize limit: GSM3043054_1.fastq.gz_trimming_report.txt
[2021-11-06 06:29:36,400] multiqc                                            [DEBUG  ]  File ignored by lima/summary because it exceeded search pattern filesize limit: GSM3043054_1.fastq.gz_trimming_report.txt
[2021-11-06 06:29:36,402] multiqc                                            [DEBUG  ]  File ignored by longranger/invocation because it exceeded search pattern filesize limit: GSM3043054_1.fastq.gz_trimming_report.txt
[2021-11-06 06:29:36,494] multiqc                                            [DEBUG  ]  File ignored by ccs/v4 because it exceeded search pattern filesize limit: GSM3043054_2_fastqc.html
[2021-11-06 06:29:36,496] multiqc                                            [DEBUG  ]  File ignored by hicexplorer because it exceeded search pattern filesize limit: GSM3043054_2_fastqc.html
[2021-11-06 06:29:36,496] multiqc                                            [DEBUG  ]  File ignored by nanostat because it exceeded search pattern filesize limit: GSM3043054_2_fastqc.html
[2021-11-06 06:29:36,496] multiqc                                            [DEBUG  ]  File ignored by lima/summary because it exceeded search pattern filesize limit: GSM3043054_2_fastqc.html
[2021-11-06 06:29:36,499] multiqc                                            [DEBUG  ]  File ignored by vep/vep_txt because it exceeded search pattern filesize limit: GSM3043054_2_fastqc.html
[2021-11-06 06:29:36,499] multiqc                                            [DEBUG  ]  File ignored by longranger/invocation because it exceeded search pattern filesize limit: GSM3043054_2_fastqc.html
[2021-11-06 06:29:36,499] multiqc                                            [DEBUG  ]  File ignored by rockhopper because it exceeded search pattern filesize limit: GSM3043054_2_fastqc.html
[2021-11-06 06:29:36,499] multiqc                                            [DEBUG  ]  File ignored by rseqc/bam_stat because it exceeded search pattern filesize limit: GSM3043054_2_fastqc.html
[2021-11-06 06:29:36,499] multiqc                                            [DEBUG  ]  File ignored by rseqc/junction_annotation because it exceeded search pattern filesize limit: GSM3043054_2_fastqc.html
[2021-11-06 06:29:36,499] multiqc                                            [DEBUG  ]  File ignored by rseqc/read_distribution because it exceeded search pattern filesize limit: GSM3043054_2_fastqc.html
[2021-11-06 06:29:36,500] multiqc                                            [DEBUG  ]  File ignored by rseqc/infer_experiment because it exceeded search pattern filesize limit: GSM3043054_2_fastqc.html
[2021-11-06 06:29:36,784] multiqc                                            [DEBUG  ]  File ignored by ccs/v4 because it exceeded search pattern filesize limit: GSM3043054_cutadapt_2_fastqc.html
[2021-11-06 06:29:36,785] multiqc                                            [DEBUG  ]  File ignored by hicexplorer because it exceeded search pattern filesize limit: GSM3043054_cutadapt_2_fastqc.html
[2021-11-06 06:29:36,786] multiqc                                            [DEBUG  ]  File ignored by nanostat because it exceeded search pattern filesize limit: GSM3043054_cutadapt_2_fastqc.html
[2021-11-06 06:29:36,786] multiqc                                            [DEBUG  ]  File ignored by lima/summary because it exceeded search pattern filesize limit: GSM3043054_cutadapt_2_fastqc.html
[2021-11-06 06:29:36,793] multiqc                                            [DEBUG  ]  File ignored by vep/vep_txt because it exceeded search pattern filesize limit: GSM3043054_cutadapt_2_fastqc.html
[2021-11-06 06:29:36,793] multiqc                                            [DEBUG  ]  File ignored by longranger/invocation because it exceeded search pattern filesize limit: GSM3043054_cutadapt_2_fastqc.html
[2021-11-06 06:29:36,793] multiqc                                            [DEBUG  ]  File ignored by rockhopper because it exceeded search pattern filesize limit: GSM3043054_cutadapt_2_fastqc.html
[2021-11-06 06:29:36,793] multiqc                                            [DEBUG  ]  File ignored by rseqc/bam_stat because it exceeded search pattern filesize limit: GSM3043054_cutadapt_2_fastqc.html
[2021-11-06 06:29:36,793] multiqc                                            [DEBUG  ]  File ignored by rseqc/junction_annotation because it exceeded search pattern filesize limit: GSM3043054_cutadapt_2_fastqc.html
[2021-11-06 06:29:36,793] multiqc                                            [DEBUG  ]  File ignored by rseqc/read_distribution because it exceeded search pattern filesize limit: GSM3043054_cutadapt_2_fastqc.html
[2021-11-06 06:29:36,793] multiqc                                            [DEBUG  ]  File ignored by rseqc/infer_experiment because it exceeded search pattern filesize limit: GSM3043054_cutadapt_2_fastqc.html
[2021-11-06 06:29:36,934] multiqc                                            [DEBUG  ]  File ignored by ccs/v4 because it exceeded search pattern filesize limit: GSM3043054_cutadapt_2_fastqc.log
[2021-11-06 06:29:36,935] multiqc                                            [DEBUG  ]  File ignored by lima/summary because it exceeded search pattern filesize limit: GSM3043054_cutadapt_2_fastqc.log
[2021-11-06 06:29:36,946] multiqc                                            [DEBUG  ]  File ignored by ccs/v4 because it exceeded search pattern filesize limit: GSM3043054_cutadapt_bowtie2_fastqc.log
[2021-11-06 06:29:36,948] multiqc                                            [DEBUG  ]  File ignored by lima/summary because it exceeded search pattern filesize limit: GSM3043054_cutadapt_bowtie2_fastqc.log
[2021-11-06 06:29:37,060] multiqc                                            [DEBUG  ]  File ignored by ccs/v4 because it exceeded search pattern filesize limit: GSM3043054_cutadapt_bowtie2_fastqc.html
[2021-11-06 06:29:37,061] multiqc                                            [DEBUG  ]  File ignored by hicexplorer because it exceeded search pattern filesize limit: GSM3043054_cutadapt_bowtie2_fastqc.html
[2021-11-06 06:29:37,062] multiqc                                            [DEBUG  ]  File ignored by nanostat because it exceeded search pattern filesize limit: GSM3043054_cutadapt_bowtie2_fastqc.html
[2021-11-06 06:29:37,062] multiqc                                            [DEBUG  ]  File ignored by lima/summary because it exceeded search pattern filesize limit: GSM3043054_cutadapt_bowtie2_fastqc.html
[2021-11-06 06:29:37,065] multiqc                                            [DEBUG  ]  File ignored by vep/vep_txt because it exceeded search pattern filesize limit: GSM3043054_cutadapt_bowtie2_fastqc.html
[2021-11-06 06:29:37,065] multiqc                                            [DEBUG  ]  File ignored by longranger/invocation because it exceeded search pattern filesize limit: GSM3043054_cutadapt_bowtie2_fastqc.html
[2021-11-06 06:29:37,065] multiqc                                            [DEBUG  ]  File ignored by rockhopper because it exceeded search pattern filesize limit: GSM3043054_cutadapt_bowtie2_fastqc.html
[2021-11-06 06:29:37,065] multiqc                                            [DEBUG  ]  File ignored by rseqc/bam_stat because it exceeded search pattern filesize limit: GSM3043054_cutadapt_bowtie2_fastqc.html
[2021-11-06 06:29:37,065] multiqc                                            [DEBUG  ]  File ignored by rseqc/junction_annotation because it exceeded search pattern filesize limit: GSM3043054_cutadapt_bowtie2_fastqc.html
[2021-11-06 06:29:37,065] multiqc                                            [DEBUG  ]  File ignored by rseqc/read_distribution because it exceeded search pattern filesize limit: GSM3043054_cutadapt_bowtie2_fastqc.html
[2021-11-06 06:29:37,065] multiqc                                            [DEBUG  ]  File ignored by rseqc/infer_experiment because it exceeded search pattern filesize limit: GSM3043054_cutadapt_bowtie2_fastqc.html
[2021-11-06 06:29:37,237] multiqc                                            [DEBUG  ]  File ignored by ccs/v4 because it exceeded search pattern filesize limit: GSM3043054_1_fastqc.html
[2021-11-06 06:29:37,238] multiqc                                            [DEBUG  ]  File ignored by hicexplorer because it exceeded search pattern filesize limit: GSM3043054_1_fastqc.html
[2021-11-06 06:29:37,238] multiqc                                            [DEBUG  ]  File ignored by nanostat because it exceeded search pattern filesize limit: GSM3043054_1_fastqc.html
[2021-11-06 06:29:37,239] multiqc                                            [DEBUG  ]  File ignored by lima/summary because it exceeded search pattern filesize limit: GSM3043054_1_fastqc.html
[2021-11-06 06:29:37,242] multiqc                                            [DEBUG  ]  File ignored by vep/vep_txt because it exceeded search pattern filesize limit: GSM3043054_1_fastqc.html
[2021-11-06 06:29:37,242] multiqc                                            [DEBUG  ]  File ignored by longranger/invocation because it exceeded search pattern filesize limit: GSM3043054_1_fastqc.html
[2021-11-06 06:29:37,242] multiqc                                            [DEBUG  ]  File ignored by rockhopper because it exceeded search pattern filesize limit: GSM3043054_1_fastqc.html
[2021-11-06 06:29:37,242] multiqc                                            [DEBUG  ]  File ignored by rseqc/bam_stat because it exceeded search pattern filesize limit: GSM3043054_1_fastqc.html
[2021-11-06 06:29:37,242] multiqc                                            [DEBUG  ]  File ignored by rseqc/junction_annotation because it exceeded search pattern filesize limit: GSM3043054_1_fastqc.html
[2021-11-06 06:29:37,242] multiqc                                            [DEBUG  ]  File ignored by rseqc/read_distribution because it exceeded search pattern filesize limit: GSM3043054_1_fastqc.html
[2021-11-06 06:29:37,242] multiqc                                            [DEBUG  ]  File ignored by rseqc/infer_experiment because it exceeded search pattern filesize limit: GSM3043054_1_fastqc.html
[2021-11-06 06:29:37,450] multiqc                                            [DEBUG  ]  File ignored by ccs/v4 because it exceeded search pattern filesize limit: GSM3043054_cutadapt_1_fastqc.html
[2021-11-06 06:29:37,452] multiqc                                            [DEBUG  ]  File ignored by hicexplorer because it exceeded search pattern filesize limit: GSM3043054_cutadapt_1_fastqc.html
[2021-11-06 06:29:37,452] multiqc                                            [DEBUG  ]  File ignored by nanostat because it exceeded search pattern filesize limit: GSM3043054_cutadapt_1_fastqc.html
[2021-11-06 06:29:37,452] multiqc                                            [DEBUG  ]  File ignored by lima/summary because it exceeded search pattern filesize limit: GSM3043054_cutadapt_1_fastqc.html
[2021-11-06 06:29:37,455] multiqc                                            [DEBUG  ]  File ignored by vep/vep_txt because it exceeded search pattern filesize limit: GSM3043054_cutadapt_1_fastqc.html
[2021-11-06 06:29:37,455] multiqc                                            [DEBUG  ]  File ignored by longranger/invocation because it exceeded search pattern filesize limit: GSM3043054_cutadapt_1_fastqc.html
[2021-11-06 06:29:37,456] multiqc                                            [DEBUG  ]  File ignored by rockhopper because it exceeded search pattern filesize limit: GSM3043054_cutadapt_1_fastqc.html
[2021-11-06 06:29:37,456] multiqc                                            [DEBUG  ]  File ignored by rseqc/bam_stat because it exceeded search pattern filesize limit: GSM3043054_cutadapt_1_fastqc.html
[2021-11-06 06:29:37,456] multiqc                                            [DEBUG  ]  File ignored by rseqc/junction_annotation because it exceeded search pattern filesize limit: GSM3043054_cutadapt_1_fastqc.html
[2021-11-06 06:29:37,456] multiqc                                            [DEBUG  ]  File ignored by rseqc/read_distribution because it exceeded search pattern filesize limit: GSM3043054_cutadapt_1_fastqc.html
[2021-11-06 06:29:37,456] multiqc                                            [DEBUG  ]  File ignored by rseqc/infer_experiment because it exceeded search pattern filesize limit: GSM3043054_cutadapt_1_fastqc.html
[2021-11-06 06:29:37,625] multiqc                                            [DEBUG  ]  File ignored by ccs/v4 because it exceeded search pattern filesize limit: GSM3043054_cutadapt_1_fastqc.log
[2021-11-06 06:29:37,627] multiqc                                            [DEBUG  ]  File ignored by lima/summary because it exceeded search pattern filesize limit: GSM3043054_cutadapt_1_fastqc.log
[2021-11-06 06:29:37,674] multiqc                                            [DEBUG  ]  File ignored by ccs/v4 because it exceeded search pattern filesize limit: GSM3043090_cutadapt.log
[2021-11-06 06:29:37,675] multiqc                                            [DEBUG  ]  File ignored by hicexplorer because it exceeded search pattern filesize limit: GSM3043090_cutadapt.log
[2021-11-06 06:29:37,675] multiqc                                            [DEBUG  ]  File ignored by nanostat because it exceeded search pattern filesize limit: GSM3043090_cutadapt.log
[2021-11-06 06:29:37,676] multiqc                                            [DEBUG  ]  File ignored by lima/summary because it exceeded search pattern filesize limit: GSM3043090_cutadapt.log
[2021-11-06 06:29:37,678] multiqc                                            [DEBUG  ]  File ignored by longranger/invocation because it exceeded search pattern filesize limit: GSM3043090_cutadapt.log
[2021-11-06 06:29:37,700] multiqc                                            [DEBUG  ]  Ignoring file as matched an ignore pattern: GSM3043090_cutadapt.fastq.gz
[2021-11-06 06:29:37,715] multiqc                                            [DEBUG  ]  File ignored by ccs/v4 because it exceeded search pattern filesize limit: GSM3043090_cutadapt_bowtie2_minus_strand_bedgraph_to_tdf.log
[2021-11-06 06:29:37,716] multiqc                                            [DEBUG  ]  File ignored by lima/summary because it exceeded search pattern filesize limit: GSM3043090_cutadapt_bowtie2_minus_strand_bedgraph_to_tdf.log
[2021-11-06 06:29:37,831] multiqc                                            [DEBUG  ]  Ignoring file as matched an ignore pattern: GSM3043090_cutadapt_bowtie2.bam
[2021-11-06 06:29:37,831] multiqc                                            [DEBUG  ]  Ignoring file as matched an ignore pattern: GSM3043090_cutadapt_bowtie2.bam.bai
[2021-11-06 06:29:37,886] multiqc                                            [DEBUG  ]  Ignoring file as matched an ignore pattern: GSM3043090_1.fastq.gz
[2021-11-06 06:29:37,886] multiqc                                            [DEBUG  ]  Ignoring file as matched an ignore pattern: GSM3043090_cutadapt_1.fastq.gz
[2021-11-06 06:29:37,919] multiqc                                            [DEBUG  ]  File ignored by ccs/v4 because it exceeded search pattern filesize limit: GSM3043090_cutadapt_bowtie2_bedgraph_to_tdf.log
[2021-11-06 06:29:37,920] multiqc                                            [DEBUG  ]  File ignored by lima/summary because it exceeded search pattern filesize limit: GSM3043090_cutadapt_bowtie2_bedgraph_to_tdf.log
[2021-11-06 06:29:37,942] multiqc                                            [DEBUG  ]  File ignored by ccs/v4 because it exceeded search pattern filesize limit: GSM3043090_cutadapt_bowtie2_plus_strand_bedgraph_to_tdf.log
[2021-11-06 06:29:37,948] multiqc                                            [DEBUG  ]  File ignored by lima/summary because it exceeded search pattern filesize limit: GSM3043090_cutadapt_bowtie2_plus_strand_bedgraph_to_tdf.log
[2021-11-06 06:29:37,966] multiqc                                            [DEBUG  ]  Ignoring file as matched an ignore pattern: GSM3043090_cutadapt_2.fastq.gz
[2021-11-06 06:29:37,982] multiqc                                            [DEBUG  ]  File ignored by ccs/v4 because it exceeded search pattern filesize limit: GSM3043090_1.fastq.gz_trimming_report.txt
[2021-11-06 06:29:37,984] multiqc                                            [DEBUG  ]  File ignored by lima/summary because it exceeded search pattern filesize limit: GSM3043090_1.fastq.gz_trimming_report.txt
[2021-11-06 06:29:37,986] multiqc                                            [DEBUG  ]  File ignored by longranger/invocation because it exceeded search pattern filesize limit: GSM3043090_1.fastq.gz_trimming_report.txt
[2021-11-06 06:29:37,993] multiqc                                            [DEBUG  ]  Ignoring file as matched an ignore pattern: GSM3043090_2.fastq.gz
[2021-11-06 06:29:38,006] multiqc                                            [DEBUG  ]  File ignored by ccs/v4 because it exceeded search pattern filesize limit: GSM3043090_2.fastq.gz_trimming_report.txt
[2021-11-06 06:29:38,007] multiqc                                            [DEBUG  ]  File ignored by lima/summary because it exceeded search pattern filesize limit: GSM3043090_2.fastq.gz_trimming_report.txt
[2021-11-06 06:29:38,010] multiqc                                            [DEBUG  ]  File ignored by longranger/invocation because it exceeded search pattern filesize limit: GSM3043090_2.fastq.gz_trimming_report.txt
[2021-11-06 06:29:38,071] multiqc                                            [DEBUG  ]  File ignored by ccs/v4 because it exceeded search pattern filesize limit: GSM3043090_cutadapt_1_fastqc.log
[2021-11-06 06:29:38,072] multiqc                                            [DEBUG  ]  File ignored by lima/summary because it exceeded search pattern filesize limit: GSM3043090_cutadapt_1_fastqc.log
[2021-11-06 06:29:38,144] multiqc                                            [DEBUG  ]  File ignored by ccs/v4 because it exceeded search pattern filesize limit: GSM3043090_cutadapt_1_fastqc.html
[2021-11-06 06:29:38,146] multiqc                                            [DEBUG  ]  File ignored by hicexplorer because it exceeded search pattern filesize limit: GSM3043090_cutadapt_1_fastqc.html
[2021-11-06 06:29:38,146] multiqc                                            [DEBUG  ]  File ignored by nanostat because it exceeded search pattern filesize limit: GSM3043090_cutadapt_1_fastqc.html
[2021-11-06 06:29:38,146] multiqc                                            [DEBUG  ]  File ignored by lima/summary because it exceeded search pattern filesize limit: GSM3043090_cutadapt_1_fastqc.html
[2021-11-06 06:29:38,149] multiqc                                            [DEBUG  ]  File ignored by vep/vep_txt because it exceeded search pattern filesize limit: GSM3043090_cutadapt_1_fastqc.html
[2021-11-06 06:29:38,149] multiqc                                            [DEBUG  ]  File ignored by longranger/invocation because it exceeded search pattern filesize limit: GSM3043090_cutadapt_1_fastqc.html
[2021-11-06 06:29:38,149] multiqc                                            [DEBUG  ]  File ignored by rockhopper because it exceeded search pattern filesize limit: GSM3043090_cutadapt_1_fastqc.html
[2021-11-06 06:29:38,149] multiqc                                            [DEBUG  ]  File ignored by rseqc/bam_stat because it exceeded search pattern filesize limit: GSM3043090_cutadapt_1_fastqc.html
[2021-11-06 06:29:38,150] multiqc                                            [DEBUG  ]  File ignored by rseqc/junction_annotation because it exceeded search pattern filesize limit: GSM3043090_cutadapt_1_fastqc.html
[2021-11-06 06:29:38,150] multiqc                                            [DEBUG  ]  File ignored by rseqc/read_distribution because it exceeded search pattern filesize limit: GSM3043090_cutadapt_1_fastqc.html
[2021-11-06 06:29:38,150] multiqc                                            [DEBUG  ]  File ignored by rseqc/infer_experiment because it exceeded search pattern filesize limit: GSM3043090_cutadapt_1_fastqc.html
[2021-11-06 06:29:38,378] multiqc                                            [DEBUG  ]  File ignored by ccs/v4 because it exceeded search pattern filesize limit: GSM3043090_cutadapt_2_fastqc.html
[2021-11-06 06:29:38,380] multiqc                                            [DEBUG  ]  File ignored by hicexplorer because it exceeded search pattern filesize limit: GSM3043090_cutadapt_2_fastqc.html
[2021-11-06 06:29:38,380] multiqc                                            [DEBUG  ]  File ignored by nanostat because it exceeded search pattern filesize limit: GSM3043090_cutadapt_2_fastqc.html
[2021-11-06 06:29:38,380] multiqc                                            [DEBUG  ]  File ignored by lima/summary because it exceeded search pattern filesize limit: GSM3043090_cutadapt_2_fastqc.html
[2021-11-06 06:29:38,383] multiqc                                            [DEBUG  ]  File ignored by vep/vep_txt because it exceeded search pattern filesize limit: GSM3043090_cutadapt_2_fastqc.html
[2021-11-06 06:29:38,383] multiqc                                            [DEBUG  ]  File ignored by longranger/invocation because it exceeded search pattern filesize limit: GSM3043090_cutadapt_2_fastqc.html
[2021-11-06 06:29:38,383] multiqc                                            [DEBUG  ]  File ignored by rockhopper because it exceeded search pattern filesize limit: GSM3043090_cutadapt_2_fastqc.html
[2021-11-06 06:29:38,383] multiqc                                            [DEBUG  ]  File ignored by rseqc/bam_stat because it exceeded search pattern filesize limit: GSM3043090_cutadapt_2_fastqc.html
[2021-11-06 06:29:38,384] multiqc                                            [DEBUG  ]  File ignored by rseqc/junction_annotation because it exceeded search pattern filesize limit: GSM3043090_cutadapt_2_fastqc.html
[2021-11-06 06:29:38,384] multiqc                                            [DEBUG  ]  File ignored by rseqc/read_distribution because it exceeded search pattern filesize limit: GSM3043090_cutadapt_2_fastqc.html
[2021-11-06 06:29:38,384] multiqc                                            [DEBUG  ]  File ignored by rseqc/infer_experiment because it exceeded search pattern filesize limit: GSM3043090_cutadapt_2_fastqc.html
[2021-11-06 06:29:38,533] multiqc                                            [DEBUG  ]  File ignored by ccs/v4 because it exceeded search pattern filesize limit: GSM3043090_cutadapt_2_fastqc.log
[2021-11-06 06:29:38,535] multiqc                                            [DEBUG  ]  File ignored by lima/summary because it exceeded search pattern filesize limit: GSM3043090_cutadapt_2_fastqc.log
[2021-11-06 06:29:38,631] multiqc                                            [DEBUG  ]  File ignored by ccs/v4 because it exceeded search pattern filesize limit: GSM3043090_1_fastqc.html
[2021-11-06 06:29:38,632] multiqc                                            [DEBUG  ]  File ignored by hicexplorer because it exceeded search pattern filesize limit: GSM3043090_1_fastqc.html
[2021-11-06 06:29:38,633] multiqc                                            [DEBUG  ]  File ignored by nanostat because it exceeded search pattern filesize limit: GSM3043090_1_fastqc.html
[2021-11-06 06:29:38,633] multiqc                                            [DEBUG  ]  File ignored by lima/summary because it exceeded search pattern filesize limit: GSM3043090_1_fastqc.html
[2021-11-06 06:29:38,636] multiqc                                            [DEBUG  ]  File ignored by vep/vep_txt because it exceeded search pattern filesize limit: GSM3043090_1_fastqc.html
[2021-11-06 06:29:38,636] multiqc                                            [DEBUG  ]  File ignored by longranger/invocation because it exceeded search pattern filesize limit: GSM3043090_1_fastqc.html
[2021-11-06 06:29:38,636] multiqc                                            [DEBUG  ]  File ignored by rockhopper because it exceeded search pattern filesize limit: GSM3043090_1_fastqc.html
[2021-11-06 06:29:38,636] multiqc                                            [DEBUG  ]  File ignored by rseqc/bam_stat because it exceeded search pattern filesize limit: GSM3043090_1_fastqc.html
[2021-11-06 06:29:38,636] multiqc                                            [DEBUG  ]  File ignored by rseqc/junction_annotation because it exceeded search pattern filesize limit: GSM3043090_1_fastqc.html
[2021-11-06 06:29:38,636] multiqc                                            [DEBUG  ]  File ignored by rseqc/read_distribution because it exceeded search pattern filesize limit: GSM3043090_1_fastqc.html
[2021-11-06 06:29:38,636] multiqc                                            [DEBUG  ]  File ignored by rseqc/infer_experiment because it exceeded search pattern filesize limit: GSM3043090_1_fastqc.html
[2021-11-06 06:29:38,900] multiqc                                            [DEBUG  ]  File ignored by ccs/v4 because it exceeded search pattern filesize limit: GSM3043090_2_fastqc.html
[2021-11-06 06:29:38,902] multiqc                                            [DEBUG  ]  File ignored by hicexplorer because it exceeded search pattern filesize limit: GSM3043090_2_fastqc.html
[2021-11-06 06:29:38,902] multiqc                                            [DEBUG  ]  File ignored by nanostat because it exceeded search pattern filesize limit: GSM3043090_2_fastqc.html
[2021-11-06 06:29:38,902] multiqc                                            [DEBUG  ]  File ignored by lima/summary because it exceeded search pattern filesize limit: GSM3043090_2_fastqc.html
[2021-11-06 06:29:38,905] multiqc                                            [DEBUG  ]  File ignored by vep/vep_txt because it exceeded search pattern filesize limit: GSM3043090_2_fastqc.html
[2021-11-06 06:29:38,905] multiqc                                            [DEBUG  ]  File ignored by longranger/invocation because it exceeded search pattern filesize limit: GSM3043090_2_fastqc.html
[2021-11-06 06:29:38,906] multiqc                                            [DEBUG  ]  File ignored by rockhopper because it exceeded search pattern filesize limit: GSM3043090_2_fastqc.html
[2021-11-06 06:29:38,906] multiqc                                            [DEBUG  ]  File ignored by rseqc/bam_stat because it exceeded search pattern filesize limit: GSM3043090_2_fastqc.html
[2021-11-06 06:29:38,906] multiqc                                            [DEBUG  ]  File ignored by rseqc/junction_annotation because it exceeded search pattern filesize limit: GSM3043090_2_fastqc.html
[2021-11-06 06:29:38,906] multiqc                                            [DEBUG  ]  File ignored by rseqc/read_distribution because it exceeded search pattern filesize limit: GSM3043090_2_fastqc.html
[2021-11-06 06:29:38,906] multiqc                                            [DEBUG  ]  File ignored by rseqc/infer_experiment because it exceeded search pattern filesize limit: GSM3043090_2_fastqc.html
[2021-11-06 06:29:39,096] multiqc                                            [DEBUG  ]  File ignored by ccs/v4 because it exceeded search pattern filesize limit: GSM3043090_cutadapt_bowtie2_fastqc.html
[2021-11-06 06:29:39,098] multiqc                                            [DEBUG  ]  File ignored by hicexplorer because it exceeded search pattern filesize limit: GSM3043090_cutadapt_bowtie2_fastqc.html
[2021-11-06 06:29:39,098] multiqc                                            [DEBUG  ]  File ignored by nanostat because it exceeded search pattern filesize limit: GSM3043090_cutadapt_bowtie2_fastqc.html
[2021-11-06 06:29:39,098] multiqc                                            [DEBUG  ]  File ignored by lima/summary because it exceeded search pattern filesize limit: GSM3043090_cutadapt_bowtie2_fastqc.html
[2021-11-06 06:29:39,105] multiqc                                            [DEBUG  ]  File ignored by vep/vep_txt because it exceeded search pattern filesize limit: GSM3043090_cutadapt_bowtie2_fastqc.html
[2021-11-06 06:29:39,105] multiqc                                            [DEBUG  ]  File ignored by longranger/invocation because it exceeded search pattern filesize limit: GSM3043090_cutadapt_bowtie2_fastqc.html
[2021-11-06 06:29:39,105] multiqc                                            [DEBUG  ]  File ignored by rockhopper because it exceeded search pattern filesize limit: GSM3043090_cutadapt_bowtie2_fastqc.html
[2021-11-06 06:29:39,105] multiqc                                            [DEBUG  ]  File ignored by rseqc/bam_stat because it exceeded search pattern filesize limit: GSM3043090_cutadapt_bowtie2_fastqc.html
[2021-11-06 06:29:39,105] multiqc                                            [DEBUG  ]  File ignored by rseqc/junction_annotation because it exceeded search pattern filesize limit: GSM3043090_cutadapt_bowtie2_fastqc.html
[2021-11-06 06:29:39,105] multiqc                                            [DEBUG  ]  File ignored by rseqc/read_distribution because it exceeded search pattern filesize limit: GSM3043090_cutadapt_bowtie2_fastqc.html
[2021-11-06 06:29:39,105] multiqc                                            [DEBUG  ]  File ignored by rseqc/infer_experiment because it exceeded search pattern filesize limit: GSM3043090_cutadapt_bowtie2_fastqc.html
[2021-11-06 06:29:39,267] multiqc                                            [DEBUG  ]  File ignored by ccs/v4 because it exceeded search pattern filesize limit: GSM3043090_cutadapt_bowtie2_fastqc.log
[2021-11-06 06:29:39,269] multiqc                                            [DEBUG  ]  File ignored by lima/summary because it exceeded search pattern filesize limit: GSM3043090_cutadapt_bowtie2_fastqc.log
[2021-11-06 06:29:39,280] multiqc                                            [DEBUG  ]  File ignored by ccs/v4 because it exceeded search pattern filesize limit: DS00076_sites.fasta
[2021-11-06 06:29:39,281] multiqc                                            [DEBUG  ]  File ignored by lima/summary because it exceeded search pattern filesize limit: DS00076_sites.fasta
[2021-11-06 06:29:39,302] multiqc                                            [DEBUG  ]  File ignored by ccs/v4 because it exceeded search pattern filesize limit: DS00076_peaks.fasta
[2021-11-06 06:29:39,304] multiqc                                            [DEBUG  ]  File ignored by hicexplorer because it exceeded search pattern filesize limit: DS00076_peaks.fasta
[2021-11-06 06:29:39,304] multiqc                                            [DEBUG  ]  File ignored by nanostat because it exceeded search pattern filesize limit: DS00076_peaks.fasta
[2021-11-06 06:29:39,304] multiqc                                            [DEBUG  ]  File ignored by lima/summary because it exceeded search pattern filesize limit: DS00076_peaks.fasta
[2021-11-06 06:29:39,307] multiqc                                            [DEBUG  ]  File ignored by vep/vep_txt because it exceeded search pattern filesize limit: DS00076_peaks.fasta
[2021-11-06 06:29:39,307] multiqc                                            [DEBUG  ]  File ignored by longranger/invocation because it exceeded search pattern filesize limit: DS00076_peaks.fasta
[2021-11-06 06:29:39,429] multiqc                                            [DEBUG  ]  File ignored by ccs/v4 because it exceeded search pattern filesize limit: DS00076_matrix.tab
[2021-11-06 06:29:39,431] multiqc                                            [DEBUG  ]  File ignored by lima/summary because it exceeded search pattern filesize limit: DS00076_matrix.tab
[2021-11-06 06:29:39,433] multiqc                                            [DEBUG  ]  File ignored by longranger/invocation because it exceeded search pattern filesize limit: DS00076_matrix.tab
[2021-11-06 06:29:39,439] multiqc                                            [DEBUG  ]  Ignoring file as matched an ignore pattern: DS00076_sites.bed
[2021-11-06 06:29:39,444] multiqc                                            [DEBUG  ]  File ignored by ccs/v4 because it exceeded search pattern filesize limit: DS00076_peaks.ft
[2021-11-06 06:29:39,445] multiqc                                            [DEBUG  ]  File ignored by lima/summary because it exceeded search pattern filesize limit: DS00076_peaks.ft
[2021-11-06 06:29:39,447] multiqc                                            [DEBUG  ]  File ignored by longranger/invocation because it exceeded search pattern filesize limit: DS00076_peaks.ft
[2021-11-06 06:29:39,454] multiqc                                            [DEBUG  ]  Ignoring file as matched an ignore pattern: DS00076_peaks.bed
[2021-11-06 06:29:39,458] multiqc                                            [DEBUG  ]  File ignored by ccs/v4 because it exceeded search pattern filesize limit: DS00076_peaks.narrowPeak
[2021-11-06 06:29:39,460] multiqc                                            [DEBUG  ]  File ignored by hicexplorer because it exceeded search pattern filesize limit: DS00076_peaks.narrowPeak
[2021-11-06 06:29:39,460] multiqc                                            [DEBUG  ]  File ignored by nanostat because it exceeded search pattern filesize limit: DS00076_peaks.narrowPeak
[2021-11-06 06:29:39,460] multiqc                                            [DEBUG  ]  File ignored by lima/summary because it exceeded search pattern filesize limit: DS00076_peaks.narrowPeak
[2021-11-06 06:29:39,463] multiqc                                            [DEBUG  ]  File ignored by longranger/invocation because it exceeded search pattern filesize limit: DS00076_peaks.narrowPeak
[2021-11-06 06:29:39,500] multiqc                                            [DEBUG  ]  Ignoring file as matched an ignore pattern: DS00076_summits.bed
[2021-11-06 06:29:39,957] multiqc.plots.bargraph                             [DEBUG  ]  Using matplotlib version 3.4.3
[2021-11-06 06:29:39,958] multiqc.plots.linegraph                            [DEBUG  ]  Using matplotlib version 3.4.3
[2021-11-06 06:29:39,959] multiqc                                            [DEBUG  ]  No samples found: custom_content
[2021-11-06 06:29:39,966] multiqc                                            [DEBUG  ]  No samples found: ccs
[2021-11-06 06:29:39,972] multiqc                                            [DEBUG  ]  No samples found: ngsderive
[2021-11-06 06:29:39,979] multiqc                                            [DEBUG  ]  No samples found: purple
[2021-11-06 06:29:39,985] multiqc                                            [DEBUG  ]  No samples found: conpair
[2021-11-06 06:29:39,992] multiqc                                            [DEBUG  ]  No samples found: lima
[2021-11-06 06:29:39,998] multiqc                                            [DEBUG  ]  No samples found: peddy
[2021-11-06 06:29:40,005] multiqc                                            [DEBUG  ]  No samples found: somalier
[2021-11-06 06:29:40,011] multiqc                                            [DEBUG  ]  No samples found: methylQA
[2021-11-06 06:29:40,018] multiqc.modules.mosdepth.mosdepth                  [DEBUG  ]  include_contigs: []
[2021-11-06 06:29:40,019] multiqc.modules.mosdepth.mosdepth                  [DEBUG  ]  exclude_contigs: []
[2021-11-06 06:29:40,019] multiqc                                            [DEBUG  ]  No samples found: mosdepth
[2021-11-06 06:29:40,025] multiqc                                            [DEBUG  ]  No samples found: phantompeakqualtools
[2021-11-06 06:29:40,031] multiqc                                            [DEBUG  ]  No samples found: qualimap
[2021-11-06 06:29:40,038] multiqc                                            [DEBUG  ]  No samples found: preseq
[2021-11-06 06:29:40,044] multiqc                                            [DEBUG  ]  No samples found: quast
[2021-11-06 06:29:40,051] multiqc                                            [DEBUG  ]  No samples found: qorts
[2021-11-06 06:29:40,057] multiqc                                            [DEBUG  ]  No samples found: rna_seqc
[2021-11-06 06:29:40,063] multiqc                                            [DEBUG  ]  No samples found: rockhopper
[2021-11-06 06:29:40,070] multiqc                                            [DEBUG  ]  No samples found: rsem
[2021-11-06 06:29:40,079] multiqc                                            [DEBUG  ]  No samples found: rseqc
[2021-11-06 06:29:40,085] multiqc                                            [DEBUG  ]  No samples found: busco
[2021-11-06 06:29:40,091] multiqc                                            [DEBUG  ]  No samples found: bustools
[2021-11-06 06:29:40,098] multiqc                                            [DEBUG  ]  No samples found: goleft_indexcov
[2021-11-06 06:29:40,104] multiqc                                            [DEBUG  ]  No samples found: gffcompare
[2021-11-06 06:29:40,110] multiqc                                            [DEBUG  ]  No samples found: disambiguate
[2021-11-06 06:29:40,117] multiqc                                            [DEBUG  ]  No samples found: supernova
[2021-11-06 06:29:40,126] multiqc                                            [DEBUG  ]  No samples found: deeptools
[2021-11-06 06:29:40,132] multiqc                                            [DEBUG  ]  No samples found: sargasso
[2021-11-06 06:29:40,139] multiqc                                            [DEBUG  ]  No samples found: verifybamid
[2021-11-06 06:29:40,145] multiqc                                            [DEBUG  ]  No samples found: mirtrace
[2021-11-06 06:29:40,152] multiqc                                            [DEBUG  ]  No samples found: happy
[2021-11-06 06:29:40,158] multiqc                                            [DEBUG  ]  No samples found: mirtop
[2021-11-06 06:29:40,164] multiqc                                            [DEBUG  ]  No samples found: sambamba
[2021-11-06 06:29:40,171] multiqc                                            [DEBUG  ]  No samples found: homer
[2021-11-06 06:29:40,178] multiqc                                            [DEBUG  ]  No samples found: hops
[2021-11-06 06:29:40,190] multiqc.modules.macs2.macs2                        [DEBUG  ]  Duplicate sample name found! Overwriting: DS00076
[2021-11-06 06:29:40,190] multiqc.modules.macs2.macs2                        [INFO   ]  Found 1 logs
[2021-11-06 06:29:40,197] multiqc                                            [DEBUG  ]  No samples found: theta2
[2021-11-06 06:29:40,203] multiqc                                            [DEBUG  ]  No samples found: snpeff
[2021-11-06 06:29:40,210] multiqc                                            [DEBUG  ]  No samples found: gatk
[2021-11-06 06:29:40,217] multiqc                                            [DEBUG  ]  No samples found: htseq
[2021-11-06 06:29:40,223] multiqc                                            [DEBUG  ]  No samples found: bcftools
[2021-11-06 06:29:40,230] multiqc                                            [DEBUG  ]  No samples found: featureCounts
[2021-11-06 06:29:40,237] multiqc                                            [DEBUG  ]  No samples found: fgbio
[2021-11-06 06:29:40,248] multiqc                                            [DEBUG  ]  No samples found: dragen
[2021-11-06 06:29:40,255] multiqc                                            [DEBUG  ]  No samples found: dedup
[2021-11-06 06:29:40,261] multiqc                                            [DEBUG  ]  No samples found: damageprofiler
[2021-11-06 06:29:40,274] multiqc                                            [DEBUG  ]  No samples found: biobambam2
[2021-11-06 06:29:40,280] multiqc                                            [DEBUG  ]  No samples found: jcvi
[2021-11-06 06:29:40,287] multiqc                                            [DEBUG  ]  No samples found: mtnucratio
[2021-11-06 06:29:40,293] multiqc                                            [DEBUG  ]  No samples found: picard
[2021-11-06 06:29:40,299] multiqc                                            [DEBUG  ]  No samples found: vep
[2021-11-06 06:29:40,306] multiqc                                            [DEBUG  ]  No samples found: sentieon
[2021-11-06 06:29:40,312] multiqc                                            [DEBUG  ]  No samples found: prokka
[2021-11-06 06:29:40,319] multiqc                                            [DEBUG  ]  No samples found: qc3C
[2021-11-06 06:29:40,325] multiqc                                            [DEBUG  ]  No samples found: nanostat
[2021-11-06 06:29:40,332] multiqc                                            [DEBUG  ]  No samples found: samblaster
[2021-11-06 06:29:40,352] multiqc.modules.samtools.samtools                  [INFO   ]  Found 4 flagstat reports
[2021-11-06 06:29:40,358] multiqc                                            [DEBUG  ]  No samples found: sexdeterrmine
[2021-11-06 06:29:40,364] multiqc                                            [DEBUG  ]  No samples found: eigenstratdatabasetools
[2021-11-06 06:29:40,371] multiqc                                            [DEBUG  ]  No samples found: bamtools
[2021-11-06 06:29:40,377] multiqc                                            [DEBUG  ]  No samples found: jellyfish
[2021-11-06 06:29:40,384] multiqc                                            [DEBUG  ]  No samples found: vcftools
[2021-11-06 06:29:40,391] multiqc                                            [DEBUG  ]  No samples found: longranger
[2021-11-06 06:29:40,397] multiqc                                            [DEBUG  ]  No samples found: stacks
[2021-11-06 06:29:40,404] multiqc                                            [DEBUG  ]  No samples found: varscan2
[2021-11-06 06:29:40,410] multiqc                                            [DEBUG  ]  No samples found: snippy
[2021-11-06 06:29:40,419] multiqc                                            [DEBUG  ]  No samples found: bbmap
[2021-11-06 06:29:40,426] multiqc                                            [DEBUG  ]  No samples found: bismark
[2021-11-06 06:29:40,433] multiqc                                            [DEBUG  ]  No samples found: biscuit
[2021-11-06 06:29:40,439] multiqc                                            [DEBUG  ]  No samples found: hicexplorer
[2021-11-06 06:29:40,446] multiqc                                            [DEBUG  ]  No samples found: hicup
[2021-11-06 06:29:40,452] multiqc                                            [DEBUG  ]  No samples found: hicpro
[2021-11-06 06:29:40,458] multiqc                                            [DEBUG  ]  No samples found: salmon
[2021-11-06 06:29:40,465] multiqc                                            [DEBUG  ]  No samples found: kallisto
[2021-11-06 06:29:40,471] multiqc                                            [DEBUG  ]  No samples found: slamdunk
[2021-11-06 06:29:40,478] multiqc                                            [DEBUG  ]  No samples found: star
[2021-11-06 06:29:40,484] multiqc                                            [DEBUG  ]  No samples found: hisat2
[2021-11-06 06:29:40,490] multiqc                                            [DEBUG  ]  No samples found: tophat
[2021-11-06 06:29:40,502] multiqc.modules.bowtie2.bowtie2                    [INFO   ]  Found 4 reports
[2021-11-06 06:29:40,518] multiqc                                            [DEBUG  ]  No samples found: bowtie1
[2021-11-06 06:29:40,525] multiqc                                            [DEBUG  ]  No samples found: snpsplit
[2021-11-06 06:29:40,531] multiqc                                            [DEBUG  ]  No samples found: odgi
[2021-11-06 06:29:40,537] multiqc                                            [DEBUG  ]  No samples found: pangolin
[2021-11-06 06:29:40,543] multiqc                                            [DEBUG  ]  No samples found: kat
[2021-11-06 06:29:40,550] multiqc                                            [DEBUG  ]  No samples found: leehom
[2021-11-06 06:29:40,556] multiqc                                            [DEBUG  ]  No samples found: adapterRemoval
[2021-11-06 06:29:40,562] multiqc                                            [DEBUG  ]  No samples found: clipandmerge
[2021-11-06 06:29:40,579] multiqc.modules.cutadapt.cutadapt                  [DEBUG  ]  Duplicate sample name found! Overwriting: GSM3043053_1
[2021-11-06 06:29:40,582] multiqc.modules.cutadapt.cutadapt                  [DEBUG  ]  Duplicate sample name found! Overwriting: GSM3043053_2
[2021-11-06 06:29:40,588] multiqc.modules.cutadapt.cutadapt                  [DEBUG  ]  Duplicate sample name found! Overwriting: GSM3043089_1
[2021-11-06 06:29:40,594] multiqc.modules.cutadapt.cutadapt                  [DEBUG  ]  Duplicate sample name found! Overwriting: GSM3043089_2
[2021-11-06 06:29:40,604] multiqc.modules.cutadapt.cutadapt                  [DEBUG  ]  Duplicate sample name found! Overwriting: GSM3043054_2
[2021-11-06 06:29:40,606] multiqc.modules.cutadapt.cutadapt                  [DEBUG  ]  Duplicate sample name found! Overwriting: GSM3043054_1
[2021-11-06 06:29:40,616] multiqc.modules.cutadapt.cutadapt                  [DEBUG  ]  Duplicate sample name found! Overwriting: GSM3043090_1
[2021-11-06 06:29:40,618] multiqc.modules.cutadapt.cutadapt                  [DEBUG  ]  Duplicate sample name found! Overwriting: GSM3043090_2
[2021-11-06 06:29:40,621] multiqc.modules.cutadapt.cutadapt                  [INFO   ]  Found 8 reports
[2021-11-06 06:29:40,639] multiqc                                            [DEBUG  ]  No samples found: flexbar
[2021-11-06 06:29:40,645] multiqc                                            [DEBUG  ]  No samples found: kaiju
[2021-11-06 06:29:40,651] multiqc                                            [DEBUG  ]  No samples found: kraken
[2021-11-06 06:29:40,658] multiqc                                            [DEBUG  ]  No samples found: malt
[2021-11-06 06:29:40,664] multiqc                                            [DEBUG  ]  No samples found: trimmomatic
[2021-11-06 06:29:40,670] multiqc                                            [DEBUG  ]  No samples found: sickle
[2021-11-06 06:29:40,676] multiqc                                            [DEBUG  ]  No samples found: skewer
[2021-11-06 06:29:40,683] multiqc                                            [DEBUG  ]  No samples found: sortmerna
[2021-11-06 06:29:40,689] multiqc                                            [DEBUG  ]  No samples found: biobloomtools
[2021-11-06 06:29:40,695] multiqc                                            [DEBUG  ]  No samples found: fastq_screen
[2021-11-06 06:29:40,703] multiqc                                            [DEBUG  ]  No samples found: afterqc
[2021-11-06 06:29:40,710] multiqc                                            [DEBUG  ]  No samples found: fastp
[2021-11-06 06:29:40,803] multiqc.modules.fastqc.fastqc                      [INFO   ]  Found 20 reports
[2021-11-06 06:29:40,974] multiqc                                            [DEBUG  ]  No samples found: pychopper
[2021-11-06 06:29:40,981] multiqc                                            [DEBUG  ]  No samples found: pycoqc
[2021-11-06 06:29:40,987] multiqc                                            [DEBUG  ]  No samples found: minionqc
[2021-11-06 06:29:40,993] multiqc                                            [DEBUG  ]  No samples found: multivcfanalyzer
[2021-11-06 06:29:41,000] multiqc                                            [DEBUG  ]  No samples found: clusterflow
[2021-11-06 06:29:41,006] multiqc                                            [DEBUG  ]  No samples found: bcl2fastq
[2021-11-06 06:29:41,013] multiqc                                            [DEBUG  ]  No samples found: bclconvert
[2021-11-06 06:29:41,019] multiqc                                            [DEBUG  ]  No samples found: interop
[2021-11-06 06:29:41,026] multiqc                                            [DEBUG  ]  No samples found: ivar
[2021-11-06 06:29:41,032] multiqc                                            [DEBUG  ]  No samples found: flash
[2021-11-06 06:29:41,038] multiqc                                            [DEBUG  ]  No samples found: seqyclean
[2021-11-06 06:29:41,045] multiqc                                            [DEBUG  ]  No samples found: optitype
[2021-11-06 06:29:41,100] multiqc                                            [INFO   ]  Compressing plot data
[2021-11-06 06:29:41,663] multiqc                                            [INFO   ]  Report      : ChIP-seq_collection/GSE111874/datasets/DS00076/multiQC/multiqc_report.html
[2021-11-06 06:29:41,663] multiqc                                            [INFO   ]  Data        : ChIP-seq_collection/GSE111874/datasets/DS00076/multiQC/multiqc_data
[2021-11-06 06:29:41,663] multiqc                                            [DEBUG  ]  Moving data file from '/tmp/tmpefi0485m/multiqc_data' to 'ChIP-seq_collection/GSE111874/datasets/DS00076/multiQC/multiqc_data'
[2021-11-06 06:29:41,845] multiqc                                            [INFO   ]  MultiQC complete
