[2021-11-05 23:46:32,312] multiqc                                            [DEBUG  ]  This is MultiQC v1.11
[2021-11-05 23:46:32,313] multiqc                                            [DEBUG  ]  No MultiQC config found: /home/rioualen/miniconda3/envs/snakemake/lib/python3.9/site-packages/multiqc_config.yaml
[2021-11-05 23:46:32,313] multiqc                                            [DEBUG  ]  No MultiQC config found: /home/rioualen/.multiqc_config.yaml
[2021-11-05 23:46:32,313] multiqc                                            [DEBUG  ]  No MultiQC config found: multiqc_config.yaml
[2021-11-05 23:46:32,313] multiqc                                            [DEBUG  ]  Command used: /home/rioualen/miniconda3/envs/snakemake/bin/multiqc ChIP-seq_collection/GSE111874/samples/GSM3043063 ChIP-seq_collection/GSE111874/samples/GSM3043099 ChIP-seq_collection/GSE111874/datasets/DS00072 ChIP-seq_collection/GSE111874/samples/GSM3043064 ChIP-seq_collection/GSE111874/samples/GSM3043100 ChIP-seq_collection/GSE111874/datasets/DS00072 -o ChIP-seq_collection/GSE111874/datasets/DS00072/multiQC
[2021-11-05 23:46:32,503] multiqc                                            [DEBUG  ]  Latest MultiQC version is v1.11
[2021-11-05 23:46:32,503] multiqc                                            [DEBUG  ]  Command     : /home/rioualen/miniconda3/envs/snakemake/bin/multiqc ChIP-seq_collection/GSE111874/samples/GSM3043063 ChIP-seq_collection/GSE111874/samples/GSM3043099 ChIP-seq_collection/GSE111874/datasets/DS00072 ChIP-seq_collection/GSE111874/samples/GSM3043064 ChIP-seq_collection/GSE111874/samples/GSM3043100 ChIP-seq_collection/GSE111874/datasets/DS00072 -o ChIP-seq_collection/GSE111874/datasets/DS00072/multiQC
[2021-11-05 23:46:32,503] multiqc                                            [DEBUG  ]  Working dir : /workspace/rioualen/HT_collections
[2021-11-05 23:46:32,503] multiqc                                            [DEBUG  ]  Template    : default
[2021-11-05 23:46:32,503] multiqc                                            [DEBUG  ]  Running Python 3.9.7 | packaged by conda-forge | (default, Sep 29 2021, 19:20:46)  [GCC 9.4.0]
[2021-11-05 23:46:32,504] multiqc                                            [DEBUG  ]  Analysing modules: custom_content, ccs, ngsderive, purple, conpair, lima, peddy, somalier, methylQA, mosdepth, phantompeakqualtools, qualimap, preseq, quast, qorts, rna_seqc, rockhopper, rsem, rseqc, busco, bustools, goleft_indexcov, gffcompare, disambiguate, supernova, deeptools, sargasso, verifybamid, mirtrace, happy, mirtop, sambamba, homer, hops, macs2, theta2, snpeff, gatk, htseq, bcftools, featureCounts, fgbio, dragen, dedup, damageprofiler, biobambam2, jcvi, mtnucratio, picard, vep, sentieon, prokka, qc3C, nanostat, samblaster, samtools, sexdeterrmine, eigenstratdatabasetools, bamtools, jellyfish, vcftools, longranger, stacks, varscan2, snippy, bbmap, bismark, biscuit, hicexplorer, hicup, hicpro, salmon, kallisto, slamdunk, star, hisat2, tophat, bowtie2, bowtie1, snpsplit, odgi, pangolin, kat, leehom, adapterRemoval, clipandmerge, cutadapt, flexbar, kaiju, kraken, malt, trimmomatic, sickle, skewer, sortmerna, biobloomtools, fastq_screen, afterqc, fastp, fastqc, pychopper, pycoqc, minionqc, multivcfanalyzer, clusterflow, bcl2fastq, bclconvert, interop, ivar, flash, seqyclean, optitype
[2021-11-05 23:46:32,504] multiqc                                            [DEBUG  ]  Using temporary directory for creating report: /tmp/tmp4h07bx5v
[2021-11-05 23:46:32,652] multiqc                                            [INFO   ]  Search path : /workspace/rioualen/HT_collections/ChIP-seq_collection/GSE111874/samples/GSM3043063
[2021-11-05 23:46:32,652] multiqc                                            [INFO   ]  Search path : /workspace/rioualen/HT_collections/ChIP-seq_collection/GSE111874/samples/GSM3043099
[2021-11-05 23:46:32,652] multiqc                                            [INFO   ]  Search path : /workspace/rioualen/HT_collections/ChIP-seq_collection/GSE111874/datasets/DS00072
[2021-11-05 23:46:32,652] multiqc                                            [INFO   ]  Search path : /workspace/rioualen/HT_collections/ChIP-seq_collection/GSE111874/samples/GSM3043064
[2021-11-05 23:46:32,652] multiqc                                            [INFO   ]  Search path : /workspace/rioualen/HT_collections/ChIP-seq_collection/GSE111874/samples/GSM3043100
[2021-11-05 23:46:32,652] multiqc                                            [INFO   ]  Search path : /workspace/rioualen/HT_collections/ChIP-seq_collection/GSE111874/datasets/DS00072
[2021-11-05 23:46:32,717] multiqc                                            [DEBUG  ]  File ignored by ccs/v4 because it exceeded search pattern filesize limit: GSM3043063_cutadapt_bowtie2_plus_strand_bedgraph_to_tdf.log
[2021-11-05 23:46:32,720] multiqc                                            [DEBUG  ]  File ignored by lima/summary because it exceeded search pattern filesize limit: GSM3043063_cutadapt_bowtie2_plus_strand_bedgraph_to_tdf.log
[2021-11-05 23:46:32,748] multiqc                                            [DEBUG  ]  File ignored by ccs/v4 because it exceeded search pattern filesize limit: GSM3043063_cutadapt.log
[2021-11-05 23:46:32,750] multiqc                                            [DEBUG  ]  File ignored by hicexplorer because it exceeded search pattern filesize limit: GSM3043063_cutadapt.log
[2021-11-05 23:46:32,750] multiqc                                            [DEBUG  ]  File ignored by nanostat because it exceeded search pattern filesize limit: GSM3043063_cutadapt.log
[2021-11-05 23:46:32,750] multiqc                                            [DEBUG  ]  File ignored by lima/summary because it exceeded search pattern filesize limit: GSM3043063_cutadapt.log
[2021-11-05 23:46:32,752] multiqc                                            [DEBUG  ]  File ignored by longranger/invocation because it exceeded search pattern filesize limit: GSM3043063_cutadapt.log
[2021-11-05 23:46:32,780] multiqc                                            [DEBUG  ]  Ignoring file as matched an ignore pattern: GSM3043063_cutadapt_bowtie2.bam
[2021-11-05 23:46:32,804] multiqc                                            [DEBUG  ]  Ignoring file as matched an ignore pattern: GSM3043063_cutadapt_bowtie2.bam.bai
[2021-11-05 23:46:32,846] multiqc                                            [DEBUG  ]  File ignored by ccs/v4 because it exceeded search pattern filesize limit: GSM3043063_1.fastq.gz_trimming_report.txt
[2021-11-05 23:46:32,847] multiqc                                            [DEBUG  ]  File ignored by lima/summary because it exceeded search pattern filesize limit: GSM3043063_1.fastq.gz_trimming_report.txt
[2021-11-05 23:46:32,850] multiqc                                            [DEBUG  ]  File ignored by longranger/invocation because it exceeded search pattern filesize limit: GSM3043063_1.fastq.gz_trimming_report.txt
[2021-11-05 23:46:32,917] multiqc                                            [DEBUG  ]  File ignored by ccs/v4 because it exceeded search pattern filesize limit: GSM3043063_cutadapt_bowtie2_bedgraph_to_tdf.log
[2021-11-05 23:46:32,919] multiqc                                            [DEBUG  ]  File ignored by lima/summary because it exceeded search pattern filesize limit: GSM3043063_cutadapt_bowtie2_bedgraph_to_tdf.log
[2021-11-05 23:46:32,930] multiqc                                            [DEBUG  ]  File ignored by ccs/v4 because it exceeded search pattern filesize limit: GSM3043063_cutadapt_bowtie2_minus_strand_bedgraph_to_tdf.log
[2021-11-05 23:46:32,932] multiqc                                            [DEBUG  ]  File ignored by lima/summary because it exceeded search pattern filesize limit: GSM3043063_cutadapt_bowtie2_minus_strand_bedgraph_to_tdf.log
[2021-11-05 23:46:32,962] multiqc                                            [DEBUG  ]  Ignoring file as matched an ignore pattern: GSM3043063_1.fastq.gz
[2021-11-05 23:46:33,000] multiqc                                            [DEBUG  ]  Ignoring file as matched an ignore pattern: GSM3043063_cutadapt.fastq.gz
[2021-11-05 23:46:33,000] multiqc                                            [DEBUG  ]  Ignoring file as matched an ignore pattern: GSM3043063_cutadapt_2.fastq.gz
[2021-11-05 23:46:33,016] multiqc                                            [DEBUG  ]  File ignored by ccs/v4 because it exceeded search pattern filesize limit: GSM3043063_2.fastq.gz_trimming_report.txt
[2021-11-05 23:46:33,017] multiqc                                            [DEBUG  ]  File ignored by lima/summary because it exceeded search pattern filesize limit: GSM3043063_2.fastq.gz_trimming_report.txt
[2021-11-05 23:46:33,019] multiqc                                            [DEBUG  ]  File ignored by longranger/invocation because it exceeded search pattern filesize limit: GSM3043063_2.fastq.gz_trimming_report.txt
[2021-11-05 23:46:33,038] multiqc                                            [DEBUG  ]  Ignoring file as matched an ignore pattern: GSM3043063_cutadapt_1.fastq.gz
[2021-11-05 23:46:33,049] multiqc                                            [DEBUG  ]  Ignoring file as matched an ignore pattern: GSM3043063_2.fastq.gz
[2021-11-05 23:46:33,115] multiqc                                            [DEBUG  ]  File ignored by ccs/v4 because it exceeded search pattern filesize limit: GSM3043063_2_fastqc.html
[2021-11-05 23:46:33,117] multiqc                                            [DEBUG  ]  File ignored by hicexplorer because it exceeded search pattern filesize limit: GSM3043063_2_fastqc.html
[2021-11-05 23:46:33,117] multiqc                                            [DEBUG  ]  File ignored by nanostat because it exceeded search pattern filesize limit: GSM3043063_2_fastqc.html
[2021-11-05 23:46:33,117] multiqc                                            [DEBUG  ]  File ignored by lima/summary because it exceeded search pattern filesize limit: GSM3043063_2_fastqc.html
[2021-11-05 23:46:33,120] multiqc                                            [DEBUG  ]  File ignored by vep/vep_txt because it exceeded search pattern filesize limit: GSM3043063_2_fastqc.html
[2021-11-05 23:46:33,120] multiqc                                            [DEBUG  ]  File ignored by longranger/invocation because it exceeded search pattern filesize limit: GSM3043063_2_fastqc.html
[2021-11-05 23:46:33,121] multiqc                                            [DEBUG  ]  File ignored by rockhopper because it exceeded search pattern filesize limit: GSM3043063_2_fastqc.html
[2021-11-05 23:46:33,121] multiqc                                            [DEBUG  ]  File ignored by rseqc/bam_stat because it exceeded search pattern filesize limit: GSM3043063_2_fastqc.html
[2021-11-05 23:46:33,121] multiqc                                            [DEBUG  ]  File ignored by rseqc/junction_annotation because it exceeded search pattern filesize limit: GSM3043063_2_fastqc.html
[2021-11-05 23:46:33,121] multiqc                                            [DEBUG  ]  File ignored by rseqc/read_distribution because it exceeded search pattern filesize limit: GSM3043063_2_fastqc.html
[2021-11-05 23:46:33,121] multiqc                                            [DEBUG  ]  File ignored by rseqc/infer_experiment because it exceeded search pattern filesize limit: GSM3043063_2_fastqc.html
[2021-11-05 23:46:33,307] multiqc                                            [DEBUG  ]  File ignored by ccs/v4 because it exceeded search pattern filesize limit: GSM3043063_1_fastqc.html
[2021-11-05 23:46:33,309] multiqc                                            [DEBUG  ]  File ignored by hicexplorer because it exceeded search pattern filesize limit: GSM3043063_1_fastqc.html
[2021-11-05 23:46:33,309] multiqc                                            [DEBUG  ]  File ignored by nanostat because it exceeded search pattern filesize limit: GSM3043063_1_fastqc.html
[2021-11-05 23:46:33,309] multiqc                                            [DEBUG  ]  File ignored by lima/summary because it exceeded search pattern filesize limit: GSM3043063_1_fastqc.html
[2021-11-05 23:46:33,312] multiqc                                            [DEBUG  ]  File ignored by vep/vep_txt because it exceeded search pattern filesize limit: GSM3043063_1_fastqc.html
[2021-11-05 23:46:33,313] multiqc                                            [DEBUG  ]  File ignored by longranger/invocation because it exceeded search pattern filesize limit: GSM3043063_1_fastqc.html
[2021-11-05 23:46:33,313] multiqc                                            [DEBUG  ]  File ignored by rockhopper because it exceeded search pattern filesize limit: GSM3043063_1_fastqc.html
[2021-11-05 23:46:33,313] multiqc                                            [DEBUG  ]  File ignored by rseqc/bam_stat because it exceeded search pattern filesize limit: GSM3043063_1_fastqc.html
[2021-11-05 23:46:33,313] multiqc                                            [DEBUG  ]  File ignored by rseqc/junction_annotation because it exceeded search pattern filesize limit: GSM3043063_1_fastqc.html
[2021-11-05 23:46:33,313] multiqc                                            [DEBUG  ]  File ignored by rseqc/read_distribution because it exceeded search pattern filesize limit: GSM3043063_1_fastqc.html
[2021-11-05 23:46:33,313] multiqc                                            [DEBUG  ]  File ignored by rseqc/infer_experiment because it exceeded search pattern filesize limit: GSM3043063_1_fastqc.html
[2021-11-05 23:46:33,447] multiqc                                            [DEBUG  ]  File ignored by ccs/v4 because it exceeded search pattern filesize limit: GSM3043063_cutadapt_bowtie2_fastqc.log
[2021-11-05 23:46:33,448] multiqc                                            [DEBUG  ]  File ignored by lima/summary because it exceeded search pattern filesize limit: GSM3043063_cutadapt_bowtie2_fastqc.log
[2021-11-05 23:46:33,468] multiqc                                            [DEBUG  ]  File ignored by ccs/v4 because it exceeded search pattern filesize limit: GSM3043063_cutadapt_bowtie2_fastqc.html
[2021-11-05 23:46:33,470] multiqc                                            [DEBUG  ]  File ignored by hicexplorer because it exceeded search pattern filesize limit: GSM3043063_cutadapt_bowtie2_fastqc.html
[2021-11-05 23:46:33,470] multiqc                                            [DEBUG  ]  File ignored by nanostat because it exceeded search pattern filesize limit: GSM3043063_cutadapt_bowtie2_fastqc.html
[2021-11-05 23:46:33,470] multiqc                                            [DEBUG  ]  File ignored by lima/summary because it exceeded search pattern filesize limit: GSM3043063_cutadapt_bowtie2_fastqc.html
[2021-11-05 23:46:33,473] multiqc                                            [DEBUG  ]  File ignored by vep/vep_txt because it exceeded search pattern filesize limit: GSM3043063_cutadapt_bowtie2_fastqc.html
[2021-11-05 23:46:33,473] multiqc                                            [DEBUG  ]  File ignored by longranger/invocation because it exceeded search pattern filesize limit: GSM3043063_cutadapt_bowtie2_fastqc.html
[2021-11-05 23:46:33,473] multiqc                                            [DEBUG  ]  File ignored by rockhopper because it exceeded search pattern filesize limit: GSM3043063_cutadapt_bowtie2_fastqc.html
[2021-11-05 23:46:33,473] multiqc                                            [DEBUG  ]  File ignored by rseqc/bam_stat because it exceeded search pattern filesize limit: GSM3043063_cutadapt_bowtie2_fastqc.html
[2021-11-05 23:46:33,473] multiqc                                            [DEBUG  ]  File ignored by rseqc/junction_annotation because it exceeded search pattern filesize limit: GSM3043063_cutadapt_bowtie2_fastqc.html
[2021-11-05 23:46:33,473] multiqc                                            [DEBUG  ]  File ignored by rseqc/read_distribution because it exceeded search pattern filesize limit: GSM3043063_cutadapt_bowtie2_fastqc.html
[2021-11-05 23:46:33,473] multiqc                                            [DEBUG  ]  File ignored by rseqc/infer_experiment because it exceeded search pattern filesize limit: GSM3043063_cutadapt_bowtie2_fastqc.html
[2021-11-05 23:46:33,660] multiqc                                            [DEBUG  ]  File ignored by ccs/v4 because it exceeded search pattern filesize limit: GSM3043063_cutadapt_2_fastqc.html
[2021-11-05 23:46:33,662] multiqc                                            [DEBUG  ]  File ignored by hicexplorer because it exceeded search pattern filesize limit: GSM3043063_cutadapt_2_fastqc.html
[2021-11-05 23:46:33,662] multiqc                                            [DEBUG  ]  File ignored by nanostat because it exceeded search pattern filesize limit: GSM3043063_cutadapt_2_fastqc.html
[2021-11-05 23:46:33,662] multiqc                                            [DEBUG  ]  File ignored by lima/summary because it exceeded search pattern filesize limit: GSM3043063_cutadapt_2_fastqc.html
[2021-11-05 23:46:33,665] multiqc                                            [DEBUG  ]  File ignored by vep/vep_txt because it exceeded search pattern filesize limit: GSM3043063_cutadapt_2_fastqc.html
[2021-11-05 23:46:33,665] multiqc                                            [DEBUG  ]  File ignored by longranger/invocation because it exceeded search pattern filesize limit: GSM3043063_cutadapt_2_fastqc.html
[2021-11-05 23:46:33,665] multiqc                                            [DEBUG  ]  File ignored by rockhopper because it exceeded search pattern filesize limit: GSM3043063_cutadapt_2_fastqc.html
[2021-11-05 23:46:33,665] multiqc                                            [DEBUG  ]  File ignored by rseqc/bam_stat because it exceeded search pattern filesize limit: GSM3043063_cutadapt_2_fastqc.html
[2021-11-05 23:46:33,665] multiqc                                            [DEBUG  ]  File ignored by rseqc/junction_annotation because it exceeded search pattern filesize limit: GSM3043063_cutadapt_2_fastqc.html
[2021-11-05 23:46:33,665] multiqc                                            [DEBUG  ]  File ignored by rseqc/read_distribution because it exceeded search pattern filesize limit: GSM3043063_cutadapt_2_fastqc.html
[2021-11-05 23:46:33,666] multiqc                                            [DEBUG  ]  File ignored by rseqc/infer_experiment because it exceeded search pattern filesize limit: GSM3043063_cutadapt_2_fastqc.html
[2021-11-05 23:46:33,809] multiqc                                            [DEBUG  ]  File ignored by ccs/v4 because it exceeded search pattern filesize limit: GSM3043063_cutadapt_2_fastqc.log
[2021-11-05 23:46:33,810] multiqc                                            [DEBUG  ]  File ignored by lima/summary because it exceeded search pattern filesize limit: GSM3043063_cutadapt_2_fastqc.log
[2021-11-05 23:46:33,856] multiqc                                            [DEBUG  ]  File ignored by ccs/v4 because it exceeded search pattern filesize limit: GSM3043063_cutadapt_1_fastqc.log
[2021-11-05 23:46:33,857] multiqc                                            [DEBUG  ]  File ignored by lima/summary because it exceeded search pattern filesize limit: GSM3043063_cutadapt_1_fastqc.log
[2021-11-05 23:46:33,872] multiqc                                            [DEBUG  ]  File ignored by ccs/v4 because it exceeded search pattern filesize limit: GSM3043063_cutadapt_1_fastqc.html
[2021-11-05 23:46:33,873] multiqc                                            [DEBUG  ]  File ignored by hicexplorer because it exceeded search pattern filesize limit: GSM3043063_cutadapt_1_fastqc.html
[2021-11-05 23:46:33,874] multiqc                                            [DEBUG  ]  File ignored by nanostat because it exceeded search pattern filesize limit: GSM3043063_cutadapt_1_fastqc.html
[2021-11-05 23:46:33,874] multiqc                                            [DEBUG  ]  File ignored by lima/summary because it exceeded search pattern filesize limit: GSM3043063_cutadapt_1_fastqc.html
[2021-11-05 23:46:33,877] multiqc                                            [DEBUG  ]  File ignored by vep/vep_txt because it exceeded search pattern filesize limit: GSM3043063_cutadapt_1_fastqc.html
[2021-11-05 23:46:33,877] multiqc                                            [DEBUG  ]  File ignored by longranger/invocation because it exceeded search pattern filesize limit: GSM3043063_cutadapt_1_fastqc.html
[2021-11-05 23:46:33,877] multiqc                                            [DEBUG  ]  File ignored by rockhopper because it exceeded search pattern filesize limit: GSM3043063_cutadapt_1_fastqc.html
[2021-11-05 23:46:33,877] multiqc                                            [DEBUG  ]  File ignored by rseqc/bam_stat because it exceeded search pattern filesize limit: GSM3043063_cutadapt_1_fastqc.html
[2021-11-05 23:46:33,877] multiqc                                            [DEBUG  ]  File ignored by rseqc/junction_annotation because it exceeded search pattern filesize limit: GSM3043063_cutadapt_1_fastqc.html
[2021-11-05 23:46:33,877] multiqc                                            [DEBUG  ]  File ignored by rseqc/read_distribution because it exceeded search pattern filesize limit: GSM3043063_cutadapt_1_fastqc.html
[2021-11-05 23:46:33,877] multiqc                                            [DEBUG  ]  File ignored by rseqc/infer_experiment because it exceeded search pattern filesize limit: GSM3043063_cutadapt_1_fastqc.html
[2021-11-05 23:46:34,028] multiqc                                            [DEBUG  ]  File ignored by ccs/v4 because it exceeded search pattern filesize limit: GSM3043099_cutadapt_bowtie2_plus_strand_bedgraph_to_tdf.log
[2021-11-05 23:46:34,034] multiqc                                            [DEBUG  ]  File ignored by lima/summary because it exceeded search pattern filesize limit: GSM3043099_cutadapt_bowtie2_plus_strand_bedgraph_to_tdf.log
[2021-11-05 23:46:34,056] multiqc                                            [DEBUG  ]  File ignored by ccs/v4 because it exceeded search pattern filesize limit: GSM3043099_cutadapt_bowtie2_minus_strand_bedgraph_to_tdf.log
[2021-11-05 23:46:34,058] multiqc                                            [DEBUG  ]  File ignored by lima/summary because it exceeded search pattern filesize limit: GSM3043099_cutadapt_bowtie2_minus_strand_bedgraph_to_tdf.log
[2021-11-05 23:46:34,065] multiqc                                            [DEBUG  ]  Ignoring file as matched an ignore pattern: GSM3043099_cutadapt_bowtie2.bam.bai
[2021-11-05 23:46:34,122] multiqc                                            [DEBUG  ]  File ignored by ccs/v4 because it exceeded search pattern filesize limit: GSM3043099_1.fastq.gz_trimming_report.txt
[2021-11-05 23:46:34,123] multiqc                                            [DEBUG  ]  File ignored by lima/summary because it exceeded search pattern filesize limit: GSM3043099_1.fastq.gz_trimming_report.txt
[2021-11-05 23:46:34,126] multiqc                                            [DEBUG  ]  File ignored by longranger/invocation because it exceeded search pattern filesize limit: GSM3043099_1.fastq.gz_trimming_report.txt
[2021-11-05 23:46:34,163] multiqc                                            [DEBUG  ]  File ignored by ccs/v4 because it exceeded search pattern filesize limit: GSM3043099_cutadapt.log
[2021-11-05 23:46:34,164] multiqc                                            [DEBUG  ]  File ignored by hicexplorer because it exceeded search pattern filesize limit: GSM3043099_cutadapt.log
[2021-11-05 23:46:34,165] multiqc                                            [DEBUG  ]  File ignored by nanostat because it exceeded search pattern filesize limit: GSM3043099_cutadapt.log
[2021-11-05 23:46:34,165] multiqc                                            [DEBUG  ]  File ignored by lima/summary because it exceeded search pattern filesize limit: GSM3043099_cutadapt.log
[2021-11-05 23:46:34,167] multiqc                                            [DEBUG  ]  File ignored by longranger/invocation because it exceeded search pattern filesize limit: GSM3043099_cutadapt.log
[2021-11-05 23:46:34,188] multiqc                                            [DEBUG  ]  Ignoring file as matched an ignore pattern: GSM3043099_1.fastq.gz
[2021-11-05 23:46:34,208] multiqc                                            [DEBUG  ]  Ignoring file as matched an ignore pattern: GSM3043099_cutadapt_2.fastq.gz
[2021-11-05 23:46:34,212] multiqc                                            [DEBUG  ]  File ignored by ccs/v4 because it exceeded search pattern filesize limit: GSM3043099_cutadapt_bowtie2_bedgraph_to_tdf.log
[2021-11-05 23:46:34,214] multiqc                                            [DEBUG  ]  File ignored by lima/summary because it exceeded search pattern filesize limit: GSM3043099_cutadapt_bowtie2_bedgraph_to_tdf.log
[2021-11-05 23:46:34,246] multiqc                                            [DEBUG  ]  Ignoring file as matched an ignore pattern: GSM3043099_cutadapt_1.fastq.gz
[2021-11-05 23:46:34,246] multiqc                                            [DEBUG  ]  Ignoring file as matched an ignore pattern: GSM3043099_2.fastq.gz
[2021-11-05 23:46:34,269] multiqc                                            [DEBUG  ]  Ignoring file as matched an ignore pattern: GSM3043099_cutadapt.fastq.gz
[2021-11-05 23:46:34,285] multiqc                                            [DEBUG  ]  File ignored by ccs/v4 because it exceeded search pattern filesize limit: GSM3043099_2.fastq.gz_trimming_report.txt
[2021-11-05 23:46:34,286] multiqc                                            [DEBUG  ]  File ignored by lima/summary because it exceeded search pattern filesize limit: GSM3043099_2.fastq.gz_trimming_report.txt
[2021-11-05 23:46:34,289] multiqc                                            [DEBUG  ]  File ignored by longranger/invocation because it exceeded search pattern filesize limit: GSM3043099_2.fastq.gz_trimming_report.txt
[2021-11-05 23:46:34,318] multiqc                                            [DEBUG  ]  Ignoring file as matched an ignore pattern: GSM3043099_cutadapt_bowtie2.bam
[2021-11-05 23:46:34,354] multiqc                                            [DEBUG  ]  File ignored by ccs/v4 because it exceeded search pattern filesize limit: GSM3043099_cutadapt_bowtie2_fastqc.html
[2021-11-05 23:46:34,356] multiqc                                            [DEBUG  ]  File ignored by hicexplorer because it exceeded search pattern filesize limit: GSM3043099_cutadapt_bowtie2_fastqc.html
[2021-11-05 23:46:34,356] multiqc                                            [DEBUG  ]  File ignored by nanostat because it exceeded search pattern filesize limit: GSM3043099_cutadapt_bowtie2_fastqc.html
[2021-11-05 23:46:34,356] multiqc                                            [DEBUG  ]  File ignored by lima/summary because it exceeded search pattern filesize limit: GSM3043099_cutadapt_bowtie2_fastqc.html
[2021-11-05 23:46:34,359] multiqc                                            [DEBUG  ]  File ignored by vep/vep_txt because it exceeded search pattern filesize limit: GSM3043099_cutadapt_bowtie2_fastqc.html
[2021-11-05 23:46:34,359] multiqc                                            [DEBUG  ]  File ignored by longranger/invocation because it exceeded search pattern filesize limit: GSM3043099_cutadapt_bowtie2_fastqc.html
[2021-11-05 23:46:34,360] multiqc                                            [DEBUG  ]  File ignored by rockhopper because it exceeded search pattern filesize limit: GSM3043099_cutadapt_bowtie2_fastqc.html
[2021-11-05 23:46:34,360] multiqc                                            [DEBUG  ]  File ignored by rseqc/bam_stat because it exceeded search pattern filesize limit: GSM3043099_cutadapt_bowtie2_fastqc.html
[2021-11-05 23:46:34,360] multiqc                                            [DEBUG  ]  File ignored by rseqc/junction_annotation because it exceeded search pattern filesize limit: GSM3043099_cutadapt_bowtie2_fastqc.html
[2021-11-05 23:46:34,360] multiqc                                            [DEBUG  ]  File ignored by rseqc/read_distribution because it exceeded search pattern filesize limit: GSM3043099_cutadapt_bowtie2_fastqc.html
[2021-11-05 23:46:34,360] multiqc                                            [DEBUG  ]  File ignored by rseqc/infer_experiment because it exceeded search pattern filesize limit: GSM3043099_cutadapt_bowtie2_fastqc.html
[2021-11-05 23:46:34,514] multiqc                                            [DEBUG  ]  File ignored by ccs/v4 because it exceeded search pattern filesize limit: GSM3043099_cutadapt_bowtie2_fastqc.log
[2021-11-05 23:46:34,516] multiqc                                            [DEBUG  ]  File ignored by lima/summary because it exceeded search pattern filesize limit: GSM3043099_cutadapt_bowtie2_fastqc.log
[2021-11-05 23:46:34,539] multiqc                                            [DEBUG  ]  File ignored by ccs/v4 because it exceeded search pattern filesize limit: GSM3043099_cutadapt_2_fastqc.log
[2021-11-05 23:46:34,541] multiqc                                            [DEBUG  ]  File ignored by lima/summary because it exceeded search pattern filesize limit: GSM3043099_cutadapt_2_fastqc.log
[2021-11-05 23:46:34,568] multiqc                                            [DEBUG  ]  File ignored by ccs/v4 because it exceeded search pattern filesize limit: GSM3043099_cutadapt_2_fastqc.html
[2021-11-05 23:46:34,570] multiqc                                            [DEBUG  ]  File ignored by hicexplorer because it exceeded search pattern filesize limit: GSM3043099_cutadapt_2_fastqc.html
[2021-11-05 23:46:34,570] multiqc                                            [DEBUG  ]  File ignored by nanostat because it exceeded search pattern filesize limit: GSM3043099_cutadapt_2_fastqc.html
[2021-11-05 23:46:34,570] multiqc                                            [DEBUG  ]  File ignored by lima/summary because it exceeded search pattern filesize limit: GSM3043099_cutadapt_2_fastqc.html
[2021-11-05 23:46:34,573] multiqc                                            [DEBUG  ]  File ignored by vep/vep_txt because it exceeded search pattern filesize limit: GSM3043099_cutadapt_2_fastqc.html
[2021-11-05 23:46:34,573] multiqc                                            [DEBUG  ]  File ignored by longranger/invocation because it exceeded search pattern filesize limit: GSM3043099_cutadapt_2_fastqc.html
[2021-11-05 23:46:34,573] multiqc                                            [DEBUG  ]  File ignored by rockhopper because it exceeded search pattern filesize limit: GSM3043099_cutadapt_2_fastqc.html
[2021-11-05 23:46:34,573] multiqc                                            [DEBUG  ]  File ignored by rseqc/bam_stat because it exceeded search pattern filesize limit: GSM3043099_cutadapt_2_fastqc.html
[2021-11-05 23:46:34,573] multiqc                                            [DEBUG  ]  File ignored by rseqc/junction_annotation because it exceeded search pattern filesize limit: GSM3043099_cutadapt_2_fastqc.html
[2021-11-05 23:46:34,573] multiqc                                            [DEBUG  ]  File ignored by rseqc/read_distribution because it exceeded search pattern filesize limit: GSM3043099_cutadapt_2_fastqc.html
[2021-11-05 23:46:34,574] multiqc                                            [DEBUG  ]  File ignored by rseqc/infer_experiment because it exceeded search pattern filesize limit: GSM3043099_cutadapt_2_fastqc.html
[2021-11-05 23:46:34,731] multiqc                                            [DEBUG  ]  File ignored by ccs/v4 because it exceeded search pattern filesize limit: GSM3043099_cutadapt_1_fastqc.log
[2021-11-05 23:46:34,733] multiqc                                            [DEBUG  ]  File ignored by lima/summary because it exceeded search pattern filesize limit: GSM3043099_cutadapt_1_fastqc.log
[2021-11-05 23:46:34,777] multiqc                                            [DEBUG  ]  File ignored by ccs/v4 because it exceeded search pattern filesize limit: GSM3043099_cutadapt_1_fastqc.html
[2021-11-05 23:46:34,779] multiqc                                            [DEBUG  ]  File ignored by hicexplorer because it exceeded search pattern filesize limit: GSM3043099_cutadapt_1_fastqc.html
[2021-11-05 23:46:34,814] multiqc                                            [DEBUG  ]  File ignored by nanostat because it exceeded search pattern filesize limit: GSM3043099_cutadapt_1_fastqc.html
[2021-11-05 23:46:34,814] multiqc                                            [DEBUG  ]  File ignored by lima/summary because it exceeded search pattern filesize limit: GSM3043099_cutadapt_1_fastqc.html
[2021-11-05 23:46:34,817] multiqc                                            [DEBUG  ]  File ignored by vep/vep_txt because it exceeded search pattern filesize limit: GSM3043099_cutadapt_1_fastqc.html
[2021-11-05 23:46:34,817] multiqc                                            [DEBUG  ]  File ignored by longranger/invocation because it exceeded search pattern filesize limit: GSM3043099_cutadapt_1_fastqc.html
[2021-11-05 23:46:34,818] multiqc                                            [DEBUG  ]  File ignored by rockhopper because it exceeded search pattern filesize limit: GSM3043099_cutadapt_1_fastqc.html
[2021-11-05 23:46:34,818] multiqc                                            [DEBUG  ]  File ignored by rseqc/bam_stat because it exceeded search pattern filesize limit: GSM3043099_cutadapt_1_fastqc.html
[2021-11-05 23:46:34,818] multiqc                                            [DEBUG  ]  File ignored by rseqc/junction_annotation because it exceeded search pattern filesize limit: GSM3043099_cutadapt_1_fastqc.html
[2021-11-05 23:46:34,818] multiqc                                            [DEBUG  ]  File ignored by rseqc/read_distribution because it exceeded search pattern filesize limit: GSM3043099_cutadapt_1_fastqc.html
[2021-11-05 23:46:34,818] multiqc                                            [DEBUG  ]  File ignored by rseqc/infer_experiment because it exceeded search pattern filesize limit: GSM3043099_cutadapt_1_fastqc.html
[2021-11-05 23:46:35,029] multiqc                                            [DEBUG  ]  File ignored by ccs/v4 because it exceeded search pattern filesize limit: GSM3043099_1_fastqc.html
[2021-11-05 23:46:35,030] multiqc                                            [DEBUG  ]  File ignored by hicexplorer because it exceeded search pattern filesize limit: GSM3043099_1_fastqc.html
[2021-11-05 23:46:35,030] multiqc                                            [DEBUG  ]  File ignored by nanostat because it exceeded search pattern filesize limit: GSM3043099_1_fastqc.html
[2021-11-05 23:46:35,031] multiqc                                            [DEBUG  ]  File ignored by lima/summary because it exceeded search pattern filesize limit: GSM3043099_1_fastqc.html
[2021-11-05 23:46:35,034] multiqc                                            [DEBUG  ]  File ignored by vep/vep_txt because it exceeded search pattern filesize limit: GSM3043099_1_fastqc.html
[2021-11-05 23:46:35,034] multiqc                                            [DEBUG  ]  File ignored by longranger/invocation because it exceeded search pattern filesize limit: GSM3043099_1_fastqc.html
[2021-11-05 23:46:35,034] multiqc                                            [DEBUG  ]  File ignored by rockhopper because it exceeded search pattern filesize limit: GSM3043099_1_fastqc.html
[2021-11-05 23:46:35,034] multiqc                                            [DEBUG  ]  File ignored by rseqc/bam_stat because it exceeded search pattern filesize limit: GSM3043099_1_fastqc.html
[2021-11-05 23:46:35,034] multiqc                                            [DEBUG  ]  File ignored by rseqc/junction_annotation because it exceeded search pattern filesize limit: GSM3043099_1_fastqc.html
[2021-11-05 23:46:35,034] multiqc                                            [DEBUG  ]  File ignored by rseqc/read_distribution because it exceeded search pattern filesize limit: GSM3043099_1_fastqc.html
[2021-11-05 23:46:35,034] multiqc                                            [DEBUG  ]  File ignored by rseqc/infer_experiment because it exceeded search pattern filesize limit: GSM3043099_1_fastqc.html
[2021-11-05 23:46:35,172] multiqc                                            [DEBUG  ]  File ignored by ccs/v4 because it exceeded search pattern filesize limit: GSM3043099_2_fastqc.html
[2021-11-05 23:46:35,174] multiqc                                            [DEBUG  ]  File ignored by hicexplorer because it exceeded search pattern filesize limit: GSM3043099_2_fastqc.html
[2021-11-05 23:46:35,174] multiqc                                            [DEBUG  ]  File ignored by nanostat because it exceeded search pattern filesize limit: GSM3043099_2_fastqc.html
[2021-11-05 23:46:35,174] multiqc                                            [DEBUG  ]  File ignored by lima/summary because it exceeded search pattern filesize limit: GSM3043099_2_fastqc.html
[2021-11-05 23:46:35,177] multiqc                                            [DEBUG  ]  File ignored by vep/vep_txt because it exceeded search pattern filesize limit: GSM3043099_2_fastqc.html
[2021-11-05 23:46:35,177] multiqc                                            [DEBUG  ]  File ignored by longranger/invocation because it exceeded search pattern filesize limit: GSM3043099_2_fastqc.html
[2021-11-05 23:46:35,177] multiqc                                            [DEBUG  ]  File ignored by rockhopper because it exceeded search pattern filesize limit: GSM3043099_2_fastqc.html
[2021-11-05 23:46:35,177] multiqc                                            [DEBUG  ]  File ignored by rseqc/bam_stat because it exceeded search pattern filesize limit: GSM3043099_2_fastqc.html
[2021-11-05 23:46:35,177] multiqc                                            [DEBUG  ]  File ignored by rseqc/junction_annotation because it exceeded search pattern filesize limit: GSM3043099_2_fastqc.html
[2021-11-05 23:46:35,177] multiqc                                            [DEBUG  ]  File ignored by rseqc/read_distribution because it exceeded search pattern filesize limit: GSM3043099_2_fastqc.html
[2021-11-05 23:46:35,178] multiqc                                            [DEBUG  ]  File ignored by rseqc/infer_experiment because it exceeded search pattern filesize limit: GSM3043099_2_fastqc.html
[2021-11-05 23:46:35,364] multiqc                                            [DEBUG  ]  File ignored by ccs/v4 because it exceeded search pattern filesize limit: DS00072_peaks.ft
[2021-11-05 23:46:35,366] multiqc                                            [DEBUG  ]  File ignored by lima/summary because it exceeded search pattern filesize limit: DS00072_peaks.ft
[2021-11-05 23:46:35,368] multiqc                                            [DEBUG  ]  File ignored by longranger/invocation because it exceeded search pattern filesize limit: DS00072_peaks.ft
[2021-11-05 23:46:35,383] multiqc                                            [DEBUG  ]  File ignored by ccs/v4 because it exceeded search pattern filesize limit: DS00072_matrix.tab
[2021-11-05 23:46:35,384] multiqc                                            [DEBUG  ]  File ignored by lima/summary because it exceeded search pattern filesize limit: DS00072_matrix.tab
[2021-11-05 23:46:35,387] multiqc                                            [DEBUG  ]  File ignored by longranger/invocation because it exceeded search pattern filesize limit: DS00072_matrix.tab
[2021-11-05 23:46:35,393] multiqc                                            [DEBUG  ]  Ignoring file as matched an ignore pattern: DS00072_sites.bed
[2021-11-05 23:46:35,393] multiqc                                            [DEBUG  ]  Ignoring file as matched an ignore pattern: DS00072_peaks.bed
[2021-11-05 23:46:35,398] multiqc                                            [DEBUG  ]  File ignored by ccs/v4 because it exceeded search pattern filesize limit: DS00072_peaks.fasta
[2021-11-05 23:46:35,399] multiqc                                            [DEBUG  ]  File ignored by hicexplorer because it exceeded search pattern filesize limit: DS00072_peaks.fasta
[2021-11-05 23:46:35,399] multiqc                                            [DEBUG  ]  File ignored by nanostat because it exceeded search pattern filesize limit: DS00072_peaks.fasta
[2021-11-05 23:46:35,399] multiqc                                            [DEBUG  ]  File ignored by lima/summary because it exceeded search pattern filesize limit: DS00072_peaks.fasta
[2021-11-05 23:46:35,402] multiqc                                            [DEBUG  ]  File ignored by vep/vep_txt because it exceeded search pattern filesize limit: DS00072_peaks.fasta
[2021-11-05 23:46:35,402] multiqc                                            [DEBUG  ]  File ignored by longranger/invocation because it exceeded search pattern filesize limit: DS00072_peaks.fasta
[2021-11-05 23:46:35,448] multiqc                                            [DEBUG  ]  File ignored by ccs/v4 because it exceeded search pattern filesize limit: DS00072_peaks.narrowPeak
[2021-11-05 23:46:35,450] multiqc                                            [DEBUG  ]  File ignored by hicexplorer because it exceeded search pattern filesize limit: DS00072_peaks.narrowPeak
[2021-11-05 23:46:35,450] multiqc                                            [DEBUG  ]  File ignored by nanostat because it exceeded search pattern filesize limit: DS00072_peaks.narrowPeak
[2021-11-05 23:46:35,450] multiqc                                            [DEBUG  ]  File ignored by lima/summary because it exceeded search pattern filesize limit: DS00072_peaks.narrowPeak
[2021-11-05 23:46:35,453] multiqc                                            [DEBUG  ]  File ignored by longranger/invocation because it exceeded search pattern filesize limit: DS00072_peaks.narrowPeak
[2021-11-05 23:46:35,465] multiqc                                            [DEBUG  ]  Ignoring file as matched an ignore pattern: DS00072_summits.bed
[2021-11-05 23:46:35,476] multiqc                                            [DEBUG  ]  Ignoring file as matched an ignore pattern: GSM3043064_cutadapt_bowtie2.bam.bai
[2021-11-05 23:46:35,526] multiqc                                            [DEBUG  ]  Ignoring file as matched an ignore pattern: GSM3043064_2.fastq.gz
[2021-11-05 23:46:35,531] multiqc                                            [DEBUG  ]  File ignored by ccs/v4 because it exceeded search pattern filesize limit: GSM3043064_cutadapt.log
[2021-11-05 23:46:35,532] multiqc                                            [DEBUG  ]  File ignored by hicexplorer because it exceeded search pattern filesize limit: GSM3043064_cutadapt.log
[2021-11-05 23:46:35,532] multiqc                                            [DEBUG  ]  File ignored by nanostat because it exceeded search pattern filesize limit: GSM3043064_cutadapt.log
[2021-11-05 23:46:35,532] multiqc                                            [DEBUG  ]  File ignored by lima/summary because it exceeded search pattern filesize limit: GSM3043064_cutadapt.log
[2021-11-05 23:46:35,535] multiqc                                            [DEBUG  ]  File ignored by longranger/invocation because it exceeded search pattern filesize limit: GSM3043064_cutadapt.log
[2021-11-05 23:46:35,556] multiqc                                            [DEBUG  ]  Ignoring file as matched an ignore pattern: GSM3043064_cutadapt_bowtie2.bam
[2021-11-05 23:46:35,557] multiqc                                            [DEBUG  ]  Ignoring file as matched an ignore pattern: GSM3043064_cutadapt_1.fastq.gz
[2021-11-05 23:46:35,584] multiqc                                            [DEBUG  ]  File ignored by ccs/v4 because it exceeded search pattern filesize limit: GSM3043064_cutadapt_bowtie2_plus_strand_bedgraph_to_tdf.log
[2021-11-05 23:46:35,585] multiqc                                            [DEBUG  ]  File ignored by lima/summary because it exceeded search pattern filesize limit: GSM3043064_cutadapt_bowtie2_plus_strand_bedgraph_to_tdf.log
[2021-11-05 23:46:35,621] multiqc                                            [DEBUG  ]  File ignored by ccs/v4 because it exceeded search pattern filesize limit: GSM3043064_2.fastq.gz_trimming_report.txt
[2021-11-05 23:46:35,626] multiqc                                            [DEBUG  ]  File ignored by lima/summary because it exceeded search pattern filesize limit: GSM3043064_2.fastq.gz_trimming_report.txt
[2021-11-05 23:46:35,629] multiqc                                            [DEBUG  ]  File ignored by longranger/invocation because it exceeded search pattern filesize limit: GSM3043064_2.fastq.gz_trimming_report.txt
[2021-11-05 23:46:35,662] multiqc                                            [DEBUG  ]  File ignored by ccs/v4 because it exceeded search pattern filesize limit: GSM3043064_cutadapt_bowtie2_minus_strand_bedgraph_to_tdf.log
[2021-11-05 23:46:35,664] multiqc                                            [DEBUG  ]  File ignored by lima/summary because it exceeded search pattern filesize limit: GSM3043064_cutadapt_bowtie2_minus_strand_bedgraph_to_tdf.log
[2021-11-05 23:46:35,683] multiqc                                            [DEBUG  ]  Ignoring file as matched an ignore pattern: GSM3043064_cutadapt.fastq.gz
[2021-11-05 23:46:35,683] multiqc                                            [DEBUG  ]  Ignoring file as matched an ignore pattern: GSM3043064_1.fastq.gz
[2021-11-05 23:46:35,695] multiqc                                            [DEBUG  ]  Ignoring file as matched an ignore pattern: GSM3043064_cutadapt_2.fastq.gz
[2021-11-05 23:46:35,699] multiqc                                            [DEBUG  ]  File ignored by ccs/v4 because it exceeded search pattern filesize limit: GSM3043064_1.fastq.gz_trimming_report.txt
[2021-11-05 23:46:35,701] multiqc                                            [DEBUG  ]  File ignored by lima/summary because it exceeded search pattern filesize limit: GSM3043064_1.fastq.gz_trimming_report.txt
[2021-11-05 23:46:35,704] multiqc                                            [DEBUG  ]  File ignored by longranger/invocation because it exceeded search pattern filesize limit: GSM3043064_1.fastq.gz_trimming_report.txt
[2021-11-05 23:46:35,775] multiqc                                            [DEBUG  ]  File ignored by ccs/v4 because it exceeded search pattern filesize limit: GSM3043064_cutadapt_bowtie2_bedgraph_to_tdf.log
[2021-11-05 23:46:35,776] multiqc                                            [DEBUG  ]  File ignored by lima/summary because it exceeded search pattern filesize limit: GSM3043064_cutadapt_bowtie2_bedgraph_to_tdf.log
[2021-11-05 23:46:35,817] multiqc                                            [DEBUG  ]  File ignored by ccs/v4 because it exceeded search pattern filesize limit: GSM3043064_2_fastqc.html
[2021-11-05 23:46:35,819] multiqc                                            [DEBUG  ]  File ignored by hicexplorer because it exceeded search pattern filesize limit: GSM3043064_2_fastqc.html
[2021-11-05 23:46:35,819] multiqc                                            [DEBUG  ]  File ignored by nanostat because it exceeded search pattern filesize limit: GSM3043064_2_fastqc.html
[2021-11-05 23:46:35,819] multiqc                                            [DEBUG  ]  File ignored by lima/summary because it exceeded search pattern filesize limit: GSM3043064_2_fastqc.html
[2021-11-05 23:46:35,822] multiqc                                            [DEBUG  ]  File ignored by vep/vep_txt because it exceeded search pattern filesize limit: GSM3043064_2_fastqc.html
[2021-11-05 23:46:35,822] multiqc                                            [DEBUG  ]  File ignored by longranger/invocation because it exceeded search pattern filesize limit: GSM3043064_2_fastqc.html
[2021-11-05 23:46:35,822] multiqc                                            [DEBUG  ]  File ignored by rockhopper because it exceeded search pattern filesize limit: GSM3043064_2_fastqc.html
[2021-11-05 23:46:35,822] multiqc                                            [DEBUG  ]  File ignored by rseqc/bam_stat because it exceeded search pattern filesize limit: GSM3043064_2_fastqc.html
[2021-11-05 23:46:35,822] multiqc                                            [DEBUG  ]  File ignored by rseqc/junction_annotation because it exceeded search pattern filesize limit: GSM3043064_2_fastqc.html
[2021-11-05 23:46:35,822] multiqc                                            [DEBUG  ]  File ignored by rseqc/read_distribution because it exceeded search pattern filesize limit: GSM3043064_2_fastqc.html
[2021-11-05 23:46:35,822] multiqc                                            [DEBUG  ]  File ignored by rseqc/infer_experiment because it exceeded search pattern filesize limit: GSM3043064_2_fastqc.html
[2021-11-05 23:46:35,967] multiqc                                            [DEBUG  ]  File ignored by ccs/v4 because it exceeded search pattern filesize limit: GSM3043064_cutadapt_bowtie2_fastqc.log
[2021-11-05 23:46:35,969] multiqc                                            [DEBUG  ]  File ignored by lima/summary because it exceeded search pattern filesize limit: GSM3043064_cutadapt_bowtie2_fastqc.log
[2021-11-05 23:46:36,010] multiqc                                            [DEBUG  ]  File ignored by ccs/v4 because it exceeded search pattern filesize limit: GSM3043064_cutadapt_bowtie2_fastqc.html
[2021-11-05 23:46:36,011] multiqc                                            [DEBUG  ]  File ignored by hicexplorer because it exceeded search pattern filesize limit: GSM3043064_cutadapt_bowtie2_fastqc.html
[2021-11-05 23:46:36,012] multiqc                                            [DEBUG  ]  File ignored by nanostat because it exceeded search pattern filesize limit: GSM3043064_cutadapt_bowtie2_fastqc.html
[2021-11-05 23:46:36,012] multiqc                                            [DEBUG  ]  File ignored by lima/summary because it exceeded search pattern filesize limit: GSM3043064_cutadapt_bowtie2_fastqc.html
[2021-11-05 23:46:36,015] multiqc                                            [DEBUG  ]  File ignored by vep/vep_txt because it exceeded search pattern filesize limit: GSM3043064_cutadapt_bowtie2_fastqc.html
[2021-11-05 23:46:36,015] multiqc                                            [DEBUG  ]  File ignored by longranger/invocation because it exceeded search pattern filesize limit: GSM3043064_cutadapt_bowtie2_fastqc.html
[2021-11-05 23:46:36,015] multiqc                                            [DEBUG  ]  File ignored by rockhopper because it exceeded search pattern filesize limit: GSM3043064_cutadapt_bowtie2_fastqc.html
[2021-11-05 23:46:36,015] multiqc                                            [DEBUG  ]  File ignored by rseqc/bam_stat because it exceeded search pattern filesize limit: GSM3043064_cutadapt_bowtie2_fastqc.html
[2021-11-05 23:46:36,015] multiqc                                            [DEBUG  ]  File ignored by rseqc/junction_annotation because it exceeded search pattern filesize limit: GSM3043064_cutadapt_bowtie2_fastqc.html
[2021-11-05 23:46:36,015] multiqc                                            [DEBUG  ]  File ignored by rseqc/read_distribution because it exceeded search pattern filesize limit: GSM3043064_cutadapt_bowtie2_fastqc.html
[2021-11-05 23:46:36,015] multiqc                                            [DEBUG  ]  File ignored by rseqc/infer_experiment because it exceeded search pattern filesize limit: GSM3043064_cutadapt_bowtie2_fastqc.html
[2021-11-05 23:46:36,215] multiqc                                            [DEBUG  ]  File ignored by ccs/v4 because it exceeded search pattern filesize limit: GSM3043064_cutadapt_1_fastqc.html
[2021-11-05 23:46:36,217] multiqc                                            [DEBUG  ]  File ignored by hicexplorer because it exceeded search pattern filesize limit: GSM3043064_cutadapt_1_fastqc.html
[2021-11-05 23:46:36,217] multiqc                                            [DEBUG  ]  File ignored by nanostat because it exceeded search pattern filesize limit: GSM3043064_cutadapt_1_fastqc.html
[2021-11-05 23:46:36,217] multiqc                                            [DEBUG  ]  File ignored by lima/summary because it exceeded search pattern filesize limit: GSM3043064_cutadapt_1_fastqc.html
[2021-11-05 23:46:36,220] multiqc                                            [DEBUG  ]  File ignored by vep/vep_txt because it exceeded search pattern filesize limit: GSM3043064_cutadapt_1_fastqc.html
[2021-11-05 23:46:36,220] multiqc                                            [DEBUG  ]  File ignored by longranger/invocation because it exceeded search pattern filesize limit: GSM3043064_cutadapt_1_fastqc.html
[2021-11-05 23:46:36,220] multiqc                                            [DEBUG  ]  File ignored by rockhopper because it exceeded search pattern filesize limit: GSM3043064_cutadapt_1_fastqc.html
[2021-11-05 23:46:36,220] multiqc                                            [DEBUG  ]  File ignored by rseqc/bam_stat because it exceeded search pattern filesize limit: GSM3043064_cutadapt_1_fastqc.html
[2021-11-05 23:46:36,220] multiqc                                            [DEBUG  ]  File ignored by rseqc/junction_annotation because it exceeded search pattern filesize limit: GSM3043064_cutadapt_1_fastqc.html
[2021-11-05 23:46:36,220] multiqc                                            [DEBUG  ]  File ignored by rseqc/read_distribution because it exceeded search pattern filesize limit: GSM3043064_cutadapt_1_fastqc.html
[2021-11-05 23:46:36,220] multiqc                                            [DEBUG  ]  File ignored by rseqc/infer_experiment because it exceeded search pattern filesize limit: GSM3043064_cutadapt_1_fastqc.html
[2021-11-05 23:46:36,353] multiqc                                            [DEBUG  ]  File ignored by ccs/v4 because it exceeded search pattern filesize limit: GSM3043064_cutadapt_1_fastqc.log
[2021-11-05 23:46:36,355] multiqc                                            [DEBUG  ]  File ignored by lima/summary because it exceeded search pattern filesize limit: GSM3043064_cutadapt_1_fastqc.log
[2021-11-05 23:46:36,373] multiqc                                            [DEBUG  ]  File ignored by ccs/v4 because it exceeded search pattern filesize limit: GSM3043064_cutadapt_2_fastqc.html
[2021-11-05 23:46:36,374] multiqc                                            [DEBUG  ]  File ignored by hicexplorer because it exceeded search pattern filesize limit: GSM3043064_cutadapt_2_fastqc.html
[2021-11-05 23:46:36,375] multiqc                                            [DEBUG  ]  File ignored by nanostat because it exceeded search pattern filesize limit: GSM3043064_cutadapt_2_fastqc.html
[2021-11-05 23:46:36,375] multiqc                                            [DEBUG  ]  File ignored by lima/summary because it exceeded search pattern filesize limit: GSM3043064_cutadapt_2_fastqc.html
[2021-11-05 23:46:36,378] multiqc                                            [DEBUG  ]  File ignored by vep/vep_txt because it exceeded search pattern filesize limit: GSM3043064_cutadapt_2_fastqc.html
[2021-11-05 23:46:36,378] multiqc                                            [DEBUG  ]  File ignored by longranger/invocation because it exceeded search pattern filesize limit: GSM3043064_cutadapt_2_fastqc.html
[2021-11-05 23:46:36,378] multiqc                                            [DEBUG  ]  File ignored by rockhopper because it exceeded search pattern filesize limit: GSM3043064_cutadapt_2_fastqc.html
[2021-11-05 23:46:36,378] multiqc                                            [DEBUG  ]  File ignored by rseqc/bam_stat because it exceeded search pattern filesize limit: GSM3043064_cutadapt_2_fastqc.html
[2021-11-05 23:46:36,378] multiqc                                            [DEBUG  ]  File ignored by rseqc/junction_annotation because it exceeded search pattern filesize limit: GSM3043064_cutadapt_2_fastqc.html
[2021-11-05 23:46:36,378] multiqc                                            [DEBUG  ]  File ignored by rseqc/read_distribution because it exceeded search pattern filesize limit: GSM3043064_cutadapt_2_fastqc.html
[2021-11-05 23:46:36,378] multiqc                                            [DEBUG  ]  File ignored by rseqc/infer_experiment because it exceeded search pattern filesize limit: GSM3043064_cutadapt_2_fastqc.html
[2021-11-05 23:46:36,529] multiqc                                            [DEBUG  ]  File ignored by ccs/v4 because it exceeded search pattern filesize limit: GSM3043064_cutadapt_2_fastqc.log
[2021-11-05 23:46:36,530] multiqc                                            [DEBUG  ]  File ignored by lima/summary because it exceeded search pattern filesize limit: GSM3043064_cutadapt_2_fastqc.log
[2021-11-05 23:46:36,564] multiqc                                            [DEBUG  ]  File ignored by ccs/v4 because it exceeded search pattern filesize limit: GSM3043064_1_fastqc.html
[2021-11-05 23:46:36,570] multiqc                                            [DEBUG  ]  File ignored by hicexplorer because it exceeded search pattern filesize limit: GSM3043064_1_fastqc.html
[2021-11-05 23:46:36,570] multiqc                                            [DEBUG  ]  File ignored by nanostat because it exceeded search pattern filesize limit: GSM3043064_1_fastqc.html
[2021-11-05 23:46:36,570] multiqc                                            [DEBUG  ]  File ignored by lima/summary because it exceeded search pattern filesize limit: GSM3043064_1_fastqc.html
[2021-11-05 23:46:36,573] multiqc                                            [DEBUG  ]  File ignored by vep/vep_txt because it exceeded search pattern filesize limit: GSM3043064_1_fastqc.html
[2021-11-05 23:46:36,573] multiqc                                            [DEBUG  ]  File ignored by longranger/invocation because it exceeded search pattern filesize limit: GSM3043064_1_fastqc.html
[2021-11-05 23:46:36,573] multiqc                                            [DEBUG  ]  File ignored by rockhopper because it exceeded search pattern filesize limit: GSM3043064_1_fastqc.html
[2021-11-05 23:46:36,573] multiqc                                            [DEBUG  ]  File ignored by rseqc/bam_stat because it exceeded search pattern filesize limit: GSM3043064_1_fastqc.html
[2021-11-05 23:46:36,573] multiqc                                            [DEBUG  ]  File ignored by rseqc/junction_annotation because it exceeded search pattern filesize limit: GSM3043064_1_fastqc.html
[2021-11-05 23:46:36,573] multiqc                                            [DEBUG  ]  File ignored by rseqc/read_distribution because it exceeded search pattern filesize limit: GSM3043064_1_fastqc.html
[2021-11-05 23:46:36,574] multiqc                                            [DEBUG  ]  File ignored by rseqc/infer_experiment because it exceeded search pattern filesize limit: GSM3043064_1_fastqc.html
[2021-11-05 23:46:36,740] multiqc                                            [DEBUG  ]  File ignored by ccs/v4 because it exceeded search pattern filesize limit: GSM3043100_cutadapt_bowtie2_minus_strand_bedgraph_to_tdf.log
[2021-11-05 23:46:36,742] multiqc                                            [DEBUG  ]  File ignored by lima/summary because it exceeded search pattern filesize limit: GSM3043100_cutadapt_bowtie2_minus_strand_bedgraph_to_tdf.log
[2021-11-05 23:46:36,791] multiqc                                            [DEBUG  ]  Ignoring file as matched an ignore pattern: GSM3043100_cutadapt.fastq.gz
[2021-11-05 23:46:36,804] multiqc                                            [DEBUG  ]  Ignoring file as matched an ignore pattern: GSM3043100_cutadapt_bowtie2.bam
[2021-11-05 23:46:36,826] multiqc                                            [DEBUG  ]  File ignored by ccs/v4 because it exceeded search pattern filesize limit: GSM3043100_cutadapt.log
[2021-11-05 23:46:36,827] multiqc                                            [DEBUG  ]  File ignored by hicexplorer because it exceeded search pattern filesize limit: GSM3043100_cutadapt.log
[2021-11-05 23:46:36,828] multiqc                                            [DEBUG  ]  File ignored by nanostat because it exceeded search pattern filesize limit: GSM3043100_cutadapt.log
[2021-11-05 23:46:36,828] multiqc                                            [DEBUG  ]  File ignored by lima/summary because it exceeded search pattern filesize limit: GSM3043100_cutadapt.log
[2021-11-05 23:46:36,830] multiqc                                            [DEBUG  ]  File ignored by longranger/invocation because it exceeded search pattern filesize limit: GSM3043100_cutadapt.log
[2021-11-05 23:46:36,867] multiqc                                            [DEBUG  ]  File ignored by ccs/v4 because it exceeded search pattern filesize limit: GSM3043100_1.fastq.gz_trimming_report.txt
[2021-11-05 23:46:36,868] multiqc                                            [DEBUG  ]  File ignored by lima/summary because it exceeded search pattern filesize limit: GSM3043100_1.fastq.gz_trimming_report.txt
[2021-11-05 23:46:36,871] multiqc                                            [DEBUG  ]  File ignored by longranger/invocation because it exceeded search pattern filesize limit: GSM3043100_1.fastq.gz_trimming_report.txt
[2021-11-05 23:46:36,924] multiqc                                            [DEBUG  ]  Ignoring file as matched an ignore pattern: GSM3043100_2.fastq.gz
[2021-11-05 23:46:36,939] multiqc                                            [DEBUG  ]  File ignored by ccs/v4 because it exceeded search pattern filesize limit: GSM3043100_cutadapt_bowtie2_plus_strand_bedgraph_to_tdf.log
[2021-11-05 23:46:36,940] multiqc                                            [DEBUG  ]  File ignored by lima/summary because it exceeded search pattern filesize limit: GSM3043100_cutadapt_bowtie2_plus_strand_bedgraph_to_tdf.log
[2021-11-05 23:46:36,947] multiqc                                            [DEBUG  ]  Ignoring file as matched an ignore pattern: GSM3043100_cutadapt_2.fastq.gz
[2021-11-05 23:46:36,962] multiqc                                            [DEBUG  ]  File ignored by ccs/v4 because it exceeded search pattern filesize limit: GSM3043100_2.fastq.gz_trimming_report.txt
[2021-11-05 23:46:36,964] multiqc                                            [DEBUG  ]  File ignored by lima/summary because it exceeded search pattern filesize limit: GSM3043100_2.fastq.gz_trimming_report.txt
[2021-11-05 23:46:36,966] multiqc                                            [DEBUG  ]  File ignored by longranger/invocation because it exceeded search pattern filesize limit: GSM3043100_2.fastq.gz_trimming_report.txt
[2021-11-05 23:46:37,009] multiqc                                            [DEBUG  ]  Ignoring file as matched an ignore pattern: GSM3043100_1.fastq.gz
[2021-11-05 23:46:37,009] multiqc                                            [DEBUG  ]  Ignoring file as matched an ignore pattern: GSM3043100_cutadapt_bowtie2.bam.bai
[2021-11-05 23:46:37,021] multiqc                                            [DEBUG  ]  Ignoring file as matched an ignore pattern: GSM3043100_cutadapt_1.fastq.gz
[2021-11-05 23:46:37,075] multiqc                                            [DEBUG  ]  File ignored by ccs/v4 because it exceeded search pattern filesize limit: GSM3043100_cutadapt_bowtie2_bedgraph_to_tdf.log
[2021-11-05 23:46:37,077] multiqc                                            [DEBUG  ]  File ignored by lima/summary because it exceeded search pattern filesize limit: GSM3043100_cutadapt_bowtie2_bedgraph_to_tdf.log
[2021-11-05 23:46:37,200] multiqc                                            [DEBUG  ]  File ignored by ccs/v4 because it exceeded search pattern filesize limit: GSM3043100_2_fastqc.html
[2021-11-05 23:46:37,201] multiqc                                            [DEBUG  ]  File ignored by hicexplorer because it exceeded search pattern filesize limit: GSM3043100_2_fastqc.html
[2021-11-05 23:46:37,201] multiqc                                            [DEBUG  ]  File ignored by nanostat because it exceeded search pattern filesize limit: GSM3043100_2_fastqc.html
[2021-11-05 23:46:37,201] multiqc                                            [DEBUG  ]  File ignored by lima/summary because it exceeded search pattern filesize limit: GSM3043100_2_fastqc.html
[2021-11-05 23:46:37,204] multiqc                                            [DEBUG  ]  File ignored by vep/vep_txt because it exceeded search pattern filesize limit: GSM3043100_2_fastqc.html
[2021-11-05 23:46:37,205] multiqc                                            [DEBUG  ]  File ignored by longranger/invocation because it exceeded search pattern filesize limit: GSM3043100_2_fastqc.html
[2021-11-05 23:46:37,205] multiqc                                            [DEBUG  ]  File ignored by rockhopper because it exceeded search pattern filesize limit: GSM3043100_2_fastqc.html
[2021-11-05 23:46:37,205] multiqc                                            [DEBUG  ]  File ignored by rseqc/bam_stat because it exceeded search pattern filesize limit: GSM3043100_2_fastqc.html
[2021-11-05 23:46:37,205] multiqc                                            [DEBUG  ]  File ignored by rseqc/junction_annotation because it exceeded search pattern filesize limit: GSM3043100_2_fastqc.html
[2021-11-05 23:46:37,205] multiqc                                            [DEBUG  ]  File ignored by rseqc/read_distribution because it exceeded search pattern filesize limit: GSM3043100_2_fastqc.html
[2021-11-05 23:46:37,205] multiqc                                            [DEBUG  ]  File ignored by rseqc/infer_experiment because it exceeded search pattern filesize limit: GSM3043100_2_fastqc.html
[2021-11-05 23:46:37,335] multiqc                                            [DEBUG  ]  File ignored by ccs/v4 because it exceeded search pattern filesize limit: GSM3043100_cutadapt_2_fastqc.log
[2021-11-05 23:46:37,336] multiqc                                            [DEBUG  ]  File ignored by lima/summary because it exceeded search pattern filesize limit: GSM3043100_cutadapt_2_fastqc.log
[2021-11-05 23:46:37,364] multiqc                                            [DEBUG  ]  File ignored by ccs/v4 because it exceeded search pattern filesize limit: GSM3043100_cutadapt_2_fastqc.html
[2021-11-05 23:46:37,366] multiqc                                            [DEBUG  ]  File ignored by hicexplorer because it exceeded search pattern filesize limit: GSM3043100_cutadapt_2_fastqc.html
[2021-11-05 23:46:37,366] multiqc                                            [DEBUG  ]  File ignored by nanostat because it exceeded search pattern filesize limit: GSM3043100_cutadapt_2_fastqc.html
[2021-11-05 23:46:37,366] multiqc                                            [DEBUG  ]  File ignored by lima/summary because it exceeded search pattern filesize limit: GSM3043100_cutadapt_2_fastqc.html
[2021-11-05 23:46:37,369] multiqc                                            [DEBUG  ]  File ignored by vep/vep_txt because it exceeded search pattern filesize limit: GSM3043100_cutadapt_2_fastqc.html
[2021-11-05 23:46:37,369] multiqc                                            [DEBUG  ]  File ignored by longranger/invocation because it exceeded search pattern filesize limit: GSM3043100_cutadapt_2_fastqc.html
[2021-11-05 23:46:37,369] multiqc                                            [DEBUG  ]  File ignored by rockhopper because it exceeded search pattern filesize limit: GSM3043100_cutadapt_2_fastqc.html
[2021-11-05 23:46:37,370] multiqc                                            [DEBUG  ]  File ignored by rseqc/bam_stat because it exceeded search pattern filesize limit: GSM3043100_cutadapt_2_fastqc.html
[2021-11-05 23:46:37,370] multiqc                                            [DEBUG  ]  File ignored by rseqc/junction_annotation because it exceeded search pattern filesize limit: GSM3043100_cutadapt_2_fastqc.html
[2021-11-05 23:46:37,370] multiqc                                            [DEBUG  ]  File ignored by rseqc/read_distribution because it exceeded search pattern filesize limit: GSM3043100_cutadapt_2_fastqc.html
[2021-11-05 23:46:37,370] multiqc                                            [DEBUG  ]  File ignored by rseqc/infer_experiment because it exceeded search pattern filesize limit: GSM3043100_cutadapt_2_fastqc.html
[2021-11-05 23:46:37,529] multiqc                                            [DEBUG  ]  File ignored by ccs/v4 because it exceeded search pattern filesize limit: GSM3043100_cutadapt_bowtie2_fastqc.log
[2021-11-05 23:46:37,531] multiqc                                            [DEBUG  ]  File ignored by lima/summary because it exceeded search pattern filesize limit: GSM3043100_cutadapt_bowtie2_fastqc.log
[2021-11-05 23:46:37,546] multiqc                                            [DEBUG  ]  File ignored by ccs/v4 because it exceeded search pattern filesize limit: GSM3043100_cutadapt_bowtie2_fastqc.html
[2021-11-05 23:46:37,548] multiqc                                            [DEBUG  ]  File ignored by hicexplorer because it exceeded search pattern filesize limit: GSM3043100_cutadapt_bowtie2_fastqc.html
[2021-11-05 23:46:37,548] multiqc                                            [DEBUG  ]  File ignored by nanostat because it exceeded search pattern filesize limit: GSM3043100_cutadapt_bowtie2_fastqc.html
[2021-11-05 23:46:37,548] multiqc                                            [DEBUG  ]  File ignored by lima/summary because it exceeded search pattern filesize limit: GSM3043100_cutadapt_bowtie2_fastqc.html
[2021-11-05 23:46:37,551] multiqc                                            [DEBUG  ]  File ignored by vep/vep_txt because it exceeded search pattern filesize limit: GSM3043100_cutadapt_bowtie2_fastqc.html
[2021-11-05 23:46:37,551] multiqc                                            [DEBUG  ]  File ignored by longranger/invocation because it exceeded search pattern filesize limit: GSM3043100_cutadapt_bowtie2_fastqc.html
[2021-11-05 23:46:37,551] multiqc                                            [DEBUG  ]  File ignored by rockhopper because it exceeded search pattern filesize limit: GSM3043100_cutadapt_bowtie2_fastqc.html
[2021-11-05 23:46:37,551] multiqc                                            [DEBUG  ]  File ignored by rseqc/bam_stat because it exceeded search pattern filesize limit: GSM3043100_cutadapt_bowtie2_fastqc.html
[2021-11-05 23:46:37,551] multiqc                                            [DEBUG  ]  File ignored by rseqc/junction_annotation because it exceeded search pattern filesize limit: GSM3043100_cutadapt_bowtie2_fastqc.html
[2021-11-05 23:46:37,551] multiqc                                            [DEBUG  ]  File ignored by rseqc/read_distribution because it exceeded search pattern filesize limit: GSM3043100_cutadapt_bowtie2_fastqc.html
[2021-11-05 23:46:37,552] multiqc                                            [DEBUG  ]  File ignored by rseqc/infer_experiment because it exceeded search pattern filesize limit: GSM3043100_cutadapt_bowtie2_fastqc.html
[2021-11-05 23:46:37,696] multiqc                                            [DEBUG  ]  File ignored by ccs/v4 because it exceeded search pattern filesize limit: GSM3043100_1_fastqc.html
[2021-11-05 23:46:37,698] multiqc                                            [DEBUG  ]  File ignored by hicexplorer because it exceeded search pattern filesize limit: GSM3043100_1_fastqc.html
[2021-11-05 23:46:37,698] multiqc                                            [DEBUG  ]  File ignored by nanostat because it exceeded search pattern filesize limit: GSM3043100_1_fastqc.html
[2021-11-05 23:46:37,698] multiqc                                            [DEBUG  ]  File ignored by lima/summary because it exceeded search pattern filesize limit: GSM3043100_1_fastqc.html
[2021-11-05 23:46:37,701] multiqc                                            [DEBUG  ]  File ignored by vep/vep_txt because it exceeded search pattern filesize limit: GSM3043100_1_fastqc.html
[2021-11-05 23:46:37,701] multiqc                                            [DEBUG  ]  File ignored by longranger/invocation because it exceeded search pattern filesize limit: GSM3043100_1_fastqc.html
[2021-11-05 23:46:37,701] multiqc                                            [DEBUG  ]  File ignored by rockhopper because it exceeded search pattern filesize limit: GSM3043100_1_fastqc.html
[2021-11-05 23:46:37,701] multiqc                                            [DEBUG  ]  File ignored by rseqc/bam_stat because it exceeded search pattern filesize limit: GSM3043100_1_fastqc.html
[2021-11-05 23:46:37,702] multiqc                                            [DEBUG  ]  File ignored by rseqc/junction_annotation because it exceeded search pattern filesize limit: GSM3043100_1_fastqc.html
[2021-11-05 23:46:37,702] multiqc                                            [DEBUG  ]  File ignored by rseqc/read_distribution because it exceeded search pattern filesize limit: GSM3043100_1_fastqc.html
[2021-11-05 23:46:37,702] multiqc                                            [DEBUG  ]  File ignored by rseqc/infer_experiment because it exceeded search pattern filesize limit: GSM3043100_1_fastqc.html
[2021-11-05 23:46:37,878] multiqc                                            [DEBUG  ]  File ignored by ccs/v4 because it exceeded search pattern filesize limit: GSM3043100_cutadapt_1_fastqc.html
[2021-11-05 23:46:37,880] multiqc                                            [DEBUG  ]  File ignored by hicexplorer because it exceeded search pattern filesize limit: GSM3043100_cutadapt_1_fastqc.html
[2021-11-05 23:46:37,880] multiqc                                            [DEBUG  ]  File ignored by nanostat because it exceeded search pattern filesize limit: GSM3043100_cutadapt_1_fastqc.html
[2021-11-05 23:46:37,880] multiqc                                            [DEBUG  ]  File ignored by lima/summary because it exceeded search pattern filesize limit: GSM3043100_cutadapt_1_fastqc.html
[2021-11-05 23:46:37,883] multiqc                                            [DEBUG  ]  File ignored by vep/vep_txt because it exceeded search pattern filesize limit: GSM3043100_cutadapt_1_fastqc.html
[2021-11-05 23:46:37,883] multiqc                                            [DEBUG  ]  File ignored by longranger/invocation because it exceeded search pattern filesize limit: GSM3043100_cutadapt_1_fastqc.html
[2021-11-05 23:46:37,883] multiqc                                            [DEBUG  ]  File ignored by rockhopper because it exceeded search pattern filesize limit: GSM3043100_cutadapt_1_fastqc.html
[2021-11-05 23:46:37,883] multiqc                                            [DEBUG  ]  File ignored by rseqc/bam_stat because it exceeded search pattern filesize limit: GSM3043100_cutadapt_1_fastqc.html
[2021-11-05 23:46:37,883] multiqc                                            [DEBUG  ]  File ignored by rseqc/junction_annotation because it exceeded search pattern filesize limit: GSM3043100_cutadapt_1_fastqc.html
[2021-11-05 23:46:37,883] multiqc                                            [DEBUG  ]  File ignored by rseqc/read_distribution because it exceeded search pattern filesize limit: GSM3043100_cutadapt_1_fastqc.html
[2021-11-05 23:46:37,883] multiqc                                            [DEBUG  ]  File ignored by rseqc/infer_experiment because it exceeded search pattern filesize limit: GSM3043100_cutadapt_1_fastqc.html
[2021-11-05 23:46:38,038] multiqc                                            [DEBUG  ]  File ignored by ccs/v4 because it exceeded search pattern filesize limit: GSM3043100_cutadapt_1_fastqc.log
[2021-11-05 23:46:38,039] multiqc                                            [DEBUG  ]  File ignored by lima/summary because it exceeded search pattern filesize limit: GSM3043100_cutadapt_1_fastqc.log
[2021-11-05 23:46:38,066] multiqc                                            [DEBUG  ]  File ignored by ccs/v4 because it exceeded search pattern filesize limit: DS00072_peaks.ft
[2021-11-05 23:46:38,068] multiqc                                            [DEBUG  ]  File ignored by lima/summary because it exceeded search pattern filesize limit: DS00072_peaks.ft
[2021-11-05 23:46:38,070] multiqc                                            [DEBUG  ]  File ignored by longranger/invocation because it exceeded search pattern filesize limit: DS00072_peaks.ft
[2021-11-05 23:46:38,085] multiqc                                            [DEBUG  ]  File ignored by ccs/v4 because it exceeded search pattern filesize limit: DS00072_matrix.tab
[2021-11-05 23:46:38,086] multiqc                                            [DEBUG  ]  File ignored by lima/summary because it exceeded search pattern filesize limit: DS00072_matrix.tab
[2021-11-05 23:46:38,089] multiqc                                            [DEBUG  ]  File ignored by longranger/invocation because it exceeded search pattern filesize limit: DS00072_matrix.tab
[2021-11-05 23:46:38,095] multiqc                                            [DEBUG  ]  Ignoring file as matched an ignore pattern: DS00072_sites.bed
[2021-11-05 23:46:38,095] multiqc                                            [DEBUG  ]  Ignoring file as matched an ignore pattern: DS00072_peaks.bed
[2021-11-05 23:46:38,100] multiqc                                            [DEBUG  ]  File ignored by ccs/v4 because it exceeded search pattern filesize limit: DS00072_peaks.fasta
[2021-11-05 23:46:38,101] multiqc                                            [DEBUG  ]  File ignored by hicexplorer because it exceeded search pattern filesize limit: DS00072_peaks.fasta
[2021-11-05 23:46:38,101] multiqc                                            [DEBUG  ]  File ignored by nanostat because it exceeded search pattern filesize limit: DS00072_peaks.fasta
[2021-11-05 23:46:38,101] multiqc                                            [DEBUG  ]  File ignored by lima/summary because it exceeded search pattern filesize limit: DS00072_peaks.fasta
[2021-11-05 23:46:38,104] multiqc                                            [DEBUG  ]  File ignored by vep/vep_txt because it exceeded search pattern filesize limit: DS00072_peaks.fasta
[2021-11-05 23:46:38,104] multiqc                                            [DEBUG  ]  File ignored by longranger/invocation because it exceeded search pattern filesize limit: DS00072_peaks.fasta
[2021-11-05 23:46:38,145] multiqc                                            [DEBUG  ]  File ignored by ccs/v4 because it exceeded search pattern filesize limit: DS00072_peaks.narrowPeak
[2021-11-05 23:46:38,146] multiqc                                            [DEBUG  ]  File ignored by hicexplorer because it exceeded search pattern filesize limit: DS00072_peaks.narrowPeak
[2021-11-05 23:46:38,146] multiqc                                            [DEBUG  ]  File ignored by nanostat because it exceeded search pattern filesize limit: DS00072_peaks.narrowPeak
[2021-11-05 23:46:38,146] multiqc                                            [DEBUG  ]  File ignored by lima/summary because it exceeded search pattern filesize limit: DS00072_peaks.narrowPeak
[2021-11-05 23:46:38,149] multiqc                                            [DEBUG  ]  File ignored by longranger/invocation because it exceeded search pattern filesize limit: DS00072_peaks.narrowPeak
[2021-11-05 23:46:38,161] multiqc                                            [DEBUG  ]  Ignoring file as matched an ignore pattern: DS00072_summits.bed
[2021-11-05 23:46:38,587] multiqc.plots.bargraph                             [DEBUG  ]  Using matplotlib version 3.4.3
[2021-11-05 23:46:38,587] multiqc.plots.linegraph                            [DEBUG  ]  Using matplotlib version 3.4.3
[2021-11-05 23:46:38,588] multiqc                                            [DEBUG  ]  No samples found: custom_content
[2021-11-05 23:46:38,595] multiqc                                            [DEBUG  ]  No samples found: ccs
[2021-11-05 23:46:38,601] multiqc                                            [DEBUG  ]  No samples found: ngsderive
[2021-11-05 23:46:38,608] multiqc                                            [DEBUG  ]  No samples found: purple
[2021-11-05 23:46:38,614] multiqc                                            [DEBUG  ]  No samples found: conpair
[2021-11-05 23:46:38,621] multiqc                                            [DEBUG  ]  No samples found: lima
[2021-11-05 23:46:38,628] multiqc                                            [DEBUG  ]  No samples found: peddy
[2021-11-05 23:46:38,634] multiqc                                            [DEBUG  ]  No samples found: somalier
[2021-11-05 23:46:38,641] multiqc                                            [DEBUG  ]  No samples found: methylQA
[2021-11-05 23:46:38,648] multiqc.modules.mosdepth.mosdepth                  [DEBUG  ]  include_contigs: []
[2021-11-05 23:46:38,648] multiqc.modules.mosdepth.mosdepth                  [DEBUG  ]  exclude_contigs: []
[2021-11-05 23:46:38,648] multiqc                                            [DEBUG  ]  No samples found: mosdepth
[2021-11-05 23:46:38,654] multiqc                                            [DEBUG  ]  No samples found: phantompeakqualtools
[2021-11-05 23:46:38,661] multiqc                                            [DEBUG  ]  No samples found: qualimap
[2021-11-05 23:46:38,667] multiqc                                            [DEBUG  ]  No samples found: preseq
[2021-11-05 23:46:38,673] multiqc                                            [DEBUG  ]  No samples found: quast
[2021-11-05 23:46:38,680] multiqc                                            [DEBUG  ]  No samples found: qorts
[2021-11-05 23:46:38,686] multiqc                                            [DEBUG  ]  No samples found: rna_seqc
[2021-11-05 23:46:38,692] multiqc                                            [DEBUG  ]  No samples found: rockhopper
[2021-11-05 23:46:38,698] multiqc                                            [DEBUG  ]  No samples found: rsem
[2021-11-05 23:46:38,707] multiqc                                            [DEBUG  ]  No samples found: rseqc
[2021-11-05 23:46:38,713] multiqc                                            [DEBUG  ]  No samples found: busco
[2021-11-05 23:46:38,719] multiqc                                            [DEBUG  ]  No samples found: bustools
[2021-11-05 23:46:38,726] multiqc                                            [DEBUG  ]  No samples found: goleft_indexcov
[2021-11-05 23:46:38,732] multiqc                                            [DEBUG  ]  No samples found: gffcompare
[2021-11-05 23:46:38,738] multiqc                                            [DEBUG  ]  No samples found: disambiguate
[2021-11-05 23:46:38,744] multiqc                                            [DEBUG  ]  No samples found: supernova
[2021-11-05 23:46:38,753] multiqc                                            [DEBUG  ]  No samples found: deeptools
[2021-11-05 23:46:38,759] multiqc                                            [DEBUG  ]  No samples found: sargasso
[2021-11-05 23:46:38,766] multiqc                                            [DEBUG  ]  No samples found: verifybamid
[2021-11-05 23:46:38,772] multiqc                                            [DEBUG  ]  No samples found: mirtrace
[2021-11-05 23:46:38,778] multiqc                                            [DEBUG  ]  No samples found: happy
[2021-11-05 23:46:38,784] multiqc                                            [DEBUG  ]  No samples found: mirtop
[2021-11-05 23:46:38,791] multiqc                                            [DEBUG  ]  No samples found: sambamba
[2021-11-05 23:46:38,798] multiqc                                            [DEBUG  ]  No samples found: homer
[2021-11-05 23:46:38,804] multiqc                                            [DEBUG  ]  No samples found: hops
[2021-11-05 23:46:38,815] multiqc.modules.macs2.macs2                        [DEBUG  ]  Duplicate sample name found! Overwriting: DS00072
[2021-11-05 23:46:38,815] multiqc.modules.macs2.macs2                        [INFO   ]  Found 1 logs
[2021-11-05 23:46:38,827] multiqc                                            [DEBUG  ]  No samples found: theta2
[2021-11-05 23:46:38,834] multiqc                                            [DEBUG  ]  No samples found: snpeff
[2021-11-05 23:46:38,841] multiqc                                            [DEBUG  ]  No samples found: gatk
[2021-11-05 23:46:38,847] multiqc                                            [DEBUG  ]  No samples found: htseq
[2021-11-05 23:46:38,853] multiqc                                            [DEBUG  ]  No samples found: bcftools
[2021-11-05 23:46:38,859] multiqc                                            [DEBUG  ]  No samples found: featureCounts
[2021-11-05 23:46:38,867] multiqc                                            [DEBUG  ]  No samples found: fgbio
[2021-11-05 23:46:38,877] multiqc                                            [DEBUG  ]  No samples found: dragen
[2021-11-05 23:46:38,883] multiqc                                            [DEBUG  ]  No samples found: dedup
[2021-11-05 23:46:38,890] multiqc                                            [DEBUG  ]  No samples found: damageprofiler
[2021-11-05 23:46:38,902] multiqc                                            [DEBUG  ]  No samples found: biobambam2
[2021-11-05 23:46:38,909] multiqc                                            [DEBUG  ]  No samples found: jcvi
[2021-11-05 23:46:38,915] multiqc                                            [DEBUG  ]  No samples found: mtnucratio
[2021-11-05 23:46:38,921] multiqc                                            [DEBUG  ]  No samples found: picard
[2021-11-05 23:46:38,927] multiqc                                            [DEBUG  ]  No samples found: vep
[2021-11-05 23:46:38,934] multiqc                                            [DEBUG  ]  No samples found: sentieon
[2021-11-05 23:46:38,940] multiqc                                            [DEBUG  ]  No samples found: prokka
[2021-11-05 23:46:38,947] multiqc                                            [DEBUG  ]  No samples found: qc3C
[2021-11-05 23:46:38,953] multiqc                                            [DEBUG  ]  No samples found: nanostat
[2021-11-05 23:46:38,959] multiqc                                            [DEBUG  ]  No samples found: samblaster
[2021-11-05 23:46:38,979] multiqc.modules.samtools.samtools                  [INFO   ]  Found 4 flagstat reports
[2021-11-05 23:46:38,986] multiqc                                            [DEBUG  ]  No samples found: sexdeterrmine
[2021-11-05 23:46:38,992] multiqc                                            [DEBUG  ]  No samples found: eigenstratdatabasetools
[2021-11-05 23:46:38,998] multiqc                                            [DEBUG  ]  No samples found: bamtools
[2021-11-05 23:46:39,004] multiqc                                            [DEBUG  ]  No samples found: jellyfish
[2021-11-05 23:46:39,012] multiqc                                            [DEBUG  ]  No samples found: vcftools
[2021-11-05 23:46:39,018] multiqc                                            [DEBUG  ]  No samples found: longranger
[2021-11-05 23:46:39,024] multiqc                                            [DEBUG  ]  No samples found: stacks
[2021-11-05 23:46:39,030] multiqc                                            [DEBUG  ]  No samples found: varscan2
[2021-11-05 23:46:39,037] multiqc                                            [DEBUG  ]  No samples found: snippy
[2021-11-05 23:46:39,046] multiqc                                            [DEBUG  ]  No samples found: bbmap
[2021-11-05 23:46:39,052] multiqc                                            [DEBUG  ]  No samples found: bismark
[2021-11-05 23:46:39,059] multiqc                                            [DEBUG  ]  No samples found: biscuit
[2021-11-05 23:46:39,065] multiqc                                            [DEBUG  ]  No samples found: hicexplorer
[2021-11-05 23:46:39,072] multiqc                                            [DEBUG  ]  No samples found: hicup
[2021-11-05 23:46:39,078] multiqc                                            [DEBUG  ]  No samples found: hicpro
[2021-11-05 23:46:39,084] multiqc                                            [DEBUG  ]  No samples found: salmon
[2021-11-05 23:46:39,090] multiqc                                            [DEBUG  ]  No samples found: kallisto
[2021-11-05 23:46:39,097] multiqc                                            [DEBUG  ]  No samples found: slamdunk
[2021-11-05 23:46:39,103] multiqc                                            [DEBUG  ]  No samples found: star
[2021-11-05 23:46:39,109] multiqc                                            [DEBUG  ]  No samples found: hisat2
[2021-11-05 23:46:39,116] multiqc                                            [DEBUG  ]  No samples found: tophat
[2021-11-05 23:46:39,128] multiqc.modules.bowtie2.bowtie2                    [INFO   ]  Found 4 reports
[2021-11-05 23:46:39,138] multiqc                                            [DEBUG  ]  No samples found: bowtie1
[2021-11-05 23:46:39,144] multiqc                                            [DEBUG  ]  No samples found: snpsplit
[2021-11-05 23:46:39,150] multiqc                                            [DEBUG  ]  No samples found: odgi
[2021-11-05 23:46:39,157] multiqc                                            [DEBUG  ]  No samples found: pangolin
[2021-11-05 23:46:39,163] multiqc                                            [DEBUG  ]  No samples found: kat
[2021-11-05 23:46:39,169] multiqc                                            [DEBUG  ]  No samples found: leehom
[2021-11-05 23:46:39,175] multiqc                                            [DEBUG  ]  No samples found: adapterRemoval
[2021-11-05 23:46:39,182] multiqc                                            [DEBUG  ]  No samples found: clipandmerge
[2021-11-05 23:46:39,199] multiqc.modules.cutadapt.cutadapt                  [DEBUG  ]  Duplicate sample name found! Overwriting: GSM3043063_1
[2021-11-05 23:46:39,202] multiqc.modules.cutadapt.cutadapt                  [DEBUG  ]  Duplicate sample name found! Overwriting: GSM3043063_2
[2021-11-05 23:46:39,207] multiqc.modules.cutadapt.cutadapt                  [DEBUG  ]  Duplicate sample name found! Overwriting: GSM3043099_1
[2021-11-05 23:46:39,213] multiqc.modules.cutadapt.cutadapt                  [DEBUG  ]  Duplicate sample name found! Overwriting: GSM3043099_2
[2021-11-05 23:46:39,223] multiqc.modules.cutadapt.cutadapt                  [DEBUG  ]  Duplicate sample name found! Overwriting: GSM3043064_2
[2021-11-05 23:46:39,225] multiqc.modules.cutadapt.cutadapt                  [DEBUG  ]  Duplicate sample name found! Overwriting: GSM3043064_1
[2021-11-05 23:46:39,234] multiqc.modules.cutadapt.cutadapt                  [DEBUG  ]  Duplicate sample name found! Overwriting: GSM3043100_1
[2021-11-05 23:46:39,237] multiqc.modules.cutadapt.cutadapt                  [DEBUG  ]  Duplicate sample name found! Overwriting: GSM3043100_2
[2021-11-05 23:46:39,239] multiqc.modules.cutadapt.cutadapt                  [INFO   ]  Found 8 reports
[2021-11-05 23:46:39,257] multiqc                                            [DEBUG  ]  No samples found: flexbar
[2021-11-05 23:46:39,263] multiqc                                            [DEBUG  ]  No samples found: kaiju
[2021-11-05 23:46:39,270] multiqc                                            [DEBUG  ]  No samples found: kraken
[2021-11-05 23:46:39,276] multiqc                                            [DEBUG  ]  No samples found: malt
[2021-11-05 23:46:39,282] multiqc                                            [DEBUG  ]  No samples found: trimmomatic
[2021-11-05 23:46:39,288] multiqc                                            [DEBUG  ]  No samples found: sickle
[2021-11-05 23:46:39,294] multiqc                                            [DEBUG  ]  No samples found: skewer
[2021-11-05 23:46:39,301] multiqc                                            [DEBUG  ]  No samples found: sortmerna
[2021-11-05 23:46:39,307] multiqc                                            [DEBUG  ]  No samples found: biobloomtools
[2021-11-05 23:46:39,313] multiqc                                            [DEBUG  ]  No samples found: fastq_screen
[2021-11-05 23:46:39,319] multiqc                                            [DEBUG  ]  No samples found: afterqc
[2021-11-05 23:46:39,326] multiqc                                            [DEBUG  ]  No samples found: fastp
[2021-11-05 23:46:39,387] multiqc.modules.fastqc.fastqc                      [INFO   ]  Found 20 reports
[2021-11-05 23:46:39,549] multiqc                                            [DEBUG  ]  No samples found: pychopper
[2021-11-05 23:46:39,561] multiqc                                            [DEBUG  ]  No samples found: pycoqc
[2021-11-05 23:46:39,572] multiqc                                            [DEBUG  ]  No samples found: minionqc
[2021-11-05 23:46:39,581] multiqc                                            [DEBUG  ]  No samples found: multivcfanalyzer
[2021-11-05 23:46:39,591] multiqc                                            [DEBUG  ]  No samples found: clusterflow
[2021-11-05 23:46:39,601] multiqc                                            [DEBUG  ]  No samples found: bcl2fastq
[2021-11-05 23:46:39,611] multiqc                                            [DEBUG  ]  No samples found: bclconvert
[2021-11-05 23:46:39,621] multiqc                                            [DEBUG  ]  No samples found: interop
[2021-11-05 23:46:39,630] multiqc                                            [DEBUG  ]  No samples found: ivar
[2021-11-05 23:46:39,640] multiqc                                            [DEBUG  ]  No samples found: flash
[2021-11-05 23:46:39,650] multiqc                                            [DEBUG  ]  No samples found: seqyclean
[2021-11-05 23:46:39,659] multiqc                                            [DEBUG  ]  No samples found: optitype
[2021-11-05 23:46:39,741] multiqc                                            [INFO   ]  Compressing plot data
[2021-11-05 23:46:40,482] multiqc                                            [INFO   ]  Report      : ChIP-seq_collection/GSE111874/datasets/DS00072/multiQC/multiqc_report.html
[2021-11-05 23:46:40,483] multiqc                                            [INFO   ]  Data        : ChIP-seq_collection/GSE111874/datasets/DS00072/multiQC/multiqc_data
[2021-11-05 23:46:40,483] multiqc                                            [DEBUG  ]  Moving data file from '/tmp/tmp4h07bx5v/multiqc_data' to 'ChIP-seq_collection/GSE111874/datasets/DS00072/multiQC/multiqc_data'
[2021-11-05 23:46:40,744] multiqc                                            [INFO   ]  MultiQC complete
